[0.040s] Invoking command in '/home/user/Documents/NYU/Swarm/Swarm6333/Project/swarm_ws/build/choirbot_interfaces': CMAKE_PREFIX_PATH=${CMAKE_PREFIX_PATH}:/home/user/Documents/NYU/Swarm/Swarm6333/Project/swarm_ws/install/ros2swarm:/home/user/Documents/NYU/Swarm/Swarm6333/Project/swarm_ws/install/launch_gazebo:/home/user/Documents/NYU/Swarm/Swarm6333/Project/swarm_ws/install/ros2_aruco:/home/user/Documents/NYU/Swarm/Swarm6333/Project/swarm_ws/install/choirbot_examples:/home/user/Documents/NYU/Swarm/Swarm6333/Project/swarm_ws/install/choirbot:/opt/ros/foxy /usr/bin/cmake /home/user/Documents/NYU/Swarm/Swarm6333/Project/swarm_ws/src/ChoiRbot/choirbot_interfaces -DAMENT_CMAKE_SYMLINK_INSTALL=1 -DCMAKE_INSTALL_PREFIX=/home/user/Documents/NYU/Swarm/Swarm6333/Project/swarm_ws/install/choirbot_interfaces
[0.796s] -- The C compiler identification is GNU 9.4.0
[0.796s] -- The CXX compiler identification is GNU 9.4.0
[0.796s] -- Check for working C compiler: /usr/bin/cc
[0.796s] -- Check for working C compiler: /usr/bin/cc -- works
[0.796s] -- Detecting C compiler ABI info
[0.797s] -- Detecting C compiler ABI info - done
[0.797s] -- Detecting C compile features
[0.797s] -- Detecting C compile features - done
[0.797s] -- Check for working CXX compiler: /usr/bin/c++
[0.797s] -- Check for working CXX compiler: /usr/bin/c++ -- works
[0.797s] -- Detecting CXX compiler ABI info
[0.797s] -- Detecting CXX compiler ABI info - done
[0.797s] -- Detecting CXX compile features
[0.797s] -- Detecting CXX compile features - done
[0.797s] -- Found ament_cmake_python: 0.9.12 (/opt/ros/foxy/share/ament_cmake_python/cmake)
[0.797s] -- Found rosidl_default_generators: 1.0.1 (/opt/ros/foxy/share/rosidl_default_generators/cmake)
[0.797s] -- Found ament_cmake_core: 0.9.12 (/opt/ros/foxy/share/ament_cmake_core/cmake)
[0.797s] -- Found PythonInterp: /usr/bin/python3 (found suitable version "3.8.10", minimum required is "3") 
[0.797s] -- Using PYTHON_EXECUTABLE: /usr/bin/python3
[0.797s] -- Override CMake install command with custom implementation using symlinks instead of copying resources
[0.797s] -- Using all available rosidl_typesupport_c: rosidl_typesupport_fastrtps_c;rosidl_typesupport_introspection_c
[0.798s] -- Found rosidl_adapter: 1.3.1 (/opt/ros/foxy/share/rosidl_adapter/cmake)
[0.798s] -- Found OpenSSL: /usr/lib/x86_64-linux-gnu/libcrypto.so (found version "1.1.1f")  
[0.804s] -- Found FastRTPS: /opt/ros/foxy/include  
[0.934s] -- Using all available rosidl_typesupport_cpp: rosidl_typesupport_fastrtps_cpp;rosidl_typesupport_introspection_cpp
[1.009s] -- Found PythonInterp: /usr/bin/python3 (found version "3.8.10") 
[1.250s] -- Found ament_cmake_ros: 0.9.2 (/opt/ros/foxy/share/ament_cmake_ros/cmake)
[1.455s] -- Using all available rosidl_typesupport_c: rosidl_typesupport_fastrtps_c;rosidl_typesupport_introspection_c
[1.501s] -- Using all available rosidl_typesupport_cpp: rosidl_typesupport_fastrtps_cpp;rosidl_typesupport_introspection_cpp
[1.531s] -- Found PythonInterp: /usr/bin/python3 (found suitable version "3.8.10", minimum required is "3.5") 
[1.534s] -- Found python_cmake_module: 0.8.1 (/opt/ros/foxy/share/python_cmake_module/cmake)
[1.566s] -- Found PythonLibs: /usr/lib/x86_64-linux-gnu/libpython3.8.so (found suitable version "3.8.10", minimum required is "3.5") 
[1.566s] -- Using PYTHON_EXECUTABLE: /usr/bin/python3
[1.566s] -- Using PYTHON_INCLUDE_DIRS: /usr/include/python3.8
[1.566s] -- Using PYTHON_LIBRARIES: /usr/lib/x86_64-linux-gnu/libpython3.8.so
[1.601s] -- Found PythonExtra: .so  
[1.708s] -- Configuring done
[1.793s] -- Generating done
[1.827s] -- Build files have been written to: /home/user/Documents/NYU/Swarm/Swarm6333/Project/swarm_ws/build/choirbot_interfaces
[1.847s] Invoked command in '/home/user/Documents/NYU/Swarm/Swarm6333/Project/swarm_ws/build/choirbot_interfaces' returned '0': CMAKE_PREFIX_PATH=${CMAKE_PREFIX_PATH}:/home/user/Documents/NYU/Swarm/Swarm6333/Project/swarm_ws/install/ros2swarm:/home/user/Documents/NYU/Swarm/Swarm6333/Project/swarm_ws/install/launch_gazebo:/home/user/Documents/NYU/Swarm/Swarm6333/Project/swarm_ws/install/ros2_aruco:/home/user/Documents/NYU/Swarm/Swarm6333/Project/swarm_ws/install/choirbot_examples:/home/user/Documents/NYU/Swarm/Swarm6333/Project/swarm_ws/install/choirbot:/opt/ros/foxy /usr/bin/cmake /home/user/Documents/NYU/Swarm/Swarm6333/Project/swarm_ws/src/ChoiRbot/choirbot_interfaces -DAMENT_CMAKE_SYMLINK_INSTALL=1 -DCMAKE_INSTALL_PREFIX=/home/user/Documents/NYU/Swarm/Swarm6333/Project/swarm_ws/install/choirbot_interfaces
[1.848s] Invoking command in '/home/user/Documents/NYU/Swarm/Swarm6333/Project/swarm_ws/build/choirbot_interfaces': CMAKE_PREFIX_PATH=${CMAKE_PREFIX_PATH}:/home/user/Documents/NYU/Swarm/Swarm6333/Project/swarm_ws/install/ros2swarm:/home/user/Documents/NYU/Swarm/Swarm6333/Project/swarm_ws/install/launch_gazebo:/home/user/Documents/NYU/Swarm/Swarm6333/Project/swarm_ws/install/ros2_aruco:/home/user/Documents/NYU/Swarm/Swarm6333/Project/swarm_ws/install/choirbot_examples:/home/user/Documents/NYU/Swarm/Swarm6333/Project/swarm_ws/install/choirbot:/opt/ros/foxy /usr/bin/cmake --build /home/user/Documents/NYU/Swarm/Swarm6333/Project/swarm_ws/build/choirbot_interfaces -- -j8 -l8
[1.932s] [35m[1mScanning dependencies of target choirbot_interfaces__cpp[0m
[1.935s] [  1%] [34m[1mGenerating C code for ROS interfaces[0m
[1.968s] [  3%] [34m[1mGenerating C++ code for ROS interfaces[0m
[3.234s] [  3%] Built target choirbot_interfaces__cpp
[3.251s] [  4%] [34m[1mGenerating C++ type support dispatch for ROS interfaces[0m
[3.274s] [35m[1mScanning dependencies of target choirbot_interfaces__rosidl_generator_c[0m
[3.293s] [  6%] [34m[1mGenerating C++ introspection for ROS interfaces[0m
[3.302s] [  7%] [34m[1mGenerating C++ type support for eProsima Fast-RTPS[0m
[3.379s] [  9%] [32mBuilding C object CMakeFiles/choirbot_interfaces__rosidl_generator_c.dir/rosidl_generator_c/choirbot_interfaces/action/detail/position_action__functions.c.o[0m
[3.379s] [ 11%] [32mBuilding C object CMakeFiles/choirbot_interfaces__rosidl_generator_c.dir/rosidl_generator_c/choirbot_interfaces/msg/detail/position_task__functions.c.o[0m
[3.406s] [ 12%] [32mBuilding C object CMakeFiles/choirbot_interfaces__rosidl_generator_c.dir/rosidl_generator_c/choirbot_interfaces/srv/detail/position_task_service__functions.c.o[0m
[3.406s] [ 14%] [32mBuilding C object CMakeFiles/choirbot_interfaces__rosidl_generator_c.dir/rosidl_generator_c/choirbot_interfaces/msg/detail/position_task_array__functions.c.o[0m
[3.438s] [ 15%] [32mBuilding C object CMakeFiles/choirbot_interfaces__rosidl_generator_c.dir/rosidl_generator_c/choirbot_interfaces/srv/detail/task_completion_service__functions.c.o[0m
[3.999s] [ 17%] [32m[1mLinking C shared library libchoirbot_interfaces__rosidl_generator_c.so[0m
[4.238s] [ 17%] Built target choirbot_interfaces__rosidl_generator_c
[4.307s] [ 19%] [34m[1mGenerating C introspection for ROS interfaces[0m
[4.319s] [ 20%] [34m[1mGenerating C type support dispatch for ROS interfaces[0m
[4.975s] [35m[1mScanning dependencies of target choirbot_interfaces__rosidl_typesupport_cpp[0m
[5.060s] [ 22%] [32mBuilding CXX object CMakeFiles/choirbot_interfaces__rosidl_typesupport_cpp.dir/rosidl_typesupport_cpp/choirbot_interfaces/action/position_action__type_support.cpp.o[0m
[5.094s] [ 23%] [32mBuilding CXX object CMakeFiles/choirbot_interfaces__rosidl_typesupport_cpp.dir/rosidl_typesupport_cpp/choirbot_interfaces/msg/position_task__type_support.cpp.o[0m
[5.094s] [35m[1mScanning dependencies of target choirbot_interfaces__rosidl_typesupport_introspection_cpp[0m
[5.098s] [ 25%] [32mBuilding CXX object CMakeFiles/choirbot_interfaces__rosidl_typesupport_cpp.dir/rosidl_typesupport_cpp/choirbot_interfaces/msg/position_task_array__type_support.cpp.o[0m
[5.108s] [ 26%] [32mBuilding CXX object CMakeFiles/choirbot_interfaces__rosidl_typesupport_cpp.dir/rosidl_typesupport_cpp/choirbot_interfaces/srv/position_task_service__type_support.cpp.o[0m
[5.178s] [ 28%] [32mBuilding CXX object CMakeFiles/choirbot_interfaces__rosidl_typesupport_introspection_cpp.dir/rosidl_typesupport_introspection_cpp/choirbot_interfaces/action/detail/position_action__type_support.cpp.o[0m
[5.620s] [35m[1mScanning dependencies of target choirbot_interfaces__rosidl_typesupport_fastrtps_cpp[0m
[5.741s] [ 30%] [32mBuilding CXX object CMakeFiles/choirbot_interfaces__rosidl_typesupport_fastrtps_cpp.dir/rosidl_typesupport_fastrtps_cpp/choirbot_interfaces/action/detail/dds_fastrtps/position_action__type_support.cpp.o[0m
[5.850s] [ 31%] [32mBuilding CXX object CMakeFiles/choirbot_interfaces__rosidl_typesupport_cpp.dir/rosidl_typesupport_cpp/choirbot_interfaces/srv/task_completion_service__type_support.cpp.o[0m
[5.878s] [35m[1mScanning dependencies of target choirbot_interfaces__rosidl_typesupport_introspection_c[0m
[5.882s] [ 33%] [32mBuilding CXX object CMakeFiles/choirbot_interfaces__rosidl_typesupport_fastrtps_cpp.dir/rosidl_typesupport_fastrtps_cpp/choirbot_interfaces/msg/detail/dds_fastrtps/position_task__type_support.cpp.o[0m
[5.974s] [ 34%] [32mBuilding C object CMakeFiles/choirbot_interfaces__rosidl_typesupport_introspection_c.dir/rosidl_typesupport_introspection_c/choirbot_interfaces/action/detail/position_action__type_support.c.o[0m
[6.128s] [ 36%] [32mBuilding C object CMakeFiles/choirbot_interfaces__rosidl_typesupport_introspection_c.dir/rosidl_typesupport_introspection_c/choirbot_interfaces/msg/detail/position_task__type_support.c.o[0m
[6.222s] [35m[1mScanning dependencies of target choirbot_interfaces__rosidl_typesupport_c[0m
[6.310s] [ 38%] [32mBuilding CXX object CMakeFiles/choirbot_interfaces__rosidl_typesupport_c.dir/rosidl_typesupport_c/choirbot_interfaces/action/position_action__type_support.cpp.o[0m
[6.317s] [ 39%] [32mBuilding C object CMakeFiles/choirbot_interfaces__rosidl_typesupport_introspection_c.dir/rosidl_typesupport_introspection_c/choirbot_interfaces/msg/detail/position_task_array__type_support.c.o[0m
[6.479s] [ 41%] [32mBuilding CXX object CMakeFiles/choirbot_interfaces__rosidl_typesupport_c.dir/rosidl_typesupport_c/choirbot_interfaces/msg/position_task__type_support.cpp.o[0m
[6.528s] [ 42%] [32mBuilding CXX object CMakeFiles/choirbot_interfaces__rosidl_typesupport_fastrtps_cpp.dir/rosidl_typesupport_fastrtps_cpp/choirbot_interfaces/msg/detail/dds_fastrtps/position_task_array__type_support.cpp.o[0m
[6.542s] [ 44%] [32mBuilding C object CMakeFiles/choirbot_interfaces__rosidl_typesupport_introspection_c.dir/rosidl_typesupport_introspection_c/choirbot_interfaces/srv/detail/position_task_service__type_support.c.o[0m
[6.560s] [ 46%] [32mBuilding CXX object CMakeFiles/choirbot_interfaces__rosidl_typesupport_introspection_cpp.dir/rosidl_typesupport_introspection_cpp/choirbot_interfaces/msg/detail/position_task__type_support.cpp.o[0m
[6.636s] [ 47%] [32mBuilding CXX object CMakeFiles/choirbot_interfaces__rosidl_typesupport_c.dir/rosidl_typesupport_c/choirbot_interfaces/msg/position_task_array__type_support.cpp.o[0m
[6.653s] [ 49%] [32mBuilding C object CMakeFiles/choirbot_interfaces__rosidl_typesupport_introspection_c.dir/rosidl_typesupport_introspection_c/choirbot_interfaces/srv/detail/task_completion_service__type_support.c.o[0m
[6.662s] [ 50%] [32mBuilding CXX object CMakeFiles/choirbot_interfaces__rosidl_typesupport_fastrtps_cpp.dir/rosidl_typesupport_fastrtps_cpp/choirbot_interfaces/srv/detail/dds_fastrtps/position_task_service__type_support.cpp.o[0m
[6.773s] [ 52%] [32mBuilding CXX object CMakeFiles/choirbot_interfaces__rosidl_typesupport_c.dir/rosidl_typesupport_c/choirbot_interfaces/srv/position_task_service__type_support.cpp.o[0m
[6.800s] [ 53%] [32m[1mLinking CXX shared library libchoirbot_interfaces__rosidl_typesupport_cpp.so[0m
[6.841s] [ 55%] [32m[1mLinking C shared library libchoirbot_interfaces__rosidl_typesupport_introspection_c.so[0m
[7.009s] [ 57%] Built target choirbot_interfaces__rosidl_typesupport_cpp
[7.023s] [ 57%] [32mBuilding CXX object CMakeFiles/choirbot_interfaces__rosidl_typesupport_c.dir/rosidl_typesupport_c/choirbot_interfaces/srv/task_completion_service__type_support.cpp.o[0m
[7.026s] [ 57%] Built target choirbot_interfaces__rosidl_typesupport_introspection_c
[7.062s] [ 58%] [32mBuilding CXX object CMakeFiles/choirbot_interfaces__rosidl_typesupport_fastrtps_cpp.dir/rosidl_typesupport_fastrtps_cpp/choirbot_interfaces/srv/detail/dds_fastrtps/task_completion_service__type_support.cpp.o[0m
[7.096s] [ 60%] [32mBuilding CXX object CMakeFiles/choirbot_interfaces__rosidl_typesupport_introspection_cpp.dir/rosidl_typesupport_introspection_cpp/choirbot_interfaces/msg/detail/position_task_array__type_support.cpp.o[0m
[7.199s] [ 61%] [32m[1mLinking CXX shared library libchoirbot_interfaces__rosidl_typesupport_c.so[0m
[7.472s] [ 61%] Built target choirbot_interfaces__rosidl_typesupport_c
[7.474s] [ 63%] [32mBuilding CXX object CMakeFiles/choirbot_interfaces__rosidl_typesupport_introspection_cpp.dir/rosidl_typesupport_introspection_cpp/choirbot_interfaces/srv/detail/position_task_service__type_support.cpp.o[0m
[7.513s] [ 65%] [32mBuilding CXX object CMakeFiles/choirbot_interfaces__rosidl_typesupport_introspection_cpp.dir/rosidl_typesupport_introspection_cpp/choirbot_interfaces/srv/detail/task_completion_service__type_support.cpp.o[0m
[8.097s] [ 66%] [32m[1mLinking CXX shared library libchoirbot_interfaces__rosidl_typesupport_introspection_cpp.so[0m
[8.118s] [ 68%] [32m[1mLinking CXX shared library libchoirbot_interfaces__rosidl_typesupport_fastrtps_cpp.so[0m
[8.175s] [ 68%] Built target choirbot_interfaces__rosidl_typesupport_introspection_cpp
[8.215s] [ 68%] Built target choirbot_interfaces__rosidl_typesupport_fastrtps_cpp
[8.220s] [ 69%] [34m[1mGenerating C type support for eProsima Fast-RTPS[0m
[8.935s] [35m[1mScanning dependencies of target choirbot_interfaces__rosidl_typesupport_fastrtps_c[0m
[9.058s] [ 71%] [32mBuilding CXX object CMakeFiles/choirbot_interfaces__rosidl_typesupport_fastrtps_c.dir/rosidl_typesupport_fastrtps_c/choirbot_interfaces/action/detail/position_action__type_support_c.cpp.o[0m
[9.075s] [ 73%] [32mBuilding CXX object CMakeFiles/choirbot_interfaces__rosidl_typesupport_fastrtps_c.dir/rosidl_typesupport_fastrtps_c/choirbot_interfaces/msg/detail/position_task__type_support_c.cpp.o[0m
[9.078s] [ 74%] [32mBuilding CXX object CMakeFiles/choirbot_interfaces__rosidl_typesupport_fastrtps_c.dir/rosidl_typesupport_fastrtps_c/choirbot_interfaces/msg/detail/position_task_array__type_support_c.cpp.o[0m
[9.090s] [ 76%] [32mBuilding CXX object CMakeFiles/choirbot_interfaces__rosidl_typesupport_fastrtps_c.dir/rosidl_typesupport_fastrtps_c/choirbot_interfaces/srv/detail/position_task_service__type_support_c.cpp.o[0m
[9.106s] [ 77%] [32mBuilding CXX object CMakeFiles/choirbot_interfaces__rosidl_typesupport_fastrtps_c.dir/rosidl_typesupport_fastrtps_c/choirbot_interfaces/srv/detail/task_completion_service__type_support_c.cpp.o[0m
[9.706s] [ 79%] [32m[1mLinking CXX shared library libchoirbot_interfaces__rosidl_typesupport_fastrtps_c.so[0m
[9.793s] [ 79%] Built target choirbot_interfaces__rosidl_typesupport_fastrtps_c
[9.802s] [35m[1mScanning dependencies of target choirbot_interfaces[0m
[9.811s] [ 79%] Built target choirbot_interfaces
[9.821s] [35m[1mScanning dependencies of target choirbot_interfaces__py[0m
[9.831s] [ 80%] [34m[1mGenerating Python code for ROS interfaces[0m
[11.301s] [ 80%] Built target choirbot_interfaces__py
[11.310s] [35m[1mScanning dependencies of target choirbot_interfaces__python[0m
[11.337s] [ 82%] [32mBuilding C object CMakeFiles/choirbot_interfaces__python.dir/rosidl_generator_py/choirbot_interfaces/action/_position_action_s.c.o[0m
[11.337s] [ 84%] [32mBuilding C object CMakeFiles/choirbot_interfaces__python.dir/rosidl_generator_py/choirbot_interfaces/msg/_position_task_s.c.o[0m
[11.337s] [ 85%] [32mBuilding C object CMakeFiles/choirbot_interfaces__python.dir/rosidl_generator_py/choirbot_interfaces/srv/_position_task_service_s.c.o[0m
[11.346s] [ 87%] [32mBuilding C object CMakeFiles/choirbot_interfaces__python.dir/rosidl_generator_py/choirbot_interfaces/msg/_position_task_array_s.c.o[0m
[11.347s] [ 88%] [32mBuilding C object CMakeFiles/choirbot_interfaces__python.dir/rosidl_generator_py/choirbot_interfaces/srv/_task_completion_service_s.c.o[0m
[11.517s] [ 90%] [32m[1mLinking C shared library rosidl_generator_py/choirbot_interfaces/libchoirbot_interfaces__python.so[0m
[11.556s] [ 90%] Built target choirbot_interfaces__python
[11.568s] [35m[1mScanning dependencies of target choirbot_interfaces__rosidl_typesupport_c__pyext[0m
[11.568s] [35m[1mScanning dependencies of target choirbot_interfaces__rosidl_typesupport_introspection_c__pyext[0m
[11.569s] [35m[1mScanning dependencies of target choirbot_interfaces__rosidl_typesupport_fastrtps_c__pyext[0m
[11.591s] [ 92%] [32mBuilding C object CMakeFiles/choirbot_interfaces__rosidl_typesupport_introspection_c__pyext.dir/rosidl_generator_py/choirbot_interfaces/_choirbot_interfaces_s.ep.rosidl_typesupport_introspection_c.c.o[0m
[11.592s] [ 93%] [32mBuilding C object CMakeFiles/choirbot_interfaces__rosidl_typesupport_c__pyext.dir/rosidl_generator_py/choirbot_interfaces/_choirbot_interfaces_s.ep.rosidl_typesupport_c.c.o[0m
[11.600s] [ 95%] [32mBuilding C object CMakeFiles/choirbot_interfaces__rosidl_typesupport_fastrtps_c__pyext.dir/rosidl_generator_py/choirbot_interfaces/_choirbot_interfaces_s.ep.rosidl_typesupport_fastrtps_c.c.o[0m
[11.727s] [ 96%] [32m[1mLinking C shared library rosidl_generator_py/choirbot_interfaces/choirbot_interfaces_s__rosidl_typesupport_c.cpython-38-x86_64-linux-gnu.so[0m
[11.755s] [ 98%] [32m[1mLinking C shared library rosidl_generator_py/choirbot_interfaces/choirbot_interfaces_s__rosidl_typesupport_introspection_c.cpython-38-x86_64-linux-gnu.so[0m
[11.762s] [100%] [32m[1mLinking CXX shared library rosidl_generator_py/choirbot_interfaces/choirbot_interfaces_s__rosidl_typesupport_fastrtps_c.cpython-38-x86_64-linux-gnu.so[0m
[11.777s] [100%] Built target choirbot_interfaces__rosidl_typesupport_c__pyext
[11.793s] [100%] Built target choirbot_interfaces__rosidl_typesupport_introspection_c__pyext
[11.834s] [100%] Built target choirbot_interfaces__rosidl_typesupport_fastrtps_c__pyext
[11.845s] Invoked command in '/home/user/Documents/NYU/Swarm/Swarm6333/Project/swarm_ws/build/choirbot_interfaces' returned '0': CMAKE_PREFIX_PATH=${CMAKE_PREFIX_PATH}:/home/user/Documents/NYU/Swarm/Swarm6333/Project/swarm_ws/install/ros2swarm:/home/user/Documents/NYU/Swarm/Swarm6333/Project/swarm_ws/install/launch_gazebo:/home/user/Documents/NYU/Swarm/Swarm6333/Project/swarm_ws/install/ros2_aruco:/home/user/Documents/NYU/Swarm/Swarm6333/Project/swarm_ws/install/choirbot_examples:/home/user/Documents/NYU/Swarm/Swarm6333/Project/swarm_ws/install/choirbot:/opt/ros/foxy /usr/bin/cmake --build /home/user/Documents/NYU/Swarm/Swarm6333/Project/swarm_ws/build/choirbot_interfaces -- -j8 -l8
[11.847s] Invoking command in '/home/user/Documents/NYU/Swarm/Swarm6333/Project/swarm_ws/build/choirbot_interfaces': CMAKE_PREFIX_PATH=${CMAKE_PREFIX_PATH}:/home/user/Documents/NYU/Swarm/Swarm6333/Project/swarm_ws/install/ros2swarm:/home/user/Documents/NYU/Swarm/Swarm6333/Project/swarm_ws/install/launch_gazebo:/home/user/Documents/NYU/Swarm/Swarm6333/Project/swarm_ws/install/ros2_aruco:/home/user/Documents/NYU/Swarm/Swarm6333/Project/swarm_ws/install/choirbot_examples:/home/user/Documents/NYU/Swarm/Swarm6333/Project/swarm_ws/install/choirbot:/opt/ros/foxy /usr/bin/cmake --install /home/user/Documents/NYU/Swarm/Swarm6333/Project/swarm_ws/build/choirbot_interfaces
[11.856s] -- Install configuration: ""
[11.856s] -- Execute custom install script
[11.857s] -- Symlinking: /home/user/Documents/NYU/Swarm/Swarm6333/Project/swarm_ws/install/choirbot_interfaces/share/ament_index/resource_index/rosidl_interfaces/choirbot_interfaces
[11.866s] -- Symlinking: /home/user/Documents/NYU/Swarm/Swarm6333/Project/swarm_ws/install/choirbot_interfaces/include/choirbot_interfaces/action/detail/position_action__functions.h
[11.873s] -- Symlinking: /home/user/Documents/NYU/Swarm/Swarm6333/Project/swarm_ws/install/choirbot_interfaces/include/choirbot_interfaces/action/detail/position_action__struct.h
[11.880s] -- Symlinking: /home/user/Documents/NYU/Swarm/Swarm6333/Project/swarm_ws/install/choirbot_interfaces/include/choirbot_interfaces/action/detail/position_action__type_support.h
[11.888s] -- Symlinking: /home/user/Documents/NYU/Swarm/Swarm6333/Project/swarm_ws/install/choirbot_interfaces/include/choirbot_interfaces/action/position_action.h
[11.895s] -- Symlinking: /home/user/Documents/NYU/Swarm/Swarm6333/Project/swarm_ws/install/choirbot_interfaces/include/choirbot_interfaces/msg/detail/position_task__functions.h
[11.903s] -- Symlinking: /home/user/Documents/NYU/Swarm/Swarm6333/Project/swarm_ws/install/choirbot_interfaces/include/choirbot_interfaces/msg/detail/position_task__struct.h
[11.910s] -- Symlinking: /home/user/Documents/NYU/Swarm/Swarm6333/Project/swarm_ws/install/choirbot_interfaces/include/choirbot_interfaces/msg/detail/position_task__type_support.h
[11.920s] -- Symlinking: /home/user/Documents/NYU/Swarm/Swarm6333/Project/swarm_ws/install/choirbot_interfaces/include/choirbot_interfaces/msg/detail/position_task_array__functions.h
[11.928s] -- Symlinking: /home/user/Documents/NYU/Swarm/Swarm6333/Project/swarm_ws/install/choirbot_interfaces/include/choirbot_interfaces/msg/detail/position_task_array__struct.h
[11.936s] -- Symlinking: /home/user/Documents/NYU/Swarm/Swarm6333/Project/swarm_ws/install/choirbot_interfaces/include/choirbot_interfaces/msg/detail/position_task_array__type_support.h
[11.943s] -- Symlinking: /home/user/Documents/NYU/Swarm/Swarm6333/Project/swarm_ws/install/choirbot_interfaces/include/choirbot_interfaces/msg/position_task.h
[11.951s] -- Symlinking: /home/user/Documents/NYU/Swarm/Swarm6333/Project/swarm_ws/install/choirbot_interfaces/include/choirbot_interfaces/msg/position_task_array.h
[11.959s] -- Symlinking: /home/user/Documents/NYU/Swarm/Swarm6333/Project/swarm_ws/install/choirbot_interfaces/include/choirbot_interfaces/msg/rosidl_generator_c__visibility_control.h
[11.966s] -- Symlinking: /home/user/Documents/NYU/Swarm/Swarm6333/Project/swarm_ws/install/choirbot_interfaces/include/choirbot_interfaces/srv/detail/position_task_service__functions.h
[11.974s] -- Symlinking: /home/user/Documents/NYU/Swarm/Swarm6333/Project/swarm_ws/install/choirbot_interfaces/include/choirbot_interfaces/srv/detail/position_task_service__struct.h
[11.981s] -- Symlinking: /home/user/Documents/NYU/Swarm/Swarm6333/Project/swarm_ws/install/choirbot_interfaces/include/choirbot_interfaces/srv/detail/position_task_service__type_support.h
[11.989s] -- Symlinking: /home/user/Documents/NYU/Swarm/Swarm6333/Project/swarm_ws/install/choirbot_interfaces/include/choirbot_interfaces/srv/detail/task_completion_service__functions.h
[11.997s] -- Symlinking: /home/user/Documents/NYU/Swarm/Swarm6333/Project/swarm_ws/install/choirbot_interfaces/include/choirbot_interfaces/srv/detail/task_completion_service__struct.h
[12.004s] -- Symlinking: /home/user/Documents/NYU/Swarm/Swarm6333/Project/swarm_ws/install/choirbot_interfaces/include/choirbot_interfaces/srv/detail/task_completion_service__type_support.h
[12.013s] -- Symlinking: /home/user/Documents/NYU/Swarm/Swarm6333/Project/swarm_ws/install/choirbot_interfaces/include/choirbot_interfaces/srv/position_task_service.h
[12.020s] -- Symlinking: /home/user/Documents/NYU/Swarm/Swarm6333/Project/swarm_ws/install/choirbot_interfaces/include/choirbot_interfaces/srv/task_completion_service.h
[12.028s] -- Symlinking: /home/user/Documents/NYU/Swarm/Swarm6333/Project/swarm_ws/install/choirbot_interfaces/share/choirbot_interfaces/environment/library_path.sh
[12.038s] -- Symlinking: /home/user/Documents/NYU/Swarm/Swarm6333/Project/swarm_ws/install/choirbot_interfaces/share/choirbot_interfaces/environment/library_path.dsv
[12.047s] -- Symlinking: /home/user/Documents/NYU/Swarm/Swarm6333/Project/swarm_ws/install/choirbot_interfaces/include/choirbot_interfaces/action/detail/position_action__rosidl_typesupport_fastrtps_c.h
[12.054s] -- Symlinking: /home/user/Documents/NYU/Swarm/Swarm6333/Project/swarm_ws/install/choirbot_interfaces/include/choirbot_interfaces/msg/detail/position_task__rosidl_typesupport_fastrtps_c.h
[12.062s] -- Symlinking: /home/user/Documents/NYU/Swarm/Swarm6333/Project/swarm_ws/install/choirbot_interfaces/include/choirbot_interfaces/msg/detail/position_task_array__rosidl_typesupport_fastrtps_c.h
[12.070s] -- Symlinking: /home/user/Documents/NYU/Swarm/Swarm6333/Project/swarm_ws/install/choirbot_interfaces/include/choirbot_interfaces/msg/rosidl_typesupport_fastrtps_c__visibility_control.h
[12.078s] -- Symlinking: /home/user/Documents/NYU/Swarm/Swarm6333/Project/swarm_ws/install/choirbot_interfaces/include/choirbot_interfaces/srv/detail/position_task_service__rosidl_typesupport_fastrtps_c.h
[12.086s] -- Symlinking: /home/user/Documents/NYU/Swarm/Swarm6333/Project/swarm_ws/install/choirbot_interfaces/include/choirbot_interfaces/srv/detail/task_completion_service__rosidl_typesupport_fastrtps_c.h
[12.093s] -- Symlinking: /home/user/Documents/NYU/Swarm/Swarm6333/Project/swarm_ws/install/choirbot_interfaces/lib/libchoirbot_interfaces__rosidl_typesupport_fastrtps_c.so
[12.102s] -- Symlinking: /home/user/Documents/NYU/Swarm/Swarm6333/Project/swarm_ws/install/choirbot_interfaces/include/choirbot_interfaces/action/detail/position_action__rosidl_typesupport_fastrtps_cpp.hpp
[12.109s] -- Symlinking: /home/user/Documents/NYU/Swarm/Swarm6333/Project/swarm_ws/install/choirbot_interfaces/include/choirbot_interfaces/msg/detail/position_task__rosidl_typesupport_fastrtps_cpp.hpp
[12.118s] -- Symlinking: /home/user/Documents/NYU/Swarm/Swarm6333/Project/swarm_ws/install/choirbot_interfaces/include/choirbot_interfaces/msg/detail/position_task_array__rosidl_typesupport_fastrtps_cpp.hpp
[12.125s] -- Symlinking: /home/user/Documents/NYU/Swarm/Swarm6333/Project/swarm_ws/install/choirbot_interfaces/include/choirbot_interfaces/msg/rosidl_typesupport_fastrtps_cpp__visibility_control.h
[12.133s] -- Symlinking: /home/user/Documents/NYU/Swarm/Swarm6333/Project/swarm_ws/install/choirbot_interfaces/include/choirbot_interfaces/srv/detail/position_task_service__rosidl_typesupport_fastrtps_cpp.hpp
[12.141s] -- Symlinking: /home/user/Documents/NYU/Swarm/Swarm6333/Project/swarm_ws/install/choirbot_interfaces/include/choirbot_interfaces/srv/detail/task_completion_service__rosidl_typesupport_fastrtps_cpp.hpp
[12.150s] -- Symlinking: /home/user/Documents/NYU/Swarm/Swarm6333/Project/swarm_ws/install/choirbot_interfaces/lib/libchoirbot_interfaces__rosidl_typesupport_fastrtps_cpp.so
[12.157s] -- Symlinking: /home/user/Documents/NYU/Swarm/Swarm6333/Project/swarm_ws/install/choirbot_interfaces/include/choirbot_interfaces/action/detail/position_action__rosidl_typesupport_introspection_c.h
[12.165s] -- Symlinking: /home/user/Documents/NYU/Swarm/Swarm6333/Project/swarm_ws/install/choirbot_interfaces/include/choirbot_interfaces/msg/detail/position_task__rosidl_typesupport_introspection_c.h
[12.173s] -- Symlinking: /home/user/Documents/NYU/Swarm/Swarm6333/Project/swarm_ws/install/choirbot_interfaces/include/choirbot_interfaces/msg/detail/position_task_array__rosidl_typesupport_introspection_c.h
[12.180s] -- Symlinking: /home/user/Documents/NYU/Swarm/Swarm6333/Project/swarm_ws/install/choirbot_interfaces/include/choirbot_interfaces/msg/rosidl_typesupport_introspection_c__visibility_control.h
[12.189s] -- Symlinking: /home/user/Documents/NYU/Swarm/Swarm6333/Project/swarm_ws/install/choirbot_interfaces/include/choirbot_interfaces/srv/detail/position_task_service__rosidl_typesupport_introspection_c.h
[12.197s] -- Symlinking: /home/user/Documents/NYU/Swarm/Swarm6333/Project/swarm_ws/install/choirbot_interfaces/include/choirbot_interfaces/srv/detail/task_completion_service__rosidl_typesupport_introspection_c.h
[12.205s] -- Symlinking: /home/user/Documents/NYU/Swarm/Swarm6333/Project/swarm_ws/install/choirbot_interfaces/include/choirbot_interfaces/action/detail/position_action__builder.hpp
[12.213s] -- Symlinking: /home/user/Documents/NYU/Swarm/Swarm6333/Project/swarm_ws/install/choirbot_interfaces/include/choirbot_interfaces/action/detail/position_action__struct.hpp
[12.221s] -- Symlinking: /home/user/Documents/NYU/Swarm/Swarm6333/Project/swarm_ws/install/choirbot_interfaces/include/choirbot_interfaces/action/detail/position_action__traits.hpp
[12.229s] -- Symlinking: /home/user/Documents/NYU/Swarm/Swarm6333/Project/swarm_ws/install/choirbot_interfaces/include/choirbot_interfaces/action/detail/position_action__type_support.hpp
[12.237s] -- Symlinking: /home/user/Documents/NYU/Swarm/Swarm6333/Project/swarm_ws/install/choirbot_interfaces/include/choirbot_interfaces/action/position_action.hpp
[12.245s] -- Symlinking: /home/user/Documents/NYU/Swarm/Swarm6333/Project/swarm_ws/install/choirbot_interfaces/include/choirbot_interfaces/msg/detail/position_task__builder.hpp
[12.253s] -- Symlinking: /home/user/Documents/NYU/Swarm/Swarm6333/Project/swarm_ws/install/choirbot_interfaces/include/choirbot_interfaces/msg/detail/position_task__struct.hpp
[12.261s] -- Symlinking: /home/user/Documents/NYU/Swarm/Swarm6333/Project/swarm_ws/install/choirbot_interfaces/include/choirbot_interfaces/msg/detail/position_task__traits.hpp
[12.269s] -- Symlinking: /home/user/Documents/NYU/Swarm/Swarm6333/Project/swarm_ws/install/choirbot_interfaces/include/choirbot_interfaces/msg/detail/position_task__type_support.hpp
[12.277s] -- Symlinking: /home/user/Documents/NYU/Swarm/Swarm6333/Project/swarm_ws/install/choirbot_interfaces/include/choirbot_interfaces/msg/detail/position_task_array__builder.hpp
[12.286s] -- Symlinking: /home/user/Documents/NYU/Swarm/Swarm6333/Project/swarm_ws/install/choirbot_interfaces/include/choirbot_interfaces/msg/detail/position_task_array__struct.hpp
[12.295s] -- Symlinking: /home/user/Documents/NYU/Swarm/Swarm6333/Project/swarm_ws/install/choirbot_interfaces/include/choirbot_interfaces/msg/detail/position_task_array__traits.hpp
[12.305s] -- Symlinking: /home/user/Documents/NYU/Swarm/Swarm6333/Project/swarm_ws/install/choirbot_interfaces/include/choirbot_interfaces/msg/detail/position_task_array__type_support.hpp
[12.316s] -- Symlinking: /home/user/Documents/NYU/Swarm/Swarm6333/Project/swarm_ws/install/choirbot_interfaces/include/choirbot_interfaces/msg/position_task.hpp
[12.327s] -- Symlinking: /home/user/Documents/NYU/Swarm/Swarm6333/Project/swarm_ws/install/choirbot_interfaces/include/choirbot_interfaces/msg/position_task_array.hpp
[12.340s] -- Symlinking: /home/user/Documents/NYU/Swarm/Swarm6333/Project/swarm_ws/install/choirbot_interfaces/include/choirbot_interfaces/msg/rosidl_generator_cpp__visibility_control.hpp
[12.352s] -- Symlinking: /home/user/Documents/NYU/Swarm/Swarm6333/Project/swarm_ws/install/choirbot_interfaces/include/choirbot_interfaces/srv/detail/position_task_service__builder.hpp
[12.364s] -- Symlinking: /home/user/Documents/NYU/Swarm/Swarm6333/Project/swarm_ws/install/choirbot_interfaces/include/choirbot_interfaces/srv/detail/position_task_service__struct.hpp
[12.372s] -- Symlinking: /home/user/Documents/NYU/Swarm/Swarm6333/Project/swarm_ws/install/choirbot_interfaces/include/choirbot_interfaces/srv/detail/position_task_service__traits.hpp
[12.380s] -- Symlinking: /home/user/Documents/NYU/Swarm/Swarm6333/Project/swarm_ws/install/choirbot_interfaces/include/choirbot_interfaces/srv/detail/position_task_service__type_support.hpp
[12.389s] -- Symlinking: /home/user/Documents/NYU/Swarm/Swarm6333/Project/swarm_ws/install/choirbot_interfaces/include/choirbot_interfaces/srv/detail/task_completion_service__builder.hpp
[12.397s] -- Symlinking: /home/user/Documents/NYU/Swarm/Swarm6333/Project/swarm_ws/install/choirbot_interfaces/include/choirbot_interfaces/srv/detail/task_completion_service__struct.hpp
[12.405s] -- Symlinking: /home/user/Documents/NYU/Swarm/Swarm6333/Project/swarm_ws/install/choirbot_interfaces/include/choirbot_interfaces/srv/detail/task_completion_service__traits.hpp
[12.414s] -- Symlinking: /home/user/Documents/NYU/Swarm/Swarm6333/Project/swarm_ws/install/choirbot_interfaces/include/choirbot_interfaces/srv/detail/task_completion_service__type_support.hpp
[12.422s] -- Symlinking: /home/user/Documents/NYU/Swarm/Swarm6333/Project/swarm_ws/install/choirbot_interfaces/include/choirbot_interfaces/srv/position_task_service.hpp
[12.433s] -- Symlinking: /home/user/Documents/NYU/Swarm/Swarm6333/Project/swarm_ws/install/choirbot_interfaces/include/choirbot_interfaces/srv/task_completion_service.hpp
[12.442s] -- Symlinking: /home/user/Documents/NYU/Swarm/Swarm6333/Project/swarm_ws/install/choirbot_interfaces/include/choirbot_interfaces/action/detail/position_action__rosidl_typesupport_introspection_cpp.hpp
[12.450s] -- Symlinking: /home/user/Documents/NYU/Swarm/Swarm6333/Project/swarm_ws/install/choirbot_interfaces/include/choirbot_interfaces/msg/detail/position_task__rosidl_typesupport_introspection_cpp.hpp
[12.458s] -- Symlinking: /home/user/Documents/NYU/Swarm/Swarm6333/Project/swarm_ws/install/choirbot_interfaces/include/choirbot_interfaces/msg/detail/position_task_array__rosidl_typesupport_introspection_cpp.hpp
[12.466s] -- Symlinking: /home/user/Documents/NYU/Swarm/Swarm6333/Project/swarm_ws/install/choirbot_interfaces/include/choirbot_interfaces/srv/detail/position_task_service__rosidl_typesupport_introspection_cpp.hpp
[12.475s] -- Symlinking: /home/user/Documents/NYU/Swarm/Swarm6333/Project/swarm_ws/install/choirbot_interfaces/include/choirbot_interfaces/srv/detail/task_completion_service__rosidl_typesupport_introspection_cpp.hpp
[12.483s] -- Symlinking: /home/user/Documents/NYU/Swarm/Swarm6333/Project/swarm_ws/install/choirbot_interfaces/share/choirbot_interfaces/environment/pythonpath.sh
[12.491s] -- Symlinking: /home/user/Documents/NYU/Swarm/Swarm6333/Project/swarm_ws/install/choirbot_interfaces/share/choirbot_interfaces/environment/pythonpath.dsv
[12.499s] -- Symlinking: /home/user/Documents/NYU/Swarm/Swarm6333/Project/swarm_ws/install/choirbot_interfaces/lib/python3.8/site-packages/choirbot_interfaces/__init__.py
[12.507s] -- Symlinking: /home/user/Documents/NYU/Swarm/Swarm6333/Project/swarm_ws/install/choirbot_interfaces/lib/python3.8/site-packages/choirbot_interfaces/action/__init__.py
[12.515s] -- Symlinking: /home/user/Documents/NYU/Swarm/Swarm6333/Project/swarm_ws/install/choirbot_interfaces/lib/python3.8/site-packages/choirbot_interfaces/action/_position_action.py
[12.524s] -- Symlinking: /home/user/Documents/NYU/Swarm/Swarm6333/Project/swarm_ws/install/choirbot_interfaces/lib/python3.8/site-packages/choirbot_interfaces/msg/__init__.py
[12.532s] -- Symlinking: /home/user/Documents/NYU/Swarm/Swarm6333/Project/swarm_ws/install/choirbot_interfaces/lib/python3.8/site-packages/choirbot_interfaces/msg/_position_task.py
[12.540s] -- Symlinking: /home/user/Documents/NYU/Swarm/Swarm6333/Project/swarm_ws/install/choirbot_interfaces/lib/python3.8/site-packages/choirbot_interfaces/msg/_position_task_array.py
[12.548s] -- Symlinking: /home/user/Documents/NYU/Swarm/Swarm6333/Project/swarm_ws/install/choirbot_interfaces/lib/python3.8/site-packages/choirbot_interfaces/srv/__init__.py
[12.556s] -- Symlinking: /home/user/Documents/NYU/Swarm/Swarm6333/Project/swarm_ws/install/choirbot_interfaces/lib/python3.8/site-packages/choirbot_interfaces/srv/_position_task_service.py
[12.566s] -- Symlinking: /home/user/Documents/NYU/Swarm/Swarm6333/Project/swarm_ws/install/choirbot_interfaces/lib/python3.8/site-packages/choirbot_interfaces/srv/_task_completion_service.py
[12.574s] -- Symlinking: /home/user/Documents/NYU/Swarm/Swarm6333/Project/swarm_ws/install/choirbot_interfaces/lib/python3.8/site-packages/choirbot_interfaces/choirbot_interfaces_s__rosidl_typesupport_fastrtps_c.cpython-38-x86_64-linux-gnu.so
[12.583s] -- Symlinking: /home/user/Documents/NYU/Swarm/Swarm6333/Project/swarm_ws/install/choirbot_interfaces/lib/python3.8/site-packages/choirbot_interfaces/choirbot_interfaces_s__rosidl_typesupport_introspection_c.cpython-38-x86_64-linux-gnu.so
[12.591s] -- Symlinking: /home/user/Documents/NYU/Swarm/Swarm6333/Project/swarm_ws/install/choirbot_interfaces/lib/python3.8/site-packages/choirbot_interfaces/choirbot_interfaces_s__rosidl_typesupport_c.cpython-38-x86_64-linux-gnu.so
[12.599s] -- Symlinking: /home/user/Documents/NYU/Swarm/Swarm6333/Project/swarm_ws/install/choirbot_interfaces/lib/libchoirbot_interfaces__python.so
[12.608s] -- Symlinking: /home/user/Documents/NYU/Swarm/Swarm6333/Project/swarm_ws/install/choirbot_interfaces/share/choirbot_interfaces/action/PositionAction.idl
[12.616s] -- Symlinking: /home/user/Documents/NYU/Swarm/Swarm6333/Project/swarm_ws/install/choirbot_interfaces/share/choirbot_interfaces/msg/PositionTask.idl
[12.623s] -- Symlinking: /home/user/Documents/NYU/Swarm/Swarm6333/Project/swarm_ws/install/choirbot_interfaces/share/choirbot_interfaces/msg/PositionTaskArray.idl
[12.631s] -- Symlinking: /home/user/Documents/NYU/Swarm/Swarm6333/Project/swarm_ws/install/choirbot_interfaces/share/choirbot_interfaces/srv/PositionTaskService.idl
[12.639s] -- Symlinking: /home/user/Documents/NYU/Swarm/Swarm6333/Project/swarm_ws/install/choirbot_interfaces/share/choirbot_interfaces/srv/TaskCompletionService.idl
[12.648s] -- Symlinking: /home/user/Documents/NYU/Swarm/Swarm6333/Project/swarm_ws/install/choirbot_interfaces/share/choirbot_interfaces/action/PositionAction.action
[12.657s] -- Symlinking: /home/user/Documents/NYU/Swarm/Swarm6333/Project/swarm_ws/install/choirbot_interfaces/share/choirbot_interfaces/msg/PositionTask.msg
[12.665s] -- Symlinking: /home/user/Documents/NYU/Swarm/Swarm6333/Project/swarm_ws/install/choirbot_interfaces/share/choirbot_interfaces/msg/PositionTaskArray.msg
[12.673s] -- Symlinking: /home/user/Documents/NYU/Swarm/Swarm6333/Project/swarm_ws/install/choirbot_interfaces/share/choirbot_interfaces/srv/PositionTaskService.srv
[12.682s] -- Symlinking: /home/user/Documents/NYU/Swarm/Swarm6333/Project/swarm_ws/install/choirbot_interfaces/share/choirbot_interfaces/srv/PositionTaskService_Request.msg
[12.689s] -- Symlinking: /home/user/Documents/NYU/Swarm/Swarm6333/Project/swarm_ws/install/choirbot_interfaces/share/choirbot_interfaces/srv/PositionTaskService_Response.msg
[12.697s] -- Symlinking: /home/user/Documents/NYU/Swarm/Swarm6333/Project/swarm_ws/install/choirbot_interfaces/share/choirbot_interfaces/srv/TaskCompletionService.srv
[12.705s] -- Symlinking: /home/user/Documents/NYU/Swarm/Swarm6333/Project/swarm_ws/install/choirbot_interfaces/share/choirbot_interfaces/srv/TaskCompletionService_Request.msg
[12.713s] -- Symlinking: /home/user/Documents/NYU/Swarm/Swarm6333/Project/swarm_ws/install/choirbot_interfaces/share/choirbot_interfaces/srv/TaskCompletionService_Response.msg
[12.722s] -- Symlinking: /home/user/Documents/NYU/Swarm/Swarm6333/Project/swarm_ws/install/choirbot_interfaces/lib/python3.8/site-packages/choirbot_interfaces/__init__.py
[12.729s] -- Symlinking: /home/user/Documents/NYU/Swarm/Swarm6333/Project/swarm_ws/install/choirbot_interfaces/share/ament_index/resource_index/package_run_dependencies/choirbot_interfaces
[12.738s] -- Symlinking: /home/user/Documents/NYU/Swarm/Swarm6333/Project/swarm_ws/install/choirbot_interfaces/share/ament_index/resource_index/parent_prefix_path/choirbot_interfaces
[12.746s] -- Symlinking: /home/user/Documents/NYU/Swarm/Swarm6333/Project/swarm_ws/install/choirbot_interfaces/share/choirbot_interfaces/environment/ament_prefix_path.sh
[12.753s] -- Symlinking: /home/user/Documents/NYU/Swarm/Swarm6333/Project/swarm_ws/install/choirbot_interfaces/share/choirbot_interfaces/environment/ament_prefix_path.dsv
[12.761s] -- Symlinking: /home/user/Documents/NYU/Swarm/Swarm6333/Project/swarm_ws/install/choirbot_interfaces/share/choirbot_interfaces/environment/path.sh
[12.769s] -- Symlinking: /home/user/Documents/NYU/Swarm/Swarm6333/Project/swarm_ws/install/choirbot_interfaces/share/choirbot_interfaces/environment/path.dsv
[12.777s] -- Symlinking: /home/user/Documents/NYU/Swarm/Swarm6333/Project/swarm_ws/install/choirbot_interfaces/share/choirbot_interfaces/local_setup.bash
[12.786s] -- Symlinking: /home/user/Documents/NYU/Swarm/Swarm6333/Project/swarm_ws/install/choirbot_interfaces/share/choirbot_interfaces/local_setup.sh
[12.794s] -- Symlinking: /home/user/Documents/NYU/Swarm/Swarm6333/Project/swarm_ws/install/choirbot_interfaces/share/choirbot_interfaces/local_setup.zsh
[12.801s] -- Symlinking: /home/user/Documents/NYU/Swarm/Swarm6333/Project/swarm_ws/install/choirbot_interfaces/share/choirbot_interfaces/local_setup.dsv
[12.809s] -- Symlinking: /home/user/Documents/NYU/Swarm/Swarm6333/Project/swarm_ws/install/choirbot_interfaces/share/choirbot_interfaces/package.dsv
[12.818s] -- Symlinking: /home/user/Documents/NYU/Swarm/Swarm6333/Project/swarm_ws/install/choirbot_interfaces/share/ament_index/resource_index/packages/choirbot_interfaces
[12.825s] -- Symlinking: /home/user/Documents/NYU/Swarm/Swarm6333/Project/swarm_ws/install/choirbot_interfaces/share/choirbot_interfaces/cmake/rosidl_cmake-extras.cmake
[12.833s] -- Symlinking: /home/user/Documents/NYU/Swarm/Swarm6333/Project/swarm_ws/install/choirbot_interfaces/share/choirbot_interfaces/cmake/ament_cmake_export_dependencies-extras.cmake
[12.842s] -- Symlinking: /home/user/Documents/NYU/Swarm/Swarm6333/Project/swarm_ws/install/choirbot_interfaces/share/choirbot_interfaces/cmake/ament_cmake_export_libraries-extras.cmake
[12.849s] -- Symlinking: /home/user/Documents/NYU/Swarm/Swarm6333/Project/swarm_ws/install/choirbot_interfaces/share/choirbot_interfaces/cmake/ament_cmake_export_targets-extras.cmake
[12.856s] -- Symlinking: /home/user/Documents/NYU/Swarm/Swarm6333/Project/swarm_ws/install/choirbot_interfaces/share/choirbot_interfaces/cmake/ament_cmake_export_include_directories-extras.cmake
[12.864s] -- Symlinking: /home/user/Documents/NYU/Swarm/Swarm6333/Project/swarm_ws/install/choirbot_interfaces/share/choirbot_interfaces/cmake/rosidl_cmake_export_typesupport_libraries-extras.cmake
[12.871s] -- Symlinking: /home/user/Documents/NYU/Swarm/Swarm6333/Project/swarm_ws/install/choirbot_interfaces/share/choirbot_interfaces/cmake/rosidl_cmake_export_typesupport_targets-extras.cmake
[12.879s] -- Symlinking: /home/user/Documents/NYU/Swarm/Swarm6333/Project/swarm_ws/install/choirbot_interfaces/share/choirbot_interfaces/cmake/choirbot_interfacesConfig.cmake
[12.886s] -- Symlinking: /home/user/Documents/NYU/Swarm/Swarm6333/Project/swarm_ws/install/choirbot_interfaces/share/choirbot_interfaces/cmake/choirbot_interfacesConfig-version.cmake
[12.894s] -- Symlinking: /home/user/Documents/NYU/Swarm/Swarm6333/Project/swarm_ws/install/choirbot_interfaces/share/choirbot_interfaces/package.xml
[12.901s] -- Installing: /home/user/Documents/NYU/Swarm/Swarm6333/Project/swarm_ws/install/choirbot_interfaces/lib/libchoirbot_interfaces__rosidl_generator_c.so
[12.902s] -- Set runtime path of "/home/user/Documents/NYU/Swarm/Swarm6333/Project/swarm_ws/install/choirbot_interfaces/lib/libchoirbot_interfaces__rosidl_generator_c.so" to ""
[12.902s] -- Installing: /home/user/Documents/NYU/Swarm/Swarm6333/Project/swarm_ws/install/choirbot_interfaces/lib/libchoirbot_interfaces__rosidl_typesupport_introspection_c.so
[12.903s] -- Set runtime path of "/home/user/Documents/NYU/Swarm/Swarm6333/Project/swarm_ws/install/choirbot_interfaces/lib/libchoirbot_interfaces__rosidl_typesupport_introspection_c.so" to ""
[12.903s] -- Installing: /home/user/Documents/NYU/Swarm/Swarm6333/Project/swarm_ws/install/choirbot_interfaces/lib/libchoirbot_interfaces__rosidl_typesupport_c.so
[12.903s] -- Set runtime path of "/home/user/Documents/NYU/Swarm/Swarm6333/Project/swarm_ws/install/choirbot_interfaces/lib/libchoirbot_interfaces__rosidl_typesupport_c.so" to ""
[12.903s] -- Installing: /home/user/Documents/NYU/Swarm/Swarm6333/Project/swarm_ws/install/choirbot_interfaces/lib/libchoirbot_interfaces__rosidl_typesupport_introspection_cpp.so
[12.904s] -- Set runtime path of "/home/user/Documents/NYU/Swarm/Swarm6333/Project/swarm_ws/install/choirbot_interfaces/lib/libchoirbot_interfaces__rosidl_typesupport_introspection_cpp.so" to ""
[12.904s] -- Installing: /home/user/Documents/NYU/Swarm/Swarm6333/Project/swarm_ws/install/choirbot_interfaces/lib/libchoirbot_interfaces__rosidl_typesupport_cpp.so
[12.904s] -- Set runtime path of "/home/user/Documents/NYU/Swarm/Swarm6333/Project/swarm_ws/install/choirbot_interfaces/lib/libchoirbot_interfaces__rosidl_typesupport_cpp.so" to ""
[12.935s] Compiling '/home/user/Documents/NYU/Swarm/Swarm6333/Project/swarm_ws/install/choirbot_interfaces/lib/python3.8/site-packages/choirbot_interfaces/__init__.py'...
[12.975s] Listing '/home/user/Documents/NYU/Swarm/Swarm6333/Project/swarm_ws/install/choirbot_interfaces/lib/python3.8/site-packages/choirbot_interfaces'...
[12.975s] Listing '/home/user/Documents/NYU/Swarm/Swarm6333/Project/swarm_ws/install/choirbot_interfaces/lib/python3.8/site-packages/choirbot_interfaces/action'...
[12.975s] Compiling '/home/user/Documents/NYU/Swarm/Swarm6333/Project/swarm_ws/install/choirbot_interfaces/lib/python3.8/site-packages/choirbot_interfaces/action/__init__.py'...
[12.975s] Compiling '/home/user/Documents/NYU/Swarm/Swarm6333/Project/swarm_ws/install/choirbot_interfaces/lib/python3.8/site-packages/choirbot_interfaces/action/_position_action.py'...
[12.975s] Listing '/home/user/Documents/NYU/Swarm/Swarm6333/Project/swarm_ws/install/choirbot_interfaces/lib/python3.8/site-packages/choirbot_interfaces/msg'...
[12.975s] Compiling '/home/user/Documents/NYU/Swarm/Swarm6333/Project/swarm_ws/install/choirbot_interfaces/lib/python3.8/site-packages/choirbot_interfaces/msg/__init__.py'...
[12.976s] Compiling '/home/user/Documents/NYU/Swarm/Swarm6333/Project/swarm_ws/install/choirbot_interfaces/lib/python3.8/site-packages/choirbot_interfaces/msg/_position_task.py'...
[12.976s] Compiling '/home/user/Documents/NYU/Swarm/Swarm6333/Project/swarm_ws/install/choirbot_interfaces/lib/python3.8/site-packages/choirbot_interfaces/msg/_position_task_array.py'...
[12.976s] Listing '/home/user/Documents/NYU/Swarm/Swarm6333/Project/swarm_ws/install/choirbot_interfaces/lib/python3.8/site-packages/choirbot_interfaces/srv'...
[12.976s] Compiling '/home/user/Documents/NYU/Swarm/Swarm6333/Project/swarm_ws/install/choirbot_interfaces/lib/python3.8/site-packages/choirbot_interfaces/srv/__init__.py'...
[12.976s] Compiling '/home/user/Documents/NYU/Swarm/Swarm6333/Project/swarm_ws/install/choirbot_interfaces/lib/python3.8/site-packages/choirbot_interfaces/srv/_position_task_service.py'...
[12.976s] Compiling '/home/user/Documents/NYU/Swarm/Swarm6333/Project/swarm_ws/install/choirbot_interfaces/lib/python3.8/site-packages/choirbot_interfaces/srv/_task_completion_service.py'...
[12.979s] -- Installing: /home/user/Documents/NYU/Swarm/Swarm6333/Project/swarm_ws/install/choirbot_interfaces/share/choirbot_interfaces/cmake/choirbot_interfaces__rosidl_generator_cExport.cmake
[12.979s] -- Installing: /home/user/Documents/NYU/Swarm/Swarm6333/Project/swarm_ws/install/choirbot_interfaces/share/choirbot_interfaces/cmake/choirbot_interfaces__rosidl_generator_cExport-noconfig.cmake
[12.979s] -- Installing: /home/user/Documents/NYU/Swarm/Swarm6333/Project/swarm_ws/install/choirbot_interfaces/share/choirbot_interfaces/cmake/choirbot_interfaces__rosidl_typesupport_introspection_cExport.cmake
[12.979s] -- Installing: /home/user/Documents/NYU/Swarm/Swarm6333/Project/swarm_ws/install/choirbot_interfaces/share/choirbot_interfaces/cmake/choirbot_interfaces__rosidl_typesupport_introspection_cExport-noconfig.cmake
[12.979s] -- Installing: /home/user/Documents/NYU/Swarm/Swarm6333/Project/swarm_ws/install/choirbot_interfaces/share/choirbot_interfaces/cmake/choirbot_interfaces__rosidl_typesupport_cExport.cmake
[12.980s] -- Installing: /home/user/Documents/NYU/Swarm/Swarm6333/Project/swarm_ws/install/choirbot_interfaces/share/choirbot_interfaces/cmake/choirbot_interfaces__rosidl_typesupport_cExport-noconfig.cmake
[12.980s] -- Installing: /home/user/Documents/NYU/Swarm/Swarm6333/Project/swarm_ws/install/choirbot_interfaces/share/choirbot_interfaces/cmake/choirbot_interfaces__rosidl_generator_cppExport.cmake
[12.980s] -- Installing: /home/user/Documents/NYU/Swarm/Swarm6333/Project/swarm_ws/install/choirbot_interfaces/share/choirbot_interfaces/cmake/choirbot_interfaces__rosidl_typesupport_introspection_cppExport.cmake
[12.980s] -- Installing: /home/user/Documents/NYU/Swarm/Swarm6333/Project/swarm_ws/install/choirbot_interfaces/share/choirbot_interfaces/cmake/choirbot_interfaces__rosidl_typesupport_introspection_cppExport-noconfig.cmake
[12.980s] -- Installing: /home/user/Documents/NYU/Swarm/Swarm6333/Project/swarm_ws/install/choirbot_interfaces/share/choirbot_interfaces/cmake/choirbot_interfaces__rosidl_typesupport_cppExport.cmake
[12.981s] -- Installing: /home/user/Documents/NYU/Swarm/Swarm6333/Project/swarm_ws/install/choirbot_interfaces/share/choirbot_interfaces/cmake/choirbot_interfaces__rosidl_typesupport_cppExport-noconfig.cmake
[12.984s] Invoked command in '/home/user/Documents/NYU/Swarm/Swarm6333/Project/swarm_ws/build/choirbot_interfaces' returned '0': CMAKE_PREFIX_PATH=${CMAKE_PREFIX_PATH}:/home/user/Documents/NYU/Swarm/Swarm6333/Project/swarm_ws/install/ros2swarm:/home/user/Documents/NYU/Swarm/Swarm6333/Project/swarm_ws/install/launch_gazebo:/home/user/Documents/NYU/Swarm/Swarm6333/Project/swarm_ws/install/ros2_aruco:/home/user/Documents/NYU/Swarm/Swarm6333/Project/swarm_ws/install/choirbot_examples:/home/user/Documents/NYU/Swarm/Swarm6333/Project/swarm_ws/install/choirbot:/opt/ros/foxy /usr/bin/cmake --install /home/user/Documents/NYU/Swarm/Swarm6333/Project/swarm_ws/build/choirbot_interfaces
