-- Found ament_cmake: 0.9.12 (/opt/ros/foxy/share/ament_cmake/cmake)
-- Found PythonInterp: /home/user/anaconda3/bin/python3 (found suitable version "3.11.5", minimum required is "3") 
-- Using PYTHON_EXECUTABLE: /home/user/anaconda3/bin/python3
-- Override CMake install command with custom implementation using symlinks instead of copying resources
-- Configuring done
-- Generating done
-- Build files have been written to: /home/user/Documents/NYU/Swarm/Swarm6333/Project/swarm_ws/build/geometry_tutorials
-- Install configuration: ""
-- Execute custom install script
-- Symlinking: /home/user/Documents/NYU/Swarm/Swarm6333/Project/swarm_ws/install/geometry_tutorials/share/ament_index/resource_index/package_run_dependencies/geometry_tutorials
-- Symlinking: /home/user/Documents/NYU/Swarm/Swarm6333/Project/swarm_ws/install/geometry_tutorials/share/ament_index/resource_index/parent_prefix_path/geometry_tutorials
-- Symlinking: /home/user/Documents/NYU/Swarm/Swarm6333/Project/swarm_ws/install/geometry_tutorials/share/geometry_tutorials/environment/ament_prefix_path.sh
-- Symlinking: /home/user/Documents/NYU/Swarm/Swarm6333/Project/swarm_ws/install/geometry_tutorials/share/geometry_tutorials/environment/ament_prefix_path.dsv
-- Symlinking: /home/user/Documents/NYU/Swarm/Swarm6333/Project/swarm_ws/install/geometry_tutorials/share/geometry_tutorials/environment/path.sh
-- Symlinking: /home/user/Documents/NYU/Swarm/Swarm6333/Project/swarm_ws/install/geometry_tutorials/share/geometry_tutorials/environment/path.dsv
-- Symlinking: /home/user/Documents/NYU/Swarm/Swarm6333/Project/swarm_ws/install/geometry_tutorials/share/geometry_tutorials/local_setup.bash
-- Symlinking: /home/user/Documents/NYU/Swarm/Swarm6333/Project/swarm_ws/install/geometry_tutorials/share/geometry_tutorials/local_setup.sh
-- Symlinking: /home/user/Documents/NYU/Swarm/Swarm6333/Project/swarm_ws/install/geometry_tutorials/share/geometry_tutorials/local_setup.zsh
-- Symlinking: /home/user/Documents/NYU/Swarm/Swarm6333/Project/swarm_ws/install/geometry_tutorials/share/geometry_tutorials/local_setup.dsv
-- Symlinking: /home/user/Documents/NYU/Swarm/Swarm6333/Project/swarm_ws/install/geometry_tutorials/share/geometry_tutorials/package.dsv
-- Symlinking: /home/user/Documents/NYU/Swarm/Swarm6333/Project/swarm_ws/install/geometry_tutorials/share/ament_index/resource_index/packages/geometry_tutorials
-- Symlinking: /home/user/Documents/NYU/Swarm/Swarm6333/Project/swarm_ws/install/geometry_tutorials/share/geometry_tutorials/cmake/geometry_tutorialsConfig.cmake
-- Symlinking: /home/user/Documents/NYU/Swarm/Swarm6333/Project/swarm_ws/install/geometry_tutorials/share/geometry_tutorials/cmake/geometry_tutorialsConfig-version.cmake
-- Symlinking: /home/user/Documents/NYU/Swarm/Swarm6333/Project/swarm_ws/install/geometry_tutorials/share/geometry_tutorials/package.xml
