[0.294s] Invoking command in '/home/user/Documents/NYU/Swarm/Swarm6333/Project/swarm_ws/build/geometry_tutorials': CMAKE_PREFIX_PATH=/opt/ros/foxy CONDA_PROMPT_MODIFIER=(base) /usr/bin/cmake /home/user/Documents/NYU/Swarm/Swarm6333/Project/swarm_ws/src/geometry_tutorials/geometry_tutorials -DAMENT_CMAKE_SYMLINK_INSTALL=1 -DCMAKE_INSTALL_PREFIX=/home/user/Documents/NYU/Swarm/Swarm6333/Project/swarm_ws/install/geometry_tutorials
[0.844s] -- Found ament_cmake: 0.9.12 (/opt/ros/foxy/share/ament_cmake/cmake)
[0.844s] -- Found PythonInterp: /home/user/anaconda3/bin/python3 (found suitable version "3.11.5", minimum required is "3") 
[0.844s] -- Using PYTHON_EXECUTABLE: /home/user/anaconda3/bin/python3
[0.844s] -- Override CMake install command with custom implementation using symlinks instead of copying resources
[0.844s] -- Configuring done
[0.844s] -- Generating done
[0.844s] -- Build files have been written to: /home/user/Documents/NYU/Swarm/Swarm6333/Project/swarm_ws/build/geometry_tutorials
[0.859s] Invoked command in '/home/user/Documents/NYU/Swarm/Swarm6333/Project/swarm_ws/build/geometry_tutorials' returned '0': CMAKE_PREFIX_PATH=/opt/ros/foxy CONDA_PROMPT_MODIFIER=(base) /usr/bin/cmake /home/user/Documents/NYU/Swarm/Swarm6333/Project/swarm_ws/src/geometry_tutorials/geometry_tutorials -DAMENT_CMAKE_SYMLINK_INSTALL=1 -DCMAKE_INSTALL_PREFIX=/home/user/Documents/NYU/Swarm/Swarm6333/Project/swarm_ws/install/geometry_tutorials
[0.863s] Invoking command in '/home/user/Documents/NYU/Swarm/Swarm6333/Project/swarm_ws/build/geometry_tutorials': CMAKE_PREFIX_PATH=/opt/ros/foxy CONDA_PROMPT_MODIFIER=(base) /usr/bin/cmake --build /home/user/Documents/NYU/Swarm/Swarm6333/Project/swarm_ws/build/geometry_tutorials -- -j8 -l8
[0.930s] Invoked command in '/home/user/Documents/NYU/Swarm/Swarm6333/Project/swarm_ws/build/geometry_tutorials' returned '0': CMAKE_PREFIX_PATH=/opt/ros/foxy CONDA_PROMPT_MODIFIER=(base) /usr/bin/cmake --build /home/user/Documents/NYU/Swarm/Swarm6333/Project/swarm_ws/build/geometry_tutorials -- -j8 -l8
[0.931s] Invoking command in '/home/user/Documents/NYU/Swarm/Swarm6333/Project/swarm_ws/build/geometry_tutorials': CMAKE_PREFIX_PATH=/opt/ros/foxy CONDA_PROMPT_MODIFIER=(base) /usr/bin/cmake --install /home/user/Documents/NYU/Swarm/Swarm6333/Project/swarm_ws/build/geometry_tutorials
[0.962s] -- Install configuration: ""
[0.963s] -- Execute custom install script
[0.963s] -- Symlinking: /home/user/Documents/NYU/Swarm/Swarm6333/Project/swarm_ws/install/geometry_tutorials/share/ament_index/resource_index/package_run_dependencies/geometry_tutorials
[0.976s] -- Symlinking: /home/user/Documents/NYU/Swarm/Swarm6333/Project/swarm_ws/install/geometry_tutorials/share/ament_index/resource_index/parent_prefix_path/geometry_tutorials
[0.993s] -- Symlinking: /home/user/Documents/NYU/Swarm/Swarm6333/Project/swarm_ws/install/geometry_tutorials/share/geometry_tutorials/environment/ament_prefix_path.sh
[1.009s] -- Symlinking: /home/user/Documents/NYU/Swarm/Swarm6333/Project/swarm_ws/install/geometry_tutorials/share/geometry_tutorials/environment/ament_prefix_path.dsv
[1.028s] -- Symlinking: /home/user/Documents/NYU/Swarm/Swarm6333/Project/swarm_ws/install/geometry_tutorials/share/geometry_tutorials/environment/path.sh
[1.037s] -- Symlinking: /home/user/Documents/NYU/Swarm/Swarm6333/Project/swarm_ws/install/geometry_tutorials/share/geometry_tutorials/environment/path.dsv
[1.057s] -- Symlinking: /home/user/Documents/NYU/Swarm/Swarm6333/Project/swarm_ws/install/geometry_tutorials/share/geometry_tutorials/local_setup.bash
[1.072s] -- Symlinking: /home/user/Documents/NYU/Swarm/Swarm6333/Project/swarm_ws/install/geometry_tutorials/share/geometry_tutorials/local_setup.sh
[1.099s] -- Symlinking: /home/user/Documents/NYU/Swarm/Swarm6333/Project/swarm_ws/install/geometry_tutorials/share/geometry_tutorials/local_setup.zsh
[1.117s] -- Symlinking: /home/user/Documents/NYU/Swarm/Swarm6333/Project/swarm_ws/install/geometry_tutorials/share/geometry_tutorials/local_setup.dsv
[1.133s] -- Symlinking: /home/user/Documents/NYU/Swarm/Swarm6333/Project/swarm_ws/install/geometry_tutorials/share/geometry_tutorials/package.dsv
[1.151s] -- Symlinking: /home/user/Documents/NYU/Swarm/Swarm6333/Project/swarm_ws/install/geometry_tutorials/share/ament_index/resource_index/packages/geometry_tutorials
[1.168s] -- Symlinking: /home/user/Documents/NYU/Swarm/Swarm6333/Project/swarm_ws/install/geometry_tutorials/share/geometry_tutorials/cmake/geometry_tutorialsConfig.cmake
[1.182s] -- Symlinking: /home/user/Documents/NYU/Swarm/Swarm6333/Project/swarm_ws/install/geometry_tutorials/share/geometry_tutorials/cmake/geometry_tutorialsConfig-version.cmake
[1.195s] -- Symlinking: /home/user/Documents/NYU/Swarm/Swarm6333/Project/swarm_ws/install/geometry_tutorials/share/geometry_tutorials/package.xml
[1.521s] Invoked command in '/home/user/Documents/NYU/Swarm/Swarm6333/Project/swarm_ws/build/geometry_tutorials' returned '0': CMAKE_PREFIX_PATH=/opt/ros/foxy CONDA_PROMPT_MODIFIER=(base) /usr/bin/cmake --install /home/user/Documents/NYU/Swarm/Swarm6333/Project/swarm_ws/build/geometry_tutorials
