[0.837s] Invoking command in '/home/user/Documents/NYU/Swarm/Swarm6333/Project/swarm_ws/build/choirbot_examples': AMENT_PREFIX_PATH=/home/user/Documents/NYU/Swarm/Swarm6333/Project/swarm_ws/install/choirbot:/home/user/Documents/NYU/Swarm/Swarm6333/Project/swarm_ws/install/choirbot_interfaces:${AMENT_PREFIX_PATH} CMAKE_PREFIX_PATH=/home/user/Documents/NYU/Swarm/Swarm6333/Project/swarm_ws/install/choirbot_interfaces CONDA_PROMPT_MODIFIER=(base) LD_LIBRARY_PATH=/home/user/Documents/NYU/Swarm/Swarm6333/Project/swarm_ws/install/choirbot_interfaces/lib:${LD_LIBRARY_PATH} PYTHONPATH=/home/user/Documents/NYU/Swarm/Swarm6333/Project/swarm_ws/build/choirbot_examples/prefix_override:/usr/lib/python3/dist-packages/colcon_core/task/python/colcon_distutils_commands:/home/user/Documents/NYU/Swarm/Swarm6333/Project/swarm_ws/install/choirbot_examples/lib/python3.8/site-packages:/home/user/Documents/NYU/Swarm/Swarm6333/Project/swarm_ws/build/choirbot:/home/user/Documents/NYU/Swarm/Swarm6333/Project/swarm_ws/install/choirbot/lib/python3.8/site-packages:/home/user/Documents/NYU/Swarm/Swarm6333/Project/swarm_ws/install/choirbot_interfaces/lib/python3.8/site-packages:${PYTHONPATH} /usr/bin/python3 -W ignore:setup.py install is deprecated -W ignore:easy_install command is deprecated setup.py develop --editable --build-directory /home/user/Documents/NYU/Swarm/Swarm6333/Project/swarm_ws/build/choirbot_examples/build --no-deps symlink_data
[1.122s] running develop
[1.280s] running egg_info
[1.280s] writing choirbot_examples.egg-info/PKG-INFO
[1.280s] writing dependency_links to choirbot_examples.egg-info/dependency_links.txt
[1.280s] writing entry points to choirbot_examples.egg-info/entry_points.txt
[1.280s] writing requirements to choirbot_examples.egg-info/requires.txt
[1.281s] writing top-level names to choirbot_examples.egg-info/top_level.txt
[1.312s] reading manifest file 'choirbot_examples.egg-info/SOURCES.txt'
[1.313s] writing manifest file 'choirbot_examples.egg-info/SOURCES.txt'
[1.346s] running build_ext
[1.346s] Creating /home/user/Documents/NYU/Swarm/Swarm6333/Project/swarm_ws/install/choirbot_examples/lib/python3.8/site-packages/choirbot-examples.egg-link (link to .)
[1.347s] Installing choirbot_bearingformationcontrol_guidance script to /home/user/Documents/NYU/Swarm/Swarm6333/Project/swarm_ws/install/choirbot_examples/lib/choirbot_examples
[1.347s] Installing choirbot_bearingformationcontrol_integrator script to /home/user/Documents/NYU/Swarm/Swarm6333/Project/swarm_ws/install/choirbot_examples/lib/choirbot_examples
[1.347s] Installing choirbot_containment_guidance script to /home/user/Documents/NYU/Swarm/Swarm6333/Project/swarm_ws/install/choirbot_examples/lib/choirbot_examples
[1.347s] Installing choirbot_containment_integrator script to /home/user/Documents/NYU/Swarm/Swarm6333/Project/swarm_ws/install/choirbot_examples/lib/choirbot_examples
[1.347s] Installing choirbot_containment_rviz script to /home/user/Documents/NYU/Swarm/Swarm6333/Project/swarm_ws/install/choirbot_examples/lib/choirbot_examples
[1.347s] Installing choirbot_formationcontrol_controller script to /home/user/Documents/NYU/Swarm/Swarm6333/Project/swarm_ws/install/choirbot_examples/lib/choirbot_examples
[1.348s] Installing choirbot_formationcontrol_guidance script to /home/user/Documents/NYU/Swarm/Swarm6333/Project/swarm_ws/install/choirbot_examples/lib/choirbot_examples
[1.348s] Installing choirbot_mpc_guidance script to /home/user/Documents/NYU/Swarm/Swarm6333/Project/swarm_ws/install/choirbot_examples/lib/choirbot_examples
[1.348s] Installing choirbot_mpc_integrator script to /home/user/Documents/NYU/Swarm/Swarm6333/Project/swarm_ws/install/choirbot_examples/lib/choirbot_examples
[1.348s] Installing choirbot_mpc_rviz script to /home/user/Documents/NYU/Swarm/Swarm6333/Project/swarm_ws/install/choirbot_examples/lib/choirbot_examples
[1.348s] Installing choirbot_quadrotorbearingformationcontrol_controller script to /home/user/Documents/NYU/Swarm/Swarm6333/Project/swarm_ws/install/choirbot_examples/lib/choirbot_examples
[1.348s] Installing choirbot_quadrotorbearingformationcontrol_guidance script to /home/user/Documents/NYU/Swarm/Swarm6333/Project/swarm_ws/install/choirbot_examples/lib/choirbot_examples
[1.348s] Installing choirbot_quadrotorbearingformationcontrol_integrator script to /home/user/Documents/NYU/Swarm/Swarm6333/Project/swarm_ws/install/choirbot_examples/lib/choirbot_examples
[1.348s] Installing choirbot_taskassignment_controller script to /home/user/Documents/NYU/Swarm/Swarm6333/Project/swarm_ws/install/choirbot_examples/lib/choirbot_examples
[1.348s] Installing choirbot_taskassignment_guidance script to /home/user/Documents/NYU/Swarm/Swarm6333/Project/swarm_ws/install/choirbot_examples/lib/choirbot_examples
[1.348s] Installing choirbot_taskassignment_planner script to /home/user/Documents/NYU/Swarm/Swarm6333/Project/swarm_ws/install/choirbot_examples/lib/choirbot_examples
[1.349s] Installing choirbot_taskassignment_table script to /home/user/Documents/NYU/Swarm/Swarm6333/Project/swarm_ws/install/choirbot_examples/lib/choirbot_examples
[1.349s] Installing choirbot_turtlebot_spawner script to /home/user/Documents/NYU/Swarm/Swarm6333/Project/swarm_ws/install/choirbot_examples/lib/choirbot_examples
[1.349s] 
[1.349s] Installed /home/user/Documents/NYU/Swarm/Swarm6333/Project/swarm_ws/build/choirbot_examples
[1.349s] running symlink_data
[1.383s] Invoked command in '/home/user/Documents/NYU/Swarm/Swarm6333/Project/swarm_ws/build/choirbot_examples' returned '0': AMENT_PREFIX_PATH=/home/user/Documents/NYU/Swarm/Swarm6333/Project/swarm_ws/install/choirbot:/home/user/Documents/NYU/Swarm/Swarm6333/Project/swarm_ws/install/choirbot_interfaces:${AMENT_PREFIX_PATH} CMAKE_PREFIX_PATH=/home/user/Documents/NYU/Swarm/Swarm6333/Project/swarm_ws/install/choirbot_interfaces CONDA_PROMPT_MODIFIER=(base) LD_LIBRARY_PATH=/home/user/Documents/NYU/Swarm/Swarm6333/Project/swarm_ws/install/choirbot_interfaces/lib:${LD_LIBRARY_PATH} PYTHONPATH=/home/user/Documents/NYU/Swarm/Swarm6333/Project/swarm_ws/build/choirbot_examples/prefix_override:/usr/lib/python3/dist-packages/colcon_core/task/python/colcon_distutils_commands:/home/user/Documents/NYU/Swarm/Swarm6333/Project/swarm_ws/install/choirbot_examples/lib/python3.8/site-packages:/home/user/Documents/NYU/Swarm/Swarm6333/Project/swarm_ws/build/choirbot:/home/user/Documents/NYU/Swarm/Swarm6333/Project/swarm_ws/install/choirbot/lib/python3.8/site-packages:/home/user/Documents/NYU/Swarm/Swarm6333/Project/swarm_ws/install/choirbot_interfaces/lib/python3.8/site-packages:${PYTHONPATH} /usr/bin/python3 -W ignore:setup.py install is deprecated -W ignore:easy_install command is deprecated setup.py develop --editable --build-directory /home/user/Documents/NYU/Swarm/Swarm6333/Project/swarm_ws/build/choirbot_examples/build --no-deps symlink_data
