[1.942s] Invoking command in '/home/user/Documents/NYU/Swarm/Swarm6333/Project/swarm_ws/build/choirbot_io': CONDA_PROMPT_MODIFIER=(base) PYTHONPATH=/home/user/Documents/NYU/Swarm/Swarm6333/Project/swarm_ws/build/choirbot_io/prefix_override:/usr/lib/python3/dist-packages/colcon_core/task/python/colcon_distutils_commands:/home/user/Documents/NYU/Swarm/Swarm6333/Project/swarm_ws/install/choirbot_io/lib/python3.8/site-packages:${PYTHONPATH} /usr/bin/python3 -W ignore:setup.py install is deprecated -W ignore:easy_install command is deprecated setup.py develop --editable --build-directory /home/user/Documents/NYU/Swarm/Swarm6333/Project/swarm_ws/build/choirbot_io/build --no-deps symlink_data
[2.304s] running develop
[2.492s] running egg_info
[2.492s] creating choirbot_io.egg-info
[2.493s] writing choirbot_io.egg-info/PKG-INFO
[2.493s] writing dependency_links to choirbot_io.egg-info/dependency_links.txt
[2.493s] writing entry points to choirbot_io.egg-info/entry_points.txt
[2.493s] writing requirements to choirbot_io.egg-info/requires.txt
[2.493s] writing top-level names to choirbot_io.egg-info/top_level.txt
[2.494s] writing manifest file 'choirbot_io.egg-info/SOURCES.txt'
[2.524s] reading manifest file 'choirbot_io.egg-info/SOURCES.txt'
[2.528s] writing manifest file 'choirbot_io.egg-info/SOURCES.txt'
[2.557s] running build_ext
[2.557s] Creating /home/user/Documents/NYU/Swarm/Swarm6333/Project/swarm_ws/install/choirbot_io/lib/python3.8/site-packages/site.py
[2.561s] Creating /home/user/Documents/NYU/Swarm/Swarm6333/Project/swarm_ws/install/choirbot_io/lib/python3.8/site-packages/choirbot-io.egg-link (link to .)
[2.562s] Installing aruco_detector script to /home/user/Documents/NYU/Swarm/Swarm6333/Project/swarm_ws/install/choirbot_io/lib/choirbot_io
[2.562s] Installing ble_bridge script to /home/user/Documents/NYU/Swarm/Swarm6333/Project/swarm_ws/install/choirbot_io/lib/choirbot_io
[2.562s] Installing goal_gui script to /home/user/Documents/NYU/Swarm/Swarm6333/Project/swarm_ws/install/choirbot_io/lib/choirbot_io
[2.563s] 
[2.563s] Installed /home/user/Documents/NYU/Swarm/Swarm6333/Project/swarm_ws/build/choirbot_io
[2.563s] running symlink_data
[2.563s] creating /home/user/Documents/NYU/Swarm/Swarm6333/Project/swarm_ws/install/choirbot_io/share/ament_index
[2.564s] creating /home/user/Documents/NYU/Swarm/Swarm6333/Project/swarm_ws/install/choirbot_io/share/ament_index/resource_index
[2.564s] creating /home/user/Documents/NYU/Swarm/Swarm6333/Project/swarm_ws/install/choirbot_io/share/ament_index/resource_index/packages
[2.564s] symbolically linking /home/user/Documents/NYU/Swarm/Swarm6333/Project/swarm_ws/build/choirbot_io/resource/choirbot_io -> /home/user/Documents/NYU/Swarm/Swarm6333/Project/swarm_ws/install/choirbot_io/share/ament_index/resource_index/packages
[2.564s] symbolically linking /home/user/Documents/NYU/Swarm/Swarm6333/Project/swarm_ws/build/choirbot_io/package.xml -> /home/user/Documents/NYU/Swarm/Swarm6333/Project/swarm_ws/install/choirbot_io/share/choirbot_io
[2.591s] Invoked command in '/home/user/Documents/NYU/Swarm/Swarm6333/Project/swarm_ws/build/choirbot_io' returned '0': CONDA_PROMPT_MODIFIER=(base) PYTHONPATH=/home/user/Documents/NYU/Swarm/Swarm6333/Project/swarm_ws/build/choirbot_io/prefix_override:/usr/lib/python3/dist-packages/colcon_core/task/python/colcon_distutils_commands:/home/user/Documents/NYU/Swarm/Swarm6333/Project/swarm_ws/install/choirbot_io/lib/python3.8/site-packages:${PYTHONPATH} /usr/bin/python3 -W ignore:setup.py install is deprecated -W ignore:easy_install command is deprecated setup.py develop --editable --build-directory /home/user/Documents/NYU/Swarm/Swarm6333/Project/swarm_ws/build/choirbot_io/build --no-deps symlink_data
