[0.072s] Invoking command in '/home/user/Documents/NYU/Swarm/Swarm6333/Project/swarm_ws/build/aruco_opencv': AMENT_PREFIX_PATH=/home/user/Documents/NYU/Swarm/Swarm6333/Project/swarm_ws/install/aruco_opencv_msgs:${AMENT_PREFIX_PATH} CMAKE_PREFIX_PATH=/home/user/Documents/NYU/Swarm/Swarm6333/Project/swarm_ws/install/aruco_opencv_msgs:/opt/ros/foxy CONDA_PROMPT_MODIFIER=(base) LD_LIBRARY_PATH=/home/user/Documents/NYU/Swarm/Swarm6333/Project/swarm_ws/install/aruco_opencv_msgs/lib:${LD_LIBRARY_PATH} PYTHONPATH=/home/user/Documents/NYU/Swarm/Swarm6333/Project/swarm_ws/install/aruco_opencv_msgs/lib/python3.8/site-packages:${PYTHONPATH} /usr/bin/cmake --build /home/user/Documents/NYU/Swarm/Swarm6333/Project/swarm_ws/build/aruco_opencv -- -j8 -l8
[0.144s] -- Found ament_cmake: 0.9.12 (/opt/ros/foxy/share/ament_cmake/cmake)
[0.188s] -- Using PYTHON_EXECUTABLE: /usr/bin/python3
[0.476s] -- Override CMake install command with custom implementation using symlinks instead of copying resources
[0.492s] -- Found rclcpp: 2.4.3 (/opt/ros/foxy/share/rclcpp/cmake)
[0.580s] -- Using all available rosidl_typesupport_c: rosidl_typesupport_fastrtps_c;rosidl_typesupport_introspection_c
[0.580s] -- Found rosidl_adapter: 1.3.1 (/opt/ros/foxy/share/rosidl_adapter/cmake)
[0.845s] -- Using all available rosidl_typesupport_cpp: rosidl_typesupport_fastrtps_cpp;rosidl_typesupport_introspection_cpp
[0.930s] -- Found rmw_implementation_cmake: 1.0.4 (/opt/ros/foxy/share/rmw_implementation_cmake/cmake)
[0.934s] -- Using RMW implementation 'rmw_fastrtps_cpp' as default
[1.101s] -- Found rclcpp_components: 2.4.3 (/opt/ros/foxy/share/rclcpp_components/cmake)
[1.191s] -- Found rclcpp_lifecycle: 2.4.3 (/opt/ros/foxy/share/rclcpp_lifecycle/cmake)
[1.238s] -- Found aruco_opencv_msgs: 1.1.1 (/home/user/Documents/NYU/Swarm/Swarm6333/Project/swarm_ws/install/aruco_opencv_msgs/share/aruco_opencv_msgs/cmake)
[1.375s] -- Found cv_bridge: 3.0.7 (/opt/ros/foxy/share/cv_bridge/cmake)
[1.501s] CMake Error at CMakeLists.txt:10 (find_package):
[1.501s]   By not providing "Findtf2_ros.cmake" in CMAKE_MODULE_PATH this project has
[1.501s]   asked CMake to find a package configuration file provided by "tf2_ros", but
[1.502s]   CMake did not find one.
[1.502s] 
[1.502s]   Could not find a package configuration file provided by "tf2_ros" with any
[1.502s]   of the following names:
[1.502s] 
[1.502s]     tf2_rosConfig.cmake
[1.502s]     tf2_ros-config.cmake
[1.502s] 
[1.502s]   Add the installation prefix of "tf2_ros" to CMAKE_PREFIX_PATH or set
[1.502s]   "tf2_ros_DIR" to a directory containing one of the above files.  If
[1.502s]   "tf2_ros" provides a separate development package or SDK, be sure it has
[1.502s]   been installed.
[1.502s] 
[1.503s] 
[1.503s] -- Configuring incomplete, errors occurred!
[1.504s] See also "/home/user/Documents/NYU/Swarm/Swarm6333/Project/swarm_ws/build/aruco_opencv/CMakeFiles/CMakeOutput.log".
[1.504s] See also "/home/user/Documents/NYU/Swarm/Swarm6333/Project/swarm_ws/build/aruco_opencv/CMakeFiles/CMakeError.log".
[1.514s] make: *** [Makefile:384: cmake_check_build_system] Error 1
[1.516s] Invoked command in '/home/user/Documents/NYU/Swarm/Swarm6333/Project/swarm_ws/build/aruco_opencv' returned '2': AMENT_PREFIX_PATH=/home/user/Documents/NYU/Swarm/Swarm6333/Project/swarm_ws/install/aruco_opencv_msgs:${AMENT_PREFIX_PATH} CMAKE_PREFIX_PATH=/home/user/Documents/NYU/Swarm/Swarm6333/Project/swarm_ws/install/aruco_opencv_msgs:/opt/ros/foxy CONDA_PROMPT_MODIFIER=(base) LD_LIBRARY_PATH=/home/user/Documents/NYU/Swarm/Swarm6333/Project/swarm_ws/install/aruco_opencv_msgs/lib:${LD_LIBRARY_PATH} PYTHONPATH=/home/user/Documents/NYU/Swarm/Swarm6333/Project/swarm_ws/install/aruco_opencv_msgs/lib/python3.8/site-packages:${PYTHONPATH} /usr/bin/cmake --build /home/user/Documents/NYU/Swarm/Swarm6333/Project/swarm_ws/build/aruco_opencv -- -j8 -l8
