[0.695s] Invoking command in '/home/user/Documents/NYU/Swarm/Swarm6333/Project/swarm_ws/build/ros2_aruco_interfaces': CMAKE_PREFIX_PATH=/opt/ros/foxy CONDA_PROMPT_MODIFIER=(base) /usr/bin/cmake --build /home/user/Documents/NYU/Swarm/Swarm6333/Project/swarm_ws/build/ros2_aruco_interfaces -- -j8 -l8
[0.917s] [  3%] Built target ros2_aruco_interfaces__cpp
[0.917s] [ 12%] Built target ros2_aruco_interfaces__rosidl_generator_c
[0.917s] [ 22%] Built target ros2_aruco_interfaces__rosidl_typesupport_introspection_cpp
[0.917s] [ 32%] Built target ros2_aruco_interfaces__rosidl_typesupport_c
[0.917s] [ 41%] Built target ros2_aruco_interfaces__rosidl_typesupport_cpp
[0.917s] [ 51%] Built target ros2_aruco_interfaces__rosidl_typesupport_fastrtps_cpp
[0.917s] [ 61%] Built target ros2_aruco_interfaces__rosidl_typesupport_introspection_c
[0.917s] [ 70%] Built target ros2_aruco_interfaces__rosidl_typesupport_fastrtps_c
[0.917s] [ 70%] Built target ros2_aruco_interfaces
[0.917s] [ 74%] Built target ros2_aruco_interfaces__py
[0.917s] [ 80%] Built target ros2_aruco_interfaces__python
[0.917s] [100%] Built target ros2_aruco_interfaces__rosidl_typesupport_c__pyext
[0.917s] [100%] Built target ros2_aruco_interfaces__rosidl_typesupport_fastrtps_c__pyext
[0.917s] [100%] Built target ros2_aruco_interfaces__rosidl_typesupport_introspection_c__pyext
[0.939s] Invoked command in '/home/user/Documents/NYU/Swarm/Swarm6333/Project/swarm_ws/build/ros2_aruco_interfaces' returned '0': CMAKE_PREFIX_PATH=/opt/ros/foxy CONDA_PROMPT_MODIFIER=(base) /usr/bin/cmake --build /home/user/Documents/NYU/Swarm/Swarm6333/Project/swarm_ws/build/ros2_aruco_interfaces -- -j8 -l8
[0.943s] Invoking command in '/home/user/Documents/NYU/Swarm/Swarm6333/Project/swarm_ws/build/ros2_aruco_interfaces': CMAKE_PREFIX_PATH=/opt/ros/foxy CONDA_PROMPT_MODIFIER=(base) /usr/bin/cmake --install /home/user/Documents/NYU/Swarm/Swarm6333/Project/swarm_ws/build/ros2_aruco_interfaces
[0.983s] -- Install configuration: ""
[0.984s] -- Execute custom install script
[0.984s] -- Up-to-date symlink: /home/user/Documents/NYU/Swarm/Swarm6333/Project/swarm_ws/install/ros2_aruco_interfaces/share/ament_index/resource_index/rosidl_interfaces/ros2_aruco_interfaces
[0.984s] -- Up-to-date symlink: /home/user/Documents/NYU/Swarm/Swarm6333/Project/swarm_ws/install/ros2_aruco_interfaces/include/ros2_aruco_interfaces/msg/aruco_markers.h
[0.984s] -- Up-to-date symlink: /home/user/Documents/NYU/Swarm/Swarm6333/Project/swarm_ws/install/ros2_aruco_interfaces/include/ros2_aruco_interfaces/msg/detail/aruco_markers__functions.h
[0.984s] -- Up-to-date symlink: /home/user/Documents/NYU/Swarm/Swarm6333/Project/swarm_ws/install/ros2_aruco_interfaces/include/ros2_aruco_interfaces/msg/detail/aruco_markers__struct.h
[0.984s] -- Up-to-date symlink: /home/user/Documents/NYU/Swarm/Swarm6333/Project/swarm_ws/install/ros2_aruco_interfaces/include/ros2_aruco_interfaces/msg/detail/aruco_markers__type_support.h
[0.984s] -- Up-to-date symlink: /home/user/Documents/NYU/Swarm/Swarm6333/Project/swarm_ws/install/ros2_aruco_interfaces/include/ros2_aruco_interfaces/msg/rosidl_generator_c__visibility_control.h
[0.984s] -- Up-to-date symlink: /home/user/Documents/NYU/Swarm/Swarm6333/Project/swarm_ws/install/ros2_aruco_interfaces/share/ros2_aruco_interfaces/environment/library_path.sh
[0.984s] -- Up-to-date symlink: /home/user/Documents/NYU/Swarm/Swarm6333/Project/swarm_ws/install/ros2_aruco_interfaces/share/ros2_aruco_interfaces/environment/library_path.dsv
[0.984s] -- Up-to-date symlink: /home/user/Documents/NYU/Swarm/Swarm6333/Project/swarm_ws/install/ros2_aruco_interfaces/include/ros2_aruco_interfaces/msg/detail/aruco_markers__rosidl_typesupport_fastrtps_c.h
[0.984s] -- Up-to-date symlink: /home/user/Documents/NYU/Swarm/Swarm6333/Project/swarm_ws/install/ros2_aruco_interfaces/include/ros2_aruco_interfaces/msg/rosidl_typesupport_fastrtps_c__visibility_control.h
[0.985s] -- Up-to-date symlink: /home/user/Documents/NYU/Swarm/Swarm6333/Project/swarm_ws/install/ros2_aruco_interfaces/lib/libros2_aruco_interfaces__rosidl_typesupport_fastrtps_c.so
[0.985s] -- Up-to-date symlink: /home/user/Documents/NYU/Swarm/Swarm6333/Project/swarm_ws/install/ros2_aruco_interfaces/include/ros2_aruco_interfaces/msg/detail/aruco_markers__rosidl_typesupport_fastrtps_cpp.hpp
[0.985s] -- Up-to-date symlink: /home/user/Documents/NYU/Swarm/Swarm6333/Project/swarm_ws/install/ros2_aruco_interfaces/include/ros2_aruco_interfaces/msg/rosidl_typesupport_fastrtps_cpp__visibility_control.h
[0.985s] -- Up-to-date symlink: /home/user/Documents/NYU/Swarm/Swarm6333/Project/swarm_ws/install/ros2_aruco_interfaces/lib/libros2_aruco_interfaces__rosidl_typesupport_fastrtps_cpp.so
[0.985s] -- Up-to-date symlink: /home/user/Documents/NYU/Swarm/Swarm6333/Project/swarm_ws/install/ros2_aruco_interfaces/include/ros2_aruco_interfaces/msg/detail/aruco_markers__rosidl_typesupport_introspection_c.h
[0.985s] -- Up-to-date symlink: /home/user/Documents/NYU/Swarm/Swarm6333/Project/swarm_ws/install/ros2_aruco_interfaces/include/ros2_aruco_interfaces/msg/rosidl_typesupport_introspection_c__visibility_control.h
[0.985s] -- Up-to-date symlink: /home/user/Documents/NYU/Swarm/Swarm6333/Project/swarm_ws/install/ros2_aruco_interfaces/include/ros2_aruco_interfaces/msg/aruco_markers.hpp
[0.985s] -- Up-to-date symlink: /home/user/Documents/NYU/Swarm/Swarm6333/Project/swarm_ws/install/ros2_aruco_interfaces/include/ros2_aruco_interfaces/msg/detail/aruco_markers__builder.hpp
[0.985s] -- Up-to-date symlink: /home/user/Documents/NYU/Swarm/Swarm6333/Project/swarm_ws/install/ros2_aruco_interfaces/include/ros2_aruco_interfaces/msg/detail/aruco_markers__struct.hpp
[0.986s] -- Up-to-date symlink: /home/user/Documents/NYU/Swarm/Swarm6333/Project/swarm_ws/install/ros2_aruco_interfaces/include/ros2_aruco_interfaces/msg/detail/aruco_markers__traits.hpp
[0.986s] -- Up-to-date symlink: /home/user/Documents/NYU/Swarm/Swarm6333/Project/swarm_ws/install/ros2_aruco_interfaces/include/ros2_aruco_interfaces/msg/detail/aruco_markers__type_support.hpp
[0.986s] -- Up-to-date symlink: /home/user/Documents/NYU/Swarm/Swarm6333/Project/swarm_ws/install/ros2_aruco_interfaces/include/ros2_aruco_interfaces/msg/rosidl_generator_cpp__visibility_control.hpp
[0.986s] -- Up-to-date symlink: /home/user/Documents/NYU/Swarm/Swarm6333/Project/swarm_ws/install/ros2_aruco_interfaces/include/ros2_aruco_interfaces/msg/detail/aruco_markers__rosidl_typesupport_introspection_cpp.hpp
[0.986s] -- Up-to-date symlink: /home/user/Documents/NYU/Swarm/Swarm6333/Project/swarm_ws/install/ros2_aruco_interfaces/share/ros2_aruco_interfaces/environment/pythonpath.sh
[0.986s] -- Up-to-date symlink: /home/user/Documents/NYU/Swarm/Swarm6333/Project/swarm_ws/install/ros2_aruco_interfaces/share/ros2_aruco_interfaces/environment/pythonpath.dsv
[0.986s] -- Up-to-date symlink: /home/user/Documents/NYU/Swarm/Swarm6333/Project/swarm_ws/install/ros2_aruco_interfaces/lib/python3.8/site-packages/ros2_aruco_interfaces/__init__.py
[0.988s] -- Up-to-date symlink: /home/user/Documents/NYU/Swarm/Swarm6333/Project/swarm_ws/install/ros2_aruco_interfaces/lib/python3.8/site-packages/ros2_aruco_interfaces/msg/__init__.py
[0.988s] -- Up-to-date symlink: /home/user/Documents/NYU/Swarm/Swarm6333/Project/swarm_ws/install/ros2_aruco_interfaces/lib/python3.8/site-packages/ros2_aruco_interfaces/msg/_aruco_markers.py
[0.988s] -- Up-to-date symlink: /home/user/Documents/NYU/Swarm/Swarm6333/Project/swarm_ws/install/ros2_aruco_interfaces/lib/python3.8/site-packages/ros2_aruco_interfaces/ros2_aruco_interfaces_s__rosidl_typesupport_fastrtps_c.cpython-38-x86_64-linux-gnu.so
[0.989s] -- Up-to-date symlink: /home/user/Documents/NYU/Swarm/Swarm6333/Project/swarm_ws/install/ros2_aruco_interfaces/lib/python3.8/site-packages/ros2_aruco_interfaces/ros2_aruco_interfaces_s__rosidl_typesupport_introspection_c.cpython-38-x86_64-linux-gnu.so
[0.990s] -- Up-to-date symlink: /home/user/Documents/NYU/Swarm/Swarm6333/Project/swarm_ws/install/ros2_aruco_interfaces/lib/python3.8/site-packages/ros2_aruco_interfaces/ros2_aruco_interfaces_s__rosidl_typesupport_c.cpython-38-x86_64-linux-gnu.so
[0.990s] -- Up-to-date symlink: /home/user/Documents/NYU/Swarm/Swarm6333/Project/swarm_ws/install/ros2_aruco_interfaces/lib/libros2_aruco_interfaces__python.so
[0.991s] -- Up-to-date symlink: /home/user/Documents/NYU/Swarm/Swarm6333/Project/swarm_ws/install/ros2_aruco_interfaces/share/ros2_aruco_interfaces/msg/ArucoMarkers.idl
[0.991s] -- Up-to-date symlink: /home/user/Documents/NYU/Swarm/Swarm6333/Project/swarm_ws/install/ros2_aruco_interfaces/share/ros2_aruco_interfaces/msg/ArucoMarkers.msg
[0.996s] -- Up-to-date symlink: /home/user/Documents/NYU/Swarm/Swarm6333/Project/swarm_ws/install/ros2_aruco_interfaces/share/ament_index/resource_index/package_run_dependencies/ros2_aruco_interfaces
[0.996s] -- Up-to-date symlink: /home/user/Documents/NYU/Swarm/Swarm6333/Project/swarm_ws/install/ros2_aruco_interfaces/share/ament_index/resource_index/parent_prefix_path/ros2_aruco_interfaces
[0.996s] -- Up-to-date symlink: /home/user/Documents/NYU/Swarm/Swarm6333/Project/swarm_ws/install/ros2_aruco_interfaces/share/ros2_aruco_interfaces/environment/ament_prefix_path.sh
[0.996s] -- Up-to-date symlink: /home/user/Documents/NYU/Swarm/Swarm6333/Project/swarm_ws/install/ros2_aruco_interfaces/share/ros2_aruco_interfaces/environment/ament_prefix_path.dsv
[0.996s] -- Up-to-date symlink: /home/user/Documents/NYU/Swarm/Swarm6333/Project/swarm_ws/install/ros2_aruco_interfaces/share/ros2_aruco_interfaces/environment/path.sh
[0.997s] -- Up-to-date symlink: /home/user/Documents/NYU/Swarm/Swarm6333/Project/swarm_ws/install/ros2_aruco_interfaces/share/ros2_aruco_interfaces/environment/path.dsv
[0.999s] -- Up-to-date symlink: /home/user/Documents/NYU/Swarm/Swarm6333/Project/swarm_ws/install/ros2_aruco_interfaces/share/ros2_aruco_interfaces/local_setup.bash
[1.000s] -- Up-to-date symlink: /home/user/Documents/NYU/Swarm/Swarm6333/Project/swarm_ws/install/ros2_aruco_interfaces/share/ros2_aruco_interfaces/local_setup.sh
[1.000s] -- Up-to-date symlink: /home/user/Documents/NYU/Swarm/Swarm6333/Project/swarm_ws/install/ros2_aruco_interfaces/share/ros2_aruco_interfaces/local_setup.zsh
[1.001s] -- Up-to-date symlink: /home/user/Documents/NYU/Swarm/Swarm6333/Project/swarm_ws/install/ros2_aruco_interfaces/share/ros2_aruco_interfaces/local_setup.dsv
[1.001s] -- Symlinking: /home/user/Documents/NYU/Swarm/Swarm6333/Project/swarm_ws/install/ros2_aruco_interfaces/share/ros2_aruco_interfaces/package.dsv
[1.005s] -- Up-to-date symlink: /home/user/Documents/NYU/Swarm/Swarm6333/Project/swarm_ws/install/ros2_aruco_interfaces/share/ament_index/resource_index/packages/ros2_aruco_interfaces
[1.006s] -- Up-to-date symlink: /home/user/Documents/NYU/Swarm/Swarm6333/Project/swarm_ws/install/ros2_aruco_interfaces/share/ros2_aruco_interfaces/cmake/rosidl_cmake-extras.cmake
[1.006s] -- Up-to-date symlink: /home/user/Documents/NYU/Swarm/Swarm6333/Project/swarm_ws/install/ros2_aruco_interfaces/share/ros2_aruco_interfaces/cmake/ament_cmake_export_dependencies-extras.cmake
[1.006s] -- Up-to-date symlink: /home/user/Documents/NYU/Swarm/Swarm6333/Project/swarm_ws/install/ros2_aruco_interfaces/share/ros2_aruco_interfaces/cmake/ament_cmake_export_libraries-extras.cmake
[1.006s] -- Up-to-date symlink: /home/user/Documents/NYU/Swarm/Swarm6333/Project/swarm_ws/install/ros2_aruco_interfaces/share/ros2_aruco_interfaces/cmake/ament_cmake_export_targets-extras.cmake
[1.006s] -- Up-to-date symlink: /home/user/Documents/NYU/Swarm/Swarm6333/Project/swarm_ws/install/ros2_aruco_interfaces/share/ros2_aruco_interfaces/cmake/ament_cmake_export_include_directories-extras.cmake
[1.006s] -- Up-to-date symlink: /home/user/Documents/NYU/Swarm/Swarm6333/Project/swarm_ws/install/ros2_aruco_interfaces/share/ros2_aruco_interfaces/cmake/rosidl_cmake_export_typesupport_libraries-extras.cmake
[1.007s] -- Up-to-date symlink: /home/user/Documents/NYU/Swarm/Swarm6333/Project/swarm_ws/install/ros2_aruco_interfaces/share/ros2_aruco_interfaces/cmake/rosidl_cmake_export_typesupport_targets-extras.cmake
[1.007s] -- Up-to-date symlink: /home/user/Documents/NYU/Swarm/Swarm6333/Project/swarm_ws/install/ros2_aruco_interfaces/share/ros2_aruco_interfaces/cmake/ros2_aruco_interfacesConfig.cmake
[1.007s] -- Up-to-date symlink: /home/user/Documents/NYU/Swarm/Swarm6333/Project/swarm_ws/install/ros2_aruco_interfaces/share/ros2_aruco_interfaces/cmake/ros2_aruco_interfacesConfig-version.cmake
[1.007s] -- Up-to-date symlink: /home/user/Documents/NYU/Swarm/Swarm6333/Project/swarm_ws/install/ros2_aruco_interfaces/share/ros2_aruco_interfaces/package.xml
[1.007s] -- Up-to-date: /home/user/Documents/NYU/Swarm/Swarm6333/Project/swarm_ws/install/ros2_aruco_interfaces/lib/libros2_aruco_interfaces__rosidl_generator_c.so
[1.008s] -- Up-to-date: /home/user/Documents/NYU/Swarm/Swarm6333/Project/swarm_ws/install/ros2_aruco_interfaces/lib/libros2_aruco_interfaces__rosidl_typesupport_introspection_c.so
[1.008s] -- Up-to-date: /home/user/Documents/NYU/Swarm/Swarm6333/Project/swarm_ws/install/ros2_aruco_interfaces/lib/libros2_aruco_interfaces__rosidl_typesupport_c.so
[1.009s] -- Up-to-date: /home/user/Documents/NYU/Swarm/Swarm6333/Project/swarm_ws/install/ros2_aruco_interfaces/lib/libros2_aruco_interfaces__rosidl_typesupport_introspection_cpp.so
[1.010s] -- Up-to-date: /home/user/Documents/NYU/Swarm/Swarm6333/Project/swarm_ws/install/ros2_aruco_interfaces/lib/libros2_aruco_interfaces__rosidl_typesupport_cpp.so
[1.056s] -- Up-to-date: /home/user/Documents/NYU/Swarm/Swarm6333/Project/swarm_ws/install/ros2_aruco_interfaces/share/ros2_aruco_interfaces/cmake/ros2_aruco_interfaces__rosidl_generator_cExport.cmake
[1.056s] -- Up-to-date: /home/user/Documents/NYU/Swarm/Swarm6333/Project/swarm_ws/install/ros2_aruco_interfaces/share/ros2_aruco_interfaces/cmake/ros2_aruco_interfaces__rosidl_generator_cExport-noconfig.cmake
[1.056s] -- Up-to-date: /home/user/Documents/NYU/Swarm/Swarm6333/Project/swarm_ws/install/ros2_aruco_interfaces/share/ros2_aruco_interfaces/cmake/ros2_aruco_interfaces__rosidl_typesupport_introspection_cExport.cmake
[1.057s] -- Up-to-date: /home/user/Documents/NYU/Swarm/Swarm6333/Project/swarm_ws/install/ros2_aruco_interfaces/share/ros2_aruco_interfaces/cmake/ros2_aruco_interfaces__rosidl_typesupport_introspection_cExport-noconfig.cmake
[1.057s] -- Up-to-date: /home/user/Documents/NYU/Swarm/Swarm6333/Project/swarm_ws/install/ros2_aruco_interfaces/share/ros2_aruco_interfaces/cmake/ros2_aruco_interfaces__rosidl_typesupport_cExport.cmake
[1.057s] -- Up-to-date: /home/user/Documents/NYU/Swarm/Swarm6333/Project/swarm_ws/install/ros2_aruco_interfaces/share/ros2_aruco_interfaces/cmake/ros2_aruco_interfaces__rosidl_typesupport_cExport-noconfig.cmake
[1.057s] -- Up-to-date: /home/user/Documents/NYU/Swarm/Swarm6333/Project/swarm_ws/install/ros2_aruco_interfaces/share/ros2_aruco_interfaces/cmake/ros2_aruco_interfaces__rosidl_generator_cppExport.cmake
[1.058s] -- Up-to-date: /home/user/Documents/NYU/Swarm/Swarm6333/Project/swarm_ws/install/ros2_aruco_interfaces/share/ros2_aruco_interfaces/cmake/ros2_aruco_interfaces__rosidl_typesupport_introspection_cppExport.cmake
[1.058s] -- Up-to-date: /home/user/Documents/NYU/Swarm/Swarm6333/Project/swarm_ws/install/ros2_aruco_interfaces/share/ros2_aruco_interfaces/cmake/ros2_aruco_interfaces__rosidl_typesupport_introspection_cppExport-noconfig.cmake
[1.059s] -- Up-to-date: /home/user/Documents/NYU/Swarm/Swarm6333/Project/swarm_ws/install/ros2_aruco_interfaces/share/ros2_aruco_interfaces/cmake/ros2_aruco_interfaces__rosidl_typesupport_cppExport.cmake
[1.059s] -- Up-to-date: /home/user/Documents/NYU/Swarm/Swarm6333/Project/swarm_ws/install/ros2_aruco_interfaces/share/ros2_aruco_interfaces/cmake/ros2_aruco_interfaces__rosidl_typesupport_cppExport-noconfig.cmake
[1.094s] Invoked command in '/home/user/Documents/NYU/Swarm/Swarm6333/Project/swarm_ws/build/ros2_aruco_interfaces' returned '0': CMAKE_PREFIX_PATH=/opt/ros/foxy CONDA_PROMPT_MODIFIER=(base) /usr/bin/cmake --install /home/user/Documents/NYU/Swarm/Swarm6333/Project/swarm_ws/build/ros2_aruco_interfaces
