running develop
running egg_info
creating ros2swarm.egg-info
writing ros2swarm.egg-info/PKG-INFO
writing dependency_links to ros2swarm.egg-info/dependency_links.txt
writing entry points to ros2swarm.egg-info/entry_points.txt
writing requirements to ros2swarm.egg-info/requires.txt
writing top-level names to ros2swarm.egg-info/top_level.txt
writing manifest file 'ros2swarm.egg-info/SOURCES.txt'
reading manifest file 'ros2swarm.egg-info/SOURCES.txt'
writing manifest file 'ros2swarm.egg-info/SOURCES.txt'
running build_ext
Creating /home/user/Documents/NYU/Swarm/Swarm6333/Project/swarm_ws/install/ros2swarm/lib/python3.8/site-packages/site.py
Creating /home/user/Documents/NYU/Swarm/Swarm6333/Project/swarm_ws/install/ros2swarm/lib/python3.8/site-packages/ros2swarm.egg-link (link to .)
Installing aggregation_pattern script to /home/user/Documents/NYU/Swarm/Swarm6333/Project/swarm_ws/install/ros2swarm/lib/ros2swarm
Installing attraction_pattern script to /home/user/Documents/NYU/Swarm/Swarm6333/Project/swarm_ws/install/ros2swarm/lib/ros2swarm
Installing attraction_pattern2 script to /home/user/Documents/NYU/Swarm/Swarm6333/Project/swarm_ws/install/ros2swarm/lib/ros2swarm
Installing discussed_dispersion_pattern script to /home/user/Documents/NYU/Swarm/Swarm6333/Project/swarm_ws/install/ros2swarm/lib/ros2swarm
Installing dispersion_pattern script to /home/user/Documents/NYU/Swarm/Swarm6333/Project/swarm_ws/install/ros2swarm/lib/ros2swarm
Installing drive_pattern script to /home/user/Documents/NYU/Swarm/Swarm6333/Project/swarm_ws/install/ros2swarm/lib/ros2swarm
Installing hardware_protection_layer script to /home/user/Documents/NYU/Swarm/Swarm6333/Project/swarm_ws/install/ros2swarm/lib/ros2swarm
Installing items_master_node script to /home/user/Documents/NYU/Swarm/Swarm6333/Project/swarm_ws/install/ros2swarm/lib/ros2swarm
Installing magnetometer_pattern script to /home/user/Documents/NYU/Swarm/Swarm6333/Project/swarm_ws/install/ros2swarm/lib/ros2swarm
Installing majority_rule_pattern script to /home/user/Documents/NYU/Swarm/Swarm6333/Project/swarm_ws/install/ros2swarm/lib/ros2swarm
Installing minimalist_flocking_pattern script to /home/user/Documents/NYU/Swarm/Swarm6333/Project/swarm_ws/install/ros2swarm/lib/ros2swarm
Installing move_to_target_pattern script to /home/user/Documents/NYU/Swarm/Swarm6333/Project/swarm_ws/install/ros2swarm/lib/ros2swarm
Installing random_walk_pattern script to /home/user/Documents/NYU/Swarm/Swarm6333/Project/swarm_ws/install/ros2swarm/lib/ros2swarm
Installing rat_search_pattern script to /home/user/Documents/NYU/Swarm/Swarm6333/Project/swarm_ws/install/ros2swarm/lib/ros2swarm
Installing task_allocation_pattern script to /home/user/Documents/NYU/Swarm/Swarm6333/Project/swarm_ws/install/ros2swarm/lib/ros2swarm
Installing voter_model_pattern script to /home/user/Documents/NYU/Swarm/Swarm6333/Project/swarm_ws/install/ros2swarm/lib/ros2swarm
Installing voter_model_with_limiter_pattern script to /home/user/Documents/NYU/Swarm/Swarm6333/Project/swarm_ws/install/ros2swarm/lib/ros2swarm

Installed /home/user/Documents/NYU/Swarm/Swarm6333/Project/swarm_ws/build/ros2swarm
running symlink_data
creating /home/user/Documents/NYU/Swarm/Swarm6333/Project/swarm_ws/install/ros2swarm/share/ament_index
creating /home/user/Documents/NYU/Swarm/Swarm6333/Project/swarm_ws/install/ros2swarm/share/ament_index/resource_index
creating /home/user/Documents/NYU/Swarm/Swarm6333/Project/swarm_ws/install/ros2swarm/share/ament_index/resource_index/packages
symbolically linking /home/user/Documents/NYU/Swarm/Swarm6333/Project/swarm_ws/build/ros2swarm/resource/ros2swarm -> /home/user/Documents/NYU/Swarm/Swarm6333/Project/swarm_ws/install/ros2swarm/share/ament_index/resource_index/packages
symbolically linking /home/user/Documents/NYU/Swarm/Swarm6333/Project/swarm_ws/build/ros2swarm/package.xml -> /home/user/Documents/NYU/Swarm/Swarm6333/Project/swarm_ws/install/ros2swarm/share/ros2swarm
symbolically linking /home/user/Documents/NYU/Swarm/Swarm6333/Project/swarm_ws/build/ros2swarm/launch/turtlebot3_bringup.launch.py -> /home/user/Documents/NYU/Swarm/Swarm6333/Project/swarm_ws/install/ros2swarm/share/ros2swarm
symbolically linking /home/user/Documents/NYU/Swarm/Swarm6333/Project/swarm_ws/build/ros2swarm/launch/bringup_robot.launch.py -> /home/user/Documents/NYU/Swarm/Swarm6333/Project/swarm_ws/install/ros2swarm/share/ros2swarm
symbolically linking /home/user/Documents/NYU/Swarm/Swarm6333/Project/swarm_ws/build/ros2swarm/launch/turtlebot3_state_publisher.launch.py -> /home/user/Documents/NYU/Swarm/Swarm6333/Project/swarm_ws/install/ros2swarm/share/ros2swarm
symbolically linking /home/user/Documents/NYU/Swarm/Swarm6333/Project/swarm_ws/build/ros2swarm/launch/bringup_patterns.launch.py -> /home/user/Documents/NYU/Swarm/Swarm6333/Project/swarm_ws/install/ros2swarm/share/ros2swarm
symbolically linking /home/user/Documents/NYU/Swarm/Swarm6333/Project/swarm_ws/build/ros2swarm/launch/hlds_laser.launch.py -> /home/user/Documents/NYU/Swarm/Swarm6333/Project/swarm_ws/install/ros2swarm/share/ros2swarm
symbolically linking /home/user/Documents/NYU/Swarm/Swarm6333/Project/swarm_ws/build/ros2swarm/launch/bringup_misc.launch.py -> /home/user/Documents/NYU/Swarm/Swarm6333/Project/swarm_ws/install/ros2swarm/share/ros2swarm
creating /home/user/Documents/NYU/Swarm/Swarm6333/Project/swarm_ws/install/ros2swarm/share/ros2swarm/launch
creating /home/user/Documents/NYU/Swarm/Swarm6333/Project/swarm_ws/install/ros2swarm/share/ros2swarm/launch/pattern
creating /home/user/Documents/NYU/Swarm/Swarm6333/Project/swarm_ws/install/ros2swarm/share/ros2swarm/launch/pattern/movement_pattern
creating /home/user/Documents/NYU/Swarm/Swarm6333/Project/swarm_ws/install/ros2swarm/share/ros2swarm/launch/pattern/movement_pattern/basic
symbolically linking /home/user/Documents/NYU/Swarm/Swarm6333/Project/swarm_ws/build/ros2swarm/launch/pattern/movement_pattern/basic/aggregation_pattern.launch.py -> /home/user/Documents/NYU/Swarm/Swarm6333/Project/swarm_ws/install/ros2swarm/share/ros2swarm/launch/pattern/movement_pattern/basic
symbolically linking /home/user/Documents/NYU/Swarm/Swarm6333/Project/swarm_ws/build/ros2swarm/launch/pattern/movement_pattern/basic/random_walk_pattern.launch.py -> /home/user/Documents/NYU/Swarm/Swarm6333/Project/swarm_ws/install/ros2swarm/share/ros2swarm/launch/pattern/movement_pattern/basic
symbolically linking /home/user/Documents/NYU/Swarm/Swarm6333/Project/swarm_ws/build/ros2swarm/launch/pattern/movement_pattern/basic/rat_search_pattern.launch.py -> /home/user/Documents/NYU/Swarm/Swarm6333/Project/swarm_ws/install/ros2swarm/share/ros2swarm/launch/pattern/movement_pattern/basic
symbolically linking /home/user/Documents/NYU/Swarm/Swarm6333/Project/swarm_ws/build/ros2swarm/launch/pattern/movement_pattern/basic/dispersion_pattern.launch.py -> /home/user/Documents/NYU/Swarm/Swarm6333/Project/swarm_ws/install/ros2swarm/share/ros2swarm/launch/pattern/movement_pattern/basic
symbolically linking /home/user/Documents/NYU/Swarm/Swarm6333/Project/swarm_ws/build/ros2swarm/launch/pattern/movement_pattern/basic/attraction_pattern2.launch.py -> /home/user/Documents/NYU/Swarm/Swarm6333/Project/swarm_ws/install/ros2swarm/share/ros2swarm/launch/pattern/movement_pattern/basic
symbolically linking /home/user/Documents/NYU/Swarm/Swarm6333/Project/swarm_ws/build/ros2swarm/launch/pattern/movement_pattern/basic/move_to_target_pattern.launch.py -> /home/user/Documents/NYU/Swarm/Swarm6333/Project/swarm_ws/install/ros2swarm/share/ros2swarm/launch/pattern/movement_pattern/basic
symbolically linking /home/user/Documents/NYU/Swarm/Swarm6333/Project/swarm_ws/build/ros2swarm/launch/pattern/movement_pattern/basic/drive_pattern.launch.py -> /home/user/Documents/NYU/Swarm/Swarm6333/Project/swarm_ws/install/ros2swarm/share/ros2swarm/launch/pattern/movement_pattern/basic
symbolically linking /home/user/Documents/NYU/Swarm/Swarm6333/Project/swarm_ws/build/ros2swarm/launch/pattern/movement_pattern/basic/minimalist_flocking_pattern.launch.py -> /home/user/Documents/NYU/Swarm/Swarm6333/Project/swarm_ws/install/ros2swarm/share/ros2swarm/launch/pattern/movement_pattern/basic
symbolically linking /home/user/Documents/NYU/Swarm/Swarm6333/Project/swarm_ws/build/ros2swarm/launch/pattern/movement_pattern/basic/magnetometer_pattern.launch.py -> /home/user/Documents/NYU/Swarm/Swarm6333/Project/swarm_ws/install/ros2swarm/share/ros2swarm/launch/pattern/movement_pattern/basic
symbolically linking /home/user/Documents/NYU/Swarm/Swarm6333/Project/swarm_ws/build/ros2swarm/launch/pattern/movement_pattern/basic/attraction_pattern.launch.py -> /home/user/Documents/NYU/Swarm/Swarm6333/Project/swarm_ws/install/ros2swarm/share/ros2swarm/launch/pattern/movement_pattern/basic
creating /home/user/Documents/NYU/Swarm/Swarm6333/Project/swarm_ws/install/ros2swarm/share/ros2swarm/launch/pattern/movement_pattern/combined
symbolically linking /home/user/Documents/NYU/Swarm/Swarm6333/Project/swarm_ws/build/ros2swarm/launch/pattern/movement_pattern/combined/task_allocation_pattern.launch.py -> /home/user/Documents/NYU/Swarm/Swarm6333/Project/swarm_ws/install/ros2swarm/share/ros2swarm/launch/pattern/movement_pattern/combined
symbolically linking /home/user/Documents/NYU/Swarm/Swarm6333/Project/swarm_ws/build/ros2swarm/launch/pattern/movement_pattern/combined/discussed_dispersion_pattern.launch.py -> /home/user/Documents/NYU/Swarm/Swarm6333/Project/swarm_ws/install/ros2swarm/share/ros2swarm/launch/pattern/movement_pattern/combined
creating /home/user/Documents/NYU/Swarm/Swarm6333/Project/swarm_ws/install/ros2swarm/share/ros2swarm/launch/pattern/voting_pattern
creating /home/user/Documents/NYU/Swarm/Swarm6333/Project/swarm_ws/install/ros2swarm/share/ros2swarm/launch/pattern/voting_pattern/basic
symbolically linking /home/user/Documents/NYU/Swarm/Swarm6333/Project/swarm_ws/build/ros2swarm/launch/pattern/voting_pattern/basic/majority_rule_pattern.launch.py -> /home/user/Documents/NYU/Swarm/Swarm6333/Project/swarm_ws/install/ros2swarm/share/ros2swarm/launch/pattern/voting_pattern/basic
symbolically linking /home/user/Documents/NYU/Swarm/Swarm6333/Project/swarm_ws/build/ros2swarm/launch/pattern/voting_pattern/basic/voter_model_with_limiter_pattern.launch.py -> /home/user/Documents/NYU/Swarm/Swarm6333/Project/swarm_ws/install/ros2swarm/share/ros2swarm/launch/pattern/voting_pattern/basic
symbolically linking /home/user/Documents/NYU/Swarm/Swarm6333/Project/swarm_ws/build/ros2swarm/launch/pattern/voting_pattern/basic/voter_model_pattern.launch.py -> /home/user/Documents/NYU/Swarm/Swarm6333/Project/swarm_ws/install/ros2swarm/share/ros2swarm/launch/pattern/voting_pattern/basic
creating /home/user/Documents/NYU/Swarm/Swarm6333/Project/swarm_ws/install/ros2swarm/share/ros2swarm/config
creating /home/user/Documents/NYU/Swarm/Swarm6333/Project/swarm_ws/install/ros2swarm/share/ros2swarm/config/burger
symbolically linking /home/user/Documents/NYU/Swarm/Swarm6333/Project/swarm_ws/build/ros2swarm/config/burger/hardware_protection_layer.yaml -> /home/user/Documents/NYU/Swarm/Swarm6333/Project/swarm_ws/install/ros2swarm/share/ros2swarm/config/burger
creating /home/user/Documents/NYU/Swarm/Swarm6333/Project/swarm_ws/install/ros2swarm/share/ros2swarm/config/burger/movement_pattern
creating /home/user/Documents/NYU/Swarm/Swarm6333/Project/swarm_ws/install/ros2swarm/share/ros2swarm/config/burger/movement_pattern/basic
symbolically linking /home/user/Documents/NYU/Swarm/Swarm6333/Project/swarm_ws/build/ros2swarm/config/burger/movement_pattern/basic/magnetometer_pattern.yaml -> /home/user/Documents/NYU/Swarm/Swarm6333/Project/swarm_ws/install/ros2swarm/share/ros2swarm/config/burger/movement_pattern/basic
symbolically linking /home/user/Documents/NYU/Swarm/Swarm6333/Project/swarm_ws/build/ros2swarm/config/burger/movement_pattern/basic/attraction_pattern2.yaml -> /home/user/Documents/NYU/Swarm/Swarm6333/Project/swarm_ws/install/ros2swarm/share/ros2swarm/config/burger/movement_pattern/basic
symbolically linking /home/user/Documents/NYU/Swarm/Swarm6333/Project/swarm_ws/build/ros2swarm/config/burger/movement_pattern/basic/rat_search_pattern.yaml -> /home/user/Documents/NYU/Swarm/Swarm6333/Project/swarm_ws/install/ros2swarm/share/ros2swarm/config/burger/movement_pattern/basic
symbolically linking /home/user/Documents/NYU/Swarm/Swarm6333/Project/swarm_ws/build/ros2swarm/config/burger/movement_pattern/basic/random_walk_pattern.yaml -> /home/user/Documents/NYU/Swarm/Swarm6333/Project/swarm_ws/install/ros2swarm/share/ros2swarm/config/burger/movement_pattern/basic
symbolically linking /home/user/Documents/NYU/Swarm/Swarm6333/Project/swarm_ws/build/ros2swarm/config/burger/movement_pattern/basic/dispersion_pattern.yaml -> /home/user/Documents/NYU/Swarm/Swarm6333/Project/swarm_ws/install/ros2swarm/share/ros2swarm/config/burger/movement_pattern/basic
symbolically linking /home/user/Documents/NYU/Swarm/Swarm6333/Project/swarm_ws/build/ros2swarm/config/burger/movement_pattern/basic/move_to_target_pattern.yaml -> /home/user/Documents/NYU/Swarm/Swarm6333/Project/swarm_ws/install/ros2swarm/share/ros2swarm/config/burger/movement_pattern/basic
symbolically linking /home/user/Documents/NYU/Swarm/Swarm6333/Project/swarm_ws/build/ros2swarm/config/burger/movement_pattern/basic/aggregation_pattern.yaml -> /home/user/Documents/NYU/Swarm/Swarm6333/Project/swarm_ws/install/ros2swarm/share/ros2swarm/config/burger/movement_pattern/basic
symbolically linking /home/user/Documents/NYU/Swarm/Swarm6333/Project/swarm_ws/build/ros2swarm/config/burger/movement_pattern/basic/minimalist_flocking_pattern.yaml -> /home/user/Documents/NYU/Swarm/Swarm6333/Project/swarm_ws/install/ros2swarm/share/ros2swarm/config/burger/movement_pattern/basic
symbolically linking /home/user/Documents/NYU/Swarm/Swarm6333/Project/swarm_ws/build/ros2swarm/config/burger/movement_pattern/basic/attraction_pattern.yaml -> /home/user/Documents/NYU/Swarm/Swarm6333/Project/swarm_ws/install/ros2swarm/share/ros2swarm/config/burger/movement_pattern/basic
symbolically linking /home/user/Documents/NYU/Swarm/Swarm6333/Project/swarm_ws/build/ros2swarm/config/burger/movement_pattern/basic/drive_pattern.yaml -> /home/user/Documents/NYU/Swarm/Swarm6333/Project/swarm_ws/install/ros2swarm/share/ros2swarm/config/burger/movement_pattern/basic
creating /home/user/Documents/NYU/Swarm/Swarm6333/Project/swarm_ws/install/ros2swarm/share/ros2swarm/config/burger/movement_pattern/combined
symbolically linking /home/user/Documents/NYU/Swarm/Swarm6333/Project/swarm_ws/build/ros2swarm/config/burger/movement_pattern/combined/task_allocation_pattern.yaml -> /home/user/Documents/NYU/Swarm/Swarm6333/Project/swarm_ws/install/ros2swarm/share/ros2swarm/config/burger/movement_pattern/combined
symbolically linking /home/user/Documents/NYU/Swarm/Swarm6333/Project/swarm_ws/build/ros2swarm/config/burger/movement_pattern/combined/discussed_dispersion_pattern.yaml -> /home/user/Documents/NYU/Swarm/Swarm6333/Project/swarm_ws/install/ros2swarm/share/ros2swarm/config/burger/movement_pattern/combined
creating /home/user/Documents/NYU/Swarm/Swarm6333/Project/swarm_ws/install/ros2swarm/share/ros2swarm/config/burger/voting_pattern
creating /home/user/Documents/NYU/Swarm/Swarm6333/Project/swarm_ws/install/ros2swarm/share/ros2swarm/config/burger/voting_pattern/basic
symbolically linking /home/user/Documents/NYU/Swarm/Swarm6333/Project/swarm_ws/build/ros2swarm/config/burger/voting_pattern/basic/majority_rule_pattern.yaml -> /home/user/Documents/NYU/Swarm/Swarm6333/Project/swarm_ws/install/ros2swarm/share/ros2swarm/config/burger/voting_pattern/basic
symbolically linking /home/user/Documents/NYU/Swarm/Swarm6333/Project/swarm_ws/build/ros2swarm/config/burger/voting_pattern/basic/voter_model_with_limiter_pattern.yaml -> /home/user/Documents/NYU/Swarm/Swarm6333/Project/swarm_ws/install/ros2swarm/share/ros2swarm/config/burger/voting_pattern/basic
symbolically linking /home/user/Documents/NYU/Swarm/Swarm6333/Project/swarm_ws/build/ros2swarm/config/burger/voting_pattern/basic/voter_model_pattern.yaml -> /home/user/Documents/NYU/Swarm/Swarm6333/Project/swarm_ws/install/ros2swarm/share/ros2swarm/config/burger/voting_pattern/basic
creating /home/user/Documents/NYU/Swarm/Swarm6333/Project/swarm_ws/install/ros2swarm/share/ros2swarm/config/waffle_pi
symbolically linking /home/user/Documents/NYU/Swarm/Swarm6333/Project/swarm_ws/build/ros2swarm/config/waffle_pi/hardware_protection_layer.yaml -> /home/user/Documents/NYU/Swarm/Swarm6333/Project/swarm_ws/install/ros2swarm/share/ros2swarm/config/waffle_pi
creating /home/user/Documents/NYU/Swarm/Swarm6333/Project/swarm_ws/install/ros2swarm/share/ros2swarm/config/waffle_pi/movement_pattern
creating /home/user/Documents/NYU/Swarm/Swarm6333/Project/swarm_ws/install/ros2swarm/share/ros2swarm/config/waffle_pi/movement_pattern/basic
symbolically linking /home/user/Documents/NYU/Swarm/Swarm6333/Project/swarm_ws/build/ros2swarm/config/waffle_pi/movement_pattern/basic/magnetometer_pattern.yaml -> /home/user/Documents/NYU/Swarm/Swarm6333/Project/swarm_ws/install/ros2swarm/share/ros2swarm/config/waffle_pi/movement_pattern/basic
symbolically linking /home/user/Documents/NYU/Swarm/Swarm6333/Project/swarm_ws/build/ros2swarm/config/waffle_pi/movement_pattern/basic/attraction_pattern2.yaml -> /home/user/Documents/NYU/Swarm/Swarm6333/Project/swarm_ws/install/ros2swarm/share/ros2swarm/config/waffle_pi/movement_pattern/basic
symbolically linking /home/user/Documents/NYU/Swarm/Swarm6333/Project/swarm_ws/build/ros2swarm/config/waffle_pi/movement_pattern/basic/rat_search_pattern.yaml -> /home/user/Documents/NYU/Swarm/Swarm6333/Project/swarm_ws/install/ros2swarm/share/ros2swarm/config/waffle_pi/movement_pattern/basic
symbolically linking /home/user/Documents/NYU/Swarm/Swarm6333/Project/swarm_ws/build/ros2swarm/config/waffle_pi/movement_pattern/basic/random_walk_pattern.yaml -> /home/user/Documents/NYU/Swarm/Swarm6333/Project/swarm_ws/install/ros2swarm/share/ros2swarm/config/waffle_pi/movement_pattern/basic
symbolically linking /home/user/Documents/NYU/Swarm/Swarm6333/Project/swarm_ws/build/ros2swarm/config/waffle_pi/movement_pattern/basic/dispersion_pattern.yaml -> /home/user/Documents/NYU/Swarm/Swarm6333/Project/swarm_ws/install/ros2swarm/share/ros2swarm/config/waffle_pi/movement_pattern/basic
symbolically linking /home/user/Documents/NYU/Swarm/Swarm6333/Project/swarm_ws/build/ros2swarm/config/waffle_pi/movement_pattern/basic/move_to_target_pattern.yaml -> /home/user/Documents/NYU/Swarm/Swarm6333/Project/swarm_ws/install/ros2swarm/share/ros2swarm/config/waffle_pi/movement_pattern/basic
symbolically linking /home/user/Documents/NYU/Swarm/Swarm6333/Project/swarm_ws/build/ros2swarm/config/waffle_pi/movement_pattern/basic/aggregation_pattern.yaml -> /home/user/Documents/NYU/Swarm/Swarm6333/Project/swarm_ws/install/ros2swarm/share/ros2swarm/config/waffle_pi/movement_pattern/basic
symbolically linking /home/user/Documents/NYU/Swarm/Swarm6333/Project/swarm_ws/build/ros2swarm/config/waffle_pi/movement_pattern/basic/minimalist_flocking_pattern.yaml -> /home/user/Documents/NYU/Swarm/Swarm6333/Project/swarm_ws/install/ros2swarm/share/ros2swarm/config/waffle_pi/movement_pattern/basic
symbolically linking /home/user/Documents/NYU/Swarm/Swarm6333/Project/swarm_ws/build/ros2swarm/config/waffle_pi/movement_pattern/basic/attraction_pattern.yaml -> /home/user/Documents/NYU/Swarm/Swarm6333/Project/swarm_ws/install/ros2swarm/share/ros2swarm/config/waffle_pi/movement_pattern/basic
symbolically linking /home/user/Documents/NYU/Swarm/Swarm6333/Project/swarm_ws/build/ros2swarm/config/waffle_pi/movement_pattern/basic/drive_pattern.yaml -> /home/user/Documents/NYU/Swarm/Swarm6333/Project/swarm_ws/install/ros2swarm/share/ros2swarm/config/waffle_pi/movement_pattern/basic
creating /home/user/Documents/NYU/Swarm/Swarm6333/Project/swarm_ws/install/ros2swarm/share/ros2swarm/config/waffle_pi/movement_pattern/combined
symbolically linking /home/user/Documents/NYU/Swarm/Swarm6333/Project/swarm_ws/build/ros2swarm/config/waffle_pi/movement_pattern/combined/task_allocation_pattern.yaml -> /home/user/Documents/NYU/Swarm/Swarm6333/Project/swarm_ws/install/ros2swarm/share/ros2swarm/config/waffle_pi/movement_pattern/combined
symbolically linking /home/user/Documents/NYU/Swarm/Swarm6333/Project/swarm_ws/build/ros2swarm/config/waffle_pi/movement_pattern/combined/discussed_dispersion_pattern.yaml -> /home/user/Documents/NYU/Swarm/Swarm6333/Project/swarm_ws/install/ros2swarm/share/ros2swarm/config/waffle_pi/movement_pattern/combined
creating /home/user/Documents/NYU/Swarm/Swarm6333/Project/swarm_ws/install/ros2swarm/share/ros2swarm/config/waffle_pi/voting_pattern
creating /home/user/Documents/NYU/Swarm/Swarm6333/Project/swarm_ws/install/ros2swarm/share/ros2swarm/config/waffle_pi/voting_pattern/basic
symbolically linking /home/user/Documents/NYU/Swarm/Swarm6333/Project/swarm_ws/build/ros2swarm/config/waffle_pi/voting_pattern/basic/majority_rule_pattern.yaml -> /home/user/Documents/NYU/Swarm/Swarm6333/Project/swarm_ws/install/ros2swarm/share/ros2swarm/config/waffle_pi/voting_pattern/basic
symbolically linking /home/user/Documents/NYU/Swarm/Swarm6333/Project/swarm_ws/build/ros2swarm/config/waffle_pi/voting_pattern/basic/voter_model_with_limiter_pattern.yaml -> /home/user/Documents/NYU/Swarm/Swarm6333/Project/swarm_ws/install/ros2swarm/share/ros2swarm/config/waffle_pi/voting_pattern/basic
symbolically linking /home/user/Documents/NYU/Swarm/Swarm6333/Project/swarm_ws/build/ros2swarm/config/waffle_pi/voting_pattern/basic/voter_model_pattern.yaml -> /home/user/Documents/NYU/Swarm/Swarm6333/Project/swarm_ws/install/ros2swarm/share/ros2swarm/config/waffle_pi/voting_pattern/basic
creating /home/user/Documents/NYU/Swarm/Swarm6333/Project/swarm_ws/install/ros2swarm/share/ros2swarm/config/jackal
symbolically linking /home/user/Documents/NYU/Swarm/Swarm6333/Project/swarm_ws/build/ros2swarm/config/jackal/hardware_protection_layer.yaml -> /home/user/Documents/NYU/Swarm/Swarm6333/Project/swarm_ws/install/ros2swarm/share/ros2swarm/config/jackal
creating /home/user/Documents/NYU/Swarm/Swarm6333/Project/swarm_ws/install/ros2swarm/share/ros2swarm/config/jackal/movement_pattern
creating /home/user/Documents/NYU/Swarm/Swarm6333/Project/swarm_ws/install/ros2swarm/share/ros2swarm/config/jackal/movement_pattern/basic
symbolically linking /home/user/Documents/NYU/Swarm/Swarm6333/Project/swarm_ws/build/ros2swarm/config/jackal/movement_pattern/basic/magnetometer_pattern.yaml -> /home/user/Documents/NYU/Swarm/Swarm6333/Project/swarm_ws/install/ros2swarm/share/ros2swarm/config/jackal/movement_pattern/basic
symbolically linking /home/user/Documents/NYU/Swarm/Swarm6333/Project/swarm_ws/build/ros2swarm/config/jackal/movement_pattern/basic/attraction_pattern2.yaml -> /home/user/Documents/NYU/Swarm/Swarm6333/Project/swarm_ws/install/ros2swarm/share/ros2swarm/config/jackal/movement_pattern/basic
symbolically linking /home/user/Documents/NYU/Swarm/Swarm6333/Project/swarm_ws/build/ros2swarm/config/jackal/movement_pattern/basic/rat_search_pattern.yaml -> /home/user/Documents/NYU/Swarm/Swarm6333/Project/swarm_ws/install/ros2swarm/share/ros2swarm/config/jackal/movement_pattern/basic
symbolically linking /home/user/Documents/NYU/Swarm/Swarm6333/Project/swarm_ws/build/ros2swarm/config/jackal/movement_pattern/basic/random_walk_pattern.yaml -> /home/user/Documents/NYU/Swarm/Swarm6333/Project/swarm_ws/install/ros2swarm/share/ros2swarm/config/jackal/movement_pattern/basic
symbolically linking /home/user/Documents/NYU/Swarm/Swarm6333/Project/swarm_ws/build/ros2swarm/config/jackal/movement_pattern/basic/dispersion_pattern.yaml -> /home/user/Documents/NYU/Swarm/Swarm6333/Project/swarm_ws/install/ros2swarm/share/ros2swarm/config/jackal/movement_pattern/basic
symbolically linking /home/user/Documents/NYU/Swarm/Swarm6333/Project/swarm_ws/build/ros2swarm/config/jackal/movement_pattern/basic/move_to_target_pattern.yaml -> /home/user/Documents/NYU/Swarm/Swarm6333/Project/swarm_ws/install/ros2swarm/share/ros2swarm/config/jackal/movement_pattern/basic
symbolically linking /home/user/Documents/NYU/Swarm/Swarm6333/Project/swarm_ws/build/ros2swarm/config/jackal/movement_pattern/basic/aggregation_pattern.yaml -> /home/user/Documents/NYU/Swarm/Swarm6333/Project/swarm_ws/install/ros2swarm/share/ros2swarm/config/jackal/movement_pattern/basic
symbolically linking /home/user/Documents/NYU/Swarm/Swarm6333/Project/swarm_ws/build/ros2swarm/config/jackal/movement_pattern/basic/minimalist_flocking_pattern.yaml -> /home/user/Documents/NYU/Swarm/Swarm6333/Project/swarm_ws/install/ros2swarm/share/ros2swarm/config/jackal/movement_pattern/basic
symbolically linking /home/user/Documents/NYU/Swarm/Swarm6333/Project/swarm_ws/build/ros2swarm/config/jackal/movement_pattern/basic/attraction_pattern.yaml -> /home/user/Documents/NYU/Swarm/Swarm6333/Project/swarm_ws/install/ros2swarm/share/ros2swarm/config/jackal/movement_pattern/basic
symbolically linking /home/user/Documents/NYU/Swarm/Swarm6333/Project/swarm_ws/build/ros2swarm/config/jackal/movement_pattern/basic/drive_pattern.yaml -> /home/user/Documents/NYU/Swarm/Swarm6333/Project/swarm_ws/install/ros2swarm/share/ros2swarm/config/jackal/movement_pattern/basic
creating /home/user/Documents/NYU/Swarm/Swarm6333/Project/swarm_ws/install/ros2swarm/share/ros2swarm/config/jackal/movement_pattern/combined
symbolically linking /home/user/Documents/NYU/Swarm/Swarm6333/Project/swarm_ws/build/ros2swarm/config/jackal/movement_pattern/combined/task_allocation_pattern.yaml -> /home/user/Documents/NYU/Swarm/Swarm6333/Project/swarm_ws/install/ros2swarm/share/ros2swarm/config/jackal/movement_pattern/combined
symbolically linking /home/user/Documents/NYU/Swarm/Swarm6333/Project/swarm_ws/build/ros2swarm/config/jackal/movement_pattern/combined/discussed_dispersion_pattern.yaml -> /home/user/Documents/NYU/Swarm/Swarm6333/Project/swarm_ws/install/ros2swarm/share/ros2swarm/config/jackal/movement_pattern/combined
creating /home/user/Documents/NYU/Swarm/Swarm6333/Project/swarm_ws/install/ros2swarm/share/ros2swarm/config/jackal/voting_pattern
creating /home/user/Documents/NYU/Swarm/Swarm6333/Project/swarm_ws/install/ros2swarm/share/ros2swarm/config/jackal/voting_pattern/basic
symbolically linking /home/user/Documents/NYU/Swarm/Swarm6333/Project/swarm_ws/build/ros2swarm/config/jackal/voting_pattern/basic/majority_rule_pattern.yaml -> /home/user/Documents/NYU/Swarm/Swarm6333/Project/swarm_ws/install/ros2swarm/share/ros2swarm/config/jackal/voting_pattern/basic
symbolically linking /home/user/Documents/NYU/Swarm/Swarm6333/Project/swarm_ws/build/ros2swarm/config/jackal/voting_pattern/basic/voter_model_with_limiter_pattern.yaml -> /home/user/Documents/NYU/Swarm/Swarm6333/Project/swarm_ws/install/ros2swarm/share/ros2swarm/config/jackal/voting_pattern/basic
symbolically linking /home/user/Documents/NYU/Swarm/Swarm6333/Project/swarm_ws/build/ros2swarm/config/jackal/voting_pattern/basic/voter_model_pattern.yaml -> /home/user/Documents/NYU/Swarm/Swarm6333/Project/swarm_ws/install/ros2swarm/share/ros2swarm/config/jackal/voting_pattern/basic
creating /home/user/Documents/NYU/Swarm/Swarm6333/Project/swarm_ws/install/ros2swarm/share/ros2swarm/param
symbolically linking /home/user/Documents/NYU/Swarm/Swarm6333/Project/swarm_ws/build/ros2swarm/param/burger.yaml -> /home/user/Documents/NYU/Swarm/Swarm6333/Project/swarm_ws/install/ros2swarm/share/ros2swarm/param
symbolically linking /home/user/Documents/NYU/Swarm/Swarm6333/Project/swarm_ws/build/ros2swarm/param/waffle_pi.yaml -> /home/user/Documents/NYU/Swarm/Swarm6333/Project/swarm_ws/install/ros2swarm/share/ros2swarm/param
