[1.336s] Invoking command in '/home/user/Documents/NYU/Swarm/Swarm6333/Project/swarm_ws/build/ros2swarm': PYTHONPATH=/home/user/Documents/NYU/Swarm/Swarm6333/Project/swarm_ws/build/ros2swarm/prefix_override:/usr/lib/python3/dist-packages/colcon_core/task/python/colcon_distutils_commands:/home/user/Documents/NYU/Swarm/Swarm6333/Project/swarm_ws/install/ros2swarm/lib/python3.8/site-packages:${PYTHONPATH} /usr/bin/python3 -W ignore:setup.py install is deprecated -W ignore:easy_install command is deprecated setup.py develop --editable --build-directory /home/user/Documents/NYU/Swarm/Swarm6333/Project/swarm_ws/build/ros2swarm/build --no-deps symlink_data
[1.696s] running develop
[1.912s] running egg_info
[1.912s] creating ros2swarm.egg-info
[1.912s] writing ros2swarm.egg-info/PKG-INFO
[1.913s] writing dependency_links to ros2swarm.egg-info/dependency_links.txt
[1.913s] writing entry points to ros2swarm.egg-info/entry_points.txt
[1.913s] writing requirements to ros2swarm.egg-info/requires.txt
[1.913s] writing top-level names to ros2swarm.egg-info/top_level.txt
[1.925s] writing manifest file 'ros2swarm.egg-info/SOURCES.txt'
[1.973s] reading manifest file 'ros2swarm.egg-info/SOURCES.txt'
[1.975s] writing manifest file 'ros2swarm.egg-info/SOURCES.txt'
[2.024s] running build_ext
[2.024s] Creating /home/user/Documents/NYU/Swarm/Swarm6333/Project/swarm_ws/install/ros2swarm/lib/python3.8/site-packages/site.py
[2.027s] Creating /home/user/Documents/NYU/Swarm/Swarm6333/Project/swarm_ws/install/ros2swarm/lib/python3.8/site-packages/ros2swarm.egg-link (link to .)
[2.028s] Installing aggregation_pattern script to /home/user/Documents/NYU/Swarm/Swarm6333/Project/swarm_ws/install/ros2swarm/lib/ros2swarm
[2.029s] Installing attraction_pattern script to /home/user/Documents/NYU/Swarm/Swarm6333/Project/swarm_ws/install/ros2swarm/lib/ros2swarm
[2.029s] Installing attraction_pattern2 script to /home/user/Documents/NYU/Swarm/Swarm6333/Project/swarm_ws/install/ros2swarm/lib/ros2swarm
[2.029s] Installing discussed_dispersion_pattern script to /home/user/Documents/NYU/Swarm/Swarm6333/Project/swarm_ws/install/ros2swarm/lib/ros2swarm
[2.029s] Installing dispersion_pattern script to /home/user/Documents/NYU/Swarm/Swarm6333/Project/swarm_ws/install/ros2swarm/lib/ros2swarm
[2.029s] Installing drive_pattern script to /home/user/Documents/NYU/Swarm/Swarm6333/Project/swarm_ws/install/ros2swarm/lib/ros2swarm
[2.029s] Installing hardware_protection_layer script to /home/user/Documents/NYU/Swarm/Swarm6333/Project/swarm_ws/install/ros2swarm/lib/ros2swarm
[2.029s] Installing items_master_node script to /home/user/Documents/NYU/Swarm/Swarm6333/Project/swarm_ws/install/ros2swarm/lib/ros2swarm
[2.029s] Installing magnetometer_pattern script to /home/user/Documents/NYU/Swarm/Swarm6333/Project/swarm_ws/install/ros2swarm/lib/ros2swarm
[2.030s] Installing majority_rule_pattern script to /home/user/Documents/NYU/Swarm/Swarm6333/Project/swarm_ws/install/ros2swarm/lib/ros2swarm
[2.030s] Installing minimalist_flocking_pattern script to /home/user/Documents/NYU/Swarm/Swarm6333/Project/swarm_ws/install/ros2swarm/lib/ros2swarm
[2.030s] Installing move_to_target_pattern script to /home/user/Documents/NYU/Swarm/Swarm6333/Project/swarm_ws/install/ros2swarm/lib/ros2swarm
[2.030s] Installing random_walk_pattern script to /home/user/Documents/NYU/Swarm/Swarm6333/Project/swarm_ws/install/ros2swarm/lib/ros2swarm
[2.030s] Installing rat_search_pattern script to /home/user/Documents/NYU/Swarm/Swarm6333/Project/swarm_ws/install/ros2swarm/lib/ros2swarm
[2.030s] Installing task_allocation_pattern script to /home/user/Documents/NYU/Swarm/Swarm6333/Project/swarm_ws/install/ros2swarm/lib/ros2swarm
[2.030s] Installing voter_model_pattern script to /home/user/Documents/NYU/Swarm/Swarm6333/Project/swarm_ws/install/ros2swarm/lib/ros2swarm
[2.030s] Installing voter_model_with_limiter_pattern script to /home/user/Documents/NYU/Swarm/Swarm6333/Project/swarm_ws/install/ros2swarm/lib/ros2swarm
[2.031s] 
[2.031s] Installed /home/user/Documents/NYU/Swarm/Swarm6333/Project/swarm_ws/build/ros2swarm
[2.031s] running symlink_data
[2.031s] creating /home/user/Documents/NYU/Swarm/Swarm6333/Project/swarm_ws/install/ros2swarm/share/ament_index
[2.031s] creating /home/user/Documents/NYU/Swarm/Swarm6333/Project/swarm_ws/install/ros2swarm/share/ament_index/resource_index
[2.031s] creating /home/user/Documents/NYU/Swarm/Swarm6333/Project/swarm_ws/install/ros2swarm/share/ament_index/resource_index/packages
[2.031s] symbolically linking /home/user/Documents/NYU/Swarm/Swarm6333/Project/swarm_ws/build/ros2swarm/resource/ros2swarm -> /home/user/Documents/NYU/Swarm/Swarm6333/Project/swarm_ws/install/ros2swarm/share/ament_index/resource_index/packages
[2.031s] symbolically linking /home/user/Documents/NYU/Swarm/Swarm6333/Project/swarm_ws/build/ros2swarm/package.xml -> /home/user/Documents/NYU/Swarm/Swarm6333/Project/swarm_ws/install/ros2swarm/share/ros2swarm
[2.032s] symbolically linking /home/user/Documents/NYU/Swarm/Swarm6333/Project/swarm_ws/build/ros2swarm/launch/turtlebot3_bringup.launch.py -> /home/user/Documents/NYU/Swarm/Swarm6333/Project/swarm_ws/install/ros2swarm/share/ros2swarm
[2.032s] symbolically linking /home/user/Documents/NYU/Swarm/Swarm6333/Project/swarm_ws/build/ros2swarm/launch/bringup_robot.launch.py -> /home/user/Documents/NYU/Swarm/Swarm6333/Project/swarm_ws/install/ros2swarm/share/ros2swarm
[2.032s] symbolically linking /home/user/Documents/NYU/Swarm/Swarm6333/Project/swarm_ws/build/ros2swarm/launch/turtlebot3_state_publisher.launch.py -> /home/user/Documents/NYU/Swarm/Swarm6333/Project/swarm_ws/install/ros2swarm/share/ros2swarm
[2.032s] symbolically linking /home/user/Documents/NYU/Swarm/Swarm6333/Project/swarm_ws/build/ros2swarm/launch/bringup_patterns.launch.py -> /home/user/Documents/NYU/Swarm/Swarm6333/Project/swarm_ws/install/ros2swarm/share/ros2swarm
[2.032s] symbolically linking /home/user/Documents/NYU/Swarm/Swarm6333/Project/swarm_ws/build/ros2swarm/launch/hlds_laser.launch.py -> /home/user/Documents/NYU/Swarm/Swarm6333/Project/swarm_ws/install/ros2swarm/share/ros2swarm
[2.032s] symbolically linking /home/user/Documents/NYU/Swarm/Swarm6333/Project/swarm_ws/build/ros2swarm/launch/bringup_misc.launch.py -> /home/user/Documents/NYU/Swarm/Swarm6333/Project/swarm_ws/install/ros2swarm/share/ros2swarm
[2.032s] creating /home/user/Documents/NYU/Swarm/Swarm6333/Project/swarm_ws/install/ros2swarm/share/ros2swarm/launch
[2.032s] creating /home/user/Documents/NYU/Swarm/Swarm6333/Project/swarm_ws/install/ros2swarm/share/ros2swarm/launch/pattern
[2.033s] creating /home/user/Documents/NYU/Swarm/Swarm6333/Project/swarm_ws/install/ros2swarm/share/ros2swarm/launch/pattern/movement_pattern
[2.033s] creating /home/user/Documents/NYU/Swarm/Swarm6333/Project/swarm_ws/install/ros2swarm/share/ros2swarm/launch/pattern/movement_pattern/basic
[2.033s] symbolically linking /home/user/Documents/NYU/Swarm/Swarm6333/Project/swarm_ws/build/ros2swarm/launch/pattern/movement_pattern/basic/aggregation_pattern.launch.py -> /home/user/Documents/NYU/Swarm/Swarm6333/Project/swarm_ws/install/ros2swarm/share/ros2swarm/launch/pattern/movement_pattern/basic
[2.033s] symbolically linking /home/user/Documents/NYU/Swarm/Swarm6333/Project/swarm_ws/build/ros2swarm/launch/pattern/movement_pattern/basic/random_walk_pattern.launch.py -> /home/user/Documents/NYU/Swarm/Swarm6333/Project/swarm_ws/install/ros2swarm/share/ros2swarm/launch/pattern/movement_pattern/basic
[2.033s] symbolically linking /home/user/Documents/NYU/Swarm/Swarm6333/Project/swarm_ws/build/ros2swarm/launch/pattern/movement_pattern/basic/rat_search_pattern.launch.py -> /home/user/Documents/NYU/Swarm/Swarm6333/Project/swarm_ws/install/ros2swarm/share/ros2swarm/launch/pattern/movement_pattern/basic
[2.033s] symbolically linking /home/user/Documents/NYU/Swarm/Swarm6333/Project/swarm_ws/build/ros2swarm/launch/pattern/movement_pattern/basic/dispersion_pattern.launch.py -> /home/user/Documents/NYU/Swarm/Swarm6333/Project/swarm_ws/install/ros2swarm/share/ros2swarm/launch/pattern/movement_pattern/basic
[2.033s] symbolically linking /home/user/Documents/NYU/Swarm/Swarm6333/Project/swarm_ws/build/ros2swarm/launch/pattern/movement_pattern/basic/attraction_pattern2.launch.py -> /home/user/Documents/NYU/Swarm/Swarm6333/Project/swarm_ws/install/ros2swarm/share/ros2swarm/launch/pattern/movement_pattern/basic
[2.033s] symbolically linking /home/user/Documents/NYU/Swarm/Swarm6333/Project/swarm_ws/build/ros2swarm/launch/pattern/movement_pattern/basic/move_to_target_pattern.launch.py -> /home/user/Documents/NYU/Swarm/Swarm6333/Project/swarm_ws/install/ros2swarm/share/ros2swarm/launch/pattern/movement_pattern/basic
[2.034s] symbolically linking /home/user/Documents/NYU/Swarm/Swarm6333/Project/swarm_ws/build/ros2swarm/launch/pattern/movement_pattern/basic/drive_pattern.launch.py -> /home/user/Documents/NYU/Swarm/Swarm6333/Project/swarm_ws/install/ros2swarm/share/ros2swarm/launch/pattern/movement_pattern/basic
[2.034s] symbolically linking /home/user/Documents/NYU/Swarm/Swarm6333/Project/swarm_ws/build/ros2swarm/launch/pattern/movement_pattern/basic/minimalist_flocking_pattern.launch.py -> /home/user/Documents/NYU/Swarm/Swarm6333/Project/swarm_ws/install/ros2swarm/share/ros2swarm/launch/pattern/movement_pattern/basic
[2.034s] symbolically linking /home/user/Documents/NYU/Swarm/Swarm6333/Project/swarm_ws/build/ros2swarm/launch/pattern/movement_pattern/basic/magnetometer_pattern.launch.py -> /home/user/Documents/NYU/Swarm/Swarm6333/Project/swarm_ws/install/ros2swarm/share/ros2swarm/launch/pattern/movement_pattern/basic
[2.034s] symbolically linking /home/user/Documents/NYU/Swarm/Swarm6333/Project/swarm_ws/build/ros2swarm/launch/pattern/movement_pattern/basic/attraction_pattern.launch.py -> /home/user/Documents/NYU/Swarm/Swarm6333/Project/swarm_ws/install/ros2swarm/share/ros2swarm/launch/pattern/movement_pattern/basic
[2.034s] creating /home/user/Documents/NYU/Swarm/Swarm6333/Project/swarm_ws/install/ros2swarm/share/ros2swarm/launch/pattern/movement_pattern/combined
[2.034s] symbolically linking /home/user/Documents/NYU/Swarm/Swarm6333/Project/swarm_ws/build/ros2swarm/launch/pattern/movement_pattern/combined/task_allocation_pattern.launch.py -> /home/user/Documents/NYU/Swarm/Swarm6333/Project/swarm_ws/install/ros2swarm/share/ros2swarm/launch/pattern/movement_pattern/combined
[2.034s] symbolically linking /home/user/Documents/NYU/Swarm/Swarm6333/Project/swarm_ws/build/ros2swarm/launch/pattern/movement_pattern/combined/discussed_dispersion_pattern.launch.py -> /home/user/Documents/NYU/Swarm/Swarm6333/Project/swarm_ws/install/ros2swarm/share/ros2swarm/launch/pattern/movement_pattern/combined
[2.035s] creating /home/user/Documents/NYU/Swarm/Swarm6333/Project/swarm_ws/install/ros2swarm/share/ros2swarm/launch/pattern/voting_pattern
[2.035s] creating /home/user/Documents/NYU/Swarm/Swarm6333/Project/swarm_ws/install/ros2swarm/share/ros2swarm/launch/pattern/voting_pattern/basic
[2.035s] symbolically linking /home/user/Documents/NYU/Swarm/Swarm6333/Project/swarm_ws/build/ros2swarm/launch/pattern/voting_pattern/basic/majority_rule_pattern.launch.py -> /home/user/Documents/NYU/Swarm/Swarm6333/Project/swarm_ws/install/ros2swarm/share/ros2swarm/launch/pattern/voting_pattern/basic
[2.035s] symbolically linking /home/user/Documents/NYU/Swarm/Swarm6333/Project/swarm_ws/build/ros2swarm/launch/pattern/voting_pattern/basic/voter_model_with_limiter_pattern.launch.py -> /home/user/Documents/NYU/Swarm/Swarm6333/Project/swarm_ws/install/ros2swarm/share/ros2swarm/launch/pattern/voting_pattern/basic
[2.035s] symbolically linking /home/user/Documents/NYU/Swarm/Swarm6333/Project/swarm_ws/build/ros2swarm/launch/pattern/voting_pattern/basic/voter_model_pattern.launch.py -> /home/user/Documents/NYU/Swarm/Swarm6333/Project/swarm_ws/install/ros2swarm/share/ros2swarm/launch/pattern/voting_pattern/basic
[2.035s] creating /home/user/Documents/NYU/Swarm/Swarm6333/Project/swarm_ws/install/ros2swarm/share/ros2swarm/config
[2.035s] creating /home/user/Documents/NYU/Swarm/Swarm6333/Project/swarm_ws/install/ros2swarm/share/ros2swarm/config/burger
[2.036s] symbolically linking /home/user/Documents/NYU/Swarm/Swarm6333/Project/swarm_ws/build/ros2swarm/config/burger/hardware_protection_layer.yaml -> /home/user/Documents/NYU/Swarm/Swarm6333/Project/swarm_ws/install/ros2swarm/share/ros2swarm/config/burger
[2.036s] creating /home/user/Documents/NYU/Swarm/Swarm6333/Project/swarm_ws/install/ros2swarm/share/ros2swarm/config/burger/movement_pattern
[2.036s] creating /home/user/Documents/NYU/Swarm/Swarm6333/Project/swarm_ws/install/ros2swarm/share/ros2swarm/config/burger/movement_pattern/basic
[2.036s] symbolically linking /home/user/Documents/NYU/Swarm/Swarm6333/Project/swarm_ws/build/ros2swarm/config/burger/movement_pattern/basic/magnetometer_pattern.yaml -> /home/user/Documents/NYU/Swarm/Swarm6333/Project/swarm_ws/install/ros2swarm/share/ros2swarm/config/burger/movement_pattern/basic
[2.036s] symbolically linking /home/user/Documents/NYU/Swarm/Swarm6333/Project/swarm_ws/build/ros2swarm/config/burger/movement_pattern/basic/attraction_pattern2.yaml -> /home/user/Documents/NYU/Swarm/Swarm6333/Project/swarm_ws/install/ros2swarm/share/ros2swarm/config/burger/movement_pattern/basic
[2.036s] symbolically linking /home/user/Documents/NYU/Swarm/Swarm6333/Project/swarm_ws/build/ros2swarm/config/burger/movement_pattern/basic/rat_search_pattern.yaml -> /home/user/Documents/NYU/Swarm/Swarm6333/Project/swarm_ws/install/ros2swarm/share/ros2swarm/config/burger/movement_pattern/basic
[2.036s] symbolically linking /home/user/Documents/NYU/Swarm/Swarm6333/Project/swarm_ws/build/ros2swarm/config/burger/movement_pattern/basic/random_walk_pattern.yaml -> /home/user/Documents/NYU/Swarm/Swarm6333/Project/swarm_ws/install/ros2swarm/share/ros2swarm/config/burger/movement_pattern/basic
[2.037s] symbolically linking /home/user/Documents/NYU/Swarm/Swarm6333/Project/swarm_ws/build/ros2swarm/config/burger/movement_pattern/basic/dispersion_pattern.yaml -> /home/user/Documents/NYU/Swarm/Swarm6333/Project/swarm_ws/install/ros2swarm/share/ros2swarm/config/burger/movement_pattern/basic
[2.037s] symbolically linking /home/user/Documents/NYU/Swarm/Swarm6333/Project/swarm_ws/build/ros2swarm/config/burger/movement_pattern/basic/move_to_target_pattern.yaml -> /home/user/Documents/NYU/Swarm/Swarm6333/Project/swarm_ws/install/ros2swarm/share/ros2swarm/config/burger/movement_pattern/basic
[2.037s] symbolically linking /home/user/Documents/NYU/Swarm/Swarm6333/Project/swarm_ws/build/ros2swarm/config/burger/movement_pattern/basic/aggregation_pattern.yaml -> /home/user/Documents/NYU/Swarm/Swarm6333/Project/swarm_ws/install/ros2swarm/share/ros2swarm/config/burger/movement_pattern/basic
[2.037s] symbolically linking /home/user/Documents/NYU/Swarm/Swarm6333/Project/swarm_ws/build/ros2swarm/config/burger/movement_pattern/basic/minimalist_flocking_pattern.yaml -> /home/user/Documents/NYU/Swarm/Swarm6333/Project/swarm_ws/install/ros2swarm/share/ros2swarm/config/burger/movement_pattern/basic
[2.037s] symbolically linking /home/user/Documents/NYU/Swarm/Swarm6333/Project/swarm_ws/build/ros2swarm/config/burger/movement_pattern/basic/attraction_pattern.yaml -> /home/user/Documents/NYU/Swarm/Swarm6333/Project/swarm_ws/install/ros2swarm/share/ros2swarm/config/burger/movement_pattern/basic
[2.037s] symbolically linking /home/user/Documents/NYU/Swarm/Swarm6333/Project/swarm_ws/build/ros2swarm/config/burger/movement_pattern/basic/drive_pattern.yaml -> /home/user/Documents/NYU/Swarm/Swarm6333/Project/swarm_ws/install/ros2swarm/share/ros2swarm/config/burger/movement_pattern/basic
[2.037s] creating /home/user/Documents/NYU/Swarm/Swarm6333/Project/swarm_ws/install/ros2swarm/share/ros2swarm/config/burger/movement_pattern/combined
[2.037s] symbolically linking /home/user/Documents/NYU/Swarm/Swarm6333/Project/swarm_ws/build/ros2swarm/config/burger/movement_pattern/combined/task_allocation_pattern.yaml -> /home/user/Documents/NYU/Swarm/Swarm6333/Project/swarm_ws/install/ros2swarm/share/ros2swarm/config/burger/movement_pattern/combined
[2.038s] symbolically linking /home/user/Documents/NYU/Swarm/Swarm6333/Project/swarm_ws/build/ros2swarm/config/burger/movement_pattern/combined/discussed_dispersion_pattern.yaml -> /home/user/Documents/NYU/Swarm/Swarm6333/Project/swarm_ws/install/ros2swarm/share/ros2swarm/config/burger/movement_pattern/combined
[2.038s] creating /home/user/Documents/NYU/Swarm/Swarm6333/Project/swarm_ws/install/ros2swarm/share/ros2swarm/config/burger/voting_pattern
[2.038s] creating /home/user/Documents/NYU/Swarm/Swarm6333/Project/swarm_ws/install/ros2swarm/share/ros2swarm/config/burger/voting_pattern/basic
[2.038s] symbolically linking /home/user/Documents/NYU/Swarm/Swarm6333/Project/swarm_ws/build/ros2swarm/config/burger/voting_pattern/basic/majority_rule_pattern.yaml -> /home/user/Documents/NYU/Swarm/Swarm6333/Project/swarm_ws/install/ros2swarm/share/ros2swarm/config/burger/voting_pattern/basic
[2.038s] symbolically linking /home/user/Documents/NYU/Swarm/Swarm6333/Project/swarm_ws/build/ros2swarm/config/burger/voting_pattern/basic/voter_model_with_limiter_pattern.yaml -> /home/user/Documents/NYU/Swarm/Swarm6333/Project/swarm_ws/install/ros2swarm/share/ros2swarm/config/burger/voting_pattern/basic
[2.038s] symbolically linking /home/user/Documents/NYU/Swarm/Swarm6333/Project/swarm_ws/build/ros2swarm/config/burger/voting_pattern/basic/voter_model_pattern.yaml -> /home/user/Documents/NYU/Swarm/Swarm6333/Project/swarm_ws/install/ros2swarm/share/ros2swarm/config/burger/voting_pattern/basic
[2.038s] creating /home/user/Documents/NYU/Swarm/Swarm6333/Project/swarm_ws/install/ros2swarm/share/ros2swarm/config/waffle_pi
[2.038s] symbolically linking /home/user/Documents/NYU/Swarm/Swarm6333/Project/swarm_ws/build/ros2swarm/config/waffle_pi/hardware_protection_layer.yaml -> /home/user/Documents/NYU/Swarm/Swarm6333/Project/swarm_ws/install/ros2swarm/share/ros2swarm/config/waffle_pi
[2.038s] creating /home/user/Documents/NYU/Swarm/Swarm6333/Project/swarm_ws/install/ros2swarm/share/ros2swarm/config/waffle_pi/movement_pattern
[2.038s] creating /home/user/Documents/NYU/Swarm/Swarm6333/Project/swarm_ws/install/ros2swarm/share/ros2swarm/config/waffle_pi/movement_pattern/basic
[2.038s] symbolically linking /home/user/Documents/NYU/Swarm/Swarm6333/Project/swarm_ws/build/ros2swarm/config/waffle_pi/movement_pattern/basic/magnetometer_pattern.yaml -> /home/user/Documents/NYU/Swarm/Swarm6333/Project/swarm_ws/install/ros2swarm/share/ros2swarm/config/waffle_pi/movement_pattern/basic
[2.039s] symbolically linking /home/user/Documents/NYU/Swarm/Swarm6333/Project/swarm_ws/build/ros2swarm/config/waffle_pi/movement_pattern/basic/attraction_pattern2.yaml -> /home/user/Documents/NYU/Swarm/Swarm6333/Project/swarm_ws/install/ros2swarm/share/ros2swarm/config/waffle_pi/movement_pattern/basic
[2.039s] symbolically linking /home/user/Documents/NYU/Swarm/Swarm6333/Project/swarm_ws/build/ros2swarm/config/waffle_pi/movement_pattern/basic/rat_search_pattern.yaml -> /home/user/Documents/NYU/Swarm/Swarm6333/Project/swarm_ws/install/ros2swarm/share/ros2swarm/config/waffle_pi/movement_pattern/basic
[2.039s] symbolically linking /home/user/Documents/NYU/Swarm/Swarm6333/Project/swarm_ws/build/ros2swarm/config/waffle_pi/movement_pattern/basic/random_walk_pattern.yaml -> /home/user/Documents/NYU/Swarm/Swarm6333/Project/swarm_ws/install/ros2swarm/share/ros2swarm/config/waffle_pi/movement_pattern/basic
[2.039s] symbolically linking /home/user/Documents/NYU/Swarm/Swarm6333/Project/swarm_ws/build/ros2swarm/config/waffle_pi/movement_pattern/basic/dispersion_pattern.yaml -> /home/user/Documents/NYU/Swarm/Swarm6333/Project/swarm_ws/install/ros2swarm/share/ros2swarm/config/waffle_pi/movement_pattern/basic
[2.039s] symbolically linking /home/user/Documents/NYU/Swarm/Swarm6333/Project/swarm_ws/build/ros2swarm/config/waffle_pi/movement_pattern/basic/move_to_target_pattern.yaml -> /home/user/Documents/NYU/Swarm/Swarm6333/Project/swarm_ws/install/ros2swarm/share/ros2swarm/config/waffle_pi/movement_pattern/basic
[2.039s] symbolically linking /home/user/Documents/NYU/Swarm/Swarm6333/Project/swarm_ws/build/ros2swarm/config/waffle_pi/movement_pattern/basic/aggregation_pattern.yaml -> /home/user/Documents/NYU/Swarm/Swarm6333/Project/swarm_ws/install/ros2swarm/share/ros2swarm/config/waffle_pi/movement_pattern/basic
[2.039s] symbolically linking /home/user/Documents/NYU/Swarm/Swarm6333/Project/swarm_ws/build/ros2swarm/config/waffle_pi/movement_pattern/basic/minimalist_flocking_pattern.yaml -> /home/user/Documents/NYU/Swarm/Swarm6333/Project/swarm_ws/install/ros2swarm/share/ros2swarm/config/waffle_pi/movement_pattern/basic
[2.039s] symbolically linking /home/user/Documents/NYU/Swarm/Swarm6333/Project/swarm_ws/build/ros2swarm/config/waffle_pi/movement_pattern/basic/attraction_pattern.yaml -> /home/user/Documents/NYU/Swarm/Swarm6333/Project/swarm_ws/install/ros2swarm/share/ros2swarm/config/waffle_pi/movement_pattern/basic
[2.045s] symbolically linking /home/user/Documents/NYU/Swarm/Swarm6333/Project/swarm_ws/build/ros2swarm/config/waffle_pi/movement_pattern/basic/drive_pattern.yaml -> /home/user/Documents/NYU/Swarm/Swarm6333/Project/swarm_ws/install/ros2swarm/share/ros2swarm/config/waffle_pi/movement_pattern/basic
[2.045s] creating /home/user/Documents/NYU/Swarm/Swarm6333/Project/swarm_ws/install/ros2swarm/share/ros2swarm/config/waffle_pi/movement_pattern/combined
[2.045s] symbolically linking /home/user/Documents/NYU/Swarm/Swarm6333/Project/swarm_ws/build/ros2swarm/config/waffle_pi/movement_pattern/combined/task_allocation_pattern.yaml -> /home/user/Documents/NYU/Swarm/Swarm6333/Project/swarm_ws/install/ros2swarm/share/ros2swarm/config/waffle_pi/movement_pattern/combined
[2.045s] symbolically linking /home/user/Documents/NYU/Swarm/Swarm6333/Project/swarm_ws/build/ros2swarm/config/waffle_pi/movement_pattern/combined/discussed_dispersion_pattern.yaml -> /home/user/Documents/NYU/Swarm/Swarm6333/Project/swarm_ws/install/ros2swarm/share/ros2swarm/config/waffle_pi/movement_pattern/combined
[2.045s] creating /home/user/Documents/NYU/Swarm/Swarm6333/Project/swarm_ws/install/ros2swarm/share/ros2swarm/config/waffle_pi/voting_pattern
[2.046s] creating /home/user/Documents/NYU/Swarm/Swarm6333/Project/swarm_ws/install/ros2swarm/share/ros2swarm/config/waffle_pi/voting_pattern/basic
[2.046s] symbolically linking /home/user/Documents/NYU/Swarm/Swarm6333/Project/swarm_ws/build/ros2swarm/config/waffle_pi/voting_pattern/basic/majority_rule_pattern.yaml -> /home/user/Documents/NYU/Swarm/Swarm6333/Project/swarm_ws/install/ros2swarm/share/ros2swarm/config/waffle_pi/voting_pattern/basic
[2.046s] symbolically linking /home/user/Documents/NYU/Swarm/Swarm6333/Project/swarm_ws/build/ros2swarm/config/waffle_pi/voting_pattern/basic/voter_model_with_limiter_pattern.yaml -> /home/user/Documents/NYU/Swarm/Swarm6333/Project/swarm_ws/install/ros2swarm/share/ros2swarm/config/waffle_pi/voting_pattern/basic
[2.046s] symbolically linking /home/user/Documents/NYU/Swarm/Swarm6333/Project/swarm_ws/build/ros2swarm/config/waffle_pi/voting_pattern/basic/voter_model_pattern.yaml -> /home/user/Documents/NYU/Swarm/Swarm6333/Project/swarm_ws/install/ros2swarm/share/ros2swarm/config/waffle_pi/voting_pattern/basic
[2.046s] creating /home/user/Documents/NYU/Swarm/Swarm6333/Project/swarm_ws/install/ros2swarm/share/ros2swarm/config/jackal
[2.046s] symbolically linking /home/user/Documents/NYU/Swarm/Swarm6333/Project/swarm_ws/build/ros2swarm/config/jackal/hardware_protection_layer.yaml -> /home/user/Documents/NYU/Swarm/Swarm6333/Project/swarm_ws/install/ros2swarm/share/ros2swarm/config/jackal
[2.046s] creating /home/user/Documents/NYU/Swarm/Swarm6333/Project/swarm_ws/install/ros2swarm/share/ros2swarm/config/jackal/movement_pattern
[2.046s] creating /home/user/Documents/NYU/Swarm/Swarm6333/Project/swarm_ws/install/ros2swarm/share/ros2swarm/config/jackal/movement_pattern/basic
[2.046s] symbolically linking /home/user/Documents/NYU/Swarm/Swarm6333/Project/swarm_ws/build/ros2swarm/config/jackal/movement_pattern/basic/magnetometer_pattern.yaml -> /home/user/Documents/NYU/Swarm/Swarm6333/Project/swarm_ws/install/ros2swarm/share/ros2swarm/config/jackal/movement_pattern/basic
[2.046s] symbolically linking /home/user/Documents/NYU/Swarm/Swarm6333/Project/swarm_ws/build/ros2swarm/config/jackal/movement_pattern/basic/attraction_pattern2.yaml -> /home/user/Documents/NYU/Swarm/Swarm6333/Project/swarm_ws/install/ros2swarm/share/ros2swarm/config/jackal/movement_pattern/basic
[2.046s] symbolically linking /home/user/Documents/NYU/Swarm/Swarm6333/Project/swarm_ws/build/ros2swarm/config/jackal/movement_pattern/basic/rat_search_pattern.yaml -> /home/user/Documents/NYU/Swarm/Swarm6333/Project/swarm_ws/install/ros2swarm/share/ros2swarm/config/jackal/movement_pattern/basic
[2.046s] symbolically linking /home/user/Documents/NYU/Swarm/Swarm6333/Project/swarm_ws/build/ros2swarm/config/jackal/movement_pattern/basic/random_walk_pattern.yaml -> /home/user/Documents/NYU/Swarm/Swarm6333/Project/swarm_ws/install/ros2swarm/share/ros2swarm/config/jackal/movement_pattern/basic
[2.047s] symbolically linking /home/user/Documents/NYU/Swarm/Swarm6333/Project/swarm_ws/build/ros2swarm/config/jackal/movement_pattern/basic/dispersion_pattern.yaml -> /home/user/Documents/NYU/Swarm/Swarm6333/Project/swarm_ws/install/ros2swarm/share/ros2swarm/config/jackal/movement_pattern/basic
[2.047s] symbolically linking /home/user/Documents/NYU/Swarm/Swarm6333/Project/swarm_ws/build/ros2swarm/config/jackal/movement_pattern/basic/move_to_target_pattern.yaml -> /home/user/Documents/NYU/Swarm/Swarm6333/Project/swarm_ws/install/ros2swarm/share/ros2swarm/config/jackal/movement_pattern/basic
[2.047s] symbolically linking /home/user/Documents/NYU/Swarm/Swarm6333/Project/swarm_ws/build/ros2swarm/config/jackal/movement_pattern/basic/aggregation_pattern.yaml -> /home/user/Documents/NYU/Swarm/Swarm6333/Project/swarm_ws/install/ros2swarm/share/ros2swarm/config/jackal/movement_pattern/basic
[2.047s] symbolically linking /home/user/Documents/NYU/Swarm/Swarm6333/Project/swarm_ws/build/ros2swarm/config/jackal/movement_pattern/basic/minimalist_flocking_pattern.yaml -> /home/user/Documents/NYU/Swarm/Swarm6333/Project/swarm_ws/install/ros2swarm/share/ros2swarm/config/jackal/movement_pattern/basic
[2.047s] symbolically linking /home/user/Documents/NYU/Swarm/Swarm6333/Project/swarm_ws/build/ros2swarm/config/jackal/movement_pattern/basic/attraction_pattern.yaml -> /home/user/Documents/NYU/Swarm/Swarm6333/Project/swarm_ws/install/ros2swarm/share/ros2swarm/config/jackal/movement_pattern/basic
[2.047s] symbolically linking /home/user/Documents/NYU/Swarm/Swarm6333/Project/swarm_ws/build/ros2swarm/config/jackal/movement_pattern/basic/drive_pattern.yaml -> /home/user/Documents/NYU/Swarm/Swarm6333/Project/swarm_ws/install/ros2swarm/share/ros2swarm/config/jackal/movement_pattern/basic
[2.047s] creating /home/user/Documents/NYU/Swarm/Swarm6333/Project/swarm_ws/install/ros2swarm/share/ros2swarm/config/jackal/movement_pattern/combined
[2.047s] symbolically linking /home/user/Documents/NYU/Swarm/Swarm6333/Project/swarm_ws/build/ros2swarm/config/jackal/movement_pattern/combined/task_allocation_pattern.yaml -> /home/user/Documents/NYU/Swarm/Swarm6333/Project/swarm_ws/install/ros2swarm/share/ros2swarm/config/jackal/movement_pattern/combined
[2.047s] symbolically linking /home/user/Documents/NYU/Swarm/Swarm6333/Project/swarm_ws/build/ros2swarm/config/jackal/movement_pattern/combined/discussed_dispersion_pattern.yaml -> /home/user/Documents/NYU/Swarm/Swarm6333/Project/swarm_ws/install/ros2swarm/share/ros2swarm/config/jackal/movement_pattern/combined
[2.047s] creating /home/user/Documents/NYU/Swarm/Swarm6333/Project/swarm_ws/install/ros2swarm/share/ros2swarm/config/jackal/voting_pattern
[2.047s] creating /home/user/Documents/NYU/Swarm/Swarm6333/Project/swarm_ws/install/ros2swarm/share/ros2swarm/config/jackal/voting_pattern/basic
[2.048s] symbolically linking /home/user/Documents/NYU/Swarm/Swarm6333/Project/swarm_ws/build/ros2swarm/config/jackal/voting_pattern/basic/majority_rule_pattern.yaml -> /home/user/Documents/NYU/Swarm/Swarm6333/Project/swarm_ws/install/ros2swarm/share/ros2swarm/config/jackal/voting_pattern/basic
[2.048s] symbolically linking /home/user/Documents/NYU/Swarm/Swarm6333/Project/swarm_ws/build/ros2swarm/config/jackal/voting_pattern/basic/voter_model_with_limiter_pattern.yaml -> /home/user/Documents/NYU/Swarm/Swarm6333/Project/swarm_ws/install/ros2swarm/share/ros2swarm/config/jackal/voting_pattern/basic
[2.048s] symbolically linking /home/user/Documents/NYU/Swarm/Swarm6333/Project/swarm_ws/build/ros2swarm/config/jackal/voting_pattern/basic/voter_model_pattern.yaml -> /home/user/Documents/NYU/Swarm/Swarm6333/Project/swarm_ws/install/ros2swarm/share/ros2swarm/config/jackal/voting_pattern/basic
[2.048s] creating /home/user/Documents/NYU/Swarm/Swarm6333/Project/swarm_ws/install/ros2swarm/share/ros2swarm/param
[2.048s] symbolically linking /home/user/Documents/NYU/Swarm/Swarm6333/Project/swarm_ws/build/ros2swarm/param/burger.yaml -> /home/user/Documents/NYU/Swarm/Swarm6333/Project/swarm_ws/install/ros2swarm/share/ros2swarm/param
[2.048s] symbolically linking /home/user/Documents/NYU/Swarm/Swarm6333/Project/swarm_ws/build/ros2swarm/param/waffle_pi.yaml -> /home/user/Documents/NYU/Swarm/Swarm6333/Project/swarm_ws/install/ros2swarm/share/ros2swarm/param
[2.093s] Invoked command in '/home/user/Documents/NYU/Swarm/Swarm6333/Project/swarm_ws/build/ros2swarm' returned '0': PYTHONPATH=/home/user/Documents/NYU/Swarm/Swarm6333/Project/swarm_ws/build/ros2swarm/prefix_override:/usr/lib/python3/dist-packages/colcon_core/task/python/colcon_distutils_commands:/home/user/Documents/NYU/Swarm/Swarm6333/Project/swarm_ws/install/ros2swarm/lib/python3.8/site-packages:${PYTHONPATH} /usr/bin/python3 -W ignore:setup.py install is deprecated -W ignore:easy_install command is deprecated setup.py develop --editable --build-directory /home/user/Documents/NYU/Swarm/Swarm6333/Project/swarm_ws/build/ros2swarm/build --no-deps symlink_data
