[1.771s] Invoking command in '/home/user/Documents/NYU/Swarm/Swarm6333/Project/swarm_ws/build/ros2swarm': CONDA_PROMPT_MODIFIER=(base) PYTHONPATH=/home/user/Documents/NYU/Swarm/Swarm6333/Project/swarm_ws/build/ros2swarm/prefix_override:/usr/lib/python3/dist-packages/colcon_core/task/python/colcon_distutils_commands:/home/user/Documents/NYU/Swarm/Swarm6333/Project/swarm_ws/install/ros2swarm/lib/python3.8/site-packages:${PYTHONPATH} /usr/bin/python3 -W ignore:setup.py install is deprecated -W ignore:easy_install command is deprecated setup.py develop --editable --build-directory /home/user/Documents/NYU/Swarm/Swarm6333/Project/swarm_ws/build/ros2swarm/build --no-deps symlink_data
[2.033s] running develop
[2.197s] running egg_info
[2.197s] writing ros2swarm.egg-info/PKG-INFO
[2.198s] writing dependency_links to ros2swarm.egg-info/dependency_links.txt
[2.198s] writing entry points to ros2swarm.egg-info/entry_points.txt
[2.198s] writing requirements to ros2swarm.egg-info/requires.txt
[2.198s] writing top-level names to ros2swarm.egg-info/top_level.txt
[2.230s] reading manifest file 'ros2swarm.egg-info/SOURCES.txt'
[2.232s] writing manifest file 'ros2swarm.egg-info/SOURCES.txt'
[2.264s] running build_ext
[2.265s] Creating /home/user/Documents/NYU/Swarm/Swarm6333/Project/swarm_ws/install/ros2swarm/lib/python3.8/site-packages/ros2swarm.egg-link (link to .)
[2.265s] Installing aggregation_pattern script to /home/user/Documents/NYU/Swarm/Swarm6333/Project/swarm_ws/install/ros2swarm/lib/ros2swarm
[2.265s] Installing attraction_pattern script to /home/user/Documents/NYU/Swarm/Swarm6333/Project/swarm_ws/install/ros2swarm/lib/ros2swarm
[2.266s] Installing attraction_pattern2 script to /home/user/Documents/NYU/Swarm/Swarm6333/Project/swarm_ws/install/ros2swarm/lib/ros2swarm
[2.266s] Installing discussed_dispersion_pattern script to /home/user/Documents/NYU/Swarm/Swarm6333/Project/swarm_ws/install/ros2swarm/lib/ros2swarm
[2.266s] Installing dispersion_pattern script to /home/user/Documents/NYU/Swarm/Swarm6333/Project/swarm_ws/install/ros2swarm/lib/ros2swarm
[2.266s] Installing drive_pattern script to /home/user/Documents/NYU/Swarm/Swarm6333/Project/swarm_ws/install/ros2swarm/lib/ros2swarm
[2.266s] Installing hardware_protection_layer script to /home/user/Documents/NYU/Swarm/Swarm6333/Project/swarm_ws/install/ros2swarm/lib/ros2swarm
[2.266s] Installing items_master_node script to /home/user/Documents/NYU/Swarm/Swarm6333/Project/swarm_ws/install/ros2swarm/lib/ros2swarm
[2.266s] Installing magnetometer_pattern script to /home/user/Documents/NYU/Swarm/Swarm6333/Project/swarm_ws/install/ros2swarm/lib/ros2swarm
[2.267s] Installing majority_rule_pattern script to /home/user/Documents/NYU/Swarm/Swarm6333/Project/swarm_ws/install/ros2swarm/lib/ros2swarm
[2.267s] Installing minimalist_flocking_pattern script to /home/user/Documents/NYU/Swarm/Swarm6333/Project/swarm_ws/install/ros2swarm/lib/ros2swarm
[2.267s] Installing move_to_target_pattern script to /home/user/Documents/NYU/Swarm/Swarm6333/Project/swarm_ws/install/ros2swarm/lib/ros2swarm
[2.267s] Installing random_walk_pattern script to /home/user/Documents/NYU/Swarm/Swarm6333/Project/swarm_ws/install/ros2swarm/lib/ros2swarm
[2.268s] Installing rat_search_pattern script to /home/user/Documents/NYU/Swarm/Swarm6333/Project/swarm_ws/install/ros2swarm/lib/ros2swarm
[2.268s] Installing task_allocation_pattern script to /home/user/Documents/NYU/Swarm/Swarm6333/Project/swarm_ws/install/ros2swarm/lib/ros2swarm
[2.268s] Installing voter_model_pattern script to /home/user/Documents/NYU/Swarm/Swarm6333/Project/swarm_ws/install/ros2swarm/lib/ros2swarm
[2.268s] Installing voter_model_with_limiter_pattern script to /home/user/Documents/NYU/Swarm/Swarm6333/Project/swarm_ws/install/ros2swarm/lib/ros2swarm
[2.270s] 
[2.270s] Installed /home/user/Documents/NYU/Swarm/Swarm6333/Project/swarm_ws/build/ros2swarm
[2.271s] running symlink_data
[2.310s] Invoked command in '/home/user/Documents/NYU/Swarm/Swarm6333/Project/swarm_ws/build/ros2swarm' returned '0': CONDA_PROMPT_MODIFIER=(base) PYTHONPATH=/home/user/Documents/NYU/Swarm/Swarm6333/Project/swarm_ws/build/ros2swarm/prefix_override:/usr/lib/python3/dist-packages/colcon_core/task/python/colcon_distutils_commands:/home/user/Documents/NYU/Swarm/Swarm6333/Project/swarm_ws/install/ros2swarm/lib/python3.8/site-packages:${PYTHONPATH} /usr/bin/python3 -W ignore:setup.py install is deprecated -W ignore:easy_install command is deprecated setup.py develop --editable --build-directory /home/user/Documents/NYU/Swarm/Swarm6333/Project/swarm_ws/build/ros2swarm/build --no-deps symlink_data
