[1.501s] Invoking command in '/home/user/Documents/NYU/Swarm/Swarm6333/Project/swarm_ws/build/ros2swarm': PYTHONPATH=/home/user/Documents/NYU/Swarm/Swarm6333/Project/swarm_ws/build/ros2swarm/prefix_override:/usr/lib/python3/dist-packages/colcon_core/task/python/colcon_distutils_commands:/home/user/Documents/NYU/Swarm/Swarm6333/Project/swarm_ws/install/ros2swarm/lib/python3.8/site-packages:${PYTHONPATH} /usr/bin/python3 -W ignore:setup.py install is deprecated -W ignore:easy_install command is deprecated setup.py develop --editable --build-directory /home/user/Documents/NYU/Swarm/Swarm6333/Project/swarm_ws/build/ros2swarm/build --no-deps symlink_data
[1.811s] running develop
[1.965s] running egg_info
[1.965s] writing ros2swarm.egg-info/PKG-INFO
[1.965s] writing dependency_links to ros2swarm.egg-info/dependency_links.txt
[1.965s] writing entry points to ros2swarm.egg-info/entry_points.txt
[1.965s] writing requirements to ros2swarm.egg-info/requires.txt
[1.966s] writing top-level names to ros2swarm.egg-info/top_level.txt
[1.996s] reading manifest file 'ros2swarm.egg-info/SOURCES.txt'
[1.998s] writing manifest file 'ros2swarm.egg-info/SOURCES.txt'
[2.028s] running build_ext
[2.028s] Creating /home/user/Documents/NYU/Swarm/Swarm6333/Project/swarm_ws/install/ros2swarm/lib/python3.8/site-packages/ros2swarm.egg-link (link to .)
[2.029s] Installing aggregation_pattern script to /home/user/Documents/NYU/Swarm/Swarm6333/Project/swarm_ws/install/ros2swarm/lib/ros2swarm
[2.029s] Installing attraction_pattern script to /home/user/Documents/NYU/Swarm/Swarm6333/Project/swarm_ws/install/ros2swarm/lib/ros2swarm
[2.030s] Installing attraction_pattern2 script to /home/user/Documents/NYU/Swarm/Swarm6333/Project/swarm_ws/install/ros2swarm/lib/ros2swarm
[2.030s] Installing discussed_dispersion_pattern script to /home/user/Documents/NYU/Swarm/Swarm6333/Project/swarm_ws/install/ros2swarm/lib/ros2swarm
[2.030s] Installing dispersion_pattern script to /home/user/Documents/NYU/Swarm/Swarm6333/Project/swarm_ws/install/ros2swarm/lib/ros2swarm
[2.030s] Installing drive_pattern script to /home/user/Documents/NYU/Swarm/Swarm6333/Project/swarm_ws/install/ros2swarm/lib/ros2swarm
[2.030s] Installing hardware_protection_layer script to /home/user/Documents/NYU/Swarm/Swarm6333/Project/swarm_ws/install/ros2swarm/lib/ros2swarm
[2.030s] Installing items_master_node script to /home/user/Documents/NYU/Swarm/Swarm6333/Project/swarm_ws/install/ros2swarm/lib/ros2swarm
[2.030s] Installing magnetometer_pattern script to /home/user/Documents/NYU/Swarm/Swarm6333/Project/swarm_ws/install/ros2swarm/lib/ros2swarm
[2.030s] Installing majority_rule_pattern script to /home/user/Documents/NYU/Swarm/Swarm6333/Project/swarm_ws/install/ros2swarm/lib/ros2swarm
[2.030s] Installing minimalist_flocking_pattern script to /home/user/Documents/NYU/Swarm/Swarm6333/Project/swarm_ws/install/ros2swarm/lib/ros2swarm
[2.031s] Installing move_to_target_pattern script to /home/user/Documents/NYU/Swarm/Swarm6333/Project/swarm_ws/install/ros2swarm/lib/ros2swarm
[2.031s] Installing random_walk_pattern script to /home/user/Documents/NYU/Swarm/Swarm6333/Project/swarm_ws/install/ros2swarm/lib/ros2swarm
[2.031s] Installing rat_search_pattern script to /home/user/Documents/NYU/Swarm/Swarm6333/Project/swarm_ws/install/ros2swarm/lib/ros2swarm
[2.031s] Installing task_allocation_pattern script to /home/user/Documents/NYU/Swarm/Swarm6333/Project/swarm_ws/install/ros2swarm/lib/ros2swarm
[2.031s] Installing voter_model_pattern script to /home/user/Documents/NYU/Swarm/Swarm6333/Project/swarm_ws/install/ros2swarm/lib/ros2swarm
[2.031s] Installing voter_model_with_limiter_pattern script to /home/user/Documents/NYU/Swarm/Swarm6333/Project/swarm_ws/install/ros2swarm/lib/ros2swarm
[2.031s] 
[2.031s] Installed /home/user/Documents/NYU/Swarm/Swarm6333/Project/swarm_ws/build/ros2swarm
[2.031s] running symlink_data
[2.067s] Invoked command in '/home/user/Documents/NYU/Swarm/Swarm6333/Project/swarm_ws/build/ros2swarm' returned '0': PYTHONPATH=/home/user/Documents/NYU/Swarm/Swarm6333/Project/swarm_ws/build/ros2swarm/prefix_override:/usr/lib/python3/dist-packages/colcon_core/task/python/colcon_distutils_commands:/home/user/Documents/NYU/Swarm/Swarm6333/Project/swarm_ws/install/ros2swarm/lib/python3.8/site-packages:${PYTHONPATH} /usr/bin/python3 -W ignore:setup.py install is deprecated -W ignore:easy_install command is deprecated setup.py develop --editable --build-directory /home/user/Documents/NYU/Swarm/Swarm6333/Project/swarm_ws/build/ros2swarm/build --no-deps symlink_data
