[0.011s] Invoking command in '/home/user/Documents/NYU/Swarm/Swarm6333/Project/swarm_ws/build/aruco_opencv': AMENT_PREFIX_PATH=/home/user/Documents/NYU/Swarm/Swarm6333/Project/swarm_ws/install/aruco_opencv_msgs:${AMENT_PREFIX_PATH} CMAKE_PREFIX_PATH=/home/user/Documents/NYU/Swarm/Swarm6333/Project/swarm_ws/install/aruco_opencv_msgs:/home/user/Documents/NYU/Swarm/Swarm6333/Project/swarm_ws/install/ros2_aruco_interfaces:/home/user/Documents/NYU/Swarm/Swarm6333/Project/swarm_ws/install/communication_interfaces:/home/user/Documents/NYU/Swarm/Swarm6333/Project/swarm_ws/install/choirbot_interfaces:/home/user/Documents/NYU/Swarm/Swarm6333/Project/swarm_ws/install/ros2swarm:/home/user/Documents/NYU/Swarm/Swarm6333/Project/swarm_ws/install/ros2_aruco:/home/user/Documents/NYU/Swarm/Swarm6333/Project/swarm_ws/install/launch_turtlebot_gazebo:/home/user/Documents/NYU/Swarm/Swarm6333/Project/swarm_ws/install/choirbot_examples:/home/user/Documents/NYU/Swarm/Swarm6333/Project/swarm_ws/install/choirbot:/opt/ros/foxy LD_LIBRARY_PATH=/home/user/Documents/NYU/Swarm/Swarm6333/Project/swarm_ws/install/aruco_opencv_msgs/lib:${LD_LIBRARY_PATH} PYTHONPATH=/home/user/Documents/NYU/Swarm/Swarm6333/Project/swarm_ws/install/aruco_opencv_msgs/lib/python3.8/site-packages:${PYTHONPATH} /usr/bin/cmake /home/user/Documents/NYU/Swarm/Swarm6333/Project/swarm_ws/src/ros_aruco_opencv/aruco_opencv -DAMENT_CMAKE_SYMLINK_INSTALL=1 -DCMAKE_INSTALL_PREFIX=/home/user/Documents/NYU/Swarm/Swarm6333/Project/swarm_ws/install/aruco_opencv
[0.059s] -- The C compiler identification is GNU 9.4.0
[0.104s] -- The CXX compiler identification is GNU 9.4.0
[0.108s] -- Check for working C compiler: /usr/bin/cc
[0.169s] -- Check for working C compiler: /usr/bin/cc -- works
[0.170s] -- Detecting C compiler ABI info
[0.233s] -- Detecting C compiler ABI info - done
[0.244s] -- Detecting C compile features
[0.245s] -- Detecting C compile features - done
[0.248s] -- Check for working CXX compiler: /usr/bin/c++
[0.317s] -- Check for working CXX compiler: /usr/bin/c++ -- works
[0.318s] -- Detecting CXX compiler ABI info
[0.387s] -- Detecting CXX compiler ABI info - done
[0.398s] -- Detecting CXX compile features
[0.398s] -- Detecting CXX compile features - done
[0.401s] -- Found ament_cmake: 0.9.12 (/opt/ros/foxy/share/ament_cmake/cmake)
[0.430s] -- Found PythonInterp: /usr/bin/python3 (found suitable version "3.8.10", minimum required is "3") 
[0.430s] -- Using PYTHON_EXECUTABLE: /usr/bin/python3
[0.607s] -- Override CMake install command with custom implementation using symlinks instead of copying resources
[0.637s] -- Found rclcpp: 2.4.3 (/opt/ros/foxy/share/rclcpp/cmake)
[0.689s] -- Using all available rosidl_typesupport_c: rosidl_typesupport_fastrtps_c;rosidl_typesupport_introspection_c
[0.696s] -- Found rosidl_adapter: 1.3.1 (/opt/ros/foxy/share/rosidl_adapter/cmake)
[0.771s] -- Found OpenSSL: /usr/lib/x86_64-linux-gnu/libcrypto.so (found version "1.1.1f")  
[0.797s] -- Found FastRTPS: /opt/ros/foxy/include  
[0.867s] -- Using all available rosidl_typesupport_cpp: rosidl_typesupport_fastrtps_cpp;rosidl_typesupport_introspection_cpp
[0.921s] -- Found rmw_implementation_cmake: 1.0.4 (/opt/ros/foxy/share/rmw_implementation_cmake/cmake)
[0.923s] -- Using RMW implementation 'rmw_fastrtps_cpp' as default
[0.924s] -- Looking for pthread.h
[0.987s] -- Looking for pthread.h - found
[0.987s] -- Performing Test CMAKE_HAVE_LIBC_PTHREAD
[1.048s] -- Performing Test CMAKE_HAVE_LIBC_PTHREAD - Failed
[1.048s] -- Looking for pthread_create in pthreads
[1.100s] -- Looking for pthread_create in pthreads - not found
[1.100s] -- Looking for pthread_create in pthread
[1.158s] -- Looking for pthread_create in pthread - found
[1.159s] -- Found Threads: TRUE  
[1.303s] -- Found rclcpp_components: 2.4.3 (/opt/ros/foxy/share/rclcpp_components/cmake)
[1.361s] -- Found rclcpp_lifecycle: 2.4.3 (/opt/ros/foxy/share/rclcpp_lifecycle/cmake)
[1.391s] -- Found aruco_opencv_msgs: 6.0.1 (/home/user/Documents/NYU/Swarm/Swarm6333/Project/swarm_ws/install/aruco_opencv_msgs/share/aruco_opencv_msgs/cmake)
[1.477s] -- Found cv_bridge: 3.0.7 (/opt/ros/foxy/share/cv_bridge/cmake)
[1.565s] -- Found tf2_ros: 0.13.14 (/opt/ros/foxy/share/tf2_ros/cmake)
[1.812s] -- Found tf2_geometry_msgs: 0.13.14 (/opt/ros/foxy/share/tf2_geometry_msgs/cmake)
[1.821s] -- Found eigen3_cmake_module: 0.1.1 (/opt/ros/foxy/share/eigen3_cmake_module/cmake)
[1.824s] -- Found Eigen3: TRUE (found version "3.3.7") 
[1.847s] -- Found image_transport: 2.4.0 (/opt/ros/foxy/share/image_transport/cmake)
[1.880s] -- Found OpenCV: /usr (found suitable version "4.2.0", minimum required is "4.2.0") found components: aruco 
[1.896s] -- Found ament_lint_auto: 0.9.8 (/opt/ros/foxy/share/ament_lint_auto/cmake)
[1.962s] -- Added test 'copyright' to check source files copyright and LICENSE
[1.963s] -- Added test 'cpplint' to check C / C++ code against the Google style
[1.963s] -- Configured cpplint exclude dirs and/or files: 
[1.963s] -- Added test 'lint_cmake' to check CMake code style
[1.965s] -- Added test 'uncrustify' to check C / C++ code style
[1.965s] -- Configured uncrustify additional arguments: 
[1.965s] -- Added test 'xmllint' to check XML markup files
[1.968s] -- Configuring done
[1.972s] CMake Error at CMakeLists.txt:16 (add_library):
[1.972s]   Target "aruco_opencv" links to target "rclcpp_components::component" but
[1.972s]   the target was not found.  Perhaps a find_package() call is missing for an
[1.972s]   IMPORTED target, or an ALIAS target is missing?
[1.972s] 
[1.972s] 
[1.972s] CMake Error at CMakeLists.txt:16 (add_library):
[1.972s]   Target "aruco_opencv" links to target "image_transport::image_transport"
[1.972s]   but the target was not found.  Perhaps a find_package() call is missing for
[1.972s]   an IMPORTED target, or an ALIAS target is missing?
[1.972s] 
[1.972s] 
[1.998s] -- Generating done
[1.999s] CMake Generate step failed.  Build files cannot be regenerated correctly.
[2.010s] Invoked command in '/home/user/Documents/NYU/Swarm/Swarm6333/Project/swarm_ws/build/aruco_opencv' returned '1': AMENT_PREFIX_PATH=/home/user/Documents/NYU/Swarm/Swarm6333/Project/swarm_ws/install/aruco_opencv_msgs:${AMENT_PREFIX_PATH} CMAKE_PREFIX_PATH=/home/user/Documents/NYU/Swarm/Swarm6333/Project/swarm_ws/install/aruco_opencv_msgs:/home/user/Documents/NYU/Swarm/Swarm6333/Project/swarm_ws/install/ros2_aruco_interfaces:/home/user/Documents/NYU/Swarm/Swarm6333/Project/swarm_ws/install/communication_interfaces:/home/user/Documents/NYU/Swarm/Swarm6333/Project/swarm_ws/install/choirbot_interfaces:/home/user/Documents/NYU/Swarm/Swarm6333/Project/swarm_ws/install/ros2swarm:/home/user/Documents/NYU/Swarm/Swarm6333/Project/swarm_ws/install/ros2_aruco:/home/user/Documents/NYU/Swarm/Swarm6333/Project/swarm_ws/install/launch_turtlebot_gazebo:/home/user/Documents/NYU/Swarm/Swarm6333/Project/swarm_ws/install/choirbot_examples:/home/user/Documents/NYU/Swarm/Swarm6333/Project/swarm_ws/install/choirbot:/opt/ros/foxy LD_LIBRARY_PATH=/home/user/Documents/NYU/Swarm/Swarm6333/Project/swarm_ws/install/aruco_opencv_msgs/lib:${LD_LIBRARY_PATH} PYTHONPATH=/home/user/Documents/NYU/Swarm/Swarm6333/Project/swarm_ws/install/aruco_opencv_msgs/lib/python3.8/site-packages:${PYTHONPATH} /usr/bin/cmake /home/user/Documents/NYU/Swarm/Swarm6333/Project/swarm_ws/src/ros_aruco_opencv/aruco_opencv -DAMENT_CMAKE_SYMLINK_INSTALL=1 -DCMAKE_INSTALL_PREFIX=/home/user/Documents/NYU/Swarm/Swarm6333/Project/swarm_ws/install/aruco_opencv
