[0.038s] Invoking command in '/home/user/Documents/NYU/Swarm/Swarm6333/Project/swarm_ws/build/communication_interfaces': CMAKE_PREFIX_PATH=${CMAKE_PREFIX_PATH}:/home/user/Documents/NYU/Swarm/Swarm6333/Project/swarm_ws/install/ros2swarm:/home/user/Documents/NYU/Swarm/Swarm6333/Project/swarm_ws/install/launch_gazebo:/home/user/Documents/NYU/Swarm/Swarm6333/Project/swarm_ws/install/ros2_aruco:/home/user/Documents/NYU/Swarm/Swarm6333/Project/swarm_ws/install/choirbot_examples:/home/user/Documents/NYU/Swarm/Swarm6333/Project/swarm_ws/install/choirbot:/opt/ros/foxy /usr/bin/cmake /home/user/Documents/NYU/Swarm/Swarm6333/Project/swarm_ws/src/ROS2swarm/src/communication_interfaces -DAMENT_CMAKE_SYMLINK_INSTALL=1 -DCMAKE_INSTALL_PREFIX=/home/user/Documents/NYU/Swarm/Swarm6333/Project/swarm_ws/install/communication_interfaces
[0.792s] -- The C compiler identification is GNU 9.4.0
[0.793s] -- The CXX compiler identification is GNU 9.4.0
[0.793s] -- Check for working C compiler: /usr/bin/cc
[0.793s] -- Check for working C compiler: /usr/bin/cc -- works
[0.793s] -- Detecting C compiler ABI info
[0.793s] -- Detecting C compiler ABI info - done
[0.793s] -- Detecting C compile features
[0.793s] -- Detecting C compile features - done
[0.793s] -- Check for working CXX compiler: /usr/bin/c++
[0.793s] -- Check for working CXX compiler: /usr/bin/c++ -- works
[0.793s] -- Detecting CXX compiler ABI info
[0.793s] -- Detecting CXX compiler ABI info - done
[0.793s] -- Detecting CXX compile features
[0.793s] -- Detecting CXX compile features - done
[0.793s] -- Found ament_cmake: 0.9.12 (/opt/ros/foxy/share/ament_cmake/cmake)
[0.793s] -- Found PythonInterp: /usr/bin/python3 (found suitable version "3.8.10", minimum required is "3") 
[0.793s] -- Using PYTHON_EXECUTABLE: /usr/bin/python3
[0.793s] -- Override CMake install command with custom implementation using symlinks instead of copying resources
[0.793s] -- Found rosidl_default_generators: 1.0.1 (/opt/ros/foxy/share/rosidl_default_generators/cmake)
[0.793s] -- Using all available rosidl_typesupport_c: rosidl_typesupport_fastrtps_c;rosidl_typesupport_introspection_c
[0.794s] -- Found rosidl_adapter: 1.3.1 (/opt/ros/foxy/share/rosidl_adapter/cmake)
[0.860s] -- Found OpenSSL: /usr/lib/x86_64-linux-gnu/libcrypto.so (found version "1.1.1f")  
[0.897s] -- Found FastRTPS: /opt/ros/foxy/include  
[0.993s] -- Using all available rosidl_typesupport_cpp: rosidl_typesupport_fastrtps_cpp;rosidl_typesupport_introspection_cpp
[1.065s] -- Found PythonInterp: /usr/bin/python3 (found version "3.8.10") 
[1.288s] -- Found ament_cmake_ros: 0.9.2 (/opt/ros/foxy/share/ament_cmake_ros/cmake)
[1.423s] -- Using all available rosidl_typesupport_c: rosidl_typesupport_fastrtps_c;rosidl_typesupport_introspection_c
[1.439s] -- Using all available rosidl_typesupport_cpp: rosidl_typesupport_fastrtps_cpp;rosidl_typesupport_introspection_cpp
[1.469s] -- Found PythonInterp: /usr/bin/python3 (found suitable version "3.8.10", minimum required is "3.5") 
[1.471s] -- Found python_cmake_module: 0.8.1 (/opt/ros/foxy/share/python_cmake_module/cmake)
[1.499s] -- Found PythonLibs: /usr/lib/x86_64-linux-gnu/libpython3.8.so (found suitable version "3.8.10", minimum required is "3.5") 
[1.499s] -- Using PYTHON_EXECUTABLE: /usr/bin/python3
[1.499s] -- Using PYTHON_INCLUDE_DIRS: /usr/include/python3.8
[1.499s] -- Using PYTHON_LIBRARIES: /usr/lib/x86_64-linux-gnu/libpython3.8.so
[1.528s] -- Found PythonExtra: .so  
[1.594s] -- Found ament_lint_auto: 0.9.8 (/opt/ros/foxy/share/ament_lint_auto/cmake)
[1.621s] -- Added test 'copyright' to check source files copyright and LICENSE
[1.623s] -- Added test 'lint_cmake' to check CMake code style
[1.624s] -- Added test 'xmllint' to check XML markup files
[1.630s] -- Configuring done
[1.691s] -- Generating done
[1.709s] -- Build files have been written to: /home/user/Documents/NYU/Swarm/Swarm6333/Project/swarm_ws/build/communication_interfaces
[1.725s] Invoked command in '/home/user/Documents/NYU/Swarm/Swarm6333/Project/swarm_ws/build/communication_interfaces' returned '0': CMAKE_PREFIX_PATH=${CMAKE_PREFIX_PATH}:/home/user/Documents/NYU/Swarm/Swarm6333/Project/swarm_ws/install/ros2swarm:/home/user/Documents/NYU/Swarm/Swarm6333/Project/swarm_ws/install/launch_gazebo:/home/user/Documents/NYU/Swarm/Swarm6333/Project/swarm_ws/install/ros2_aruco:/home/user/Documents/NYU/Swarm/Swarm6333/Project/swarm_ws/install/choirbot_examples:/home/user/Documents/NYU/Swarm/Swarm6333/Project/swarm_ws/install/choirbot:/opt/ros/foxy /usr/bin/cmake /home/user/Documents/NYU/Swarm/Swarm6333/Project/swarm_ws/src/ROS2swarm/src/communication_interfaces -DAMENT_CMAKE_SYMLINK_INSTALL=1 -DCMAKE_INSTALL_PREFIX=/home/user/Documents/NYU/Swarm/Swarm6333/Project/swarm_ws/install/communication_interfaces
[1.726s] Invoking command in '/home/user/Documents/NYU/Swarm/Swarm6333/Project/swarm_ws/build/communication_interfaces': CMAKE_PREFIX_PATH=${CMAKE_PREFIX_PATH}:/home/user/Documents/NYU/Swarm/Swarm6333/Project/swarm_ws/install/ros2swarm:/home/user/Documents/NYU/Swarm/Swarm6333/Project/swarm_ws/install/launch_gazebo:/home/user/Documents/NYU/Swarm/Swarm6333/Project/swarm_ws/install/ros2_aruco:/home/user/Documents/NYU/Swarm/Swarm6333/Project/swarm_ws/install/choirbot_examples:/home/user/Documents/NYU/Swarm/Swarm6333/Project/swarm_ws/install/choirbot:/opt/ros/foxy /usr/bin/cmake --build /home/user/Documents/NYU/Swarm/Swarm6333/Project/swarm_ws/build/communication_interfaces -- -j8 -l8
[1.776s] [35m[1mScanning dependencies of target communication_interfaces__cpp[0m
[1.779s] [  1%] [34m[1mGenerating C code for ROS interfaces[0m
[1.788s] [  2%] [34m[1mGenerating C++ code for ROS interfaces[0m
[2.720s] [  2%] Built target communication_interfaces__cpp
[2.731s] [35m[1mScanning dependencies of target communication_interfaces__rosidl_generator_c[0m
[2.740s] [  3%] [34m[1mGenerating C++ type support for eProsima Fast-RTPS[0m
[2.748s] [  6%] [34m[1mGenerating C++ type support dispatch for ROS interfaces[0m
[2.748s] [  6%] [34m[1mGenerating C++ introspection for ROS interfaces[0m
[2.753s] [  7%] [32mBuilding C object CMakeFiles/communication_interfaces__rosidl_generator_c.dir/rosidl_generator_c/communication_interfaces/msg/detail/opinion_message__functions.c.o[0m
[2.761s] [  8%] [32mBuilding C object CMakeFiles/communication_interfaces__rosidl_generator_c.dir/rosidl_generator_c/communication_interfaces/msg/detail/opinion_mac_message__functions.c.o[0m
[2.763s] [ 10%] [32mBuilding C object CMakeFiles/communication_interfaces__rosidl_generator_c.dir/rosidl_generator_c/communication_interfaces/msg/detail/string_message__functions.c.o[0m
[2.819s] [ 11%] [32mBuilding C object CMakeFiles/communication_interfaces__rosidl_generator_c.dir/rosidl_generator_c/communication_interfaces/msg/detail/int8_message__functions.c.o[0m
[2.828s] [ 12%] [32mBuilding C object CMakeFiles/communication_interfaces__rosidl_generator_c.dir/rosidl_generator_c/communication_interfaces/msg/detail/double_message__functions.c.o[0m
[2.875s] [ 13%] [32mBuilding C object CMakeFiles/communication_interfaces__rosidl_generator_c.dir/rosidl_generator_c/communication_interfaces/srv/detail/item_service__functions.c.o[0m
[2.909s] [ 15%] [32mBuilding C object CMakeFiles/communication_interfaces__rosidl_generator_c.dir/rosidl_generator_c/communication_interfaces/msg/detail/int_list_message__functions.c.o[0m
[3.077s] [ 16%] [32m[1mLinking C shared library libcommunication_interfaces__rosidl_generator_c.so[0m
[3.234s] [ 16%] Built target communication_interfaces__rosidl_generator_c
[3.256s] [ 17%] [34m[1mGenerating C introspection for ROS interfaces[0m
[3.269s] [ 18%] [34m[1mGenerating C type support dispatch for ROS interfaces[0m
[3.495s] [35m[1mScanning dependencies of target communication_interfaces__rosidl_typesupport_cpp[0m
[3.577s] [ 20%] [32mBuilding CXX object CMakeFiles/communication_interfaces__rosidl_typesupport_cpp.dir/rosidl_typesupport_cpp/communication_interfaces/msg/opinion_message__type_support.cpp.o[0m
[3.619s] [ 21%] [32mBuilding CXX object CMakeFiles/communication_interfaces__rosidl_typesupport_cpp.dir/rosidl_typesupport_cpp/communication_interfaces/msg/opinion_mac_message__type_support.cpp.o[0m
[3.627s] [ 22%] [32mBuilding CXX object CMakeFiles/communication_interfaces__rosidl_typesupport_cpp.dir/rosidl_typesupport_cpp/communication_interfaces/msg/string_message__type_support.cpp.o[0m
[3.677s] [ 24%] [32mBuilding CXX object CMakeFiles/communication_interfaces__rosidl_typesupport_cpp.dir/rosidl_typesupport_cpp/communication_interfaces/msg/double_message__type_support.cpp.o[0m
[4.117s] [35m[1mScanning dependencies of target communication_interfaces__rosidl_typesupport_fastrtps_cpp[0m
[4.146s] [ 25%] [32mBuilding CXX object CMakeFiles/communication_interfaces__rosidl_typesupport_fastrtps_cpp.dir/rosidl_typesupport_fastrtps_cpp/communication_interfaces/msg/detail/dds_fastrtps/opinion_message__type_support.cpp.o[0m
[4.249s] [35m[1mScanning dependencies of target communication_interfaces__rosidl_typesupport_introspection_cpp[0m
[4.319s] [ 26%] [32mBuilding CXX object CMakeFiles/communication_interfaces__rosidl_typesupport_introspection_cpp.dir/rosidl_typesupport_introspection_cpp/communication_interfaces/msg/detail/opinion_message__type_support.cpp.o[0m
[4.632s] [35m[1mScanning dependencies of target communication_interfaces__rosidl_typesupport_c[0m
[4.688s] [ 27%] [32mBuilding CXX object CMakeFiles/communication_interfaces__rosidl_typesupport_fastrtps_cpp.dir/rosidl_typesupport_fastrtps_cpp/communication_interfaces/msg/detail/dds_fastrtps/opinion_mac_message__type_support.cpp.o[0m
[4.690s] [ 29%] [32mBuilding CXX object CMakeFiles/communication_interfaces__rosidl_typesupport_cpp.dir/rosidl_typesupport_cpp/communication_interfaces/msg/int8_message__type_support.cpp.o[0m
[4.695s] [ 30%] [32mBuilding CXX object CMakeFiles/communication_interfaces__rosidl_typesupport_c.dir/rosidl_typesupport_c/communication_interfaces/msg/opinion_message__type_support.cpp.o[0m
[4.756s] [ 31%] [32mBuilding CXX object CMakeFiles/communication_interfaces__rosidl_typesupport_cpp.dir/rosidl_typesupport_cpp/communication_interfaces/msg/int_list_message__type_support.cpp.o[0m
[4.775s] [ 32%] [32mBuilding CXX object CMakeFiles/communication_interfaces__rosidl_typesupport_cpp.dir/rosidl_typesupport_cpp/communication_interfaces/srv/item_service__type_support.cpp.o[0m
[4.837s] [35m[1mScanning dependencies of target communication_interfaces__rosidl_typesupport_introspection_c[0m
[4.888s] [ 34%] [32mBuilding CXX object CMakeFiles/communication_interfaces__rosidl_typesupport_c.dir/rosidl_typesupport_c/communication_interfaces/msg/opinion_mac_message__type_support.cpp.o[0m
[4.933s] [ 35%] [32mBuilding C object CMakeFiles/communication_interfaces__rosidl_typesupport_introspection_c.dir/rosidl_typesupport_introspection_c/communication_interfaces/msg/detail/opinion_message__type_support.c.o[0m
[5.015s] [ 36%] [32mBuilding CXX object CMakeFiles/communication_interfaces__rosidl_typesupport_introspection_cpp.dir/rosidl_typesupport_introspection_cpp/communication_interfaces/msg/detail/opinion_mac_message__type_support.cpp.o[0m
[5.065s] [ 37%] [32mBuilding CXX object CMakeFiles/communication_interfaces__rosidl_typesupport_c.dir/rosidl_typesupport_c/communication_interfaces/msg/string_message__type_support.cpp.o[0m
[5.152s] [ 39%] [32mBuilding C object CMakeFiles/communication_interfaces__rosidl_typesupport_introspection_c.dir/rosidl_typesupport_introspection_c/communication_interfaces/msg/detail/opinion_mac_message__type_support.c.o[0m
[5.201s] [ 40%] [32mBuilding CXX object CMakeFiles/communication_interfaces__rosidl_typesupport_c.dir/rosidl_typesupport_c/communication_interfaces/msg/double_message__type_support.cpp.o[0m
[5.344s] [ 41%] [32mBuilding CXX object CMakeFiles/communication_interfaces__rosidl_typesupport_c.dir/rosidl_typesupport_c/communication_interfaces/msg/int8_message__type_support.cpp.o[0m
[5.425s] [ 43%] [32mBuilding C object CMakeFiles/communication_interfaces__rosidl_typesupport_introspection_c.dir/rosidl_typesupport_introspection_c/communication_interfaces/msg/detail/string_message__type_support.c.o[0m
[5.566s] [ 44%] [32mBuilding CXX object CMakeFiles/communication_interfaces__rosidl_typesupport_c.dir/rosidl_typesupport_c/communication_interfaces/msg/int_list_message__type_support.cpp.o[0m
[5.685s] [ 45%] [32mBuilding C object CMakeFiles/communication_interfaces__rosidl_typesupport_introspection_c.dir/rosidl_typesupport_introspection_c/communication_interfaces/msg/detail/double_message__type_support.c.o[0m
[5.733s] [ 46%] [32mBuilding CXX object CMakeFiles/communication_interfaces__rosidl_typesupport_c.dir/rosidl_typesupport_c/communication_interfaces/srv/item_service__type_support.cpp.o[0m
[5.760s] [ 48%] [32mBuilding CXX object CMakeFiles/communication_interfaces__rosidl_typesupport_introspection_cpp.dir/rosidl_typesupport_introspection_cpp/communication_interfaces/msg/detail/string_message__type_support.cpp.o[0m
[5.797s] [ 49%] [32mBuilding CXX object CMakeFiles/communication_interfaces__rosidl_typesupport_fastrtps_cpp.dir/rosidl_typesupport_fastrtps_cpp/communication_interfaces/msg/detail/dds_fastrtps/string_message__type_support.cpp.o[0m
[5.826s] [ 50%] [32mBuilding C object CMakeFiles/communication_interfaces__rosidl_typesupport_introspection_c.dir/rosidl_typesupport_introspection_c/communication_interfaces/msg/detail/int8_message__type_support.c.o[0m
[5.917s] [ 51%] [32m[1mLinking CXX shared library libcommunication_interfaces__rosidl_typesupport_c.so[0m
[5.942s] [ 53%] [32mBuilding C object CMakeFiles/communication_interfaces__rosidl_typesupport_introspection_c.dir/rosidl_typesupport_introspection_c/communication_interfaces/msg/detail/int_list_message__type_support.c.o[0m
[5.977s] [ 54%] [32mBuilding CXX object CMakeFiles/communication_interfaces__rosidl_typesupport_fastrtps_cpp.dir/rosidl_typesupport_fastrtps_cpp/communication_interfaces/msg/detail/dds_fastrtps/double_message__type_support.cpp.o[0m
[5.981s] [ 55%] [32mBuilding C object CMakeFiles/communication_interfaces__rosidl_typesupport_introspection_c.dir/rosidl_typesupport_introspection_c/communication_interfaces/srv/detail/item_service__type_support.c.o[0m
[6.033s] [ 55%] Built target communication_interfaces__rosidl_typesupport_c
[6.121s] [ 56%] [32mBuilding CXX object CMakeFiles/communication_interfaces__rosidl_typesupport_fastrtps_cpp.dir/rosidl_typesupport_fastrtps_cpp/communication_interfaces/msg/detail/dds_fastrtps/int_list_message__type_support.cpp.o[0m
[6.125s] [ 58%] [32mBuilding CXX object CMakeFiles/communication_interfaces__rosidl_typesupport_fastrtps_cpp.dir/rosidl_typesupport_fastrtps_cpp/communication_interfaces/msg/detail/dds_fastrtps/int8_message__type_support.cpp.o[0m
[6.209s] [ 59%] [32m[1mLinking C shared library libcommunication_interfaces__rosidl_typesupport_introspection_c.so[0m
[6.285s] [ 60%] [32m[1mLinking CXX shared library libcommunication_interfaces__rosidl_typesupport_cpp.so[0m
[6.391s] [ 60%] Built target communication_interfaces__rosidl_typesupport_introspection_c
[6.463s] [ 62%] [32mBuilding CXX object CMakeFiles/communication_interfaces__rosidl_typesupport_fastrtps_cpp.dir/rosidl_typesupport_fastrtps_cpp/communication_interfaces/srv/detail/dds_fastrtps/item_service__type_support.cpp.o[0m
[6.496s] [ 62%] Built target communication_interfaces__rosidl_typesupport_cpp
[6.532s] [ 63%] [32mBuilding CXX object CMakeFiles/communication_interfaces__rosidl_typesupport_introspection_cpp.dir/rosidl_typesupport_introspection_cpp/communication_interfaces/msg/detail/double_message__type_support.cpp.o[0m
[6.717s] [ 64%] [32mBuilding CXX object CMakeFiles/communication_interfaces__rosidl_typesupport_introspection_cpp.dir/rosidl_typesupport_introspection_cpp/communication_interfaces/msg/detail/int8_message__type_support.cpp.o[0m
[6.769s] [ 65%] [32mBuilding CXX object CMakeFiles/communication_interfaces__rosidl_typesupport_introspection_cpp.dir/rosidl_typesupport_introspection_cpp/communication_interfaces/msg/detail/int_list_message__type_support.cpp.o[0m
[6.824s] [ 67%] [32mBuilding CXX object CMakeFiles/communication_interfaces__rosidl_typesupport_introspection_cpp.dir/rosidl_typesupport_introspection_cpp/communication_interfaces/srv/detail/item_service__type_support.cpp.o[0m
[7.743s] [ 68%] [32m[1mLinking CXX shared library libcommunication_interfaces__rosidl_typesupport_introspection_cpp.so[0m
[7.856s] [ 69%] [32m[1mLinking CXX shared library libcommunication_interfaces__rosidl_typesupport_fastrtps_cpp.so[0m
[7.877s] [ 69%] Built target communication_interfaces__rosidl_typesupport_introspection_cpp
[8.050s] [ 69%] Built target communication_interfaces__rosidl_typesupport_fastrtps_cpp
[8.065s] [ 70%] [34m[1mGenerating C type support for eProsima Fast-RTPS[0m
[8.597s] [35m[1mScanning dependencies of target communication_interfaces__rosidl_typesupport_fastrtps_c[0m
[8.619s] [ 72%] [32mBuilding CXX object CMakeFiles/communication_interfaces__rosidl_typesupport_fastrtps_c.dir/rosidl_typesupport_fastrtps_c/communication_interfaces/msg/detail/string_message__type_support_c.cpp.o[0m
[8.622s] [ 73%] [32mBuilding CXX object CMakeFiles/communication_interfaces__rosidl_typesupport_fastrtps_c.dir/rosidl_typesupport_fastrtps_c/communication_interfaces/msg/detail/opinion_mac_message__type_support_c.cpp.o[0m
[8.623s] [ 75%] [32mBuilding CXX object CMakeFiles/communication_interfaces__rosidl_typesupport_fastrtps_c.dir/rosidl_typesupport_fastrtps_c/communication_interfaces/msg/detail/opinion_message__type_support_c.cpp.o[0m
[8.623s] [ 74%] [32mBuilding CXX object CMakeFiles/communication_interfaces__rosidl_typesupport_fastrtps_c.dir/rosidl_typesupport_fastrtps_c/communication_interfaces/msg/detail/double_message__type_support_c.cpp.o[0m
[8.630s] [ 78%] [32mBuilding CXX object CMakeFiles/communication_interfaces__rosidl_typesupport_fastrtps_c.dir/rosidl_typesupport_fastrtps_c/communication_interfaces/msg/detail/int8_message__type_support_c.cpp.o[0m
[8.630s] [ 78%] [32mBuilding CXX object CMakeFiles/communication_interfaces__rosidl_typesupport_fastrtps_c.dir/rosidl_typesupport_fastrtps_c/communication_interfaces/srv/detail/item_service__type_support_c.cpp.o[0m
[8.636s] [ 79%] [32mBuilding CXX object CMakeFiles/communication_interfaces__rosidl_typesupport_fastrtps_c.dir/rosidl_typesupport_fastrtps_c/communication_interfaces/msg/detail/int_list_message__type_support_c.cpp.o[0m
[9.521s] [ 81%] [32m[1mLinking CXX shared library libcommunication_interfaces__rosidl_typesupport_fastrtps_c.so[0m
[9.624s] [ 81%] Built target communication_interfaces__rosidl_typesupport_fastrtps_c
[9.637s] [35m[1mScanning dependencies of target communication_interfaces[0m
[9.655s] [ 81%] Built target communication_interfaces
[9.689s] [35m[1mScanning dependencies of target communication_interfaces__py[0m
[9.700s] [ 82%] [34m[1mGenerating Python code for ROS interfaces[0m
[10.664s] [ 82%] Built target communication_interfaces__py
[10.672s] [35m[1mScanning dependencies of target communication_interfaces__python[0m
[10.700s] [ 84%] [32mBuilding C object CMakeFiles/communication_interfaces__python.dir/rosidl_generator_py/communication_interfaces/msg/_opinion_message_s.c.o[0m
[10.700s] [ 84%] [32mBuilding C object CMakeFiles/communication_interfaces__python.dir/rosidl_generator_py/communication_interfaces/msg/_opinion_mac_message_s.c.o[0m
[10.702s] [ 86%] [32mBuilding C object CMakeFiles/communication_interfaces__python.dir/rosidl_generator_py/communication_interfaces/msg/_double_message_s.c.o[0m
[10.702s] [ 87%] [32mBuilding C object CMakeFiles/communication_interfaces__python.dir/rosidl_generator_py/communication_interfaces/msg/_string_message_s.c.o[0m
[10.710s] [ 88%] [32mBuilding C object CMakeFiles/communication_interfaces__python.dir/rosidl_generator_py/communication_interfaces/msg/_int8_message_s.c.o[0m
[10.710s] [ 89%] [32mBuilding C object CMakeFiles/communication_interfaces__python.dir/rosidl_generator_py/communication_interfaces/msg/_int_list_message_s.c.o[0m
[10.714s] [ 91%] [32mBuilding C object CMakeFiles/communication_interfaces__python.dir/rosidl_generator_py/communication_interfaces/srv/_item_service_s.c.o[0m
[10.915s] [ 92%] [32m[1mLinking C shared library rosidl_generator_py/communication_interfaces/libcommunication_interfaces__python.so[0m
[10.951s] [ 92%] Built target communication_interfaces__python
[10.961s] [35m[1mScanning dependencies of target communication_interfaces__rosidl_typesupport_introspection_c__pyext[0m
[10.964s] [35m[1mScanning dependencies of target communication_interfaces__rosidl_typesupport_c__pyext[0m
[10.964s] [35m[1mScanning dependencies of target communication_interfaces__rosidl_typesupport_fastrtps_c__pyext[0m
[10.980s] [ 93%] [32mBuilding C object CMakeFiles/communication_interfaces__rosidl_typesupport_introspection_c__pyext.dir/rosidl_generator_py/communication_interfaces/_communication_interfaces_s.ep.rosidl_typesupport_introspection_c.c.o[0m
[10.986s] [ 94%] [32mBuilding C object CMakeFiles/communication_interfaces__rosidl_typesupport_c__pyext.dir/rosidl_generator_py/communication_interfaces/_communication_interfaces_s.ep.rosidl_typesupport_c.c.o[0m
[10.994s] [ 96%] [32mBuilding C object CMakeFiles/communication_interfaces__rosidl_typesupport_fastrtps_c__pyext.dir/rosidl_generator_py/communication_interfaces/_communication_interfaces_s.ep.rosidl_typesupport_fastrtps_c.c.o[0m
[11.087s] [ 97%] [32m[1mLinking C shared library rosidl_generator_py/communication_interfaces/communication_interfaces_s__rosidl_typesupport_introspection_c.cpython-38-x86_64-linux-gnu.so[0m
[11.098s] [ 98%] [32m[1mLinking C shared library rosidl_generator_py/communication_interfaces/communication_interfaces_s__rosidl_typesupport_c.cpython-38-x86_64-linux-gnu.so[0m
[11.133s] [ 98%] Built target communication_interfaces__rosidl_typesupport_introspection_c__pyext
[11.138s] [100%] [32m[1mLinking CXX shared library rosidl_generator_py/communication_interfaces/communication_interfaces_s__rosidl_typesupport_fastrtps_c.cpython-38-x86_64-linux-gnu.so[0m
[11.144s] [100%] Built target communication_interfaces__rosidl_typesupport_c__pyext
[11.197s] [100%] Built target communication_interfaces__rosidl_typesupport_fastrtps_c__pyext
[11.209s] Invoked command in '/home/user/Documents/NYU/Swarm/Swarm6333/Project/swarm_ws/build/communication_interfaces' returned '0': CMAKE_PREFIX_PATH=${CMAKE_PREFIX_PATH}:/home/user/Documents/NYU/Swarm/Swarm6333/Project/swarm_ws/install/ros2swarm:/home/user/Documents/NYU/Swarm/Swarm6333/Project/swarm_ws/install/launch_gazebo:/home/user/Documents/NYU/Swarm/Swarm6333/Project/swarm_ws/install/ros2_aruco:/home/user/Documents/NYU/Swarm/Swarm6333/Project/swarm_ws/install/choirbot_examples:/home/user/Documents/NYU/Swarm/Swarm6333/Project/swarm_ws/install/choirbot:/opt/ros/foxy /usr/bin/cmake --build /home/user/Documents/NYU/Swarm/Swarm6333/Project/swarm_ws/build/communication_interfaces -- -j8 -l8
[11.211s] Invoking command in '/home/user/Documents/NYU/Swarm/Swarm6333/Project/swarm_ws/build/communication_interfaces': CMAKE_PREFIX_PATH=${CMAKE_PREFIX_PATH}:/home/user/Documents/NYU/Swarm/Swarm6333/Project/swarm_ws/install/ros2swarm:/home/user/Documents/NYU/Swarm/Swarm6333/Project/swarm_ws/install/launch_gazebo:/home/user/Documents/NYU/Swarm/Swarm6333/Project/swarm_ws/install/ros2_aruco:/home/user/Documents/NYU/Swarm/Swarm6333/Project/swarm_ws/install/choirbot_examples:/home/user/Documents/NYU/Swarm/Swarm6333/Project/swarm_ws/install/choirbot:/opt/ros/foxy /usr/bin/cmake --install /home/user/Documents/NYU/Swarm/Swarm6333/Project/swarm_ws/build/communication_interfaces
[11.218s] -- Install configuration: ""
[11.219s] -- Execute custom install script
[11.219s] -- Symlinking: /home/user/Documents/NYU/Swarm/Swarm6333/Project/swarm_ws/install/communication_interfaces/share/ament_index/resource_index/rosidl_interfaces/communication_interfaces
[11.228s] -- Symlinking: /home/user/Documents/NYU/Swarm/Swarm6333/Project/swarm_ws/install/communication_interfaces/include/communication_interfaces/msg/detail/double_message__functions.h
[11.235s] -- Symlinking: /home/user/Documents/NYU/Swarm/Swarm6333/Project/swarm_ws/install/communication_interfaces/include/communication_interfaces/msg/detail/double_message__struct.h
[11.244s] -- Symlinking: /home/user/Documents/NYU/Swarm/Swarm6333/Project/swarm_ws/install/communication_interfaces/include/communication_interfaces/msg/detail/double_message__type_support.h
[11.253s] -- Symlinking: /home/user/Documents/NYU/Swarm/Swarm6333/Project/swarm_ws/install/communication_interfaces/include/communication_interfaces/msg/detail/int8_message__functions.h
[11.263s] -- Symlinking: /home/user/Documents/NYU/Swarm/Swarm6333/Project/swarm_ws/install/communication_interfaces/include/communication_interfaces/msg/detail/int8_message__struct.h
[11.278s] -- Symlinking: /home/user/Documents/NYU/Swarm/Swarm6333/Project/swarm_ws/install/communication_interfaces/include/communication_interfaces/msg/detail/int8_message__type_support.h
[11.291s] -- Symlinking: /home/user/Documents/NYU/Swarm/Swarm6333/Project/swarm_ws/install/communication_interfaces/include/communication_interfaces/msg/detail/int_list_message__functions.h
[11.298s] -- Symlinking: /home/user/Documents/NYU/Swarm/Swarm6333/Project/swarm_ws/install/communication_interfaces/include/communication_interfaces/msg/detail/int_list_message__struct.h
[11.305s] -- Symlinking: /home/user/Documents/NYU/Swarm/Swarm6333/Project/swarm_ws/install/communication_interfaces/include/communication_interfaces/msg/detail/int_list_message__type_support.h
[11.313s] -- Symlinking: /home/user/Documents/NYU/Swarm/Swarm6333/Project/swarm_ws/install/communication_interfaces/include/communication_interfaces/msg/detail/opinion_mac_message__functions.h
[11.323s] -- Symlinking: /home/user/Documents/NYU/Swarm/Swarm6333/Project/swarm_ws/install/communication_interfaces/include/communication_interfaces/msg/detail/opinion_mac_message__struct.h
[11.333s] -- Symlinking: /home/user/Documents/NYU/Swarm/Swarm6333/Project/swarm_ws/install/communication_interfaces/include/communication_interfaces/msg/detail/opinion_mac_message__type_support.h
[11.344s] -- Symlinking: /home/user/Documents/NYU/Swarm/Swarm6333/Project/swarm_ws/install/communication_interfaces/include/communication_interfaces/msg/detail/opinion_message__functions.h
[11.356s] -- Symlinking: /home/user/Documents/NYU/Swarm/Swarm6333/Project/swarm_ws/install/communication_interfaces/include/communication_interfaces/msg/detail/opinion_message__struct.h
[11.368s] -- Symlinking: /home/user/Documents/NYU/Swarm/Swarm6333/Project/swarm_ws/install/communication_interfaces/include/communication_interfaces/msg/detail/opinion_message__type_support.h
[11.385s] -- Symlinking: /home/user/Documents/NYU/Swarm/Swarm6333/Project/swarm_ws/install/communication_interfaces/include/communication_interfaces/msg/detail/string_message__functions.h
[11.402s] -- Symlinking: /home/user/Documents/NYU/Swarm/Swarm6333/Project/swarm_ws/install/communication_interfaces/include/communication_interfaces/msg/detail/string_message__struct.h
[11.414s] -- Symlinking: /home/user/Documents/NYU/Swarm/Swarm6333/Project/swarm_ws/install/communication_interfaces/include/communication_interfaces/msg/detail/string_message__type_support.h
[11.427s] -- Symlinking: /home/user/Documents/NYU/Swarm/Swarm6333/Project/swarm_ws/install/communication_interfaces/include/communication_interfaces/msg/double_message.h
[11.442s] -- Symlinking: /home/user/Documents/NYU/Swarm/Swarm6333/Project/swarm_ws/install/communication_interfaces/include/communication_interfaces/msg/int8_message.h
[11.454s] -- Symlinking: /home/user/Documents/NYU/Swarm/Swarm6333/Project/swarm_ws/install/communication_interfaces/include/communication_interfaces/msg/int_list_message.h
[11.466s] -- Symlinking: /home/user/Documents/NYU/Swarm/Swarm6333/Project/swarm_ws/install/communication_interfaces/include/communication_interfaces/msg/opinion_mac_message.h
[11.474s] -- Symlinking: /home/user/Documents/NYU/Swarm/Swarm6333/Project/swarm_ws/install/communication_interfaces/include/communication_interfaces/msg/opinion_message.h
[11.482s] -- Symlinking: /home/user/Documents/NYU/Swarm/Swarm6333/Project/swarm_ws/install/communication_interfaces/include/communication_interfaces/msg/rosidl_generator_c__visibility_control.h
[11.489s] -- Symlinking: /home/user/Documents/NYU/Swarm/Swarm6333/Project/swarm_ws/install/communication_interfaces/include/communication_interfaces/msg/string_message.h
[11.497s] -- Symlinking: /home/user/Documents/NYU/Swarm/Swarm6333/Project/swarm_ws/install/communication_interfaces/include/communication_interfaces/srv/detail/item_service__functions.h
[11.505s] -- Symlinking: /home/user/Documents/NYU/Swarm/Swarm6333/Project/swarm_ws/install/communication_interfaces/include/communication_interfaces/srv/detail/item_service__struct.h
[11.513s] -- Symlinking: /home/user/Documents/NYU/Swarm/Swarm6333/Project/swarm_ws/install/communication_interfaces/include/communication_interfaces/srv/detail/item_service__type_support.h
[11.520s] -- Symlinking: /home/user/Documents/NYU/Swarm/Swarm6333/Project/swarm_ws/install/communication_interfaces/include/communication_interfaces/srv/item_service.h
[11.528s] -- Symlinking: /home/user/Documents/NYU/Swarm/Swarm6333/Project/swarm_ws/install/communication_interfaces/share/communication_interfaces/environment/library_path.sh
[11.536s] -- Symlinking: /home/user/Documents/NYU/Swarm/Swarm6333/Project/swarm_ws/install/communication_interfaces/share/communication_interfaces/environment/library_path.dsv
[11.545s] -- Symlinking: /home/user/Documents/NYU/Swarm/Swarm6333/Project/swarm_ws/install/communication_interfaces/include/communication_interfaces/msg/detail/double_message__rosidl_typesupport_fastrtps_c.h
[11.553s] -- Symlinking: /home/user/Documents/NYU/Swarm/Swarm6333/Project/swarm_ws/install/communication_interfaces/include/communication_interfaces/msg/detail/int8_message__rosidl_typesupport_fastrtps_c.h
[11.562s] -- Symlinking: /home/user/Documents/NYU/Swarm/Swarm6333/Project/swarm_ws/install/communication_interfaces/include/communication_interfaces/msg/detail/int_list_message__rosidl_typesupport_fastrtps_c.h
[11.570s] -- Symlinking: /home/user/Documents/NYU/Swarm/Swarm6333/Project/swarm_ws/install/communication_interfaces/include/communication_interfaces/msg/detail/opinion_mac_message__rosidl_typesupport_fastrtps_c.h
[11.578s] -- Symlinking: /home/user/Documents/NYU/Swarm/Swarm6333/Project/swarm_ws/install/communication_interfaces/include/communication_interfaces/msg/detail/opinion_message__rosidl_typesupport_fastrtps_c.h
[11.589s] -- Symlinking: /home/user/Documents/NYU/Swarm/Swarm6333/Project/swarm_ws/install/communication_interfaces/include/communication_interfaces/msg/detail/string_message__rosidl_typesupport_fastrtps_c.h
[11.600s] -- Symlinking: /home/user/Documents/NYU/Swarm/Swarm6333/Project/swarm_ws/install/communication_interfaces/include/communication_interfaces/msg/rosidl_typesupport_fastrtps_c__visibility_control.h
[11.612s] -- Symlinking: /home/user/Documents/NYU/Swarm/Swarm6333/Project/swarm_ws/install/communication_interfaces/include/communication_interfaces/srv/detail/item_service__rosidl_typesupport_fastrtps_c.h
[11.623s] -- Symlinking: /home/user/Documents/NYU/Swarm/Swarm6333/Project/swarm_ws/install/communication_interfaces/lib/libcommunication_interfaces__rosidl_typesupport_fastrtps_c.so
[11.636s] -- Symlinking: /home/user/Documents/NYU/Swarm/Swarm6333/Project/swarm_ws/install/communication_interfaces/include/communication_interfaces/msg/detail/double_message__rosidl_typesupport_fastrtps_cpp.hpp
[11.648s] -- Symlinking: /home/user/Documents/NYU/Swarm/Swarm6333/Project/swarm_ws/install/communication_interfaces/include/communication_interfaces/msg/detail/int8_message__rosidl_typesupport_fastrtps_cpp.hpp
[11.660s] -- Symlinking: /home/user/Documents/NYU/Swarm/Swarm6333/Project/swarm_ws/install/communication_interfaces/include/communication_interfaces/msg/detail/int_list_message__rosidl_typesupport_fastrtps_cpp.hpp
[11.671s] -- Symlinking: /home/user/Documents/NYU/Swarm/Swarm6333/Project/swarm_ws/install/communication_interfaces/include/communication_interfaces/msg/detail/opinion_mac_message__rosidl_typesupport_fastrtps_cpp.hpp
[11.683s] -- Symlinking: /home/user/Documents/NYU/Swarm/Swarm6333/Project/swarm_ws/install/communication_interfaces/include/communication_interfaces/msg/detail/opinion_message__rosidl_typesupport_fastrtps_cpp.hpp
[11.694s] -- Symlinking: /home/user/Documents/NYU/Swarm/Swarm6333/Project/swarm_ws/install/communication_interfaces/include/communication_interfaces/msg/detail/string_message__rosidl_typesupport_fastrtps_cpp.hpp
[11.706s] -- Symlinking: /home/user/Documents/NYU/Swarm/Swarm6333/Project/swarm_ws/install/communication_interfaces/include/communication_interfaces/msg/rosidl_typesupport_fastrtps_cpp__visibility_control.h
[11.718s] -- Symlinking: /home/user/Documents/NYU/Swarm/Swarm6333/Project/swarm_ws/install/communication_interfaces/include/communication_interfaces/srv/detail/item_service__rosidl_typesupport_fastrtps_cpp.hpp
[11.727s] -- Symlinking: /home/user/Documents/NYU/Swarm/Swarm6333/Project/swarm_ws/install/communication_interfaces/lib/libcommunication_interfaces__rosidl_typesupport_fastrtps_cpp.so
[11.738s] -- Symlinking: /home/user/Documents/NYU/Swarm/Swarm6333/Project/swarm_ws/install/communication_interfaces/include/communication_interfaces/msg/detail/double_message__rosidl_typesupport_introspection_c.h
[11.749s] -- Symlinking: /home/user/Documents/NYU/Swarm/Swarm6333/Project/swarm_ws/install/communication_interfaces/include/communication_interfaces/msg/detail/int8_message__rosidl_typesupport_introspection_c.h
[11.759s] -- Symlinking: /home/user/Documents/NYU/Swarm/Swarm6333/Project/swarm_ws/install/communication_interfaces/include/communication_interfaces/msg/detail/int_list_message__rosidl_typesupport_introspection_c.h
[11.768s] -- Symlinking: /home/user/Documents/NYU/Swarm/Swarm6333/Project/swarm_ws/install/communication_interfaces/include/communication_interfaces/msg/detail/opinion_mac_message__rosidl_typesupport_introspection_c.h
[11.779s] -- Symlinking: /home/user/Documents/NYU/Swarm/Swarm6333/Project/swarm_ws/install/communication_interfaces/include/communication_interfaces/msg/detail/opinion_message__rosidl_typesupport_introspection_c.h
[11.789s] -- Symlinking: /home/user/Documents/NYU/Swarm/Swarm6333/Project/swarm_ws/install/communication_interfaces/include/communication_interfaces/msg/detail/string_message__rosidl_typesupport_introspection_c.h
[11.797s] -- Symlinking: /home/user/Documents/NYU/Swarm/Swarm6333/Project/swarm_ws/install/communication_interfaces/include/communication_interfaces/msg/rosidl_typesupport_introspection_c__visibility_control.h
[11.805s] -- Symlinking: /home/user/Documents/NYU/Swarm/Swarm6333/Project/swarm_ws/install/communication_interfaces/include/communication_interfaces/srv/detail/item_service__rosidl_typesupport_introspection_c.h
[11.814s] -- Symlinking: /home/user/Documents/NYU/Swarm/Swarm6333/Project/swarm_ws/install/communication_interfaces/include/communication_interfaces/msg/detail/double_message__builder.hpp
[11.824s] -- Symlinking: /home/user/Documents/NYU/Swarm/Swarm6333/Project/swarm_ws/install/communication_interfaces/include/communication_interfaces/msg/detail/double_message__struct.hpp
[11.831s] -- Symlinking: /home/user/Documents/NYU/Swarm/Swarm6333/Project/swarm_ws/install/communication_interfaces/include/communication_interfaces/msg/detail/double_message__traits.hpp
[11.839s] -- Symlinking: /home/user/Documents/NYU/Swarm/Swarm6333/Project/swarm_ws/install/communication_interfaces/include/communication_interfaces/msg/detail/double_message__type_support.hpp
[11.847s] -- Symlinking: /home/user/Documents/NYU/Swarm/Swarm6333/Project/swarm_ws/install/communication_interfaces/include/communication_interfaces/msg/detail/int8_message__builder.hpp
[11.855s] -- Symlinking: /home/user/Documents/NYU/Swarm/Swarm6333/Project/swarm_ws/install/communication_interfaces/include/communication_interfaces/msg/detail/int8_message__struct.hpp
[11.864s] -- Symlinking: /home/user/Documents/NYU/Swarm/Swarm6333/Project/swarm_ws/install/communication_interfaces/include/communication_interfaces/msg/detail/int8_message__traits.hpp
[11.872s] -- Symlinking: /home/user/Documents/NYU/Swarm/Swarm6333/Project/swarm_ws/install/communication_interfaces/include/communication_interfaces/msg/detail/int8_message__type_support.hpp
[11.880s] -- Symlinking: /home/user/Documents/NYU/Swarm/Swarm6333/Project/swarm_ws/install/communication_interfaces/include/communication_interfaces/msg/detail/int_list_message__builder.hpp
[11.887s] -- Symlinking: /home/user/Documents/NYU/Swarm/Swarm6333/Project/swarm_ws/install/communication_interfaces/include/communication_interfaces/msg/detail/int_list_message__struct.hpp
[11.895s] -- Symlinking: /home/user/Documents/NYU/Swarm/Swarm6333/Project/swarm_ws/install/communication_interfaces/include/communication_interfaces/msg/detail/int_list_message__traits.hpp
[11.903s] -- Symlinking: /home/user/Documents/NYU/Swarm/Swarm6333/Project/swarm_ws/install/communication_interfaces/include/communication_interfaces/msg/detail/int_list_message__type_support.hpp
[11.912s] -- Symlinking: /home/user/Documents/NYU/Swarm/Swarm6333/Project/swarm_ws/install/communication_interfaces/include/communication_interfaces/msg/detail/opinion_mac_message__builder.hpp
[11.920s] -- Symlinking: /home/user/Documents/NYU/Swarm/Swarm6333/Project/swarm_ws/install/communication_interfaces/include/communication_interfaces/msg/detail/opinion_mac_message__struct.hpp
[11.928s] -- Symlinking: /home/user/Documents/NYU/Swarm/Swarm6333/Project/swarm_ws/install/communication_interfaces/include/communication_interfaces/msg/detail/opinion_mac_message__traits.hpp
[11.936s] -- Symlinking: /home/user/Documents/NYU/Swarm/Swarm6333/Project/swarm_ws/install/communication_interfaces/include/communication_interfaces/msg/detail/opinion_mac_message__type_support.hpp
[11.944s] -- Symlinking: /home/user/Documents/NYU/Swarm/Swarm6333/Project/swarm_ws/install/communication_interfaces/include/communication_interfaces/msg/detail/opinion_message__builder.hpp
[11.952s] -- Symlinking: /home/user/Documents/NYU/Swarm/Swarm6333/Project/swarm_ws/install/communication_interfaces/include/communication_interfaces/msg/detail/opinion_message__struct.hpp
[11.960s] -- Symlinking: /home/user/Documents/NYU/Swarm/Swarm6333/Project/swarm_ws/install/communication_interfaces/include/communication_interfaces/msg/detail/opinion_message__traits.hpp
[11.968s] -- Symlinking: /home/user/Documents/NYU/Swarm/Swarm6333/Project/swarm_ws/install/communication_interfaces/include/communication_interfaces/msg/detail/opinion_message__type_support.hpp
[11.976s] -- Symlinking: /home/user/Documents/NYU/Swarm/Swarm6333/Project/swarm_ws/install/communication_interfaces/include/communication_interfaces/msg/detail/string_message__builder.hpp
[11.984s] -- Symlinking: /home/user/Documents/NYU/Swarm/Swarm6333/Project/swarm_ws/install/communication_interfaces/include/communication_interfaces/msg/detail/string_message__struct.hpp
[11.991s] -- Symlinking: /home/user/Documents/NYU/Swarm/Swarm6333/Project/swarm_ws/install/communication_interfaces/include/communication_interfaces/msg/detail/string_message__traits.hpp
[11.999s] -- Symlinking: /home/user/Documents/NYU/Swarm/Swarm6333/Project/swarm_ws/install/communication_interfaces/include/communication_interfaces/msg/detail/string_message__type_support.hpp
[12.007s] -- Symlinking: /home/user/Documents/NYU/Swarm/Swarm6333/Project/swarm_ws/install/communication_interfaces/include/communication_interfaces/msg/double_message.hpp
[12.015s] -- Symlinking: /home/user/Documents/NYU/Swarm/Swarm6333/Project/swarm_ws/install/communication_interfaces/include/communication_interfaces/msg/int8_message.hpp
[12.023s] -- Symlinking: /home/user/Documents/NYU/Swarm/Swarm6333/Project/swarm_ws/install/communication_interfaces/include/communication_interfaces/msg/int_list_message.hpp
[12.033s] -- Symlinking: /home/user/Documents/NYU/Swarm/Swarm6333/Project/swarm_ws/install/communication_interfaces/include/communication_interfaces/msg/opinion_mac_message.hpp
[12.041s] -- Symlinking: /home/user/Documents/NYU/Swarm/Swarm6333/Project/swarm_ws/install/communication_interfaces/include/communication_interfaces/msg/opinion_message.hpp
[12.049s] -- Symlinking: /home/user/Documents/NYU/Swarm/Swarm6333/Project/swarm_ws/install/communication_interfaces/include/communication_interfaces/msg/rosidl_generator_cpp__visibility_control.hpp
[12.057s] -- Symlinking: /home/user/Documents/NYU/Swarm/Swarm6333/Project/swarm_ws/install/communication_interfaces/include/communication_interfaces/msg/string_message.hpp
[12.064s] -- Symlinking: /home/user/Documents/NYU/Swarm/Swarm6333/Project/swarm_ws/install/communication_interfaces/include/communication_interfaces/srv/detail/item_service__builder.hpp
[12.072s] -- Symlinking: /home/user/Documents/NYU/Swarm/Swarm6333/Project/swarm_ws/install/communication_interfaces/include/communication_interfaces/srv/detail/item_service__struct.hpp
[12.080s] -- Symlinking: /home/user/Documents/NYU/Swarm/Swarm6333/Project/swarm_ws/install/communication_interfaces/include/communication_interfaces/srv/detail/item_service__traits.hpp
[12.088s] -- Symlinking: /home/user/Documents/NYU/Swarm/Swarm6333/Project/swarm_ws/install/communication_interfaces/include/communication_interfaces/srv/detail/item_service__type_support.hpp
[12.096s] -- Symlinking: /home/user/Documents/NYU/Swarm/Swarm6333/Project/swarm_ws/install/communication_interfaces/include/communication_interfaces/srv/item_service.hpp
[12.104s] -- Symlinking: /home/user/Documents/NYU/Swarm/Swarm6333/Project/swarm_ws/install/communication_interfaces/include/communication_interfaces/msg/detail/double_message__rosidl_typesupport_introspection_cpp.hpp
[12.112s] -- Symlinking: /home/user/Documents/NYU/Swarm/Swarm6333/Project/swarm_ws/install/communication_interfaces/include/communication_interfaces/msg/detail/int8_message__rosidl_typesupport_introspection_cpp.hpp
[12.120s] -- Symlinking: /home/user/Documents/NYU/Swarm/Swarm6333/Project/swarm_ws/install/communication_interfaces/include/communication_interfaces/msg/detail/int_list_message__rosidl_typesupport_introspection_cpp.hpp
[12.128s] -- Symlinking: /home/user/Documents/NYU/Swarm/Swarm6333/Project/swarm_ws/install/communication_interfaces/include/communication_interfaces/msg/detail/opinion_mac_message__rosidl_typesupport_introspection_cpp.hpp
[12.136s] -- Symlinking: /home/user/Documents/NYU/Swarm/Swarm6333/Project/swarm_ws/install/communication_interfaces/include/communication_interfaces/msg/detail/opinion_message__rosidl_typesupport_introspection_cpp.hpp
[12.143s] -- Symlinking: /home/user/Documents/NYU/Swarm/Swarm6333/Project/swarm_ws/install/communication_interfaces/include/communication_interfaces/msg/detail/string_message__rosidl_typesupport_introspection_cpp.hpp
[12.151s] -- Symlinking: /home/user/Documents/NYU/Swarm/Swarm6333/Project/swarm_ws/install/communication_interfaces/include/communication_interfaces/srv/detail/item_service__rosidl_typesupport_introspection_cpp.hpp
[12.159s] -- Symlinking: /home/user/Documents/NYU/Swarm/Swarm6333/Project/swarm_ws/install/communication_interfaces/share/communication_interfaces/environment/pythonpath.sh
[12.167s] -- Symlinking: /home/user/Documents/NYU/Swarm/Swarm6333/Project/swarm_ws/install/communication_interfaces/share/communication_interfaces/environment/pythonpath.dsv
[12.175s] -- Symlinking: /home/user/Documents/NYU/Swarm/Swarm6333/Project/swarm_ws/install/communication_interfaces/lib/python3.8/site-packages/communication_interfaces/__init__.py
[12.184s] -- Symlinking: /home/user/Documents/NYU/Swarm/Swarm6333/Project/swarm_ws/install/communication_interfaces/lib/python3.8/site-packages/communication_interfaces/msg/__init__.py
[12.191s] -- Symlinking: /home/user/Documents/NYU/Swarm/Swarm6333/Project/swarm_ws/install/communication_interfaces/lib/python3.8/site-packages/communication_interfaces/msg/_double_message.py
[12.199s] -- Symlinking: /home/user/Documents/NYU/Swarm/Swarm6333/Project/swarm_ws/install/communication_interfaces/lib/python3.8/site-packages/communication_interfaces/msg/_int8_message.py
[12.208s] -- Symlinking: /home/user/Documents/NYU/Swarm/Swarm6333/Project/swarm_ws/install/communication_interfaces/lib/python3.8/site-packages/communication_interfaces/msg/_int_list_message.py
[12.216s] -- Symlinking: /home/user/Documents/NYU/Swarm/Swarm6333/Project/swarm_ws/install/communication_interfaces/lib/python3.8/site-packages/communication_interfaces/msg/_opinion_mac_message.py
[12.224s] -- Symlinking: /home/user/Documents/NYU/Swarm/Swarm6333/Project/swarm_ws/install/communication_interfaces/lib/python3.8/site-packages/communication_interfaces/msg/_opinion_message.py
[12.232s] -- Symlinking: /home/user/Documents/NYU/Swarm/Swarm6333/Project/swarm_ws/install/communication_interfaces/lib/python3.8/site-packages/communication_interfaces/msg/_string_message.py
[12.240s] -- Symlinking: /home/user/Documents/NYU/Swarm/Swarm6333/Project/swarm_ws/install/communication_interfaces/lib/python3.8/site-packages/communication_interfaces/srv/__init__.py
[12.248s] -- Symlinking: /home/user/Documents/NYU/Swarm/Swarm6333/Project/swarm_ws/install/communication_interfaces/lib/python3.8/site-packages/communication_interfaces/srv/_item_service.py
[12.256s] -- Symlinking: /home/user/Documents/NYU/Swarm/Swarm6333/Project/swarm_ws/install/communication_interfaces/lib/python3.8/site-packages/communication_interfaces/communication_interfaces_s__rosidl_typesupport_fastrtps_c.cpython-38-x86_64-linux-gnu.so
[12.264s] -- Symlinking: /home/user/Documents/NYU/Swarm/Swarm6333/Project/swarm_ws/install/communication_interfaces/lib/python3.8/site-packages/communication_interfaces/communication_interfaces_s__rosidl_typesupport_introspection_c.cpython-38-x86_64-linux-gnu.so
[12.272s] -- Symlinking: /home/user/Documents/NYU/Swarm/Swarm6333/Project/swarm_ws/install/communication_interfaces/lib/python3.8/site-packages/communication_interfaces/communication_interfaces_s__rosidl_typesupport_c.cpython-38-x86_64-linux-gnu.so
[12.280s] -- Symlinking: /home/user/Documents/NYU/Swarm/Swarm6333/Project/swarm_ws/install/communication_interfaces/lib/libcommunication_interfaces__python.so
[12.291s] -- Symlinking: /home/user/Documents/NYU/Swarm/Swarm6333/Project/swarm_ws/install/communication_interfaces/share/communication_interfaces/msg/OpinionMessage.idl
[12.303s] -- Symlinking: /home/user/Documents/NYU/Swarm/Swarm6333/Project/swarm_ws/install/communication_interfaces/share/communication_interfaces/msg/OpinionMACMessage.idl
[12.315s] -- Symlinking: /home/user/Documents/NYU/Swarm/Swarm6333/Project/swarm_ws/install/communication_interfaces/share/communication_interfaces/msg/StringMessage.idl
[12.327s] -- Symlinking: /home/user/Documents/NYU/Swarm/Swarm6333/Project/swarm_ws/install/communication_interfaces/share/communication_interfaces/msg/DoubleMessage.idl
[12.339s] -- Symlinking: /home/user/Documents/NYU/Swarm/Swarm6333/Project/swarm_ws/install/communication_interfaces/share/communication_interfaces/msg/Int8Message.idl
[12.352s] -- Symlinking: /home/user/Documents/NYU/Swarm/Swarm6333/Project/swarm_ws/install/communication_interfaces/share/communication_interfaces/msg/IntListMessage.idl
[12.363s] -- Symlinking: /home/user/Documents/NYU/Swarm/Swarm6333/Project/swarm_ws/install/communication_interfaces/share/communication_interfaces/srv/ItemService.idl
[12.374s] -- Symlinking: /home/user/Documents/NYU/Swarm/Swarm6333/Project/swarm_ws/install/communication_interfaces/share/communication_interfaces/msg/OpinionMessage.msg
[12.383s] -- Symlinking: /home/user/Documents/NYU/Swarm/Swarm6333/Project/swarm_ws/install/communication_interfaces/share/communication_interfaces/msg/OpinionMACMessage.msg
[12.391s] -- Symlinking: /home/user/Documents/NYU/Swarm/Swarm6333/Project/swarm_ws/install/communication_interfaces/share/communication_interfaces/msg/StringMessage.msg
[12.400s] -- Symlinking: /home/user/Documents/NYU/Swarm/Swarm6333/Project/swarm_ws/install/communication_interfaces/share/communication_interfaces/msg/DoubleMessage.msg
[12.409s] -- Symlinking: /home/user/Documents/NYU/Swarm/Swarm6333/Project/swarm_ws/install/communication_interfaces/share/communication_interfaces/msg/Int8Message.msg
[12.417s] -- Symlinking: /home/user/Documents/NYU/Swarm/Swarm6333/Project/swarm_ws/install/communication_interfaces/share/communication_interfaces/msg/IntListMessage.msg
[12.428s] -- Symlinking: /home/user/Documents/NYU/Swarm/Swarm6333/Project/swarm_ws/install/communication_interfaces/share/communication_interfaces/srv/ItemService.srv
[12.436s] -- Symlinking: /home/user/Documents/NYU/Swarm/Swarm6333/Project/swarm_ws/install/communication_interfaces/share/communication_interfaces/srv/ItemService_Request.msg
[12.444s] -- Symlinking: /home/user/Documents/NYU/Swarm/Swarm6333/Project/swarm_ws/install/communication_interfaces/share/communication_interfaces/srv/ItemService_Response.msg
[12.452s] -- Symlinking: /home/user/Documents/NYU/Swarm/Swarm6333/Project/swarm_ws/install/communication_interfaces/share/ament_index/resource_index/package_run_dependencies/communication_interfaces
[12.461s] -- Symlinking: /home/user/Documents/NYU/Swarm/Swarm6333/Project/swarm_ws/install/communication_interfaces/share/ament_index/resource_index/parent_prefix_path/communication_interfaces
[12.470s] -- Symlinking: /home/user/Documents/NYU/Swarm/Swarm6333/Project/swarm_ws/install/communication_interfaces/share/communication_interfaces/environment/ament_prefix_path.sh
[12.478s] -- Symlinking: /home/user/Documents/NYU/Swarm/Swarm6333/Project/swarm_ws/install/communication_interfaces/share/communication_interfaces/environment/ament_prefix_path.dsv
[12.486s] -- Symlinking: /home/user/Documents/NYU/Swarm/Swarm6333/Project/swarm_ws/install/communication_interfaces/share/communication_interfaces/environment/path.sh
[12.494s] -- Symlinking: /home/user/Documents/NYU/Swarm/Swarm6333/Project/swarm_ws/install/communication_interfaces/share/communication_interfaces/environment/path.dsv
[12.502s] -- Symlinking: /home/user/Documents/NYU/Swarm/Swarm6333/Project/swarm_ws/install/communication_interfaces/share/communication_interfaces/local_setup.bash
[12.510s] -- Symlinking: /home/user/Documents/NYU/Swarm/Swarm6333/Project/swarm_ws/install/communication_interfaces/share/communication_interfaces/local_setup.sh
[12.518s] -- Symlinking: /home/user/Documents/NYU/Swarm/Swarm6333/Project/swarm_ws/install/communication_interfaces/share/communication_interfaces/local_setup.zsh
[12.526s] -- Symlinking: /home/user/Documents/NYU/Swarm/Swarm6333/Project/swarm_ws/install/communication_interfaces/share/communication_interfaces/local_setup.dsv
[12.534s] -- Symlinking: /home/user/Documents/NYU/Swarm/Swarm6333/Project/swarm_ws/install/communication_interfaces/share/communication_interfaces/package.dsv
[12.542s] -- Symlinking: /home/user/Documents/NYU/Swarm/Swarm6333/Project/swarm_ws/install/communication_interfaces/share/ament_index/resource_index/packages/communication_interfaces
[12.551s] -- Symlinking: /home/user/Documents/NYU/Swarm/Swarm6333/Project/swarm_ws/install/communication_interfaces/share/communication_interfaces/cmake/rosidl_cmake-extras.cmake
[12.559s] -- Symlinking: /home/user/Documents/NYU/Swarm/Swarm6333/Project/swarm_ws/install/communication_interfaces/share/communication_interfaces/cmake/ament_cmake_export_dependencies-extras.cmake
[12.567s] -- Symlinking: /home/user/Documents/NYU/Swarm/Swarm6333/Project/swarm_ws/install/communication_interfaces/share/communication_interfaces/cmake/ament_cmake_export_libraries-extras.cmake
[12.575s] -- Symlinking: /home/user/Documents/NYU/Swarm/Swarm6333/Project/swarm_ws/install/communication_interfaces/share/communication_interfaces/cmake/ament_cmake_export_targets-extras.cmake
[12.584s] -- Symlinking: /home/user/Documents/NYU/Swarm/Swarm6333/Project/swarm_ws/install/communication_interfaces/share/communication_interfaces/cmake/ament_cmake_export_include_directories-extras.cmake
[12.592s] -- Symlinking: /home/user/Documents/NYU/Swarm/Swarm6333/Project/swarm_ws/install/communication_interfaces/share/communication_interfaces/cmake/rosidl_cmake_export_typesupport_libraries-extras.cmake
[12.601s] -- Symlinking: /home/user/Documents/NYU/Swarm/Swarm6333/Project/swarm_ws/install/communication_interfaces/share/communication_interfaces/cmake/rosidl_cmake_export_typesupport_targets-extras.cmake
[12.610s] -- Symlinking: /home/user/Documents/NYU/Swarm/Swarm6333/Project/swarm_ws/install/communication_interfaces/share/communication_interfaces/cmake/communication_interfacesConfig.cmake
[12.617s] -- Symlinking: /home/user/Documents/NYU/Swarm/Swarm6333/Project/swarm_ws/install/communication_interfaces/share/communication_interfaces/cmake/communication_interfacesConfig-version.cmake
[12.626s] -- Symlinking: /home/user/Documents/NYU/Swarm/Swarm6333/Project/swarm_ws/install/communication_interfaces/share/communication_interfaces/package.xml
[12.633s] -- Installing: /home/user/Documents/NYU/Swarm/Swarm6333/Project/swarm_ws/install/communication_interfaces/lib/libcommunication_interfaces__rosidl_generator_c.so
[12.633s] -- Set runtime path of "/home/user/Documents/NYU/Swarm/Swarm6333/Project/swarm_ws/install/communication_interfaces/lib/libcommunication_interfaces__rosidl_generator_c.so" to ""
[12.634s] -- Installing: /home/user/Documents/NYU/Swarm/Swarm6333/Project/swarm_ws/install/communication_interfaces/lib/libcommunication_interfaces__rosidl_typesupport_introspection_c.so
[12.634s] -- Set runtime path of "/home/user/Documents/NYU/Swarm/Swarm6333/Project/swarm_ws/install/communication_interfaces/lib/libcommunication_interfaces__rosidl_typesupport_introspection_c.so" to ""
[12.634s] -- Installing: /home/user/Documents/NYU/Swarm/Swarm6333/Project/swarm_ws/install/communication_interfaces/lib/libcommunication_interfaces__rosidl_typesupport_c.so
[12.634s] -- Set runtime path of "/home/user/Documents/NYU/Swarm/Swarm6333/Project/swarm_ws/install/communication_interfaces/lib/libcommunication_interfaces__rosidl_typesupport_c.so" to ""
[12.635s] -- Installing: /home/user/Documents/NYU/Swarm/Swarm6333/Project/swarm_ws/install/communication_interfaces/lib/libcommunication_interfaces__rosidl_typesupport_introspection_cpp.so
[12.635s] -- Set runtime path of "/home/user/Documents/NYU/Swarm/Swarm6333/Project/swarm_ws/install/communication_interfaces/lib/libcommunication_interfaces__rosidl_typesupport_introspection_cpp.so" to ""
[12.635s] -- Installing: /home/user/Documents/NYU/Swarm/Swarm6333/Project/swarm_ws/install/communication_interfaces/lib/libcommunication_interfaces__rosidl_typesupport_cpp.so
[12.635s] -- Set runtime path of "/home/user/Documents/NYU/Swarm/Swarm6333/Project/swarm_ws/install/communication_interfaces/lib/libcommunication_interfaces__rosidl_typesupport_cpp.so" to ""
[12.667s] Compiling '/home/user/Documents/NYU/Swarm/Swarm6333/Project/swarm_ws/install/communication_interfaces/lib/python3.8/site-packages/communication_interfaces/__init__.py'...
[12.671s] -- Installing: /home/user/Documents/NYU/Swarm/Swarm6333/Project/swarm_ws/install/communication_interfaces/share/communication_interfaces/cmake/communication_interfaces__rosidl_generator_cExport.cmake
[12.671s] -- Installing: /home/user/Documents/NYU/Swarm/Swarm6333/Project/swarm_ws/install/communication_interfaces/share/communication_interfaces/cmake/communication_interfaces__rosidl_generator_cExport-noconfig.cmake
[12.672s] -- Installing: /home/user/Documents/NYU/Swarm/Swarm6333/Project/swarm_ws/install/communication_interfaces/share/communication_interfaces/cmake/communication_interfaces__rosidl_typesupport_introspection_cExport.cmake
[12.672s] -- Installing: /home/user/Documents/NYU/Swarm/Swarm6333/Project/swarm_ws/install/communication_interfaces/share/communication_interfaces/cmake/communication_interfaces__rosidl_typesupport_introspection_cExport-noconfig.cmake
[12.672s] -- Installing: /home/user/Documents/NYU/Swarm/Swarm6333/Project/swarm_ws/install/communication_interfaces/share/communication_interfaces/cmake/communication_interfaces__rosidl_typesupport_cExport.cmake
[12.672s] -- Installing: /home/user/Documents/NYU/Swarm/Swarm6333/Project/swarm_ws/install/communication_interfaces/share/communication_interfaces/cmake/communication_interfaces__rosidl_typesupport_cExport-noconfig.cmake
[12.672s] -- Installing: /home/user/Documents/NYU/Swarm/Swarm6333/Project/swarm_ws/install/communication_interfaces/share/communication_interfaces/cmake/communication_interfaces__rosidl_generator_cppExport.cmake
[12.672s] -- Installing: /home/user/Documents/NYU/Swarm/Swarm6333/Project/swarm_ws/install/communication_interfaces/share/communication_interfaces/cmake/communication_interfaces__rosidl_typesupport_introspection_cppExport.cmake
[12.672s] -- Installing: /home/user/Documents/NYU/Swarm/Swarm6333/Project/swarm_ws/install/communication_interfaces/share/communication_interfaces/cmake/communication_interfaces__rosidl_typesupport_introspection_cppExport-noconfig.cmake
[12.673s] -- Installing: /home/user/Documents/NYU/Swarm/Swarm6333/Project/swarm_ws/install/communication_interfaces/share/communication_interfaces/cmake/communication_interfaces__rosidl_typesupport_cppExport.cmake
[12.673s] -- Installing: /home/user/Documents/NYU/Swarm/Swarm6333/Project/swarm_ws/install/communication_interfaces/share/communication_interfaces/cmake/communication_interfaces__rosidl_typesupport_cppExport-noconfig.cmake
[12.676s] Invoked command in '/home/user/Documents/NYU/Swarm/Swarm6333/Project/swarm_ws/build/communication_interfaces' returned '0': CMAKE_PREFIX_PATH=${CMAKE_PREFIX_PATH}:/home/user/Documents/NYU/Swarm/Swarm6333/Project/swarm_ws/install/ros2swarm:/home/user/Documents/NYU/Swarm/Swarm6333/Project/swarm_ws/install/launch_gazebo:/home/user/Documents/NYU/Swarm/Swarm6333/Project/swarm_ws/install/ros2_aruco:/home/user/Documents/NYU/Swarm/Swarm6333/Project/swarm_ws/install/choirbot_examples:/home/user/Documents/NYU/Swarm/Swarm6333/Project/swarm_ws/install/choirbot:/opt/ros/foxy /usr/bin/cmake --install /home/user/Documents/NYU/Swarm/Swarm6333/Project/swarm_ws/build/communication_interfaces
