[0.374s] Invoking command in '/home/user/Documents/NYU/Swarm/Swarm6333/Project/swarm_ws/build/aruco_opencv': AMENT_PREFIX_PATH=/home/user/Documents/NYU/Swarm/Swarm6333/Project/swarm_ws/install/aruco_opencv_msgs:${AMENT_PREFIX_PATH} CMAKE_PREFIX_PATH=/home/user/Documents/NYU/Swarm/Swarm6333/Project/swarm_ws/install/aruco_opencv_msgs:/opt/ros/foxy CONDA_PROMPT_MODIFIER=(base) LD_LIBRARY_PATH=/home/user/Documents/NYU/Swarm/Swarm6333/Project/swarm_ws/install/aruco_opencv_msgs/lib:${LD_LIBRARY_PATH} PYTHONPATH=/home/user/Documents/NYU/Swarm/Swarm6333/Project/swarm_ws/install/aruco_opencv_msgs/lib/python3.8/site-packages:${PYTHONPATH} /usr/bin/cmake --build /home/user/Documents/NYU/Swarm/Swarm6333/Project/swarm_ws/build/aruco_opencv -- -j8 -l8
[0.441s] -- Found ament_cmake: 0.9.12 (/opt/ros/foxy/share/ament_cmake/cmake)
[0.484s] -- Using PYTHON_EXECUTABLE: /usr/bin/python3
[0.783s] -- Override CMake install command with custom implementation using symlinks instead of copying resources
[0.802s] -- Found rclcpp: 2.4.3 (/opt/ros/foxy/share/rclcpp/cmake)
[0.866s] -- Using all available rosidl_typesupport_c: rosidl_typesupport_fastrtps_c;rosidl_typesupport_introspection_c
[0.872s] -- Found rosidl_adapter: 1.3.1 (/opt/ros/foxy/share/rosidl_adapter/cmake)
[1.093s] -- Using all available rosidl_typesupport_cpp: rosidl_typesupport_fastrtps_cpp;rosidl_typesupport_introspection_cpp
[1.185s] -- Found rmw_implementation_cmake: 1.0.4 (/opt/ros/foxy/share/rmw_implementation_cmake/cmake)
[1.187s] -- Using RMW implementation 'rmw_fastrtps_cpp' as default
[1.346s] -- Found rclcpp_components: 2.4.3 (/opt/ros/foxy/share/rclcpp_components/cmake)
[1.409s] -- Found rclcpp_lifecycle: 2.4.3 (/opt/ros/foxy/share/rclcpp_lifecycle/cmake)
[1.444s] -- Found aruco_opencv_msgs: 1.1.1 (/home/user/Documents/NYU/Swarm/Swarm6333/Project/swarm_ws/install/aruco_opencv_msgs/share/aruco_opencv_msgs/cmake)
[1.549s] -- Found cv_bridge: 3.0.7 (/opt/ros/foxy/share/cv_bridge/cmake)
[1.638s] -- Found tf2_ros: 0.13.14 (/opt/ros/foxy/share/tf2_ros/cmake)
[1.882s] -- Found tf2_geometry_msgs: 0.13.14 (/opt/ros/foxy/share/tf2_geometry_msgs/cmake)
[1.888s] -- Found eigen3_cmake_module: 0.1.1 (/opt/ros/foxy/share/eigen3_cmake_module/cmake)
[1.915s] -- Found image_transport: 2.4.0 (/opt/ros/foxy/share/image_transport/cmake)
[1.968s] -- Found ament_lint_auto: 0.9.8 (/opt/ros/foxy/share/ament_lint_auto/cmake)
[2.028s] -- Added test 'copyright' to check source files copyright and LICENSE
[2.028s] -- Added test 'lint_cmake' to check CMake code style
[2.029s] -- Added test 'uncrustify' to check C / C++ code style
[2.029s] -- Configured uncrustify additional arguments: 
[2.030s] -- Added test 'xmllint' to check XML markup files
[2.033s] -- Configuring done
[2.081s] -- Generating done
[2.099s] -- Build files have been written to: /home/user/Documents/NYU/Swarm/Swarm6333/Project/swarm_ws/build/aruco_opencv
[2.151s] [ 28%] Built target aruco_tracker
[2.151s] [ 57%] Built target aruco_tracker_autostart
[2.169s] [100%] Built target aruco_opencv
[2.184s] Invoked command in '/home/user/Documents/NYU/Swarm/Swarm6333/Project/swarm_ws/build/aruco_opencv' returned '0': AMENT_PREFIX_PATH=/home/user/Documents/NYU/Swarm/Swarm6333/Project/swarm_ws/install/aruco_opencv_msgs:${AMENT_PREFIX_PATH} CMAKE_PREFIX_PATH=/home/user/Documents/NYU/Swarm/Swarm6333/Project/swarm_ws/install/aruco_opencv_msgs:/opt/ros/foxy CONDA_PROMPT_MODIFIER=(base) LD_LIBRARY_PATH=/home/user/Documents/NYU/Swarm/Swarm6333/Project/swarm_ws/install/aruco_opencv_msgs/lib:${LD_LIBRARY_PATH} PYTHONPATH=/home/user/Documents/NYU/Swarm/Swarm6333/Project/swarm_ws/install/aruco_opencv_msgs/lib/python3.8/site-packages:${PYTHONPATH} /usr/bin/cmake --build /home/user/Documents/NYU/Swarm/Swarm6333/Project/swarm_ws/build/aruco_opencv -- -j8 -l8
[2.188s] Invoking command in '/home/user/Documents/NYU/Swarm/Swarm6333/Project/swarm_ws/build/aruco_opencv': AMENT_PREFIX_PATH=/home/user/Documents/NYU/Swarm/Swarm6333/Project/swarm_ws/install/aruco_opencv_msgs:${AMENT_PREFIX_PATH} CMAKE_PREFIX_PATH=/home/user/Documents/NYU/Swarm/Swarm6333/Project/swarm_ws/install/aruco_opencv_msgs:/opt/ros/foxy CONDA_PROMPT_MODIFIER=(base) LD_LIBRARY_PATH=/home/user/Documents/NYU/Swarm/Swarm6333/Project/swarm_ws/install/aruco_opencv_msgs/lib:${LD_LIBRARY_PATH} PYTHONPATH=/home/user/Documents/NYU/Swarm/Swarm6333/Project/swarm_ws/install/aruco_opencv_msgs/lib/python3.8/site-packages:${PYTHONPATH} /usr/bin/cmake --install /home/user/Documents/NYU/Swarm/Swarm6333/Project/swarm_ws/build/aruco_opencv
[2.198s] -- Install configuration: ""
[2.198s] -- Execute custom install script
[2.198s] -- Up-to-date symlink: /home/user/Documents/NYU/Swarm/Swarm6333/Project/swarm_ws/install/aruco_opencv/lib/aruco_opencv/aruco_tracker
[2.199s] -- Up-to-date symlink: /home/user/Documents/NYU/Swarm/Swarm6333/Project/swarm_ws/install/aruco_opencv/lib/aruco_opencv/aruco_tracker_autostart
[2.199s] -- Up-to-date symlink: /home/user/Documents/NYU/Swarm/Swarm6333/Project/swarm_ws/install/aruco_opencv/lib/libaruco_opencv.so
[2.200s] -- Up-to-date symlink: /home/user/Documents/NYU/Swarm/Swarm6333/Project/swarm_ws/install/aruco_opencv/share/aruco_opencv/config/aruco_tracker.yaml
[2.200s] -- Up-to-date symlink: /home/user/Documents/NYU/Swarm/Swarm6333/Project/swarm_ws/install/aruco_opencv/share/aruco_opencv/config/board_descriptions.yaml
[2.200s] -- Up-to-date symlink: /home/user/Documents/NYU/Swarm/Swarm6333/Project/swarm_ws/install/aruco_opencv/share/aruco_opencv/launch/aruco_tracker.launch.xml
[2.201s] -- Up-to-date symlink: /home/user/Documents/NYU/Swarm/Swarm6333/Project/swarm_ws/install/aruco_opencv/lib/aruco_opencv/create_board
[2.201s] -- Up-to-date symlink: /home/user/Documents/NYU/Swarm/Swarm6333/Project/swarm_ws/install/aruco_opencv/lib/aruco_opencv/create_marker
[2.201s] -- Up-to-date symlink: /home/user/Documents/NYU/Swarm/Swarm6333/Project/swarm_ws/install/aruco_opencv/share/ament_index/resource_index/package_run_dependencies/aruco_opencv
[2.202s] -- Up-to-date symlink: /home/user/Documents/NYU/Swarm/Swarm6333/Project/swarm_ws/install/aruco_opencv/share/ament_index/resource_index/parent_prefix_path/aruco_opencv
[2.202s] -- Up-to-date symlink: /home/user/Documents/NYU/Swarm/Swarm6333/Project/swarm_ws/install/aruco_opencv/share/aruco_opencv/environment/ament_prefix_path.sh
[2.202s] -- Up-to-date symlink: /home/user/Documents/NYU/Swarm/Swarm6333/Project/swarm_ws/install/aruco_opencv/share/aruco_opencv/environment/ament_prefix_path.dsv
[2.202s] -- Up-to-date symlink: /home/user/Documents/NYU/Swarm/Swarm6333/Project/swarm_ws/install/aruco_opencv/share/aruco_opencv/environment/path.sh
[2.203s] -- Up-to-date symlink: /home/user/Documents/NYU/Swarm/Swarm6333/Project/swarm_ws/install/aruco_opencv/share/aruco_opencv/environment/path.dsv
[2.203s] -- Up-to-date symlink: /home/user/Documents/NYU/Swarm/Swarm6333/Project/swarm_ws/install/aruco_opencv/share/aruco_opencv/local_setup.bash
[2.203s] -- Up-to-date symlink: /home/user/Documents/NYU/Swarm/Swarm6333/Project/swarm_ws/install/aruco_opencv/share/aruco_opencv/local_setup.sh
[2.204s] -- Up-to-date symlink: /home/user/Documents/NYU/Swarm/Swarm6333/Project/swarm_ws/install/aruco_opencv/share/aruco_opencv/local_setup.zsh
[2.204s] -- Up-to-date symlink: /home/user/Documents/NYU/Swarm/Swarm6333/Project/swarm_ws/install/aruco_opencv/share/aruco_opencv/local_setup.dsv
[2.204s] -- Symlinking: /home/user/Documents/NYU/Swarm/Swarm6333/Project/swarm_ws/install/aruco_opencv/share/aruco_opencv/package.dsv
[2.214s] -- Up-to-date symlink: /home/user/Documents/NYU/Swarm/Swarm6333/Project/swarm_ws/install/aruco_opencv/share/ament_index/resource_index/packages/aruco_opencv
[2.214s] -- Up-to-date symlink: /home/user/Documents/NYU/Swarm/Swarm6333/Project/swarm_ws/install/aruco_opencv/share/ament_index/resource_index/rclcpp_components/aruco_opencv
[2.214s] -- Up-to-date symlink: /home/user/Documents/NYU/Swarm/Swarm6333/Project/swarm_ws/install/aruco_opencv/share/aruco_opencv/cmake/aruco_opencvConfig.cmake
[2.214s] -- Up-to-date symlink: /home/user/Documents/NYU/Swarm/Swarm6333/Project/swarm_ws/install/aruco_opencv/share/aruco_opencv/cmake/aruco_opencvConfig-version.cmake
[2.214s] -- Up-to-date symlink: /home/user/Documents/NYU/Swarm/Swarm6333/Project/swarm_ws/install/aruco_opencv/share/aruco_opencv/package.xml
[2.216s] Invoked command in '/home/user/Documents/NYU/Swarm/Swarm6333/Project/swarm_ws/build/aruco_opencv' returned '0': AMENT_PREFIX_PATH=/home/user/Documents/NYU/Swarm/Swarm6333/Project/swarm_ws/install/aruco_opencv_msgs:${AMENT_PREFIX_PATH} CMAKE_PREFIX_PATH=/home/user/Documents/NYU/Swarm/Swarm6333/Project/swarm_ws/install/aruco_opencv_msgs:/opt/ros/foxy CONDA_PROMPT_MODIFIER=(base) LD_LIBRARY_PATH=/home/user/Documents/NYU/Swarm/Swarm6333/Project/swarm_ws/install/aruco_opencv_msgs/lib:${LD_LIBRARY_PATH} PYTHONPATH=/home/user/Documents/NYU/Swarm/Swarm6333/Project/swarm_ws/install/aruco_opencv_msgs/lib/python3.8/site-packages:${PYTHONPATH} /usr/bin/cmake --install /home/user/Documents/NYU/Swarm/Swarm6333/Project/swarm_ws/build/aruco_opencv
