[0.296s] Invoking command in '/home/user/Documents/NYU/Swarm/Swarm6333/Project/swarm_ws/build/communication_interfaces': CMAKE_PREFIX_PATH=/opt/ros/foxy CONDA_PROMPT_MODIFIER=(base) /usr/bin/cmake --build /home/user/Documents/NYU/Swarm/Swarm6333/Project/swarm_ws/build/communication_interfaces -- -j8 -l8
[0.847s] [  1%] Built target communication_interfaces__cpp
[0.847s] [ 12%] Built target communication_interfaces__rosidl_generator_c
[0.847s] [ 24%] Built target communication_interfaces__rosidl_typesupport_cpp
[0.847s] [ 35%] Built target communication_interfaces__rosidl_typesupport_introspection_cpp
[0.847s] [ 46%] Built target communication_interfaces__rosidl_typesupport_c
[0.848s] [ 58%] Built target communication_interfaces__rosidl_typesupport_fastrtps_cpp
[0.850s] [ 69%] Built target communication_interfaces__rosidl_typesupport_introspection_c
[0.850s] [ 81%] Built target communication_interfaces__rosidl_typesupport_fastrtps_c
[0.850s] [ 81%] Built target communication_interfaces
[0.850s] [ 82%] Built target communication_interfaces__py
[0.850s] [ 92%] Built target communication_interfaces__python
[0.850s] [ 94%] Built target communication_interfaces__rosidl_typesupport_fastrtps_c__pyext
[0.850s] [ 97%] Built target communication_interfaces__rosidl_typesupport_c__pyext
[0.850s] [100%] Built target communication_interfaces__rosidl_typesupport_introspection_c__pyext
[0.860s] Invoked command in '/home/user/Documents/NYU/Swarm/Swarm6333/Project/swarm_ws/build/communication_interfaces' returned '0': CMAKE_PREFIX_PATH=/opt/ros/foxy CONDA_PROMPT_MODIFIER=(base) /usr/bin/cmake --build /home/user/Documents/NYU/Swarm/Swarm6333/Project/swarm_ws/build/communication_interfaces -- -j8 -l8
[0.863s] Invoking command in '/home/user/Documents/NYU/Swarm/Swarm6333/Project/swarm_ws/build/communication_interfaces': CMAKE_PREFIX_PATH=/opt/ros/foxy CONDA_PROMPT_MODIFIER=(base) /usr/bin/cmake --install /home/user/Documents/NYU/Swarm/Swarm6333/Project/swarm_ws/build/communication_interfaces
[0.876s] -- Install configuration: ""
[0.876s] -- Execute custom install script
[0.879s] -- Up-to-date symlink: /home/user/Documents/NYU/Swarm/Swarm6333/Project/swarm_ws/install/communication_interfaces/share/ament_index/resource_index/rosidl_interfaces/communication_interfaces
[0.880s] -- Up-to-date symlink: /home/user/Documents/NYU/Swarm/Swarm6333/Project/swarm_ws/install/communication_interfaces/include/communication_interfaces/msg/detail/double_message__functions.h
[0.882s] -- Up-to-date symlink: /home/user/Documents/NYU/Swarm/Swarm6333/Project/swarm_ws/install/communication_interfaces/include/communication_interfaces/msg/detail/double_message__struct.h
[0.882s] -- Up-to-date symlink: /home/user/Documents/NYU/Swarm/Swarm6333/Project/swarm_ws/install/communication_interfaces/include/communication_interfaces/msg/detail/double_message__type_support.h
[0.882s] -- Up-to-date symlink: /home/user/Documents/NYU/Swarm/Swarm6333/Project/swarm_ws/install/communication_interfaces/include/communication_interfaces/msg/detail/int8_message__functions.h
[0.882s] -- Up-to-date symlink: /home/user/Documents/NYU/Swarm/Swarm6333/Project/swarm_ws/install/communication_interfaces/include/communication_interfaces/msg/detail/int8_message__struct.h
[0.882s] -- Up-to-date symlink: /home/user/Documents/NYU/Swarm/Swarm6333/Project/swarm_ws/install/communication_interfaces/include/communication_interfaces/msg/detail/int8_message__type_support.h
[0.882s] -- Up-to-date symlink: /home/user/Documents/NYU/Swarm/Swarm6333/Project/swarm_ws/install/communication_interfaces/include/communication_interfaces/msg/detail/int_list_message__functions.h
[0.882s] -- Up-to-date symlink: /home/user/Documents/NYU/Swarm/Swarm6333/Project/swarm_ws/install/communication_interfaces/include/communication_interfaces/msg/detail/int_list_message__struct.h
[0.882s] -- Up-to-date symlink: /home/user/Documents/NYU/Swarm/Swarm6333/Project/swarm_ws/install/communication_interfaces/include/communication_interfaces/msg/detail/int_list_message__type_support.h
[0.883s] -- Up-to-date symlink: /home/user/Documents/NYU/Swarm/Swarm6333/Project/swarm_ws/install/communication_interfaces/include/communication_interfaces/msg/detail/opinion_mac_message__functions.h
[0.885s] -- Up-to-date symlink: /home/user/Documents/NYU/Swarm/Swarm6333/Project/swarm_ws/install/communication_interfaces/include/communication_interfaces/msg/detail/opinion_mac_message__struct.h
[0.885s] -- Up-to-date symlink: /home/user/Documents/NYU/Swarm/Swarm6333/Project/swarm_ws/install/communication_interfaces/include/communication_interfaces/msg/detail/opinion_mac_message__type_support.h
[0.886s] -- Up-to-date symlink: /home/user/Documents/NYU/Swarm/Swarm6333/Project/swarm_ws/install/communication_interfaces/include/communication_interfaces/msg/detail/opinion_message__functions.h
[0.888s] -- Up-to-date symlink: /home/user/Documents/NYU/Swarm/Swarm6333/Project/swarm_ws/install/communication_interfaces/include/communication_interfaces/msg/detail/opinion_message__struct.h
[0.891s] -- Up-to-date symlink: /home/user/Documents/NYU/Swarm/Swarm6333/Project/swarm_ws/install/communication_interfaces/include/communication_interfaces/msg/detail/opinion_message__type_support.h
[0.891s] -- Up-to-date symlink: /home/user/Documents/NYU/Swarm/Swarm6333/Project/swarm_ws/install/communication_interfaces/include/communication_interfaces/msg/detail/string_message__functions.h
[0.892s] -- Up-to-date symlink: /home/user/Documents/NYU/Swarm/Swarm6333/Project/swarm_ws/install/communication_interfaces/include/communication_interfaces/msg/detail/string_message__struct.h
[0.892s] -- Up-to-date symlink: /home/user/Documents/NYU/Swarm/Swarm6333/Project/swarm_ws/install/communication_interfaces/include/communication_interfaces/msg/detail/string_message__type_support.h
[0.892s] -- Up-to-date symlink: /home/user/Documents/NYU/Swarm/Swarm6333/Project/swarm_ws/install/communication_interfaces/include/communication_interfaces/msg/double_message.h
[0.893s] -- Up-to-date symlink: /home/user/Documents/NYU/Swarm/Swarm6333/Project/swarm_ws/install/communication_interfaces/include/communication_interfaces/msg/int8_message.h
[0.893s] -- Up-to-date symlink: /home/user/Documents/NYU/Swarm/Swarm6333/Project/swarm_ws/install/communication_interfaces/include/communication_interfaces/msg/int_list_message.h
[0.893s] -- Up-to-date symlink: /home/user/Documents/NYU/Swarm/Swarm6333/Project/swarm_ws/install/communication_interfaces/include/communication_interfaces/msg/opinion_mac_message.h
[0.893s] -- Up-to-date symlink: /home/user/Documents/NYU/Swarm/Swarm6333/Project/swarm_ws/install/communication_interfaces/include/communication_interfaces/msg/opinion_message.h
[0.893s] -- Up-to-date symlink: /home/user/Documents/NYU/Swarm/Swarm6333/Project/swarm_ws/install/communication_interfaces/include/communication_interfaces/msg/rosidl_generator_c__visibility_control.h
[0.893s] -- Up-to-date symlink: /home/user/Documents/NYU/Swarm/Swarm6333/Project/swarm_ws/install/communication_interfaces/include/communication_interfaces/msg/string_message.h
[0.893s] -- Up-to-date symlink: /home/user/Documents/NYU/Swarm/Swarm6333/Project/swarm_ws/install/communication_interfaces/include/communication_interfaces/srv/detail/item_service__functions.h
[0.893s] -- Up-to-date symlink: /home/user/Documents/NYU/Swarm/Swarm6333/Project/swarm_ws/install/communication_interfaces/include/communication_interfaces/srv/detail/item_service__struct.h
[0.893s] -- Up-to-date symlink: /home/user/Documents/NYU/Swarm/Swarm6333/Project/swarm_ws/install/communication_interfaces/include/communication_interfaces/srv/detail/item_service__type_support.h
[0.894s] -- Up-to-date symlink: /home/user/Documents/NYU/Swarm/Swarm6333/Project/swarm_ws/install/communication_interfaces/include/communication_interfaces/srv/item_service.h
[0.894s] -- Up-to-date symlink: /home/user/Documents/NYU/Swarm/Swarm6333/Project/swarm_ws/install/communication_interfaces/share/communication_interfaces/environment/library_path.sh
[0.894s] -- Up-to-date symlink: /home/user/Documents/NYU/Swarm/Swarm6333/Project/swarm_ws/install/communication_interfaces/share/communication_interfaces/environment/library_path.dsv
[0.895s] -- Up-to-date symlink: /home/user/Documents/NYU/Swarm/Swarm6333/Project/swarm_ws/install/communication_interfaces/include/communication_interfaces/msg/detail/double_message__rosidl_typesupport_fastrtps_c.h
[0.895s] -- Up-to-date symlink: /home/user/Documents/NYU/Swarm/Swarm6333/Project/swarm_ws/install/communication_interfaces/include/communication_interfaces/msg/detail/int8_message__rosidl_typesupport_fastrtps_c.h
[0.895s] -- Up-to-date symlink: /home/user/Documents/NYU/Swarm/Swarm6333/Project/swarm_ws/install/communication_interfaces/include/communication_interfaces/msg/detail/int_list_message__rosidl_typesupport_fastrtps_c.h
[0.896s] -- Up-to-date symlink: /home/user/Documents/NYU/Swarm/Swarm6333/Project/swarm_ws/install/communication_interfaces/include/communication_interfaces/msg/detail/opinion_mac_message__rosidl_typesupport_fastrtps_c.h
[0.900s] -- Up-to-date symlink: /home/user/Documents/NYU/Swarm/Swarm6333/Project/swarm_ws/install/communication_interfaces/include/communication_interfaces/msg/detail/opinion_message__rosidl_typesupport_fastrtps_c.h
[0.900s] -- Up-to-date symlink: /home/user/Documents/NYU/Swarm/Swarm6333/Project/swarm_ws/install/communication_interfaces/include/communication_interfaces/msg/detail/string_message__rosidl_typesupport_fastrtps_c.h
[0.902s] -- Up-to-date symlink: /home/user/Documents/NYU/Swarm/Swarm6333/Project/swarm_ws/install/communication_interfaces/include/communication_interfaces/msg/rosidl_typesupport_fastrtps_c__visibility_control.h
[0.908s] -- Up-to-date symlink: /home/user/Documents/NYU/Swarm/Swarm6333/Project/swarm_ws/install/communication_interfaces/include/communication_interfaces/srv/detail/item_service__rosidl_typesupport_fastrtps_c.h
[0.911s] -- Up-to-date symlink: /home/user/Documents/NYU/Swarm/Swarm6333/Project/swarm_ws/install/communication_interfaces/lib/libcommunication_interfaces__rosidl_typesupport_fastrtps_c.so
[0.912s] -- Up-to-date symlink: /home/user/Documents/NYU/Swarm/Swarm6333/Project/swarm_ws/install/communication_interfaces/include/communication_interfaces/msg/detail/double_message__rosidl_typesupport_fastrtps_cpp.hpp
[0.914s] -- Up-to-date symlink: /home/user/Documents/NYU/Swarm/Swarm6333/Project/swarm_ws/install/communication_interfaces/include/communication_interfaces/msg/detail/int8_message__rosidl_typesupport_fastrtps_cpp.hpp
[0.914s] -- Up-to-date symlink: /home/user/Documents/NYU/Swarm/Swarm6333/Project/swarm_ws/install/communication_interfaces/include/communication_interfaces/msg/detail/int_list_message__rosidl_typesupport_fastrtps_cpp.hpp
[0.915s] -- Up-to-date symlink: /home/user/Documents/NYU/Swarm/Swarm6333/Project/swarm_ws/install/communication_interfaces/include/communication_interfaces/msg/detail/opinion_mac_message__rosidl_typesupport_fastrtps_cpp.hpp
[0.915s] -- Up-to-date symlink: /home/user/Documents/NYU/Swarm/Swarm6333/Project/swarm_ws/install/communication_interfaces/include/communication_interfaces/msg/detail/opinion_message__rosidl_typesupport_fastrtps_cpp.hpp
[0.916s] -- Up-to-date symlink: /home/user/Documents/NYU/Swarm/Swarm6333/Project/swarm_ws/install/communication_interfaces/include/communication_interfaces/msg/detail/string_message__rosidl_typesupport_fastrtps_cpp.hpp
[0.916s] -- Up-to-date symlink: /home/user/Documents/NYU/Swarm/Swarm6333/Project/swarm_ws/install/communication_interfaces/include/communication_interfaces/msg/rosidl_typesupport_fastrtps_cpp__visibility_control.h
[0.917s] -- Up-to-date symlink: /home/user/Documents/NYU/Swarm/Swarm6333/Project/swarm_ws/install/communication_interfaces/include/communication_interfaces/srv/detail/item_service__rosidl_typesupport_fastrtps_cpp.hpp
[0.919s] -- Up-to-date symlink: /home/user/Documents/NYU/Swarm/Swarm6333/Project/swarm_ws/install/communication_interfaces/lib/libcommunication_interfaces__rosidl_typesupport_fastrtps_cpp.so
[0.919s] -- Up-to-date symlink: /home/user/Documents/NYU/Swarm/Swarm6333/Project/swarm_ws/install/communication_interfaces/include/communication_interfaces/msg/detail/double_message__rosidl_typesupport_introspection_c.h
[0.920s] -- Up-to-date symlink: /home/user/Documents/NYU/Swarm/Swarm6333/Project/swarm_ws/install/communication_interfaces/include/communication_interfaces/msg/detail/int8_message__rosidl_typesupport_introspection_c.h
[0.920s] -- Up-to-date symlink: /home/user/Documents/NYU/Swarm/Swarm6333/Project/swarm_ws/install/communication_interfaces/include/communication_interfaces/msg/detail/int_list_message__rosidl_typesupport_introspection_c.h
[0.921s] -- Up-to-date symlink: /home/user/Documents/NYU/Swarm/Swarm6333/Project/swarm_ws/install/communication_interfaces/include/communication_interfaces/msg/detail/opinion_mac_message__rosidl_typesupport_introspection_c.h
[0.922s] -- Up-to-date symlink: /home/user/Documents/NYU/Swarm/Swarm6333/Project/swarm_ws/install/communication_interfaces/include/communication_interfaces/msg/detail/opinion_message__rosidl_typesupport_introspection_c.h
[0.922s] -- Up-to-date symlink: /home/user/Documents/NYU/Swarm/Swarm6333/Project/swarm_ws/install/communication_interfaces/include/communication_interfaces/msg/detail/string_message__rosidl_typesupport_introspection_c.h
[0.923s] -- Up-to-date symlink: /home/user/Documents/NYU/Swarm/Swarm6333/Project/swarm_ws/install/communication_interfaces/include/communication_interfaces/msg/rosidl_typesupport_introspection_c__visibility_control.h
[0.923s] -- Up-to-date symlink: /home/user/Documents/NYU/Swarm/Swarm6333/Project/swarm_ws/install/communication_interfaces/include/communication_interfaces/srv/detail/item_service__rosidl_typesupport_introspection_c.h
[0.925s] -- Up-to-date symlink: /home/user/Documents/NYU/Swarm/Swarm6333/Project/swarm_ws/install/communication_interfaces/include/communication_interfaces/msg/detail/double_message__builder.hpp
[0.926s] -- Up-to-date symlink: /home/user/Documents/NYU/Swarm/Swarm6333/Project/swarm_ws/install/communication_interfaces/include/communication_interfaces/msg/detail/double_message__struct.hpp
[0.927s] -- Up-to-date symlink: /home/user/Documents/NYU/Swarm/Swarm6333/Project/swarm_ws/install/communication_interfaces/include/communication_interfaces/msg/detail/double_message__traits.hpp
[0.927s] -- Up-to-date symlink: /home/user/Documents/NYU/Swarm/Swarm6333/Project/swarm_ws/install/communication_interfaces/include/communication_interfaces/msg/detail/double_message__type_support.hpp
[0.928s] -- Up-to-date symlink: /home/user/Documents/NYU/Swarm/Swarm6333/Project/swarm_ws/install/communication_interfaces/include/communication_interfaces/msg/detail/int8_message__builder.hpp
[0.930s] -- Up-to-date symlink: /home/user/Documents/NYU/Swarm/Swarm6333/Project/swarm_ws/install/communication_interfaces/include/communication_interfaces/msg/detail/int8_message__struct.hpp
[0.930s] -- Up-to-date symlink: /home/user/Documents/NYU/Swarm/Swarm6333/Project/swarm_ws/install/communication_interfaces/include/communication_interfaces/msg/detail/int8_message__traits.hpp
[0.931s] -- Up-to-date symlink: /home/user/Documents/NYU/Swarm/Swarm6333/Project/swarm_ws/install/communication_interfaces/include/communication_interfaces/msg/detail/int8_message__type_support.hpp
[0.931s] -- Up-to-date symlink: /home/user/Documents/NYU/Swarm/Swarm6333/Project/swarm_ws/install/communication_interfaces/include/communication_interfaces/msg/detail/int_list_message__builder.hpp
[0.938s] -- Up-to-date symlink: /home/user/Documents/NYU/Swarm/Swarm6333/Project/swarm_ws/install/communication_interfaces/include/communication_interfaces/msg/detail/int_list_message__struct.hpp
[0.939s] -- Up-to-date symlink: /home/user/Documents/NYU/Swarm/Swarm6333/Project/swarm_ws/install/communication_interfaces/include/communication_interfaces/msg/detail/int_list_message__traits.hpp
[0.939s] -- Up-to-date symlink: /home/user/Documents/NYU/Swarm/Swarm6333/Project/swarm_ws/install/communication_interfaces/include/communication_interfaces/msg/detail/int_list_message__type_support.hpp
[0.940s] -- Up-to-date symlink: /home/user/Documents/NYU/Swarm/Swarm6333/Project/swarm_ws/install/communication_interfaces/include/communication_interfaces/msg/detail/opinion_mac_message__builder.hpp
[0.940s] -- Up-to-date symlink: /home/user/Documents/NYU/Swarm/Swarm6333/Project/swarm_ws/install/communication_interfaces/include/communication_interfaces/msg/detail/opinion_mac_message__struct.hpp
[0.941s] -- Up-to-date symlink: /home/user/Documents/NYU/Swarm/Swarm6333/Project/swarm_ws/install/communication_interfaces/include/communication_interfaces/msg/detail/opinion_mac_message__traits.hpp
[0.941s] -- Up-to-date symlink: /home/user/Documents/NYU/Swarm/Swarm6333/Project/swarm_ws/install/communication_interfaces/include/communication_interfaces/msg/detail/opinion_mac_message__type_support.hpp
[0.942s] -- Up-to-date symlink: /home/user/Documents/NYU/Swarm/Swarm6333/Project/swarm_ws/install/communication_interfaces/include/communication_interfaces/msg/detail/opinion_message__builder.hpp
[0.942s] -- Up-to-date symlink: /home/user/Documents/NYU/Swarm/Swarm6333/Project/swarm_ws/install/communication_interfaces/include/communication_interfaces/msg/detail/opinion_message__struct.hpp
[0.943s] -- Up-to-date symlink: /home/user/Documents/NYU/Swarm/Swarm6333/Project/swarm_ws/install/communication_interfaces/include/communication_interfaces/msg/detail/opinion_message__traits.hpp
[0.944s] -- Up-to-date symlink: /home/user/Documents/NYU/Swarm/Swarm6333/Project/swarm_ws/install/communication_interfaces/include/communication_interfaces/msg/detail/opinion_message__type_support.hpp
[0.944s] -- Up-to-date symlink: /home/user/Documents/NYU/Swarm/Swarm6333/Project/swarm_ws/install/communication_interfaces/include/communication_interfaces/msg/detail/string_message__builder.hpp
[0.945s] -- Up-to-date symlink: /home/user/Documents/NYU/Swarm/Swarm6333/Project/swarm_ws/install/communication_interfaces/include/communication_interfaces/msg/detail/string_message__struct.hpp
[0.946s] -- Up-to-date symlink: /home/user/Documents/NYU/Swarm/Swarm6333/Project/swarm_ws/install/communication_interfaces/include/communication_interfaces/msg/detail/string_message__traits.hpp
[0.947s] -- Up-to-date symlink: /home/user/Documents/NYU/Swarm/Swarm6333/Project/swarm_ws/install/communication_interfaces/include/communication_interfaces/msg/detail/string_message__type_support.hpp
[0.947s] -- Up-to-date symlink: /home/user/Documents/NYU/Swarm/Swarm6333/Project/swarm_ws/install/communication_interfaces/include/communication_interfaces/msg/double_message.hpp
[0.948s] -- Up-to-date symlink: /home/user/Documents/NYU/Swarm/Swarm6333/Project/swarm_ws/install/communication_interfaces/include/communication_interfaces/msg/int8_message.hpp
[0.948s] -- Up-to-date symlink: /home/user/Documents/NYU/Swarm/Swarm6333/Project/swarm_ws/install/communication_interfaces/include/communication_interfaces/msg/int_list_message.hpp
[0.949s] -- Up-to-date symlink: /home/user/Documents/NYU/Swarm/Swarm6333/Project/swarm_ws/install/communication_interfaces/include/communication_interfaces/msg/opinion_mac_message.hpp
[0.950s] -- Up-to-date symlink: /home/user/Documents/NYU/Swarm/Swarm6333/Project/swarm_ws/install/communication_interfaces/include/communication_interfaces/msg/opinion_message.hpp
[0.950s] -- Up-to-date symlink: /home/user/Documents/NYU/Swarm/Swarm6333/Project/swarm_ws/install/communication_interfaces/include/communication_interfaces/msg/rosidl_generator_cpp__visibility_control.hpp
[0.951s] -- Up-to-date symlink: /home/user/Documents/NYU/Swarm/Swarm6333/Project/swarm_ws/install/communication_interfaces/include/communication_interfaces/msg/string_message.hpp
[0.951s] -- Up-to-date symlink: /home/user/Documents/NYU/Swarm/Swarm6333/Project/swarm_ws/install/communication_interfaces/include/communication_interfaces/srv/detail/item_service__builder.hpp
[0.952s] -- Up-to-date symlink: /home/user/Documents/NYU/Swarm/Swarm6333/Project/swarm_ws/install/communication_interfaces/include/communication_interfaces/srv/detail/item_service__struct.hpp
[0.952s] -- Up-to-date symlink: /home/user/Documents/NYU/Swarm/Swarm6333/Project/swarm_ws/install/communication_interfaces/include/communication_interfaces/srv/detail/item_service__traits.hpp
[0.953s] -- Up-to-date symlink: /home/user/Documents/NYU/Swarm/Swarm6333/Project/swarm_ws/install/communication_interfaces/include/communication_interfaces/srv/detail/item_service__type_support.hpp
[0.962s] -- Up-to-date symlink: /home/user/Documents/NYU/Swarm/Swarm6333/Project/swarm_ws/install/communication_interfaces/include/communication_interfaces/srv/item_service.hpp
[0.963s] -- Up-to-date symlink: /home/user/Documents/NYU/Swarm/Swarm6333/Project/swarm_ws/install/communication_interfaces/include/communication_interfaces/msg/detail/double_message__rosidl_typesupport_introspection_cpp.hpp
[0.963s] -- Up-to-date symlink: /home/user/Documents/NYU/Swarm/Swarm6333/Project/swarm_ws/install/communication_interfaces/include/communication_interfaces/msg/detail/int8_message__rosidl_typesupport_introspection_cpp.hpp
[0.964s] -- Up-to-date symlink: /home/user/Documents/NYU/Swarm/Swarm6333/Project/swarm_ws/install/communication_interfaces/include/communication_interfaces/msg/detail/int_list_message__rosidl_typesupport_introspection_cpp.hpp
[0.964s] -- Up-to-date symlink: /home/user/Documents/NYU/Swarm/Swarm6333/Project/swarm_ws/install/communication_interfaces/include/communication_interfaces/msg/detail/opinion_mac_message__rosidl_typesupport_introspection_cpp.hpp
[0.964s] -- Up-to-date symlink: /home/user/Documents/NYU/Swarm/Swarm6333/Project/swarm_ws/install/communication_interfaces/include/communication_interfaces/msg/detail/opinion_message__rosidl_typesupport_introspection_cpp.hpp
[0.965s] -- Up-to-date symlink: /home/user/Documents/NYU/Swarm/Swarm6333/Project/swarm_ws/install/communication_interfaces/include/communication_interfaces/msg/detail/string_message__rosidl_typesupport_introspection_cpp.hpp
[0.965s] -- Up-to-date symlink: /home/user/Documents/NYU/Swarm/Swarm6333/Project/swarm_ws/install/communication_interfaces/include/communication_interfaces/srv/detail/item_service__rosidl_typesupport_introspection_cpp.hpp
[0.971s] -- Up-to-date symlink: /home/user/Documents/NYU/Swarm/Swarm6333/Project/swarm_ws/install/communication_interfaces/share/communication_interfaces/environment/pythonpath.sh
[0.971s] -- Up-to-date symlink: /home/user/Documents/NYU/Swarm/Swarm6333/Project/swarm_ws/install/communication_interfaces/share/communication_interfaces/environment/pythonpath.dsv
[0.972s] -- Up-to-date symlink: /home/user/Documents/NYU/Swarm/Swarm6333/Project/swarm_ws/install/communication_interfaces/lib/python3.8/site-packages/communication_interfaces/__init__.py
[0.973s] -- Up-to-date symlink: /home/user/Documents/NYU/Swarm/Swarm6333/Project/swarm_ws/install/communication_interfaces/lib/python3.8/site-packages/communication_interfaces/msg/__init__.py
[0.975s] -- Up-to-date symlink: /home/user/Documents/NYU/Swarm/Swarm6333/Project/swarm_ws/install/communication_interfaces/lib/python3.8/site-packages/communication_interfaces/msg/_double_message.py
[0.975s] -- Up-to-date symlink: /home/user/Documents/NYU/Swarm/Swarm6333/Project/swarm_ws/install/communication_interfaces/lib/python3.8/site-packages/communication_interfaces/msg/_int8_message.py
[0.975s] -- Up-to-date symlink: /home/user/Documents/NYU/Swarm/Swarm6333/Project/swarm_ws/install/communication_interfaces/lib/python3.8/site-packages/communication_interfaces/msg/_int_list_message.py
[0.976s] -- Up-to-date symlink: /home/user/Documents/NYU/Swarm/Swarm6333/Project/swarm_ws/install/communication_interfaces/lib/python3.8/site-packages/communication_interfaces/msg/_opinion_mac_message.py
[0.978s] -- Up-to-date symlink: /home/user/Documents/NYU/Swarm/Swarm6333/Project/swarm_ws/install/communication_interfaces/lib/python3.8/site-packages/communication_interfaces/msg/_opinion_message.py
[0.978s] -- Up-to-date symlink: /home/user/Documents/NYU/Swarm/Swarm6333/Project/swarm_ws/install/communication_interfaces/lib/python3.8/site-packages/communication_interfaces/msg/_string_message.py
[0.983s] -- Up-to-date symlink: /home/user/Documents/NYU/Swarm/Swarm6333/Project/swarm_ws/install/communication_interfaces/lib/python3.8/site-packages/communication_interfaces/srv/__init__.py
[0.983s] -- Up-to-date symlink: /home/user/Documents/NYU/Swarm/Swarm6333/Project/swarm_ws/install/communication_interfaces/lib/python3.8/site-packages/communication_interfaces/srv/_item_service.py
[0.986s] -- Up-to-date symlink: /home/user/Documents/NYU/Swarm/Swarm6333/Project/swarm_ws/install/communication_interfaces/lib/python3.8/site-packages/communication_interfaces/communication_interfaces_s__rosidl_typesupport_fastrtps_c.cpython-38-x86_64-linux-gnu.so
[0.987s] -- Up-to-date symlink: /home/user/Documents/NYU/Swarm/Swarm6333/Project/swarm_ws/install/communication_interfaces/lib/python3.8/site-packages/communication_interfaces/communication_interfaces_s__rosidl_typesupport_introspection_c.cpython-38-x86_64-linux-gnu.so
[0.988s] -- Up-to-date symlink: /home/user/Documents/NYU/Swarm/Swarm6333/Project/swarm_ws/install/communication_interfaces/lib/python3.8/site-packages/communication_interfaces/communication_interfaces_s__rosidl_typesupport_c.cpython-38-x86_64-linux-gnu.so
[0.988s] -- Up-to-date symlink: /home/user/Documents/NYU/Swarm/Swarm6333/Project/swarm_ws/install/communication_interfaces/lib/libcommunication_interfaces__python.so
[0.990s] -- Up-to-date symlink: /home/user/Documents/NYU/Swarm/Swarm6333/Project/swarm_ws/install/communication_interfaces/share/communication_interfaces/msg/OpinionMessage.idl
[0.991s] -- Up-to-date symlink: /home/user/Documents/NYU/Swarm/Swarm6333/Project/swarm_ws/install/communication_interfaces/share/communication_interfaces/msg/OpinionMACMessage.idl
[0.993s] -- Up-to-date symlink: /home/user/Documents/NYU/Swarm/Swarm6333/Project/swarm_ws/install/communication_interfaces/share/communication_interfaces/msg/StringMessage.idl
[0.994s] -- Up-to-date symlink: /home/user/Documents/NYU/Swarm/Swarm6333/Project/swarm_ws/install/communication_interfaces/share/communication_interfaces/msg/DoubleMessage.idl
[0.995s] -- Up-to-date symlink: /home/user/Documents/NYU/Swarm/Swarm6333/Project/swarm_ws/install/communication_interfaces/share/communication_interfaces/msg/Int8Message.idl
[0.997s] -- Up-to-date symlink: /home/user/Documents/NYU/Swarm/Swarm6333/Project/swarm_ws/install/communication_interfaces/share/communication_interfaces/msg/IntListMessage.idl
[0.998s] -- Up-to-date symlink: /home/user/Documents/NYU/Swarm/Swarm6333/Project/swarm_ws/install/communication_interfaces/share/communication_interfaces/srv/ItemService.idl
[1.000s] -- Up-to-date symlink: /home/user/Documents/NYU/Swarm/Swarm6333/Project/swarm_ws/install/communication_interfaces/share/communication_interfaces/msg/OpinionMessage.msg
[1.004s] -- Up-to-date symlink: /home/user/Documents/NYU/Swarm/Swarm6333/Project/swarm_ws/install/communication_interfaces/share/communication_interfaces/msg/OpinionMACMessage.msg
[1.006s] -- Up-to-date symlink: /home/user/Documents/NYU/Swarm/Swarm6333/Project/swarm_ws/install/communication_interfaces/share/communication_interfaces/msg/StringMessage.msg
[1.009s] -- Up-to-date symlink: /home/user/Documents/NYU/Swarm/Swarm6333/Project/swarm_ws/install/communication_interfaces/share/communication_interfaces/msg/DoubleMessage.msg
[1.012s] -- Up-to-date symlink: /home/user/Documents/NYU/Swarm/Swarm6333/Project/swarm_ws/install/communication_interfaces/share/communication_interfaces/msg/Int8Message.msg
[1.013s] -- Up-to-date symlink: /home/user/Documents/NYU/Swarm/Swarm6333/Project/swarm_ws/install/communication_interfaces/share/communication_interfaces/msg/IntListMessage.msg
[1.016s] -- Up-to-date symlink: /home/user/Documents/NYU/Swarm/Swarm6333/Project/swarm_ws/install/communication_interfaces/share/communication_interfaces/srv/ItemService.srv
[1.018s] -- Up-to-date symlink: /home/user/Documents/NYU/Swarm/Swarm6333/Project/swarm_ws/install/communication_interfaces/share/communication_interfaces/srv/ItemService_Request.msg
[1.030s] -- Up-to-date symlink: /home/user/Documents/NYU/Swarm/Swarm6333/Project/swarm_ws/install/communication_interfaces/share/communication_interfaces/srv/ItemService_Response.msg
[1.035s] -- Up-to-date symlink: /home/user/Documents/NYU/Swarm/Swarm6333/Project/swarm_ws/install/communication_interfaces/share/ament_index/resource_index/package_run_dependencies/communication_interfaces
[1.035s] -- Up-to-date symlink: /home/user/Documents/NYU/Swarm/Swarm6333/Project/swarm_ws/install/communication_interfaces/share/ament_index/resource_index/parent_prefix_path/communication_interfaces
[1.036s] -- Up-to-date symlink: /home/user/Documents/NYU/Swarm/Swarm6333/Project/swarm_ws/install/communication_interfaces/share/communication_interfaces/environment/ament_prefix_path.sh
[1.042s] -- Up-to-date symlink: /home/user/Documents/NYU/Swarm/Swarm6333/Project/swarm_ws/install/communication_interfaces/share/communication_interfaces/environment/ament_prefix_path.dsv
[1.043s] -- Up-to-date symlink: /home/user/Documents/NYU/Swarm/Swarm6333/Project/swarm_ws/install/communication_interfaces/share/communication_interfaces/environment/path.sh
[1.043s] -- Up-to-date symlink: /home/user/Documents/NYU/Swarm/Swarm6333/Project/swarm_ws/install/communication_interfaces/share/communication_interfaces/environment/path.dsv
[1.044s] -- Up-to-date symlink: /home/user/Documents/NYU/Swarm/Swarm6333/Project/swarm_ws/install/communication_interfaces/share/communication_interfaces/local_setup.bash
[1.045s] -- Up-to-date symlink: /home/user/Documents/NYU/Swarm/Swarm6333/Project/swarm_ws/install/communication_interfaces/share/communication_interfaces/local_setup.sh
[1.045s] -- Up-to-date symlink: /home/user/Documents/NYU/Swarm/Swarm6333/Project/swarm_ws/install/communication_interfaces/share/communication_interfaces/local_setup.zsh
[1.045s] -- Up-to-date symlink: /home/user/Documents/NYU/Swarm/Swarm6333/Project/swarm_ws/install/communication_interfaces/share/communication_interfaces/local_setup.dsv
[1.046s] -- Symlinking: /home/user/Documents/NYU/Swarm/Swarm6333/Project/swarm_ws/install/communication_interfaces/share/communication_interfaces/package.dsv
[1.066s] -- Up-to-date symlink: /home/user/Documents/NYU/Swarm/Swarm6333/Project/swarm_ws/install/communication_interfaces/share/ament_index/resource_index/packages/communication_interfaces
[1.066s] -- Up-to-date symlink: /home/user/Documents/NYU/Swarm/Swarm6333/Project/swarm_ws/install/communication_interfaces/share/communication_interfaces/cmake/rosidl_cmake-extras.cmake
[1.067s] -- Up-to-date symlink: /home/user/Documents/NYU/Swarm/Swarm6333/Project/swarm_ws/install/communication_interfaces/share/communication_interfaces/cmake/ament_cmake_export_dependencies-extras.cmake
[1.067s] -- Up-to-date symlink: /home/user/Documents/NYU/Swarm/Swarm6333/Project/swarm_ws/install/communication_interfaces/share/communication_interfaces/cmake/ament_cmake_export_libraries-extras.cmake
[1.068s] -- Up-to-date symlink: /home/user/Documents/NYU/Swarm/Swarm6333/Project/swarm_ws/install/communication_interfaces/share/communication_interfaces/cmake/ament_cmake_export_targets-extras.cmake
[1.068s] -- Up-to-date symlink: /home/user/Documents/NYU/Swarm/Swarm6333/Project/swarm_ws/install/communication_interfaces/share/communication_interfaces/cmake/ament_cmake_export_include_directories-extras.cmake
[1.069s] -- Up-to-date symlink: /home/user/Documents/NYU/Swarm/Swarm6333/Project/swarm_ws/install/communication_interfaces/share/communication_interfaces/cmake/rosidl_cmake_export_typesupport_libraries-extras.cmake
[1.069s] -- Up-to-date symlink: /home/user/Documents/NYU/Swarm/Swarm6333/Project/swarm_ws/install/communication_interfaces/share/communication_interfaces/cmake/rosidl_cmake_export_typesupport_targets-extras.cmake
[1.070s] -- Up-to-date symlink: /home/user/Documents/NYU/Swarm/Swarm6333/Project/swarm_ws/install/communication_interfaces/share/communication_interfaces/cmake/communication_interfacesConfig.cmake
[1.070s] -- Up-to-date symlink: /home/user/Documents/NYU/Swarm/Swarm6333/Project/swarm_ws/install/communication_interfaces/share/communication_interfaces/cmake/communication_interfacesConfig-version.cmake
[1.071s] -- Up-to-date symlink: /home/user/Documents/NYU/Swarm/Swarm6333/Project/swarm_ws/install/communication_interfaces/share/communication_interfaces/package.xml
[1.072s] -- Up-to-date: /home/user/Documents/NYU/Swarm/Swarm6333/Project/swarm_ws/install/communication_interfaces/lib/libcommunication_interfaces__rosidl_generator_c.so
[1.072s] -- Up-to-date: /home/user/Documents/NYU/Swarm/Swarm6333/Project/swarm_ws/install/communication_interfaces/lib/libcommunication_interfaces__rosidl_typesupport_introspection_c.so
[1.072s] -- Up-to-date: /home/user/Documents/NYU/Swarm/Swarm6333/Project/swarm_ws/install/communication_interfaces/lib/libcommunication_interfaces__rosidl_typesupport_c.so
[1.073s] -- Up-to-date: /home/user/Documents/NYU/Swarm/Swarm6333/Project/swarm_ws/install/communication_interfaces/lib/libcommunication_interfaces__rosidl_typesupport_introspection_cpp.so
[1.073s] -- Up-to-date: /home/user/Documents/NYU/Swarm/Swarm6333/Project/swarm_ws/install/communication_interfaces/lib/libcommunication_interfaces__rosidl_typesupport_cpp.so
[1.153s] -- Up-to-date: /home/user/Documents/NYU/Swarm/Swarm6333/Project/swarm_ws/install/communication_interfaces/share/communication_interfaces/cmake/communication_interfaces__rosidl_generator_cExport.cmake
[1.154s] -- Up-to-date: /home/user/Documents/NYU/Swarm/Swarm6333/Project/swarm_ws/install/communication_interfaces/share/communication_interfaces/cmake/communication_interfaces__rosidl_generator_cExport-noconfig.cmake
[1.154s] -- Up-to-date: /home/user/Documents/NYU/Swarm/Swarm6333/Project/swarm_ws/install/communication_interfaces/share/communication_interfaces/cmake/communication_interfaces__rosidl_typesupport_introspection_cExport.cmake
[1.154s] -- Up-to-date: /home/user/Documents/NYU/Swarm/Swarm6333/Project/swarm_ws/install/communication_interfaces/share/communication_interfaces/cmake/communication_interfaces__rosidl_typesupport_introspection_cExport-noconfig.cmake
[1.154s] -- Up-to-date: /home/user/Documents/NYU/Swarm/Swarm6333/Project/swarm_ws/install/communication_interfaces/share/communication_interfaces/cmake/communication_interfaces__rosidl_typesupport_cExport.cmake
[1.155s] -- Up-to-date: /home/user/Documents/NYU/Swarm/Swarm6333/Project/swarm_ws/install/communication_interfaces/share/communication_interfaces/cmake/communication_interfaces__rosidl_typesupport_cExport-noconfig.cmake
[1.155s] -- Up-to-date: /home/user/Documents/NYU/Swarm/Swarm6333/Project/swarm_ws/install/communication_interfaces/share/communication_interfaces/cmake/communication_interfaces__rosidl_generator_cppExport.cmake
[1.155s] -- Up-to-date: /home/user/Documents/NYU/Swarm/Swarm6333/Project/swarm_ws/install/communication_interfaces/share/communication_interfaces/cmake/communication_interfaces__rosidl_typesupport_introspection_cppExport.cmake
[1.156s] -- Up-to-date: /home/user/Documents/NYU/Swarm/Swarm6333/Project/swarm_ws/install/communication_interfaces/share/communication_interfaces/cmake/communication_interfaces__rosidl_typesupport_introspection_cppExport-noconfig.cmake
[1.156s] -- Up-to-date: /home/user/Documents/NYU/Swarm/Swarm6333/Project/swarm_ws/install/communication_interfaces/share/communication_interfaces/cmake/communication_interfaces__rosidl_typesupport_cppExport.cmake
[1.156s] -- Up-to-date: /home/user/Documents/NYU/Swarm/Swarm6333/Project/swarm_ws/install/communication_interfaces/share/communication_interfaces/cmake/communication_interfaces__rosidl_typesupport_cppExport-noconfig.cmake
[1.559s] Invoked command in '/home/user/Documents/NYU/Swarm/Swarm6333/Project/swarm_ws/build/communication_interfaces' returned '0': CMAKE_PREFIX_PATH=/opt/ros/foxy CONDA_PROMPT_MODIFIER=(base) /usr/bin/cmake --install /home/user/Documents/NYU/Swarm/Swarm6333/Project/swarm_ws/build/communication_interfaces
