[0.295s] Invoking command in '/home/user/Documents/NYU/Swarm/Swarm6333/Project/swarm_ws/build/communication_interfaces': CMAKE_PREFIX_PATH=/opt/ros/foxy CONDA_PROMPT_MODIFIER=(base) /usr/bin/cmake --build /home/user/Documents/NYU/Swarm/Swarm6333/Project/swarm_ws/build/communication_interfaces -- -j8 -l8
[0.935s] [  1%] Built target communication_interfaces__cpp
[0.935s] [ 12%] Built target communication_interfaces__rosidl_generator_c
[0.935s] [ 24%] Built target communication_interfaces__rosidl_typesupport_introspection_cpp
[0.935s] [ 35%] Built target communication_interfaces__rosidl_typesupport_cpp
[0.935s] [ 46%] Built target communication_interfaces__rosidl_typesupport_c
[0.936s] [ 58%] Built target communication_interfaces__rosidl_typesupport_fastrtps_cpp
[0.936s] [ 69%] Built target communication_interfaces__rosidl_typesupport_introspection_c
[0.936s] [ 81%] Built target communication_interfaces__rosidl_typesupport_fastrtps_c
[0.936s] [ 81%] Built target communication_interfaces
[0.936s] [ 82%] Built target communication_interfaces__py
[0.936s] [ 92%] Built target communication_interfaces__python
[0.936s] [100%] Built target communication_interfaces__rosidl_typesupport_c__pyext
[0.936s] [100%] Built target communication_interfaces__rosidl_typesupport_introspection_c__pyext
[0.936s] [100%] Built target communication_interfaces__rosidl_typesupport_fastrtps_c__pyext
[0.953s] Invoked command in '/home/user/Documents/NYU/Swarm/Swarm6333/Project/swarm_ws/build/communication_interfaces' returned '0': CMAKE_PREFIX_PATH=/opt/ros/foxy CONDA_PROMPT_MODIFIER=(base) /usr/bin/cmake --build /home/user/Documents/NYU/Swarm/Swarm6333/Project/swarm_ws/build/communication_interfaces -- -j8 -l8
[0.955s] Invoking command in '/home/user/Documents/NYU/Swarm/Swarm6333/Project/swarm_ws/build/communication_interfaces': CMAKE_PREFIX_PATH=/opt/ros/foxy CONDA_PROMPT_MODIFIER=(base) /usr/bin/cmake --install /home/user/Documents/NYU/Swarm/Swarm6333/Project/swarm_ws/build/communication_interfaces
[0.965s] -- Install configuration: ""
[0.966s] -- Execute custom install script
[0.966s] -- Up-to-date symlink: /home/user/Documents/NYU/Swarm/Swarm6333/Project/swarm_ws/install/communication_interfaces/share/ament_index/resource_index/rosidl_interfaces/communication_interfaces
[0.967s] -- Up-to-date symlink: /home/user/Documents/NYU/Swarm/Swarm6333/Project/swarm_ws/install/communication_interfaces/include/communication_interfaces/msg/detail/double_message__functions.h
[0.967s] -- Up-to-date symlink: /home/user/Documents/NYU/Swarm/Swarm6333/Project/swarm_ws/install/communication_interfaces/include/communication_interfaces/msg/detail/double_message__struct.h
[0.967s] -- Up-to-date symlink: /home/user/Documents/NYU/Swarm/Swarm6333/Project/swarm_ws/install/communication_interfaces/include/communication_interfaces/msg/detail/double_message__type_support.h
[0.968s] -- Up-to-date symlink: /home/user/Documents/NYU/Swarm/Swarm6333/Project/swarm_ws/install/communication_interfaces/include/communication_interfaces/msg/detail/int8_message__functions.h
[0.968s] -- Up-to-date symlink: /home/user/Documents/NYU/Swarm/Swarm6333/Project/swarm_ws/install/communication_interfaces/include/communication_interfaces/msg/detail/int8_message__struct.h
[0.970s] -- Up-to-date symlink: /home/user/Documents/NYU/Swarm/Swarm6333/Project/swarm_ws/install/communication_interfaces/include/communication_interfaces/msg/detail/int8_message__type_support.h
[0.971s] -- Up-to-date symlink: /home/user/Documents/NYU/Swarm/Swarm6333/Project/swarm_ws/install/communication_interfaces/include/communication_interfaces/msg/detail/int_list_message__functions.h
[0.971s] -- Up-to-date symlink: /home/user/Documents/NYU/Swarm/Swarm6333/Project/swarm_ws/install/communication_interfaces/include/communication_interfaces/msg/detail/int_list_message__struct.h
[0.972s] -- Up-to-date symlink: /home/user/Documents/NYU/Swarm/Swarm6333/Project/swarm_ws/install/communication_interfaces/include/communication_interfaces/msg/detail/int_list_message__type_support.h
[0.972s] -- Up-to-date symlink: /home/user/Documents/NYU/Swarm/Swarm6333/Project/swarm_ws/install/communication_interfaces/include/communication_interfaces/msg/detail/opinion_mac_message__functions.h
[0.972s] -- Up-to-date symlink: /home/user/Documents/NYU/Swarm/Swarm6333/Project/swarm_ws/install/communication_interfaces/include/communication_interfaces/msg/detail/opinion_mac_message__struct.h
[0.974s] -- Up-to-date symlink: /home/user/Documents/NYU/Swarm/Swarm6333/Project/swarm_ws/install/communication_interfaces/include/communication_interfaces/msg/detail/opinion_mac_message__type_support.h
[0.974s] -- Up-to-date symlink: /home/user/Documents/NYU/Swarm/Swarm6333/Project/swarm_ws/install/communication_interfaces/include/communication_interfaces/msg/detail/opinion_message__functions.h
[0.974s] -- Up-to-date symlink: /home/user/Documents/NYU/Swarm/Swarm6333/Project/swarm_ws/install/communication_interfaces/include/communication_interfaces/msg/detail/opinion_message__struct.h
[0.974s] -- Up-to-date symlink: /home/user/Documents/NYU/Swarm/Swarm6333/Project/swarm_ws/install/communication_interfaces/include/communication_interfaces/msg/detail/opinion_message__type_support.h
[0.976s] -- Up-to-date symlink: /home/user/Documents/NYU/Swarm/Swarm6333/Project/swarm_ws/install/communication_interfaces/include/communication_interfaces/msg/detail/string_message__functions.h
[0.977s] -- Up-to-date symlink: /home/user/Documents/NYU/Swarm/Swarm6333/Project/swarm_ws/install/communication_interfaces/include/communication_interfaces/msg/detail/string_message__struct.h
[0.977s] -- Up-to-date symlink: /home/user/Documents/NYU/Swarm/Swarm6333/Project/swarm_ws/install/communication_interfaces/include/communication_interfaces/msg/detail/string_message__type_support.h
[0.977s] -- Up-to-date symlink: /home/user/Documents/NYU/Swarm/Swarm6333/Project/swarm_ws/install/communication_interfaces/include/communication_interfaces/msg/double_message.h
[0.979s] -- Up-to-date symlink: /home/user/Documents/NYU/Swarm/Swarm6333/Project/swarm_ws/install/communication_interfaces/include/communication_interfaces/msg/int8_message.h
[0.980s] -- Up-to-date symlink: /home/user/Documents/NYU/Swarm/Swarm6333/Project/swarm_ws/install/communication_interfaces/include/communication_interfaces/msg/int_list_message.h
[0.981s] -- Up-to-date symlink: /home/user/Documents/NYU/Swarm/Swarm6333/Project/swarm_ws/install/communication_interfaces/include/communication_interfaces/msg/opinion_mac_message.h
[0.984s] -- Up-to-date symlink: /home/user/Documents/NYU/Swarm/Swarm6333/Project/swarm_ws/install/communication_interfaces/include/communication_interfaces/msg/opinion_message.h
[0.987s] -- Up-to-date symlink: /home/user/Documents/NYU/Swarm/Swarm6333/Project/swarm_ws/install/communication_interfaces/include/communication_interfaces/msg/rosidl_generator_c__visibility_control.h
[0.988s] -- Up-to-date symlink: /home/user/Documents/NYU/Swarm/Swarm6333/Project/swarm_ws/install/communication_interfaces/include/communication_interfaces/msg/string_message.h
[0.988s] -- Up-to-date symlink: /home/user/Documents/NYU/Swarm/Swarm6333/Project/swarm_ws/install/communication_interfaces/include/communication_interfaces/srv/detail/item_service__functions.h
[0.988s] -- Up-to-date symlink: /home/user/Documents/NYU/Swarm/Swarm6333/Project/swarm_ws/install/communication_interfaces/include/communication_interfaces/srv/detail/item_service__struct.h
[0.989s] -- Up-to-date symlink: /home/user/Documents/NYU/Swarm/Swarm6333/Project/swarm_ws/install/communication_interfaces/include/communication_interfaces/srv/detail/item_service__type_support.h
[0.989s] -- Up-to-date symlink: /home/user/Documents/NYU/Swarm/Swarm6333/Project/swarm_ws/install/communication_interfaces/include/communication_interfaces/srv/item_service.h
[0.989s] -- Up-to-date symlink: /home/user/Documents/NYU/Swarm/Swarm6333/Project/swarm_ws/install/communication_interfaces/share/communication_interfaces/environment/library_path.sh
[0.990s] -- Up-to-date symlink: /home/user/Documents/NYU/Swarm/Swarm6333/Project/swarm_ws/install/communication_interfaces/share/communication_interfaces/environment/library_path.dsv
[0.990s] -- Up-to-date symlink: /home/user/Documents/NYU/Swarm/Swarm6333/Project/swarm_ws/install/communication_interfaces/include/communication_interfaces/msg/detail/double_message__rosidl_typesupport_fastrtps_c.h
[0.990s] -- Up-to-date symlink: /home/user/Documents/NYU/Swarm/Swarm6333/Project/swarm_ws/install/communication_interfaces/include/communication_interfaces/msg/detail/int8_message__rosidl_typesupport_fastrtps_c.h
[0.991s] -- Up-to-date symlink: /home/user/Documents/NYU/Swarm/Swarm6333/Project/swarm_ws/install/communication_interfaces/include/communication_interfaces/msg/detail/int_list_message__rosidl_typesupport_fastrtps_c.h
[0.991s] -- Up-to-date symlink: /home/user/Documents/NYU/Swarm/Swarm6333/Project/swarm_ws/install/communication_interfaces/include/communication_interfaces/msg/detail/opinion_mac_message__rosidl_typesupport_fastrtps_c.h
[0.991s] -- Up-to-date symlink: /home/user/Documents/NYU/Swarm/Swarm6333/Project/swarm_ws/install/communication_interfaces/include/communication_interfaces/msg/detail/opinion_message__rosidl_typesupport_fastrtps_c.h
[0.991s] -- Up-to-date symlink: /home/user/Documents/NYU/Swarm/Swarm6333/Project/swarm_ws/install/communication_interfaces/include/communication_interfaces/msg/detail/string_message__rosidl_typesupport_fastrtps_c.h
[0.992s] -- Up-to-date symlink: /home/user/Documents/NYU/Swarm/Swarm6333/Project/swarm_ws/install/communication_interfaces/include/communication_interfaces/msg/rosidl_typesupport_fastrtps_c__visibility_control.h
[0.992s] -- Up-to-date symlink: /home/user/Documents/NYU/Swarm/Swarm6333/Project/swarm_ws/install/communication_interfaces/include/communication_interfaces/srv/detail/item_service__rosidl_typesupport_fastrtps_c.h
[0.995s] -- Up-to-date symlink: /home/user/Documents/NYU/Swarm/Swarm6333/Project/swarm_ws/install/communication_interfaces/lib/libcommunication_interfaces__rosidl_typesupport_fastrtps_c.so
[0.995s] -- Up-to-date symlink: /home/user/Documents/NYU/Swarm/Swarm6333/Project/swarm_ws/install/communication_interfaces/include/communication_interfaces/msg/detail/double_message__rosidl_typesupport_fastrtps_cpp.hpp
[0.999s] -- Up-to-date symlink: /home/user/Documents/NYU/Swarm/Swarm6333/Project/swarm_ws/install/communication_interfaces/include/communication_interfaces/msg/detail/int8_message__rosidl_typesupport_fastrtps_cpp.hpp
[0.999s] -- Up-to-date symlink: /home/user/Documents/NYU/Swarm/Swarm6333/Project/swarm_ws/install/communication_interfaces/include/communication_interfaces/msg/detail/int_list_message__rosidl_typesupport_fastrtps_cpp.hpp
[1.000s] -- Up-to-date symlink: /home/user/Documents/NYU/Swarm/Swarm6333/Project/swarm_ws/install/communication_interfaces/include/communication_interfaces/msg/detail/opinion_mac_message__rosidl_typesupport_fastrtps_cpp.hpp
[1.000s] -- Up-to-date symlink: /home/user/Documents/NYU/Swarm/Swarm6333/Project/swarm_ws/install/communication_interfaces/include/communication_interfaces/msg/detail/opinion_message__rosidl_typesupport_fastrtps_cpp.hpp
[1.000s] -- Up-to-date symlink: /home/user/Documents/NYU/Swarm/Swarm6333/Project/swarm_ws/install/communication_interfaces/include/communication_interfaces/msg/detail/string_message__rosidl_typesupport_fastrtps_cpp.hpp
[1.004s] -- Up-to-date symlink: /home/user/Documents/NYU/Swarm/Swarm6333/Project/swarm_ws/install/communication_interfaces/include/communication_interfaces/msg/rosidl_typesupport_fastrtps_cpp__visibility_control.h
[1.004s] -- Up-to-date symlink: /home/user/Documents/NYU/Swarm/Swarm6333/Project/swarm_ws/install/communication_interfaces/include/communication_interfaces/srv/detail/item_service__rosidl_typesupport_fastrtps_cpp.hpp
[1.004s] -- Up-to-date symlink: /home/user/Documents/NYU/Swarm/Swarm6333/Project/swarm_ws/install/communication_interfaces/lib/libcommunication_interfaces__rosidl_typesupport_fastrtps_cpp.so
[1.005s] -- Up-to-date symlink: /home/user/Documents/NYU/Swarm/Swarm6333/Project/swarm_ws/install/communication_interfaces/include/communication_interfaces/msg/detail/double_message__rosidl_typesupport_introspection_c.h
[1.006s] -- Up-to-date symlink: /home/user/Documents/NYU/Swarm/Swarm6333/Project/swarm_ws/install/communication_interfaces/include/communication_interfaces/msg/detail/int8_message__rosidl_typesupport_introspection_c.h
[1.006s] -- Up-to-date symlink: /home/user/Documents/NYU/Swarm/Swarm6333/Project/swarm_ws/install/communication_interfaces/include/communication_interfaces/msg/detail/int_list_message__rosidl_typesupport_introspection_c.h
[1.006s] -- Up-to-date symlink: /home/user/Documents/NYU/Swarm/Swarm6333/Project/swarm_ws/install/communication_interfaces/include/communication_interfaces/msg/detail/opinion_mac_message__rosidl_typesupport_introspection_c.h
[1.007s] -- Up-to-date symlink: /home/user/Documents/NYU/Swarm/Swarm6333/Project/swarm_ws/install/communication_interfaces/include/communication_interfaces/msg/detail/opinion_message__rosidl_typesupport_introspection_c.h
[1.007s] -- Up-to-date symlink: /home/user/Documents/NYU/Swarm/Swarm6333/Project/swarm_ws/install/communication_interfaces/include/communication_interfaces/msg/detail/string_message__rosidl_typesupport_introspection_c.h
[1.007s] -- Up-to-date symlink: /home/user/Documents/NYU/Swarm/Swarm6333/Project/swarm_ws/install/communication_interfaces/include/communication_interfaces/msg/rosidl_typesupport_introspection_c__visibility_control.h
[1.007s] -- Up-to-date symlink: /home/user/Documents/NYU/Swarm/Swarm6333/Project/swarm_ws/install/communication_interfaces/include/communication_interfaces/srv/detail/item_service__rosidl_typesupport_introspection_c.h
[1.008s] -- Up-to-date symlink: /home/user/Documents/NYU/Swarm/Swarm6333/Project/swarm_ws/install/communication_interfaces/include/communication_interfaces/msg/detail/double_message__builder.hpp
[1.008s] -- Up-to-date symlink: /home/user/Documents/NYU/Swarm/Swarm6333/Project/swarm_ws/install/communication_interfaces/include/communication_interfaces/msg/detail/double_message__struct.hpp
[1.009s] -- Up-to-date symlink: /home/user/Documents/NYU/Swarm/Swarm6333/Project/swarm_ws/install/communication_interfaces/include/communication_interfaces/msg/detail/double_message__traits.hpp
[1.011s] -- Up-to-date symlink: /home/user/Documents/NYU/Swarm/Swarm6333/Project/swarm_ws/install/communication_interfaces/include/communication_interfaces/msg/detail/double_message__type_support.hpp
[1.012s] -- Up-to-date symlink: /home/user/Documents/NYU/Swarm/Swarm6333/Project/swarm_ws/install/communication_interfaces/include/communication_interfaces/msg/detail/int8_message__builder.hpp
[1.012s] -- Up-to-date symlink: /home/user/Documents/NYU/Swarm/Swarm6333/Project/swarm_ws/install/communication_interfaces/include/communication_interfaces/msg/detail/int8_message__struct.hpp
[1.012s] -- Up-to-date symlink: /home/user/Documents/NYU/Swarm/Swarm6333/Project/swarm_ws/install/communication_interfaces/include/communication_interfaces/msg/detail/int8_message__traits.hpp
[1.012s] -- Up-to-date symlink: /home/user/Documents/NYU/Swarm/Swarm6333/Project/swarm_ws/install/communication_interfaces/include/communication_interfaces/msg/detail/int8_message__type_support.hpp
[1.012s] -- Up-to-date symlink: /home/user/Documents/NYU/Swarm/Swarm6333/Project/swarm_ws/install/communication_interfaces/include/communication_interfaces/msg/detail/int_list_message__builder.hpp
[1.013s] -- Up-to-date symlink: /home/user/Documents/NYU/Swarm/Swarm6333/Project/swarm_ws/install/communication_interfaces/include/communication_interfaces/msg/detail/int_list_message__struct.hpp
[1.013s] -- Up-to-date symlink: /home/user/Documents/NYU/Swarm/Swarm6333/Project/swarm_ws/install/communication_interfaces/include/communication_interfaces/msg/detail/int_list_message__traits.hpp
[1.013s] -- Up-to-date symlink: /home/user/Documents/NYU/Swarm/Swarm6333/Project/swarm_ws/install/communication_interfaces/include/communication_interfaces/msg/detail/int_list_message__type_support.hpp
[1.013s] -- Up-to-date symlink: /home/user/Documents/NYU/Swarm/Swarm6333/Project/swarm_ws/install/communication_interfaces/include/communication_interfaces/msg/detail/opinion_mac_message__builder.hpp
[1.014s] -- Up-to-date symlink: /home/user/Documents/NYU/Swarm/Swarm6333/Project/swarm_ws/install/communication_interfaces/include/communication_interfaces/msg/detail/opinion_mac_message__struct.hpp
[1.014s] -- Up-to-date symlink: /home/user/Documents/NYU/Swarm/Swarm6333/Project/swarm_ws/install/communication_interfaces/include/communication_interfaces/msg/detail/opinion_mac_message__traits.hpp
[1.014s] -- Up-to-date symlink: /home/user/Documents/NYU/Swarm/Swarm6333/Project/swarm_ws/install/communication_interfaces/include/communication_interfaces/msg/detail/opinion_mac_message__type_support.hpp
[1.014s] -- Up-to-date symlink: /home/user/Documents/NYU/Swarm/Swarm6333/Project/swarm_ws/install/communication_interfaces/include/communication_interfaces/msg/detail/opinion_message__builder.hpp
[1.015s] -- Up-to-date symlink: /home/user/Documents/NYU/Swarm/Swarm6333/Project/swarm_ws/install/communication_interfaces/include/communication_interfaces/msg/detail/opinion_message__struct.hpp
[1.015s] -- Up-to-date symlink: /home/user/Documents/NYU/Swarm/Swarm6333/Project/swarm_ws/install/communication_interfaces/include/communication_interfaces/msg/detail/opinion_message__traits.hpp
[1.015s] -- Up-to-date symlink: /home/user/Documents/NYU/Swarm/Swarm6333/Project/swarm_ws/install/communication_interfaces/include/communication_interfaces/msg/detail/opinion_message__type_support.hpp
[1.015s] -- Up-to-date symlink: /home/user/Documents/NYU/Swarm/Swarm6333/Project/swarm_ws/install/communication_interfaces/include/communication_interfaces/msg/detail/string_message__builder.hpp
[1.016s] -- Up-to-date symlink: /home/user/Documents/NYU/Swarm/Swarm6333/Project/swarm_ws/install/communication_interfaces/include/communication_interfaces/msg/detail/string_message__struct.hpp
[1.016s] -- Up-to-date symlink: /home/user/Documents/NYU/Swarm/Swarm6333/Project/swarm_ws/install/communication_interfaces/include/communication_interfaces/msg/detail/string_message__traits.hpp
[1.016s] -- Up-to-date symlink: /home/user/Documents/NYU/Swarm/Swarm6333/Project/swarm_ws/install/communication_interfaces/include/communication_interfaces/msg/detail/string_message__type_support.hpp
[1.016s] -- Up-to-date symlink: /home/user/Documents/NYU/Swarm/Swarm6333/Project/swarm_ws/install/communication_interfaces/include/communication_interfaces/msg/double_message.hpp
[1.016s] -- Up-to-date symlink: /home/user/Documents/NYU/Swarm/Swarm6333/Project/swarm_ws/install/communication_interfaces/include/communication_interfaces/msg/int8_message.hpp
[1.016s] -- Up-to-date symlink: /home/user/Documents/NYU/Swarm/Swarm6333/Project/swarm_ws/install/communication_interfaces/include/communication_interfaces/msg/int_list_message.hpp
[1.016s] -- Up-to-date symlink: /home/user/Documents/NYU/Swarm/Swarm6333/Project/swarm_ws/install/communication_interfaces/include/communication_interfaces/msg/opinion_mac_message.hpp
[1.017s] -- Up-to-date symlink: /home/user/Documents/NYU/Swarm/Swarm6333/Project/swarm_ws/install/communication_interfaces/include/communication_interfaces/msg/opinion_message.hpp
[1.017s] -- Up-to-date symlink: /home/user/Documents/NYU/Swarm/Swarm6333/Project/swarm_ws/install/communication_interfaces/include/communication_interfaces/msg/rosidl_generator_cpp__visibility_control.hpp
[1.017s] -- Up-to-date symlink: /home/user/Documents/NYU/Swarm/Swarm6333/Project/swarm_ws/install/communication_interfaces/include/communication_interfaces/msg/string_message.hpp
[1.017s] -- Up-to-date symlink: /home/user/Documents/NYU/Swarm/Swarm6333/Project/swarm_ws/install/communication_interfaces/include/communication_interfaces/srv/detail/item_service__builder.hpp
[1.018s] -- Up-to-date symlink: /home/user/Documents/NYU/Swarm/Swarm6333/Project/swarm_ws/install/communication_interfaces/include/communication_interfaces/srv/detail/item_service__struct.hpp
[1.018s] -- Up-to-date symlink: /home/user/Documents/NYU/Swarm/Swarm6333/Project/swarm_ws/install/communication_interfaces/include/communication_interfaces/srv/detail/item_service__traits.hpp
[1.018s] -- Up-to-date symlink: /home/user/Documents/NYU/Swarm/Swarm6333/Project/swarm_ws/install/communication_interfaces/include/communication_interfaces/srv/detail/item_service__type_support.hpp
[1.019s] -- Up-to-date symlink: /home/user/Documents/NYU/Swarm/Swarm6333/Project/swarm_ws/install/communication_interfaces/include/communication_interfaces/srv/item_service.hpp
[1.019s] -- Up-to-date symlink: /home/user/Documents/NYU/Swarm/Swarm6333/Project/swarm_ws/install/communication_interfaces/include/communication_interfaces/msg/detail/double_message__rosidl_typesupport_introspection_cpp.hpp
[1.019s] -- Up-to-date symlink: /home/user/Documents/NYU/Swarm/Swarm6333/Project/swarm_ws/install/communication_interfaces/include/communication_interfaces/msg/detail/int8_message__rosidl_typesupport_introspection_cpp.hpp
[1.019s] -- Up-to-date symlink: /home/user/Documents/NYU/Swarm/Swarm6333/Project/swarm_ws/install/communication_interfaces/include/communication_interfaces/msg/detail/int_list_message__rosidl_typesupport_introspection_cpp.hpp
[1.020s] -- Up-to-date symlink: /home/user/Documents/NYU/Swarm/Swarm6333/Project/swarm_ws/install/communication_interfaces/include/communication_interfaces/msg/detail/opinion_mac_message__rosidl_typesupport_introspection_cpp.hpp
[1.020s] -- Up-to-date symlink: /home/user/Documents/NYU/Swarm/Swarm6333/Project/swarm_ws/install/communication_interfaces/include/communication_interfaces/msg/detail/opinion_message__rosidl_typesupport_introspection_cpp.hpp
[1.020s] -- Up-to-date symlink: /home/user/Documents/NYU/Swarm/Swarm6333/Project/swarm_ws/install/communication_interfaces/include/communication_interfaces/msg/detail/string_message__rosidl_typesupport_introspection_cpp.hpp
[1.021s] -- Up-to-date symlink: /home/user/Documents/NYU/Swarm/Swarm6333/Project/swarm_ws/install/communication_interfaces/include/communication_interfaces/srv/detail/item_service__rosidl_typesupport_introspection_cpp.hpp
[1.021s] -- Up-to-date symlink: /home/user/Documents/NYU/Swarm/Swarm6333/Project/swarm_ws/install/communication_interfaces/share/communication_interfaces/environment/pythonpath.sh
[1.021s] -- Up-to-date symlink: /home/user/Documents/NYU/Swarm/Swarm6333/Project/swarm_ws/install/communication_interfaces/share/communication_interfaces/environment/pythonpath.dsv
[1.021s] -- Up-to-date symlink: /home/user/Documents/NYU/Swarm/Swarm6333/Project/swarm_ws/install/communication_interfaces/lib/python3.8/site-packages/communication_interfaces/__init__.py
[1.022s] -- Up-to-date symlink: /home/user/Documents/NYU/Swarm/Swarm6333/Project/swarm_ws/install/communication_interfaces/lib/python3.8/site-packages/communication_interfaces/msg/__init__.py
[1.022s] -- Up-to-date symlink: /home/user/Documents/NYU/Swarm/Swarm6333/Project/swarm_ws/install/communication_interfaces/lib/python3.8/site-packages/communication_interfaces/msg/_double_message.py
[1.022s] -- Up-to-date symlink: /home/user/Documents/NYU/Swarm/Swarm6333/Project/swarm_ws/install/communication_interfaces/lib/python3.8/site-packages/communication_interfaces/msg/_int8_message.py
[1.022s] -- Up-to-date symlink: /home/user/Documents/NYU/Swarm/Swarm6333/Project/swarm_ws/install/communication_interfaces/lib/python3.8/site-packages/communication_interfaces/msg/_int_list_message.py
[1.022s] -- Up-to-date symlink: /home/user/Documents/NYU/Swarm/Swarm6333/Project/swarm_ws/install/communication_interfaces/lib/python3.8/site-packages/communication_interfaces/msg/_opinion_mac_message.py
[1.022s] -- Up-to-date symlink: /home/user/Documents/NYU/Swarm/Swarm6333/Project/swarm_ws/install/communication_interfaces/lib/python3.8/site-packages/communication_interfaces/msg/_opinion_message.py
[1.023s] -- Up-to-date symlink: /home/user/Documents/NYU/Swarm/Swarm6333/Project/swarm_ws/install/communication_interfaces/lib/python3.8/site-packages/communication_interfaces/msg/_string_message.py
[1.023s] -- Up-to-date symlink: /home/user/Documents/NYU/Swarm/Swarm6333/Project/swarm_ws/install/communication_interfaces/lib/python3.8/site-packages/communication_interfaces/srv/__init__.py
[1.023s] -- Up-to-date symlink: /home/user/Documents/NYU/Swarm/Swarm6333/Project/swarm_ws/install/communication_interfaces/lib/python3.8/site-packages/communication_interfaces/srv/_item_service.py
[1.023s] -- Up-to-date symlink: /home/user/Documents/NYU/Swarm/Swarm6333/Project/swarm_ws/install/communication_interfaces/lib/python3.8/site-packages/communication_interfaces/communication_interfaces_s__rosidl_typesupport_fastrtps_c.cpython-38-x86_64-linux-gnu.so
[1.023s] -- Up-to-date symlink: /home/user/Documents/NYU/Swarm/Swarm6333/Project/swarm_ws/install/communication_interfaces/lib/python3.8/site-packages/communication_interfaces/communication_interfaces_s__rosidl_typesupport_introspection_c.cpython-38-x86_64-linux-gnu.so
[1.024s] -- Up-to-date symlink: /home/user/Documents/NYU/Swarm/Swarm6333/Project/swarm_ws/install/communication_interfaces/lib/python3.8/site-packages/communication_interfaces/communication_interfaces_s__rosidl_typesupport_c.cpython-38-x86_64-linux-gnu.so
[1.024s] -- Up-to-date symlink: /home/user/Documents/NYU/Swarm/Swarm6333/Project/swarm_ws/install/communication_interfaces/lib/libcommunication_interfaces__python.so
[1.024s] -- Up-to-date symlink: /home/user/Documents/NYU/Swarm/Swarm6333/Project/swarm_ws/install/communication_interfaces/share/communication_interfaces/msg/OpinionMessage.idl
[1.024s] -- Up-to-date symlink: /home/user/Documents/NYU/Swarm/Swarm6333/Project/swarm_ws/install/communication_interfaces/share/communication_interfaces/msg/OpinionMACMessage.idl
[1.024s] -- Up-to-date symlink: /home/user/Documents/NYU/Swarm/Swarm6333/Project/swarm_ws/install/communication_interfaces/share/communication_interfaces/msg/StringMessage.idl
[1.025s] -- Up-to-date symlink: /home/user/Documents/NYU/Swarm/Swarm6333/Project/swarm_ws/install/communication_interfaces/share/communication_interfaces/msg/DoubleMessage.idl
[1.025s] -- Up-to-date symlink: /home/user/Documents/NYU/Swarm/Swarm6333/Project/swarm_ws/install/communication_interfaces/share/communication_interfaces/msg/Int8Message.idl
[1.025s] -- Up-to-date symlink: /home/user/Documents/NYU/Swarm/Swarm6333/Project/swarm_ws/install/communication_interfaces/share/communication_interfaces/msg/IntListMessage.idl
[1.025s] -- Up-to-date symlink: /home/user/Documents/NYU/Swarm/Swarm6333/Project/swarm_ws/install/communication_interfaces/share/communication_interfaces/srv/ItemService.idl
[1.026s] -- Up-to-date symlink: /home/user/Documents/NYU/Swarm/Swarm6333/Project/swarm_ws/install/communication_interfaces/share/communication_interfaces/msg/OpinionMessage.msg
[1.026s] -- Up-to-date symlink: /home/user/Documents/NYU/Swarm/Swarm6333/Project/swarm_ws/install/communication_interfaces/share/communication_interfaces/msg/OpinionMACMessage.msg
[1.027s] -- Up-to-date symlink: /home/user/Documents/NYU/Swarm/Swarm6333/Project/swarm_ws/install/communication_interfaces/share/communication_interfaces/msg/StringMessage.msg
[1.028s] -- Up-to-date symlink: /home/user/Documents/NYU/Swarm/Swarm6333/Project/swarm_ws/install/communication_interfaces/share/communication_interfaces/msg/DoubleMessage.msg
[1.028s] -- Up-to-date symlink: /home/user/Documents/NYU/Swarm/Swarm6333/Project/swarm_ws/install/communication_interfaces/share/communication_interfaces/msg/Int8Message.msg
[1.029s] -- Up-to-date symlink: /home/user/Documents/NYU/Swarm/Swarm6333/Project/swarm_ws/install/communication_interfaces/share/communication_interfaces/msg/IntListMessage.msg
[1.030s] -- Up-to-date symlink: /home/user/Documents/NYU/Swarm/Swarm6333/Project/swarm_ws/install/communication_interfaces/share/communication_interfaces/srv/ItemService.srv
[1.030s] -- Up-to-date symlink: /home/user/Documents/NYU/Swarm/Swarm6333/Project/swarm_ws/install/communication_interfaces/share/communication_interfaces/srv/ItemService_Request.msg
[1.031s] -- Up-to-date symlink: /home/user/Documents/NYU/Swarm/Swarm6333/Project/swarm_ws/install/communication_interfaces/share/communication_interfaces/srv/ItemService_Response.msg
[1.032s] -- Up-to-date symlink: /home/user/Documents/NYU/Swarm/Swarm6333/Project/swarm_ws/install/communication_interfaces/share/ament_index/resource_index/package_run_dependencies/communication_interfaces
[1.033s] -- Up-to-date symlink: /home/user/Documents/NYU/Swarm/Swarm6333/Project/swarm_ws/install/communication_interfaces/share/ament_index/resource_index/parent_prefix_path/communication_interfaces
[1.033s] -- Up-to-date symlink: /home/user/Documents/NYU/Swarm/Swarm6333/Project/swarm_ws/install/communication_interfaces/share/communication_interfaces/environment/ament_prefix_path.sh
[1.034s] -- Up-to-date symlink: /home/user/Documents/NYU/Swarm/Swarm6333/Project/swarm_ws/install/communication_interfaces/share/communication_interfaces/environment/ament_prefix_path.dsv
[1.034s] -- Up-to-date symlink: /home/user/Documents/NYU/Swarm/Swarm6333/Project/swarm_ws/install/communication_interfaces/share/communication_interfaces/environment/path.sh
[1.035s] -- Up-to-date symlink: /home/user/Documents/NYU/Swarm/Swarm6333/Project/swarm_ws/install/communication_interfaces/share/communication_interfaces/environment/path.dsv
[1.035s] -- Up-to-date symlink: /home/user/Documents/NYU/Swarm/Swarm6333/Project/swarm_ws/install/communication_interfaces/share/communication_interfaces/local_setup.bash
[1.036s] -- Up-to-date symlink: /home/user/Documents/NYU/Swarm/Swarm6333/Project/swarm_ws/install/communication_interfaces/share/communication_interfaces/local_setup.sh
[1.037s] -- Up-to-date symlink: /home/user/Documents/NYU/Swarm/Swarm6333/Project/swarm_ws/install/communication_interfaces/share/communication_interfaces/local_setup.zsh
[1.037s] -- Up-to-date symlink: /home/user/Documents/NYU/Swarm/Swarm6333/Project/swarm_ws/install/communication_interfaces/share/communication_interfaces/local_setup.dsv
[1.037s] -- Symlinking: /home/user/Documents/NYU/Swarm/Swarm6333/Project/swarm_ws/install/communication_interfaces/share/communication_interfaces/package.dsv
[1.050s] -- Up-to-date symlink: /home/user/Documents/NYU/Swarm/Swarm6333/Project/swarm_ws/install/communication_interfaces/share/ament_index/resource_index/packages/communication_interfaces
[1.050s] -- Up-to-date symlink: /home/user/Documents/NYU/Swarm/Swarm6333/Project/swarm_ws/install/communication_interfaces/share/communication_interfaces/cmake/rosidl_cmake-extras.cmake
[1.051s] -- Up-to-date symlink: /home/user/Documents/NYU/Swarm/Swarm6333/Project/swarm_ws/install/communication_interfaces/share/communication_interfaces/cmake/ament_cmake_export_dependencies-extras.cmake
[1.052s] -- Up-to-date symlink: /home/user/Documents/NYU/Swarm/Swarm6333/Project/swarm_ws/install/communication_interfaces/share/communication_interfaces/cmake/ament_cmake_export_libraries-extras.cmake
[1.052s] -- Up-to-date symlink: /home/user/Documents/NYU/Swarm/Swarm6333/Project/swarm_ws/install/communication_interfaces/share/communication_interfaces/cmake/ament_cmake_export_targets-extras.cmake
[1.053s] -- Up-to-date symlink: /home/user/Documents/NYU/Swarm/Swarm6333/Project/swarm_ws/install/communication_interfaces/share/communication_interfaces/cmake/ament_cmake_export_include_directories-extras.cmake
[1.053s] -- Up-to-date symlink: /home/user/Documents/NYU/Swarm/Swarm6333/Project/swarm_ws/install/communication_interfaces/share/communication_interfaces/cmake/rosidl_cmake_export_typesupport_libraries-extras.cmake
[1.054s] -- Up-to-date symlink: /home/user/Documents/NYU/Swarm/Swarm6333/Project/swarm_ws/install/communication_interfaces/share/communication_interfaces/cmake/rosidl_cmake_export_typesupport_targets-extras.cmake
[1.054s] -- Up-to-date symlink: /home/user/Documents/NYU/Swarm/Swarm6333/Project/swarm_ws/install/communication_interfaces/share/communication_interfaces/cmake/communication_interfacesConfig.cmake
[1.055s] -- Up-to-date symlink: /home/user/Documents/NYU/Swarm/Swarm6333/Project/swarm_ws/install/communication_interfaces/share/communication_interfaces/cmake/communication_interfacesConfig-version.cmake
[1.055s] -- Up-to-date symlink: /home/user/Documents/NYU/Swarm/Swarm6333/Project/swarm_ws/install/communication_interfaces/share/communication_interfaces/package.xml
[1.056s] -- Up-to-date: /home/user/Documents/NYU/Swarm/Swarm6333/Project/swarm_ws/install/communication_interfaces/lib/libcommunication_interfaces__rosidl_generator_c.so
[1.058s] -- Up-to-date: /home/user/Documents/NYU/Swarm/Swarm6333/Project/swarm_ws/install/communication_interfaces/lib/libcommunication_interfaces__rosidl_typesupport_introspection_c.so
[1.059s] -- Up-to-date: /home/user/Documents/NYU/Swarm/Swarm6333/Project/swarm_ws/install/communication_interfaces/lib/libcommunication_interfaces__rosidl_typesupport_c.so
[1.062s] -- Up-to-date: /home/user/Documents/NYU/Swarm/Swarm6333/Project/swarm_ws/install/communication_interfaces/lib/libcommunication_interfaces__rosidl_typesupport_introspection_cpp.so
[1.065s] -- Up-to-date: /home/user/Documents/NYU/Swarm/Swarm6333/Project/swarm_ws/install/communication_interfaces/lib/libcommunication_interfaces__rosidl_typesupport_cpp.so
[1.116s] -- Up-to-date: /home/user/Documents/NYU/Swarm/Swarm6333/Project/swarm_ws/install/communication_interfaces/share/communication_interfaces/cmake/communication_interfaces__rosidl_generator_cExport.cmake
[1.116s] -- Up-to-date: /home/user/Documents/NYU/Swarm/Swarm6333/Project/swarm_ws/install/communication_interfaces/share/communication_interfaces/cmake/communication_interfaces__rosidl_generator_cExport-noconfig.cmake
[1.116s] -- Up-to-date: /home/user/Documents/NYU/Swarm/Swarm6333/Project/swarm_ws/install/communication_interfaces/share/communication_interfaces/cmake/communication_interfaces__rosidl_typesupport_introspection_cExport.cmake
[1.116s] -- Up-to-date: /home/user/Documents/NYU/Swarm/Swarm6333/Project/swarm_ws/install/communication_interfaces/share/communication_interfaces/cmake/communication_interfaces__rosidl_typesupport_introspection_cExport-noconfig.cmake
[1.117s] -- Up-to-date: /home/user/Documents/NYU/Swarm/Swarm6333/Project/swarm_ws/install/communication_interfaces/share/communication_interfaces/cmake/communication_interfaces__rosidl_typesupport_cExport.cmake
[1.117s] -- Up-to-date: /home/user/Documents/NYU/Swarm/Swarm6333/Project/swarm_ws/install/communication_interfaces/share/communication_interfaces/cmake/communication_interfaces__rosidl_typesupport_cExport-noconfig.cmake
[1.117s] -- Up-to-date: /home/user/Documents/NYU/Swarm/Swarm6333/Project/swarm_ws/install/communication_interfaces/share/communication_interfaces/cmake/communication_interfaces__rosidl_generator_cppExport.cmake
[1.118s] -- Up-to-date: /home/user/Documents/NYU/Swarm/Swarm6333/Project/swarm_ws/install/communication_interfaces/share/communication_interfaces/cmake/communication_interfaces__rosidl_typesupport_introspection_cppExport.cmake
[1.118s] -- Up-to-date: /home/user/Documents/NYU/Swarm/Swarm6333/Project/swarm_ws/install/communication_interfaces/share/communication_interfaces/cmake/communication_interfaces__rosidl_typesupport_introspection_cppExport-noconfig.cmake
[1.118s] -- Up-to-date: /home/user/Documents/NYU/Swarm/Swarm6333/Project/swarm_ws/install/communication_interfaces/share/communication_interfaces/cmake/communication_interfaces__rosidl_typesupport_cppExport.cmake
[1.118s] -- Up-to-date: /home/user/Documents/NYU/Swarm/Swarm6333/Project/swarm_ws/install/communication_interfaces/share/communication_interfaces/cmake/communication_interfaces__rosidl_typesupport_cppExport-noconfig.cmake
[1.145s] Invoked command in '/home/user/Documents/NYU/Swarm/Swarm6333/Project/swarm_ws/build/communication_interfaces' returned '0': CMAKE_PREFIX_PATH=/opt/ros/foxy CONDA_PROMPT_MODIFIER=(base) /usr/bin/cmake --install /home/user/Documents/NYU/Swarm/Swarm6333/Project/swarm_ws/build/communication_interfaces
