[0.051s] Invoking command in '/home/user/Documents/NYU/Swarm/Swarm6333/Project/swarm_ws/build/aruco_opencv_msgs': CMAKE_PREFIX_PATH=${CMAKE_PREFIX_PATH}:/home/user/Documents/NYU/Swarm/Swarm6333/Project/swarm_ws/install/ros2swarm:/home/user/Documents/NYU/Swarm/Swarm6333/Project/swarm_ws/install/ros2_aruco:/home/user/Documents/NYU/Swarm/Swarm6333/Project/swarm_ws/install/launch_turtlebot_gazebo:/home/user/Documents/NYU/Swarm/Swarm6333/Project/swarm_ws/install/choirbot_examples:/home/user/Documents/NYU/Swarm/Swarm6333/Project/swarm_ws/install/choirbot:/opt/ros/foxy /usr/bin/cmake /home/user/Documents/NYU/Swarm/Swarm6333/Project/swarm_ws/src/ros_aruco_opencv/aruco_opencv_msgs -DAMENT_CMAKE_SYMLINK_INSTALL=1 -DCMAKE_INSTALL_PREFIX=/home/user/Documents/NYU/Swarm/Swarm6333/Project/swarm_ws/install/aruco_opencv_msgs
[0.859s] -- The C compiler identification is GNU 9.4.0
[0.860s] -- The CXX compiler identification is GNU 9.4.0
[0.860s] -- Check for working C compiler: /usr/bin/cc
[0.860s] -- Check for working C compiler: /usr/bin/cc -- works
[0.860s] -- Detecting C compiler ABI info
[0.860s] -- Detecting C compiler ABI info - done
[0.860s] -- Detecting C compile features
[0.860s] -- Detecting C compile features - done
[0.860s] -- Check for working CXX compiler: /usr/bin/c++
[0.860s] -- Check for working CXX compiler: /usr/bin/c++ -- works
[0.860s] -- Detecting CXX compiler ABI info
[0.860s] -- Detecting CXX compiler ABI info - done
[0.860s] -- Detecting CXX compile features
[0.860s] -- Detecting CXX compile features - done
[0.860s] -- Found ament_cmake: 0.9.12 (/opt/ros/foxy/share/ament_cmake/cmake)
[0.860s] -- Found PythonInterp: /usr/bin/python3 (found suitable version "3.8.10", minimum required is "3") 
[0.860s] -- Using PYTHON_EXECUTABLE: /usr/bin/python3
[0.953s] -- Override CMake install command with custom implementation using symlinks instead of copying resources
[1.039s] -- Found rosidl_default_generators: 1.0.1 (/opt/ros/foxy/share/rosidl_default_generators/cmake)
[1.048s] -- Using all available rosidl_typesupport_c: rosidl_typesupport_fastrtps_c;rosidl_typesupport_introspection_c
[1.065s] -- Found rosidl_adapter: 1.3.1 (/opt/ros/foxy/share/rosidl_adapter/cmake)
[1.229s] -- Found OpenSSL: /usr/lib/x86_64-linux-gnu/libcrypto.so (found version "1.1.1f")  
[1.267s] -- Found FastRTPS: /opt/ros/foxy/include  
[1.364s] -- Using all available rosidl_typesupport_cpp: rosidl_typesupport_fastrtps_cpp;rosidl_typesupport_introspection_cpp
[1.394s] -- Found std_msgs: 2.0.5 (/opt/ros/foxy/share/std_msgs/cmake)
[1.435s] -- Found geometry_msgs: 2.0.5 (/opt/ros/foxy/share/geometry_msgs/cmake)
[1.504s] -- Found PythonInterp: /usr/bin/python3 (found version "3.8.10") 
[1.782s] -- Found ament_cmake_ros: 0.9.2 (/opt/ros/foxy/share/ament_cmake_ros/cmake)
[2.134s] -- Using all available rosidl_typesupport_c: rosidl_typesupport_fastrtps_c;rosidl_typesupport_introspection_c
[2.235s] -- Using all available rosidl_typesupport_cpp: rosidl_typesupport_fastrtps_cpp;rosidl_typesupport_introspection_cpp
[2.268s] -- Found PythonInterp: /usr/bin/python3 (found suitable version "3.8.10", minimum required is "3.5") 
[2.271s] -- Found python_cmake_module: 0.8.1 (/opt/ros/foxy/share/python_cmake_module/cmake)
[2.305s] -- Found PythonLibs: /usr/lib/x86_64-linux-gnu/libpython3.8.so (found suitable version "3.8.10", minimum required is "3.5") 
[2.305s] -- Using PYTHON_EXECUTABLE: /usr/bin/python3
[2.305s] -- Using PYTHON_INCLUDE_DIRS: /usr/include/python3.8
[2.305s] -- Using PYTHON_LIBRARIES: /usr/lib/x86_64-linux-gnu/libpython3.8.so
[2.332s] -- Found PythonExtra: .so  
[2.413s] -- Found ament_lint_auto: 0.9.8 (/opt/ros/foxy/share/ament_lint_auto/cmake)
[2.425s] -- Added test 'lint_cmake' to check CMake code style
[2.431s] -- Configuring done
[2.505s] -- Generating done
[2.531s] -- Build files have been written to: /home/user/Documents/NYU/Swarm/Swarm6333/Project/swarm_ws/build/aruco_opencv_msgs
[2.664s] Invoked command in '/home/user/Documents/NYU/Swarm/Swarm6333/Project/swarm_ws/build/aruco_opencv_msgs' returned '0': CMAKE_PREFIX_PATH=${CMAKE_PREFIX_PATH}:/home/user/Documents/NYU/Swarm/Swarm6333/Project/swarm_ws/install/ros2swarm:/home/user/Documents/NYU/Swarm/Swarm6333/Project/swarm_ws/install/ros2_aruco:/home/user/Documents/NYU/Swarm/Swarm6333/Project/swarm_ws/install/launch_turtlebot_gazebo:/home/user/Documents/NYU/Swarm/Swarm6333/Project/swarm_ws/install/choirbot_examples:/home/user/Documents/NYU/Swarm/Swarm6333/Project/swarm_ws/install/choirbot:/opt/ros/foxy /usr/bin/cmake /home/user/Documents/NYU/Swarm/Swarm6333/Project/swarm_ws/src/ros_aruco_opencv/aruco_opencv_msgs -DAMENT_CMAKE_SYMLINK_INSTALL=1 -DCMAKE_INSTALL_PREFIX=/home/user/Documents/NYU/Swarm/Swarm6333/Project/swarm_ws/install/aruco_opencv_msgs
[2.668s] Invoking command in '/home/user/Documents/NYU/Swarm/Swarm6333/Project/swarm_ws/build/aruco_opencv_msgs': CMAKE_PREFIX_PATH=${CMAKE_PREFIX_PATH}:/home/user/Documents/NYU/Swarm/Swarm6333/Project/swarm_ws/install/ros2swarm:/home/user/Documents/NYU/Swarm/Swarm6333/Project/swarm_ws/install/ros2_aruco:/home/user/Documents/NYU/Swarm/Swarm6333/Project/swarm_ws/install/launch_turtlebot_gazebo:/home/user/Documents/NYU/Swarm/Swarm6333/Project/swarm_ws/install/choirbot_examples:/home/user/Documents/NYU/Swarm/Swarm6333/Project/swarm_ws/install/choirbot:/opt/ros/foxy /usr/bin/cmake --build /home/user/Documents/NYU/Swarm/Swarm6333/Project/swarm_ws/build/aruco_opencv_msgs -- -j8 -l8
[2.708s] [35m[1mScanning dependencies of target aruco_opencv_msgs__cpp[0m
[2.709s] [  2%] [34m[1mGenerating C code for ROS interfaces[0m
[2.718s] [  4%] [34m[1mGenerating C++ code for ROS interfaces[0m
[3.009s] [  4%] Built target aruco_opencv_msgs__cpp
[3.023s] [  8%] [34m[1mGenerating C++ type support dispatch for ROS interfaces[0m
[3.023s] [  8%] [34m[1mGenerating C++ introspection for ROS interfaces[0m
[3.025s] [ 10%] [34m[1mGenerating C++ type support for eProsima Fast-RTPS[0m
[3.034s] [35m[1mScanning dependencies of target aruco_opencv_msgs__rosidl_generator_c[0m
[3.053s] [ 14%] [32mBuilding C object CMakeFiles/aruco_opencv_msgs__rosidl_generator_c.dir/rosidl_generator_c/aruco_opencv_msgs/msg/detail/board_pose__functions.c.o[0m
[3.054s] [ 14%] [32mBuilding C object CMakeFiles/aruco_opencv_msgs__rosidl_generator_c.dir/rosidl_generator_c/aruco_opencv_msgs/msg/detail/aruco_detection__functions.c.o[0m
[3.055s] [ 17%] [32mBuilding C object CMakeFiles/aruco_opencv_msgs__rosidl_generator_c.dir/rosidl_generator_c/aruco_opencv_msgs/msg/detail/marker_pose__functions.c.o[0m
[3.132s] [ 19%] [32m[1mLinking C shared library libaruco_opencv_msgs__rosidl_generator_c.so[0m
[3.174s] [ 19%] Built target aruco_opencv_msgs__rosidl_generator_c
[3.185s] [ 21%] [34m[1mGenerating C type support dispatch for ROS interfaces[0m
[3.187s] [ 23%] [34m[1mGenerating C introspection for ROS interfaces[0m
[3.326s] [35m[1mScanning dependencies of target aruco_opencv_msgs__rosidl_typesupport_introspection_cpp[0m
[3.393s] [ 25%] [32mBuilding CXX object CMakeFiles/aruco_opencv_msgs__rosidl_typesupport_introspection_cpp.dir/rosidl_typesupport_introspection_cpp/aruco_opencv_msgs/msg/detail/aruco_detection__type_support.cpp.o[0m
[3.393s] [ 27%] [32mBuilding CXX object CMakeFiles/aruco_opencv_msgs__rosidl_typesupport_introspection_cpp.dir/rosidl_typesupport_introspection_cpp/aruco_opencv_msgs/msg/detail/board_pose__type_support.cpp.o[0m
[3.407s] [ 29%] [32mBuilding CXX object CMakeFiles/aruco_opencv_msgs__rosidl_typesupport_introspection_cpp.dir/rosidl_typesupport_introspection_cpp/aruco_opencv_msgs/msg/detail/marker_pose__type_support.cpp.o[0m
[3.410s] [35m[1mScanning dependencies of target aruco_opencv_msgs__rosidl_typesupport_cpp[0m
[3.443s] [ 31%] [32mBuilding CXX object CMakeFiles/aruco_opencv_msgs__rosidl_typesupport_cpp.dir/rosidl_typesupport_cpp/aruco_opencv_msgs/msg/aruco_detection__type_support.cpp.o[0m
[3.446s] [ 34%] [32mBuilding CXX object CMakeFiles/aruco_opencv_msgs__rosidl_typesupport_cpp.dir/rosidl_typesupport_cpp/aruco_opencv_msgs/msg/board_pose__type_support.cpp.o[0m
[3.455s] [35m[1mScanning dependencies of target aruco_opencv_msgs__rosidl_typesupport_fastrtps_cpp[0m
[3.545s] [ 36%] [32mBuilding CXX object CMakeFiles/aruco_opencv_msgs__rosidl_typesupport_fastrtps_cpp.dir/rosidl_typesupport_fastrtps_cpp/aruco_opencv_msgs/msg/detail/dds_fastrtps/aruco_detection__type_support.cpp.o[0m
[3.625s] [35m[1mScanning dependencies of target aruco_opencv_msgs__rosidl_typesupport_c[0m
[3.676s] [ 38%] [32mBuilding CXX object CMakeFiles/aruco_opencv_msgs__rosidl_typesupport_c.dir/rosidl_typesupport_c/aruco_opencv_msgs/msg/aruco_detection__type_support.cpp.o[0m
[3.692s] [35m[1mScanning dependencies of target aruco_opencv_msgs__rosidl_typesupport_introspection_c[0m
[3.762s] [ 40%] [32mBuilding CXX object CMakeFiles/aruco_opencv_msgs__rosidl_typesupport_c.dir/rosidl_typesupport_c/aruco_opencv_msgs/msg/board_pose__type_support.cpp.o[0m
[3.773s] [ 42%] [32mBuilding C object CMakeFiles/aruco_opencv_msgs__rosidl_typesupport_introspection_c.dir/rosidl_typesupport_introspection_c/aruco_opencv_msgs/msg/detail/aruco_detection__type_support.c.o[0m
[3.840s] [ 44%] [32mBuilding CXX object CMakeFiles/aruco_opencv_msgs__rosidl_typesupport_c.dir/rosidl_typesupport_c/aruco_opencv_msgs/msg/marker_pose__type_support.cpp.o[0m
[3.857s] [ 46%] [32mBuilding C object CMakeFiles/aruco_opencv_msgs__rosidl_typesupport_introspection_c.dir/rosidl_typesupport_introspection_c/aruco_opencv_msgs/msg/detail/board_pose__type_support.c.o[0m
[3.870s] [ 48%] [32mBuilding CXX object CMakeFiles/aruco_opencv_msgs__rosidl_typesupport_fastrtps_cpp.dir/rosidl_typesupport_fastrtps_cpp/aruco_opencv_msgs/msg/detail/dds_fastrtps/board_pose__type_support.cpp.o[0m
[3.894s] [ 51%] [32mBuilding CXX object CMakeFiles/aruco_opencv_msgs__rosidl_typesupport_cpp.dir/rosidl_typesupport_cpp/aruco_opencv_msgs/msg/marker_pose__type_support.cpp.o[0m
[3.896s] [ 53%] [32m[1mLinking CXX shared library libaruco_opencv_msgs__rosidl_typesupport_c.so[0m
[3.902s] [ 55%] [32mBuilding C object CMakeFiles/aruco_opencv_msgs__rosidl_typesupport_introspection_c.dir/rosidl_typesupport_introspection_c/aruco_opencv_msgs/msg/detail/marker_pose__type_support.c.o[0m
[3.923s] [ 57%] [32mBuilding CXX object CMakeFiles/aruco_opencv_msgs__rosidl_typesupport_fastrtps_cpp.dir/rosidl_typesupport_fastrtps_cpp/aruco_opencv_msgs/msg/detail/dds_fastrtps/marker_pose__type_support.cpp.o[0m
[3.946s] [ 59%] [32m[1mLinking C shared library libaruco_opencv_msgs__rosidl_typesupport_introspection_c.so[0m
[3.957s] [ 59%] Built target aruco_opencv_msgs__rosidl_typesupport_c
[3.981s] [ 59%] Built target aruco_opencv_msgs__rosidl_typesupport_introspection_c
[4.042s] [ 61%] [32m[1mLinking CXX shared library libaruco_opencv_msgs__rosidl_typesupport_introspection_cpp.so[0m
[4.120s] [ 61%] Built target aruco_opencv_msgs__rosidl_typesupport_introspection_cpp
[4.243s] [ 63%] [32m[1mLinking CXX shared library libaruco_opencv_msgs__rosidl_typesupport_cpp.so[0m
[4.281s] [ 63%] Built target aruco_opencv_msgs__rosidl_typesupport_cpp
[4.369s] [ 65%] [32m[1mLinking CXX shared library libaruco_opencv_msgs__rosidl_typesupport_fastrtps_cpp.so[0m
[4.449s] [ 65%] Built target aruco_opencv_msgs__rosidl_typesupport_fastrtps_cpp
[4.458s] [ 68%] [34m[1mGenerating C type support for eProsima Fast-RTPS[0m
[4.683s] [35m[1mScanning dependencies of target aruco_opencv_msgs__rosidl_typesupport_fastrtps_c[0m
[4.699s] [ 72%] [32mBuilding CXX object CMakeFiles/aruco_opencv_msgs__rosidl_typesupport_fastrtps_c.dir/rosidl_typesupport_fastrtps_c/aruco_opencv_msgs/msg/detail/board_pose__type_support_c.cpp.o[0m
[4.699s] [ 72%] [32mBuilding CXX object CMakeFiles/aruco_opencv_msgs__rosidl_typesupport_fastrtps_c.dir/rosidl_typesupport_fastrtps_c/aruco_opencv_msgs/msg/detail/aruco_detection__type_support_c.cpp.o[0m
[4.702s] [ 74%] [32mBuilding CXX object CMakeFiles/aruco_opencv_msgs__rosidl_typesupport_fastrtps_c.dir/rosidl_typesupport_fastrtps_c/aruco_opencv_msgs/msg/detail/marker_pose__type_support_c.cpp.o[0m
[4.985s] [ 76%] [32m[1mLinking CXX shared library libaruco_opencv_msgs__rosidl_typesupport_fastrtps_c.so[0m
[5.058s] [ 76%] Built target aruco_opencv_msgs__rosidl_typesupport_fastrtps_c
[5.066s] [35m[1mScanning dependencies of target aruco_opencv_msgs[0m
[5.075s] [ 76%] Built target aruco_opencv_msgs
[5.084s] [35m[1mScanning dependencies of target aruco_opencv_msgs__py[0m
[5.093s] [ 78%] [34m[1mGenerating Python code for ROS interfaces[0m
[5.564s] [ 78%] Built target aruco_opencv_msgs__py
[5.573s] [35m[1mScanning dependencies of target aruco_opencv_msgs__python[0m
[5.602s] [ 82%] [32mBuilding C object CMakeFiles/aruco_opencv_msgs__python.dir/rosidl_generator_py/aruco_opencv_msgs/msg/_aruco_detection_s.c.o[0m
[5.602s] [ 82%] [32mBuilding C object CMakeFiles/aruco_opencv_msgs__python.dir/rosidl_generator_py/aruco_opencv_msgs/msg/_board_pose_s.c.o[0m
[5.605s] [ 85%] [32mBuilding C object CMakeFiles/aruco_opencv_msgs__python.dir/rosidl_generator_py/aruco_opencv_msgs/msg/_marker_pose_s.c.o[0m
[5.706s] [ 87%] [32m[1mLinking C shared library rosidl_generator_py/aruco_opencv_msgs/libaruco_opencv_msgs__python.so[0m
[5.744s] [ 87%] Built target aruco_opencv_msgs__python
[5.753s] [35m[1mScanning dependencies of target aruco_opencv_msgs__rosidl_typesupport_c__pyext[0m
[5.754s] [35m[1mScanning dependencies of target aruco_opencv_msgs__rosidl_typesupport_introspection_c__pyext[0m
[5.754s] [35m[1mScanning dependencies of target aruco_opencv_msgs__rosidl_typesupport_fastrtps_c__pyext[0m
[5.769s] [ 91%] [32mBuilding C object CMakeFiles/aruco_opencv_msgs__rosidl_typesupport_introspection_c__pyext.dir/rosidl_generator_py/aruco_opencv_msgs/_aruco_opencv_msgs_s.ep.rosidl_typesupport_introspection_c.c.o[0m
[5.770s] [ 91%] [32mBuilding C object CMakeFiles/aruco_opencv_msgs__rosidl_typesupport_c__pyext.dir/rosidl_generator_py/aruco_opencv_msgs/_aruco_opencv_msgs_s.ep.rosidl_typesupport_c.c.o[0m
[5.777s] [ 93%] [32mBuilding C object CMakeFiles/aruco_opencv_msgs__rosidl_typesupport_fastrtps_c__pyext.dir/rosidl_generator_py/aruco_opencv_msgs/_aruco_opencv_msgs_s.ep.rosidl_typesupport_fastrtps_c.c.o[0m
[5.841s] [ 95%] [32m[1mLinking C shared library rosidl_generator_py/aruco_opencv_msgs/aruco_opencv_msgs_s__rosidl_typesupport_c.cpython-38-x86_64-linux-gnu.so[0m
[5.841s] [ 97%] [32m[1mLinking C shared library rosidl_generator_py/aruco_opencv_msgs/aruco_opencv_msgs_s__rosidl_typesupport_introspection_c.cpython-38-x86_64-linux-gnu.so[0m
[5.849s] [100%] [32m[1mLinking CXX shared library rosidl_generator_py/aruco_opencv_msgs/aruco_opencv_msgs_s__rosidl_typesupport_fastrtps_c.cpython-38-x86_64-linux-gnu.so[0m
[5.875s] [100%] Built target aruco_opencv_msgs__rosidl_typesupport_introspection_c__pyext
[5.875s] [100%] Built target aruco_opencv_msgs__rosidl_typesupport_c__pyext
[5.913s] [100%] Built target aruco_opencv_msgs__rosidl_typesupport_fastrtps_c__pyext
[5.923s] Invoked command in '/home/user/Documents/NYU/Swarm/Swarm6333/Project/swarm_ws/build/aruco_opencv_msgs' returned '0': CMAKE_PREFIX_PATH=${CMAKE_PREFIX_PATH}:/home/user/Documents/NYU/Swarm/Swarm6333/Project/swarm_ws/install/ros2swarm:/home/user/Documents/NYU/Swarm/Swarm6333/Project/swarm_ws/install/ros2_aruco:/home/user/Documents/NYU/Swarm/Swarm6333/Project/swarm_ws/install/launch_turtlebot_gazebo:/home/user/Documents/NYU/Swarm/Swarm6333/Project/swarm_ws/install/choirbot_examples:/home/user/Documents/NYU/Swarm/Swarm6333/Project/swarm_ws/install/choirbot:/opt/ros/foxy /usr/bin/cmake --build /home/user/Documents/NYU/Swarm/Swarm6333/Project/swarm_ws/build/aruco_opencv_msgs -- -j8 -l8
[5.925s] Invoking command in '/home/user/Documents/NYU/Swarm/Swarm6333/Project/swarm_ws/build/aruco_opencv_msgs': CMAKE_PREFIX_PATH=${CMAKE_PREFIX_PATH}:/home/user/Documents/NYU/Swarm/Swarm6333/Project/swarm_ws/install/ros2swarm:/home/user/Documents/NYU/Swarm/Swarm6333/Project/swarm_ws/install/ros2_aruco:/home/user/Documents/NYU/Swarm/Swarm6333/Project/swarm_ws/install/launch_turtlebot_gazebo:/home/user/Documents/NYU/Swarm/Swarm6333/Project/swarm_ws/install/choirbot_examples:/home/user/Documents/NYU/Swarm/Swarm6333/Project/swarm_ws/install/choirbot:/opt/ros/foxy /usr/bin/cmake --install /home/user/Documents/NYU/Swarm/Swarm6333/Project/swarm_ws/build/aruco_opencv_msgs
[5.933s] -- Install configuration: ""
[5.934s] -- Execute custom install script
[5.934s] -- Symlinking: /home/user/Documents/NYU/Swarm/Swarm6333/Project/swarm_ws/install/aruco_opencv_msgs/share/ament_index/resource_index/rosidl_interfaces/aruco_opencv_msgs
[5.942s] -- Symlinking: /home/user/Documents/NYU/Swarm/Swarm6333/Project/swarm_ws/install/aruco_opencv_msgs/include/aruco_opencv_msgs/msg/aruco_detection.h
[5.949s] -- Symlinking: /home/user/Documents/NYU/Swarm/Swarm6333/Project/swarm_ws/install/aruco_opencv_msgs/include/aruco_opencv_msgs/msg/board_pose.h
[5.957s] -- Symlinking: /home/user/Documents/NYU/Swarm/Swarm6333/Project/swarm_ws/install/aruco_opencv_msgs/include/aruco_opencv_msgs/msg/detail/aruco_detection__functions.h
[5.964s] -- Symlinking: /home/user/Documents/NYU/Swarm/Swarm6333/Project/swarm_ws/install/aruco_opencv_msgs/include/aruco_opencv_msgs/msg/detail/aruco_detection__struct.h
[5.971s] -- Symlinking: /home/user/Documents/NYU/Swarm/Swarm6333/Project/swarm_ws/install/aruco_opencv_msgs/include/aruco_opencv_msgs/msg/detail/aruco_detection__type_support.h
[5.978s] -- Symlinking: /home/user/Documents/NYU/Swarm/Swarm6333/Project/swarm_ws/install/aruco_opencv_msgs/include/aruco_opencv_msgs/msg/detail/board_pose__functions.h
[5.985s] -- Symlinking: /home/user/Documents/NYU/Swarm/Swarm6333/Project/swarm_ws/install/aruco_opencv_msgs/include/aruco_opencv_msgs/msg/detail/board_pose__struct.h
[5.991s] -- Symlinking: /home/user/Documents/NYU/Swarm/Swarm6333/Project/swarm_ws/install/aruco_opencv_msgs/include/aruco_opencv_msgs/msg/detail/board_pose__type_support.h
[5.999s] -- Symlinking: /home/user/Documents/NYU/Swarm/Swarm6333/Project/swarm_ws/install/aruco_opencv_msgs/include/aruco_opencv_msgs/msg/detail/marker_pose__functions.h
[6.006s] -- Symlinking: /home/user/Documents/NYU/Swarm/Swarm6333/Project/swarm_ws/install/aruco_opencv_msgs/include/aruco_opencv_msgs/msg/detail/marker_pose__struct.h
[6.012s] -- Symlinking: /home/user/Documents/NYU/Swarm/Swarm6333/Project/swarm_ws/install/aruco_opencv_msgs/include/aruco_opencv_msgs/msg/detail/marker_pose__type_support.h
[6.019s] -- Symlinking: /home/user/Documents/NYU/Swarm/Swarm6333/Project/swarm_ws/install/aruco_opencv_msgs/include/aruco_opencv_msgs/msg/marker_pose.h
[6.026s] -- Symlinking: /home/user/Documents/NYU/Swarm/Swarm6333/Project/swarm_ws/install/aruco_opencv_msgs/include/aruco_opencv_msgs/msg/rosidl_generator_c__visibility_control.h
[6.034s] -- Symlinking: /home/user/Documents/NYU/Swarm/Swarm6333/Project/swarm_ws/install/aruco_opencv_msgs/share/aruco_opencv_msgs/environment/library_path.sh
[6.041s] -- Symlinking: /home/user/Documents/NYU/Swarm/Swarm6333/Project/swarm_ws/install/aruco_opencv_msgs/share/aruco_opencv_msgs/environment/library_path.dsv
[6.048s] -- Symlinking: /home/user/Documents/NYU/Swarm/Swarm6333/Project/swarm_ws/install/aruco_opencv_msgs/include/aruco_opencv_msgs/msg/detail/aruco_detection__rosidl_typesupport_fastrtps_c.h
[6.056s] -- Symlinking: /home/user/Documents/NYU/Swarm/Swarm6333/Project/swarm_ws/install/aruco_opencv_msgs/include/aruco_opencv_msgs/msg/detail/board_pose__rosidl_typesupport_fastrtps_c.h
[6.063s] -- Symlinking: /home/user/Documents/NYU/Swarm/Swarm6333/Project/swarm_ws/install/aruco_opencv_msgs/include/aruco_opencv_msgs/msg/detail/marker_pose__rosidl_typesupport_fastrtps_c.h
[6.069s] -- Symlinking: /home/user/Documents/NYU/Swarm/Swarm6333/Project/swarm_ws/install/aruco_opencv_msgs/include/aruco_opencv_msgs/msg/rosidl_typesupport_fastrtps_c__visibility_control.h
[6.077s] -- Symlinking: /home/user/Documents/NYU/Swarm/Swarm6333/Project/swarm_ws/install/aruco_opencv_msgs/lib/libaruco_opencv_msgs__rosidl_typesupport_fastrtps_c.so
[6.084s] -- Symlinking: /home/user/Documents/NYU/Swarm/Swarm6333/Project/swarm_ws/install/aruco_opencv_msgs/include/aruco_opencv_msgs/msg/detail/aruco_detection__rosidl_typesupport_fastrtps_cpp.hpp
[6.091s] -- Symlinking: /home/user/Documents/NYU/Swarm/Swarm6333/Project/swarm_ws/install/aruco_opencv_msgs/include/aruco_opencv_msgs/msg/detail/board_pose__rosidl_typesupport_fastrtps_cpp.hpp
[6.098s] -- Symlinking: /home/user/Documents/NYU/Swarm/Swarm6333/Project/swarm_ws/install/aruco_opencv_msgs/include/aruco_opencv_msgs/msg/detail/marker_pose__rosidl_typesupport_fastrtps_cpp.hpp
[6.105s] -- Symlinking: /home/user/Documents/NYU/Swarm/Swarm6333/Project/swarm_ws/install/aruco_opencv_msgs/include/aruco_opencv_msgs/msg/rosidl_typesupport_fastrtps_cpp__visibility_control.h
[6.112s] -- Symlinking: /home/user/Documents/NYU/Swarm/Swarm6333/Project/swarm_ws/install/aruco_opencv_msgs/lib/libaruco_opencv_msgs__rosidl_typesupport_fastrtps_cpp.so
[6.120s] -- Symlinking: /home/user/Documents/NYU/Swarm/Swarm6333/Project/swarm_ws/install/aruco_opencv_msgs/include/aruco_opencv_msgs/msg/detail/aruco_detection__rosidl_typesupport_introspection_c.h
[6.127s] -- Symlinking: /home/user/Documents/NYU/Swarm/Swarm6333/Project/swarm_ws/install/aruco_opencv_msgs/include/aruco_opencv_msgs/msg/detail/board_pose__rosidl_typesupport_introspection_c.h
[6.135s] -- Symlinking: /home/user/Documents/NYU/Swarm/Swarm6333/Project/swarm_ws/install/aruco_opencv_msgs/include/aruco_opencv_msgs/msg/detail/marker_pose__rosidl_typesupport_introspection_c.h
[6.143s] -- Symlinking: /home/user/Documents/NYU/Swarm/Swarm6333/Project/swarm_ws/install/aruco_opencv_msgs/include/aruco_opencv_msgs/msg/rosidl_typesupport_introspection_c__visibility_control.h
[6.151s] -- Symlinking: /home/user/Documents/NYU/Swarm/Swarm6333/Project/swarm_ws/install/aruco_opencv_msgs/include/aruco_opencv_msgs/msg/aruco_detection.hpp
[6.159s] -- Symlinking: /home/user/Documents/NYU/Swarm/Swarm6333/Project/swarm_ws/install/aruco_opencv_msgs/include/aruco_opencv_msgs/msg/board_pose.hpp
[6.166s] -- Symlinking: /home/user/Documents/NYU/Swarm/Swarm6333/Project/swarm_ws/install/aruco_opencv_msgs/include/aruco_opencv_msgs/msg/detail/aruco_detection__builder.hpp
[6.173s] -- Symlinking: /home/user/Documents/NYU/Swarm/Swarm6333/Project/swarm_ws/install/aruco_opencv_msgs/include/aruco_opencv_msgs/msg/detail/aruco_detection__struct.hpp
[6.180s] -- Symlinking: /home/user/Documents/NYU/Swarm/Swarm6333/Project/swarm_ws/install/aruco_opencv_msgs/include/aruco_opencv_msgs/msg/detail/aruco_detection__traits.hpp
[6.187s] -- Symlinking: /home/user/Documents/NYU/Swarm/Swarm6333/Project/swarm_ws/install/aruco_opencv_msgs/include/aruco_opencv_msgs/msg/detail/aruco_detection__type_support.hpp
[6.194s] -- Symlinking: /home/user/Documents/NYU/Swarm/Swarm6333/Project/swarm_ws/install/aruco_opencv_msgs/include/aruco_opencv_msgs/msg/detail/board_pose__builder.hpp
[6.201s] -- Symlinking: /home/user/Documents/NYU/Swarm/Swarm6333/Project/swarm_ws/install/aruco_opencv_msgs/include/aruco_opencv_msgs/msg/detail/board_pose__struct.hpp
[6.208s] -- Symlinking: /home/user/Documents/NYU/Swarm/Swarm6333/Project/swarm_ws/install/aruco_opencv_msgs/include/aruco_opencv_msgs/msg/detail/board_pose__traits.hpp
[6.215s] -- Symlinking: /home/user/Documents/NYU/Swarm/Swarm6333/Project/swarm_ws/install/aruco_opencv_msgs/include/aruco_opencv_msgs/msg/detail/board_pose__type_support.hpp
[6.222s] -- Symlinking: /home/user/Documents/NYU/Swarm/Swarm6333/Project/swarm_ws/install/aruco_opencv_msgs/include/aruco_opencv_msgs/msg/detail/marker_pose__builder.hpp
[6.230s] -- Symlinking: /home/user/Documents/NYU/Swarm/Swarm6333/Project/swarm_ws/install/aruco_opencv_msgs/include/aruco_opencv_msgs/msg/detail/marker_pose__struct.hpp
[6.238s] -- Symlinking: /home/user/Documents/NYU/Swarm/Swarm6333/Project/swarm_ws/install/aruco_opencv_msgs/include/aruco_opencv_msgs/msg/detail/marker_pose__traits.hpp
[6.246s] -- Symlinking: /home/user/Documents/NYU/Swarm/Swarm6333/Project/swarm_ws/install/aruco_opencv_msgs/include/aruco_opencv_msgs/msg/detail/marker_pose__type_support.hpp
[6.255s] -- Symlinking: /home/user/Documents/NYU/Swarm/Swarm6333/Project/swarm_ws/install/aruco_opencv_msgs/include/aruco_opencv_msgs/msg/marker_pose.hpp
[6.262s] -- Symlinking: /home/user/Documents/NYU/Swarm/Swarm6333/Project/swarm_ws/install/aruco_opencv_msgs/include/aruco_opencv_msgs/msg/rosidl_generator_cpp__visibility_control.hpp
[6.270s] -- Symlinking: /home/user/Documents/NYU/Swarm/Swarm6333/Project/swarm_ws/install/aruco_opencv_msgs/include/aruco_opencv_msgs/msg/detail/aruco_detection__rosidl_typesupport_introspection_cpp.hpp
[6.277s] -- Symlinking: /home/user/Documents/NYU/Swarm/Swarm6333/Project/swarm_ws/install/aruco_opencv_msgs/include/aruco_opencv_msgs/msg/detail/board_pose__rosidl_typesupport_introspection_cpp.hpp
[6.284s] -- Symlinking: /home/user/Documents/NYU/Swarm/Swarm6333/Project/swarm_ws/install/aruco_opencv_msgs/include/aruco_opencv_msgs/msg/detail/marker_pose__rosidl_typesupport_introspection_cpp.hpp
[6.291s] -- Symlinking: /home/user/Documents/NYU/Swarm/Swarm6333/Project/swarm_ws/install/aruco_opencv_msgs/share/aruco_opencv_msgs/environment/pythonpath.sh
[6.298s] -- Symlinking: /home/user/Documents/NYU/Swarm/Swarm6333/Project/swarm_ws/install/aruco_opencv_msgs/share/aruco_opencv_msgs/environment/pythonpath.dsv
[6.305s] -- Symlinking: /home/user/Documents/NYU/Swarm/Swarm6333/Project/swarm_ws/install/aruco_opencv_msgs/lib/python3.8/site-packages/aruco_opencv_msgs/__init__.py
[6.312s] -- Symlinking: /home/user/Documents/NYU/Swarm/Swarm6333/Project/swarm_ws/install/aruco_opencv_msgs/lib/python3.8/site-packages/aruco_opencv_msgs/msg/__init__.py
[6.320s] -- Symlinking: /home/user/Documents/NYU/Swarm/Swarm6333/Project/swarm_ws/install/aruco_opencv_msgs/lib/python3.8/site-packages/aruco_opencv_msgs/msg/_aruco_detection.py
[6.328s] -- Symlinking: /home/user/Documents/NYU/Swarm/Swarm6333/Project/swarm_ws/install/aruco_opencv_msgs/lib/python3.8/site-packages/aruco_opencv_msgs/msg/_board_pose.py
[6.337s] -- Symlinking: /home/user/Documents/NYU/Swarm/Swarm6333/Project/swarm_ws/install/aruco_opencv_msgs/lib/python3.8/site-packages/aruco_opencv_msgs/msg/_marker_pose.py
[6.346s] -- Symlinking: /home/user/Documents/NYU/Swarm/Swarm6333/Project/swarm_ws/install/aruco_opencv_msgs/lib/python3.8/site-packages/aruco_opencv_msgs/aruco_opencv_msgs_s__rosidl_typesupport_fastrtps_c.cpython-38-x86_64-linux-gnu.so
[6.354s] -- Symlinking: /home/user/Documents/NYU/Swarm/Swarm6333/Project/swarm_ws/install/aruco_opencv_msgs/lib/python3.8/site-packages/aruco_opencv_msgs/aruco_opencv_msgs_s__rosidl_typesupport_introspection_c.cpython-38-x86_64-linux-gnu.so
[6.361s] -- Symlinking: /home/user/Documents/NYU/Swarm/Swarm6333/Project/swarm_ws/install/aruco_opencv_msgs/lib/python3.8/site-packages/aruco_opencv_msgs/aruco_opencv_msgs_s__rosidl_typesupport_c.cpython-38-x86_64-linux-gnu.so
[6.369s] -- Symlinking: /home/user/Documents/NYU/Swarm/Swarm6333/Project/swarm_ws/install/aruco_opencv_msgs/lib/libaruco_opencv_msgs__python.so
[6.376s] -- Symlinking: /home/user/Documents/NYU/Swarm/Swarm6333/Project/swarm_ws/install/aruco_opencv_msgs/share/aruco_opencv_msgs/msg/ArucoDetection.idl
[6.383s] -- Symlinking: /home/user/Documents/NYU/Swarm/Swarm6333/Project/swarm_ws/install/aruco_opencv_msgs/share/aruco_opencv_msgs/msg/BoardPose.idl
[6.391s] -- Symlinking: /home/user/Documents/NYU/Swarm/Swarm6333/Project/swarm_ws/install/aruco_opencv_msgs/share/aruco_opencv_msgs/msg/MarkerPose.idl
[6.400s] -- Symlinking: /home/user/Documents/NYU/Swarm/Swarm6333/Project/swarm_ws/install/aruco_opencv_msgs/share/aruco_opencv_msgs/msg/ArucoDetection.msg
[6.407s] -- Symlinking: /home/user/Documents/NYU/Swarm/Swarm6333/Project/swarm_ws/install/aruco_opencv_msgs/share/aruco_opencv_msgs/msg/BoardPose.msg
[6.415s] -- Symlinking: /home/user/Documents/NYU/Swarm/Swarm6333/Project/swarm_ws/install/aruco_opencv_msgs/share/aruco_opencv_msgs/msg/MarkerPose.msg
[6.422s] -- Symlinking: /home/user/Documents/NYU/Swarm/Swarm6333/Project/swarm_ws/install/aruco_opencv_msgs/share/ament_index/resource_index/package_run_dependencies/aruco_opencv_msgs
[6.430s] -- Symlinking: /home/user/Documents/NYU/Swarm/Swarm6333/Project/swarm_ws/install/aruco_opencv_msgs/share/ament_index/resource_index/parent_prefix_path/aruco_opencv_msgs
[6.439s] -- Symlinking: /home/user/Documents/NYU/Swarm/Swarm6333/Project/swarm_ws/install/aruco_opencv_msgs/share/aruco_opencv_msgs/environment/ament_prefix_path.sh
[6.447s] -- Symlinking: /home/user/Documents/NYU/Swarm/Swarm6333/Project/swarm_ws/install/aruco_opencv_msgs/share/aruco_opencv_msgs/environment/ament_prefix_path.dsv
[6.454s] -- Symlinking: /home/user/Documents/NYU/Swarm/Swarm6333/Project/swarm_ws/install/aruco_opencv_msgs/share/aruco_opencv_msgs/environment/path.sh
[6.463s] -- Symlinking: /home/user/Documents/NYU/Swarm/Swarm6333/Project/swarm_ws/install/aruco_opencv_msgs/share/aruco_opencv_msgs/environment/path.dsv
[6.472s] -- Symlinking: /home/user/Documents/NYU/Swarm/Swarm6333/Project/swarm_ws/install/aruco_opencv_msgs/share/aruco_opencv_msgs/local_setup.bash
[6.481s] -- Symlinking: /home/user/Documents/NYU/Swarm/Swarm6333/Project/swarm_ws/install/aruco_opencv_msgs/share/aruco_opencv_msgs/local_setup.sh
[6.489s] -- Symlinking: /home/user/Documents/NYU/Swarm/Swarm6333/Project/swarm_ws/install/aruco_opencv_msgs/share/aruco_opencv_msgs/local_setup.zsh
[6.496s] -- Symlinking: /home/user/Documents/NYU/Swarm/Swarm6333/Project/swarm_ws/install/aruco_opencv_msgs/share/aruco_opencv_msgs/local_setup.dsv
[6.504s] -- Symlinking: /home/user/Documents/NYU/Swarm/Swarm6333/Project/swarm_ws/install/aruco_opencv_msgs/share/aruco_opencv_msgs/package.dsv
[6.515s] -- Symlinking: /home/user/Documents/NYU/Swarm/Swarm6333/Project/swarm_ws/install/aruco_opencv_msgs/share/ament_index/resource_index/packages/aruco_opencv_msgs
[6.523s] -- Symlinking: /home/user/Documents/NYU/Swarm/Swarm6333/Project/swarm_ws/install/aruco_opencv_msgs/share/aruco_opencv_msgs/cmake/rosidl_cmake-extras.cmake
[6.530s] -- Symlinking: /home/user/Documents/NYU/Swarm/Swarm6333/Project/swarm_ws/install/aruco_opencv_msgs/share/aruco_opencv_msgs/cmake/ament_cmake_export_dependencies-extras.cmake
[6.538s] -- Symlinking: /home/user/Documents/NYU/Swarm/Swarm6333/Project/swarm_ws/install/aruco_opencv_msgs/share/aruco_opencv_msgs/cmake/ament_cmake_export_libraries-extras.cmake
[6.545s] -- Symlinking: /home/user/Documents/NYU/Swarm/Swarm6333/Project/swarm_ws/install/aruco_opencv_msgs/share/aruco_opencv_msgs/cmake/ament_cmake_export_targets-extras.cmake
[6.553s] -- Symlinking: /home/user/Documents/NYU/Swarm/Swarm6333/Project/swarm_ws/install/aruco_opencv_msgs/share/aruco_opencv_msgs/cmake/ament_cmake_export_include_directories-extras.cmake
[6.561s] -- Symlinking: /home/user/Documents/NYU/Swarm/Swarm6333/Project/swarm_ws/install/aruco_opencv_msgs/share/aruco_opencv_msgs/cmake/rosidl_cmake_export_typesupport_libraries-extras.cmake
[6.568s] -- Symlinking: /home/user/Documents/NYU/Swarm/Swarm6333/Project/swarm_ws/install/aruco_opencv_msgs/share/aruco_opencv_msgs/cmake/rosidl_cmake_export_typesupport_targets-extras.cmake
[6.575s] -- Symlinking: /home/user/Documents/NYU/Swarm/Swarm6333/Project/swarm_ws/install/aruco_opencv_msgs/share/aruco_opencv_msgs/cmake/aruco_opencv_msgsConfig.cmake
[6.583s] -- Symlinking: /home/user/Documents/NYU/Swarm/Swarm6333/Project/swarm_ws/install/aruco_opencv_msgs/share/aruco_opencv_msgs/cmake/aruco_opencv_msgsConfig-version.cmake
[6.590s] -- Symlinking: /home/user/Documents/NYU/Swarm/Swarm6333/Project/swarm_ws/install/aruco_opencv_msgs/share/aruco_opencv_msgs/package.xml
[6.597s] -- Installing: /home/user/Documents/NYU/Swarm/Swarm6333/Project/swarm_ws/install/aruco_opencv_msgs/lib/libaruco_opencv_msgs__rosidl_generator_c.so
[6.597s] -- Set runtime path of "/home/user/Documents/NYU/Swarm/Swarm6333/Project/swarm_ws/install/aruco_opencv_msgs/lib/libaruco_opencv_msgs__rosidl_generator_c.so" to ""
[6.598s] -- Installing: /home/user/Documents/NYU/Swarm/Swarm6333/Project/swarm_ws/install/aruco_opencv_msgs/lib/libaruco_opencv_msgs__rosidl_typesupport_introspection_c.so
[6.598s] -- Set runtime path of "/home/user/Documents/NYU/Swarm/Swarm6333/Project/swarm_ws/install/aruco_opencv_msgs/lib/libaruco_opencv_msgs__rosidl_typesupport_introspection_c.so" to ""
[6.598s] -- Installing: /home/user/Documents/NYU/Swarm/Swarm6333/Project/swarm_ws/install/aruco_opencv_msgs/lib/libaruco_opencv_msgs__rosidl_typesupport_c.so
[6.598s] -- Set runtime path of "/home/user/Documents/NYU/Swarm/Swarm6333/Project/swarm_ws/install/aruco_opencv_msgs/lib/libaruco_opencv_msgs__rosidl_typesupport_c.so" to ""
[6.598s] -- Installing: /home/user/Documents/NYU/Swarm/Swarm6333/Project/swarm_ws/install/aruco_opencv_msgs/lib/libaruco_opencv_msgs__rosidl_typesupport_introspection_cpp.so
[6.599s] -- Set runtime path of "/home/user/Documents/NYU/Swarm/Swarm6333/Project/swarm_ws/install/aruco_opencv_msgs/lib/libaruco_opencv_msgs__rosidl_typesupport_introspection_cpp.so" to ""
[6.599s] -- Installing: /home/user/Documents/NYU/Swarm/Swarm6333/Project/swarm_ws/install/aruco_opencv_msgs/lib/libaruco_opencv_msgs__rosidl_typesupport_cpp.so
[6.599s] -- Set runtime path of "/home/user/Documents/NYU/Swarm/Swarm6333/Project/swarm_ws/install/aruco_opencv_msgs/lib/libaruco_opencv_msgs__rosidl_typesupport_cpp.so" to ""
[6.630s] Compiling '/home/user/Documents/NYU/Swarm/Swarm6333/Project/swarm_ws/install/aruco_opencv_msgs/lib/python3.8/site-packages/aruco_opencv_msgs/__init__.py'...
[6.633s] -- Installing: /home/user/Documents/NYU/Swarm/Swarm6333/Project/swarm_ws/install/aruco_opencv_msgs/share/aruco_opencv_msgs/cmake/aruco_opencv_msgs__rosidl_generator_cExport.cmake
[6.633s] -- Installing: /home/user/Documents/NYU/Swarm/Swarm6333/Project/swarm_ws/install/aruco_opencv_msgs/share/aruco_opencv_msgs/cmake/aruco_opencv_msgs__rosidl_generator_cExport-noconfig.cmake
[6.634s] -- Installing: /home/user/Documents/NYU/Swarm/Swarm6333/Project/swarm_ws/install/aruco_opencv_msgs/share/aruco_opencv_msgs/cmake/aruco_opencv_msgs__rosidl_typesupport_introspection_cExport.cmake
[6.634s] -- Installing: /home/user/Documents/NYU/Swarm/Swarm6333/Project/swarm_ws/install/aruco_opencv_msgs/share/aruco_opencv_msgs/cmake/aruco_opencv_msgs__rosidl_typesupport_introspection_cExport-noconfig.cmake
[6.634s] -- Installing: /home/user/Documents/NYU/Swarm/Swarm6333/Project/swarm_ws/install/aruco_opencv_msgs/share/aruco_opencv_msgs/cmake/aruco_opencv_msgs__rosidl_typesupport_cExport.cmake
[6.634s] -- Installing: /home/user/Documents/NYU/Swarm/Swarm6333/Project/swarm_ws/install/aruco_opencv_msgs/share/aruco_opencv_msgs/cmake/aruco_opencv_msgs__rosidl_typesupport_cExport-noconfig.cmake
[6.634s] -- Installing: /home/user/Documents/NYU/Swarm/Swarm6333/Project/swarm_ws/install/aruco_opencv_msgs/share/aruco_opencv_msgs/cmake/aruco_opencv_msgs__rosidl_generator_cppExport.cmake
[6.634s] -- Installing: /home/user/Documents/NYU/Swarm/Swarm6333/Project/swarm_ws/install/aruco_opencv_msgs/share/aruco_opencv_msgs/cmake/aruco_opencv_msgs__rosidl_typesupport_introspection_cppExport.cmake
[6.635s] -- Installing: /home/user/Documents/NYU/Swarm/Swarm6333/Project/swarm_ws/install/aruco_opencv_msgs/share/aruco_opencv_msgs/cmake/aruco_opencv_msgs__rosidl_typesupport_introspection_cppExport-noconfig.cmake
[6.635s] -- Installing: /home/user/Documents/NYU/Swarm/Swarm6333/Project/swarm_ws/install/aruco_opencv_msgs/share/aruco_opencv_msgs/cmake/aruco_opencv_msgs__rosidl_typesupport_cppExport.cmake
[6.635s] -- Installing: /home/user/Documents/NYU/Swarm/Swarm6333/Project/swarm_ws/install/aruco_opencv_msgs/share/aruco_opencv_msgs/cmake/aruco_opencv_msgs__rosidl_typesupport_cppExport-noconfig.cmake
[6.637s] Invoked command in '/home/user/Documents/NYU/Swarm/Swarm6333/Project/swarm_ws/build/aruco_opencv_msgs' returned '0': CMAKE_PREFIX_PATH=${CMAKE_PREFIX_PATH}:/home/user/Documents/NYU/Swarm/Swarm6333/Project/swarm_ws/install/ros2swarm:/home/user/Documents/NYU/Swarm/Swarm6333/Project/swarm_ws/install/ros2_aruco:/home/user/Documents/NYU/Swarm/Swarm6333/Project/swarm_ws/install/launch_turtlebot_gazebo:/home/user/Documents/NYU/Swarm/Swarm6333/Project/swarm_ws/install/choirbot_examples:/home/user/Documents/NYU/Swarm/Swarm6333/Project/swarm_ws/install/choirbot:/opt/ros/foxy /usr/bin/cmake --install /home/user/Documents/NYU/Swarm/Swarm6333/Project/swarm_ws/build/aruco_opencv_msgs
