running develop
running egg_info
creating choirbot_examples.egg-info
writing choirbot_examples.egg-info/PKG-INFO
writing dependency_links to choirbot_examples.egg-info/dependency_links.txt
writing entry points to choirbot_examples.egg-info/entry_points.txt
writing requirements to choirbot_examples.egg-info/requires.txt
writing top-level names to choirbot_examples.egg-info/top_level.txt
writing manifest file 'choirbot_examples.egg-info/SOURCES.txt'
reading manifest file 'choirbot_examples.egg-info/SOURCES.txt'
writing manifest file 'choirbot_examples.egg-info/SOURCES.txt'
running build_ext
Creating /home/user/Documents/NYU/Swarm/Swarm6333/Project/swarm_ws/install/choirbot_examples/lib/python3.8/site-packages/site.py
Creating /home/user/Documents/NYU/Swarm/Swarm6333/Project/swarm_ws/install/choirbot_examples/lib/python3.8/site-packages/choirbot-examples.egg-link (link to .)
Installing choirbot_bearingformationcontrol_guidance script to /home/user/Documents/NYU/Swarm/Swarm6333/Project/swarm_ws/install/choirbot_examples/lib/choirbot_examples
Installing choirbot_bearingformationcontrol_integrator script to /home/user/Documents/NYU/Swarm/Swarm6333/Project/swarm_ws/install/choirbot_examples/lib/choirbot_examples
Installing choirbot_containment_guidance script to /home/user/Documents/NYU/Swarm/Swarm6333/Project/swarm_ws/install/choirbot_examples/lib/choirbot_examples
Installing choirbot_containment_integrator script to /home/user/Documents/NYU/Swarm/Swarm6333/Project/swarm_ws/install/choirbot_examples/lib/choirbot_examples
Installing choirbot_containment_rviz script to /home/user/Documents/NYU/Swarm/Swarm6333/Project/swarm_ws/install/choirbot_examples/lib/choirbot_examples
Installing choirbot_formationcontrol_controller script to /home/user/Documents/NYU/Swarm/Swarm6333/Project/swarm_ws/install/choirbot_examples/lib/choirbot_examples
Installing choirbot_formationcontrol_guidance script to /home/user/Documents/NYU/Swarm/Swarm6333/Project/swarm_ws/install/choirbot_examples/lib/choirbot_examples
Installing choirbot_mpc_guidance script to /home/user/Documents/NYU/Swarm/Swarm6333/Project/swarm_ws/install/choirbot_examples/lib/choirbot_examples
Installing choirbot_mpc_integrator script to /home/user/Documents/NYU/Swarm/Swarm6333/Project/swarm_ws/install/choirbot_examples/lib/choirbot_examples
Installing choirbot_mpc_rviz script to /home/user/Documents/NYU/Swarm/Swarm6333/Project/swarm_ws/install/choirbot_examples/lib/choirbot_examples
Installing choirbot_quadrotorbearingformationcontrol_controller script to /home/user/Documents/NYU/Swarm/Swarm6333/Project/swarm_ws/install/choirbot_examples/lib/choirbot_examples
Installing choirbot_quadrotorbearingformationcontrol_guidance script to /home/user/Documents/NYU/Swarm/Swarm6333/Project/swarm_ws/install/choirbot_examples/lib/choirbot_examples
Installing choirbot_quadrotorbearingformationcontrol_integrator script to /home/user/Documents/NYU/Swarm/Swarm6333/Project/swarm_ws/install/choirbot_examples/lib/choirbot_examples
Installing choirbot_taskassignment_controller script to /home/user/Documents/NYU/Swarm/Swarm6333/Project/swarm_ws/install/choirbot_examples/lib/choirbot_examples
Installing choirbot_taskassignment_guidance script to /home/user/Documents/NYU/Swarm/Swarm6333/Project/swarm_ws/install/choirbot_examples/lib/choirbot_examples
Installing choirbot_taskassignment_planner script to /home/user/Documents/NYU/Swarm/Swarm6333/Project/swarm_ws/install/choirbot_examples/lib/choirbot_examples
Installing choirbot_taskassignment_table script to /home/user/Documents/NYU/Swarm/Swarm6333/Project/swarm_ws/install/choirbot_examples/lib/choirbot_examples
Installing choirbot_turtlebot_spawner script to /home/user/Documents/NYU/Swarm/Swarm6333/Project/swarm_ws/install/choirbot_examples/lib/choirbot_examples

Installed /home/user/Documents/NYU/Swarm/Swarm6333/Project/swarm_ws/build/choirbot_examples
running symlink_data
creating /home/user/Documents/NYU/Swarm/Swarm6333/Project/swarm_ws/install/choirbot_examples/share/ament_index
creating /home/user/Documents/NYU/Swarm/Swarm6333/Project/swarm_ws/install/choirbot_examples/share/ament_index/resource_index
creating /home/user/Documents/NYU/Swarm/Swarm6333/Project/swarm_ws/install/choirbot_examples/share/ament_index/resource_index/packages
symbolically linking /home/user/Documents/NYU/Swarm/Swarm6333/Project/swarm_ws/build/choirbot_examples/resource/choirbot_examples -> /home/user/Documents/NYU/Swarm/Swarm6333/Project/swarm_ws/install/choirbot_examples/share/ament_index/resource_index/packages
symbolically linking /home/user/Documents/NYU/Swarm/Swarm6333/Project/swarm_ws/build/choirbot_examples/package.xml -> /home/user/Documents/NYU/Swarm/Swarm6333/Project/swarm_ws/install/choirbot_examples/share/choirbot_examples
symbolically linking /home/user/Documents/NYU/Swarm/Swarm6333/Project/swarm_ws/build/choirbot_examples/launch/taskassignment.launch.py -> /home/user/Documents/NYU/Swarm/Swarm6333/Project/swarm_ws/install/choirbot_examples/share/choirbot_examples
symbolically linking /home/user/Documents/NYU/Swarm/Swarm6333/Project/swarm_ws/build/choirbot_examples/launch/formationcontrol.launch.py -> /home/user/Documents/NYU/Swarm/Swarm6333/Project/swarm_ws/install/choirbot_examples/share/choirbot_examples
symbolically linking /home/user/Documents/NYU/Swarm/Swarm6333/Project/swarm_ws/build/choirbot_examples/launch/containment.launch.py -> /home/user/Documents/NYU/Swarm/Swarm6333/Project/swarm_ws/install/choirbot_examples/share/choirbot_examples
symbolically linking /home/user/Documents/NYU/Swarm/Swarm6333/Project/swarm_ws/build/choirbot_examples/launch/gazebo.launch.py -> /home/user/Documents/NYU/Swarm/Swarm6333/Project/swarm_ws/install/choirbot_examples/share/choirbot_examples
symbolically linking /home/user/Documents/NYU/Swarm/Swarm6333/Project/swarm_ws/build/choirbot_examples/launch/bearingformationcontrol.launch.py -> /home/user/Documents/NYU/Swarm/Swarm6333/Project/swarm_ws/install/choirbot_examples/share/choirbot_examples
symbolically linking /home/user/Documents/NYU/Swarm/Swarm6333/Project/swarm_ws/build/choirbot_examples/launch/mpc.launch.py -> /home/user/Documents/NYU/Swarm/Swarm6333/Project/swarm_ws/install/choirbot_examples/share/choirbot_examples
symbolically linking /home/user/Documents/NYU/Swarm/Swarm6333/Project/swarm_ws/build/choirbot_examples/launch/quadrotorbearingformationcontrol.launch.py -> /home/user/Documents/NYU/Swarm/Swarm6333/Project/swarm_ws/install/choirbot_examples/share/choirbot_examples
symbolically linking /home/user/Documents/NYU/Swarm/Swarm6333/Project/swarm_ws/build/choirbot_examples/resource/rvizconf.rviz -> /home/user/Documents/NYU/Swarm/Swarm6333/Project/swarm_ws/install/choirbot_examples/share/choirbot_examples
symbolically linking /home/user/Documents/NYU/Swarm/Swarm6333/Project/swarm_ws/build/choirbot_examples/resource/model_burger.sdf -> /home/user/Documents/NYU/Swarm/Swarm6333/Project/swarm_ws/install/choirbot_examples/share/choirbot_examples
