[0.653s] Invoking command in '/home/user/Documents/NYU/Swarm/Swarm6333/Project/swarm_ws/build/choirbot_examples': AMENT_PREFIX_PATH=/home/user/Documents/NYU/Swarm/Swarm6333/Project/swarm_ws/install/choirbot:/home/user/Documents/NYU/Swarm/Swarm6333/Project/swarm_ws/install/ros2swarm:/home/user/Documents/NYU/Swarm/Swarm6333/Project/swarm_ws/install/launch_gazebo:/home/user/Documents/NYU/Swarm/Swarm6333/Project/swarm_ws/install/communication_interfaces:/home/user/Documents/NYU/Swarm/Swarm6333/Project/swarm_ws/install/ros2_aruco_interfaces:/home/user/Documents/NYU/Swarm/Swarm6333/Project/swarm_ws/install/ros2_aruco:/home/user/Documents/NYU/Swarm/Swarm6333/Project/swarm_ws/install/choirbot_examples:/home/user/Documents/NYU/Swarm/Swarm6333/Project/swarm_ws/install/choirbot_interfaces:/opt/ros/foxy CMAKE_PREFIX_PATH=/home/user/Documents/NYU/Swarm/Swarm6333/Project/swarm_ws/install/choirbot_interfaces:/home/user/Documents/NYU/Swarm/Swarm6333/Project/swarm_ws/install/communication_interfaces:/home/user/Documents/NYU/Swarm/Swarm6333/Project/swarm_ws/install/ros2_aruco_interfaces LD_LIBRARY_PATH=/home/user/Documents/NYU/Swarm/Swarm6333/Project/swarm_ws/install/choirbot_interfaces/lib:/home/user/Documents/NYU/Swarm/Swarm6333/Project/swarm_ws/install/communication_interfaces/lib:/home/user/Documents/NYU/Swarm/Swarm6333/Project/swarm_ws/install/ros2_aruco_interfaces/lib:/usr/lib/x86_64-linux-gnu/gazebo-11/plugins:/opt/ros/foxy/opt/yaml_cpp_vendor/lib:/opt/ros/foxy/opt/rviz_ogre_vendor/lib:/opt/ros/foxy/lib/x86_64-linux-gnu:/opt/ros/foxy/lib PYTHONPATH=/home/user/Documents/NYU/Swarm/Swarm6333/Project/swarm_ws/build/choirbot_examples/prefix_override:/usr/lib/python3/dist-packages/colcon_core/task/python/colcon_distutils_commands:/home/user/Documents/NYU/Swarm/Swarm6333/Project/swarm_ws/install/choirbot_examples/lib/python3.8/site-packages:/home/user/Documents/NYU/Swarm/Swarm6333/Project/swarm_ws/build/choirbot:/home/user/Documents/NYU/Swarm/Swarm6333/Project/swarm_ws/install/choirbot/lib/python3.8/site-packages:/home/user/Documents/NYU/Swarm/Swarm6333/Project/swarm_ws/install/choirbot_interfaces/lib/python3.8/site-packages:/home/user/Documents/NYU/Swarm/Swarm6333/Project/swarm_ws/build/ros2swarm:/home/user/Documents/NYU/Swarm/Swarm6333/Project/swarm_ws/install/ros2swarm/lib/python3.8/site-packages:/home/user/Documents/NYU/Swarm/Swarm6333/Project/swarm_ws/build/launch_gazebo:/home/user/Documents/NYU/Swarm/Swarm6333/Project/swarm_ws/install/launch_gazebo/lib/python3.8/site-packages:/home/user/Documents/NYU/Swarm/Swarm6333/Project/swarm_ws/install/communication_interfaces/lib/python3.8/site-packages:/home/user/Documents/NYU/Swarm/Swarm6333/Project/swarm_ws/install/ros2_aruco_interfaces/lib/python3.8/site-packages:/home/user/Documents/NYU/Swarm/Swarm6333/Project/swarm_ws/build/ros2_aruco:/home/user/Documents/NYU/Swarm/Swarm6333/Project/swarm_ws/install/ros2_aruco/lib/python3.8/site-packages:/home/user/Documents/NYU/Swarm/Swarm6333/Project/swarm_ws/build/choirbot_examples:/home/user/Documents/NYU/Swarm/Swarm6333/Project/swarm_ws/install/choirbot_examples/lib/python3.8/site-packages:/opt/ros/foxy/lib/python3.8/site-packages /usr/bin/python3 -W ignore:setup.py install is deprecated -W ignore:easy_install command is deprecated setup.py develop --editable --build-directory /home/user/Documents/NYU/Swarm/Swarm6333/Project/swarm_ws/build/choirbot_examples/build --no-deps symlink_data
[0.896s] running develop
[1.072s] running egg_info
[1.072s] creating choirbot_examples.egg-info
[1.072s] writing choirbot_examples.egg-info/PKG-INFO
[1.072s] writing dependency_links to choirbot_examples.egg-info/dependency_links.txt
[1.072s] writing entry points to choirbot_examples.egg-info/entry_points.txt
[1.072s] writing requirements to choirbot_examples.egg-info/requires.txt
[1.072s] writing top-level names to choirbot_examples.egg-info/top_level.txt
[1.074s] writing manifest file 'choirbot_examples.egg-info/SOURCES.txt'
[1.105s] reading manifest file 'choirbot_examples.egg-info/SOURCES.txt'
[1.106s] writing manifest file 'choirbot_examples.egg-info/SOURCES.txt'
[1.137s] running build_ext
[1.137s] Creating /home/user/Documents/NYU/Swarm/Swarm6333/Project/swarm_ws/install/choirbot_examples/lib/python3.8/site-packages/site.py
[1.139s] Creating /home/user/Documents/NYU/Swarm/Swarm6333/Project/swarm_ws/install/choirbot_examples/lib/python3.8/site-packages/choirbot-examples.egg-link (link to .)
[1.140s] Installing choirbot_bearingformationcontrol_guidance script to /home/user/Documents/NYU/Swarm/Swarm6333/Project/swarm_ws/install/choirbot_examples/lib/choirbot_examples
[1.140s] Installing choirbot_bearingformationcontrol_integrator script to /home/user/Documents/NYU/Swarm/Swarm6333/Project/swarm_ws/install/choirbot_examples/lib/choirbot_examples
[1.140s] Installing choirbot_containment_guidance script to /home/user/Documents/NYU/Swarm/Swarm6333/Project/swarm_ws/install/choirbot_examples/lib/choirbot_examples
[1.140s] Installing choirbot_containment_integrator script to /home/user/Documents/NYU/Swarm/Swarm6333/Project/swarm_ws/install/choirbot_examples/lib/choirbot_examples
[1.140s] Installing choirbot_containment_rviz script to /home/user/Documents/NYU/Swarm/Swarm6333/Project/swarm_ws/install/choirbot_examples/lib/choirbot_examples
[1.140s] Installing choirbot_formationcontrol_controller script to /home/user/Documents/NYU/Swarm/Swarm6333/Project/swarm_ws/install/choirbot_examples/lib/choirbot_examples
[1.140s] Installing choirbot_formationcontrol_guidance script to /home/user/Documents/NYU/Swarm/Swarm6333/Project/swarm_ws/install/choirbot_examples/lib/choirbot_examples
[1.140s] Installing choirbot_mpc_guidance script to /home/user/Documents/NYU/Swarm/Swarm6333/Project/swarm_ws/install/choirbot_examples/lib/choirbot_examples
[1.140s] Installing choirbot_mpc_integrator script to /home/user/Documents/NYU/Swarm/Swarm6333/Project/swarm_ws/install/choirbot_examples/lib/choirbot_examples
[1.140s] Installing choirbot_mpc_rviz script to /home/user/Documents/NYU/Swarm/Swarm6333/Project/swarm_ws/install/choirbot_examples/lib/choirbot_examples
[1.140s] Installing choirbot_quadrotorbearingformationcontrol_controller script to /home/user/Documents/NYU/Swarm/Swarm6333/Project/swarm_ws/install/choirbot_examples/lib/choirbot_examples
[1.140s] Installing choirbot_quadrotorbearingformationcontrol_guidance script to /home/user/Documents/NYU/Swarm/Swarm6333/Project/swarm_ws/install/choirbot_examples/lib/choirbot_examples
[1.140s] Installing choirbot_quadrotorbearingformationcontrol_integrator script to /home/user/Documents/NYU/Swarm/Swarm6333/Project/swarm_ws/install/choirbot_examples/lib/choirbot_examples
[1.141s] Installing choirbot_taskassignment_controller script to /home/user/Documents/NYU/Swarm/Swarm6333/Project/swarm_ws/install/choirbot_examples/lib/choirbot_examples
[1.141s] Installing choirbot_taskassignment_guidance script to /home/user/Documents/NYU/Swarm/Swarm6333/Project/swarm_ws/install/choirbot_examples/lib/choirbot_examples
[1.141s] Installing choirbot_taskassignment_planner script to /home/user/Documents/NYU/Swarm/Swarm6333/Project/swarm_ws/install/choirbot_examples/lib/choirbot_examples
[1.141s] Installing choirbot_taskassignment_table script to /home/user/Documents/NYU/Swarm/Swarm6333/Project/swarm_ws/install/choirbot_examples/lib/choirbot_examples
[1.141s] Installing choirbot_turtlebot_spawner script to /home/user/Documents/NYU/Swarm/Swarm6333/Project/swarm_ws/install/choirbot_examples/lib/choirbot_examples
[1.141s] 
[1.141s] Installed /home/user/Documents/NYU/Swarm/Swarm6333/Project/swarm_ws/build/choirbot_examples
[1.141s] running symlink_data
[1.141s] creating /home/user/Documents/NYU/Swarm/Swarm6333/Project/swarm_ws/install/choirbot_examples/share/ament_index
[1.141s] creating /home/user/Documents/NYU/Swarm/Swarm6333/Project/swarm_ws/install/choirbot_examples/share/ament_index/resource_index
[1.141s] creating /home/user/Documents/NYU/Swarm/Swarm6333/Project/swarm_ws/install/choirbot_examples/share/ament_index/resource_index/packages
[1.141s] symbolically linking /home/user/Documents/NYU/Swarm/Swarm6333/Project/swarm_ws/build/choirbot_examples/resource/choirbot_examples -> /home/user/Documents/NYU/Swarm/Swarm6333/Project/swarm_ws/install/choirbot_examples/share/ament_index/resource_index/packages
[1.142s] symbolically linking /home/user/Documents/NYU/Swarm/Swarm6333/Project/swarm_ws/build/choirbot_examples/package.xml -> /home/user/Documents/NYU/Swarm/Swarm6333/Project/swarm_ws/install/choirbot_examples/share/choirbot_examples
[1.142s] symbolically linking /home/user/Documents/NYU/Swarm/Swarm6333/Project/swarm_ws/build/choirbot_examples/launch/taskassignment.launch.py -> /home/user/Documents/NYU/Swarm/Swarm6333/Project/swarm_ws/install/choirbot_examples/share/choirbot_examples
[1.142s] symbolically linking /home/user/Documents/NYU/Swarm/Swarm6333/Project/swarm_ws/build/choirbot_examples/launch/formationcontrol.launch.py -> /home/user/Documents/NYU/Swarm/Swarm6333/Project/swarm_ws/install/choirbot_examples/share/choirbot_examples
[1.142s] symbolically linking /home/user/Documents/NYU/Swarm/Swarm6333/Project/swarm_ws/build/choirbot_examples/launch/containment.launch.py -> /home/user/Documents/NYU/Swarm/Swarm6333/Project/swarm_ws/install/choirbot_examples/share/choirbot_examples
[1.142s] symbolically linking /home/user/Documents/NYU/Swarm/Swarm6333/Project/swarm_ws/build/choirbot_examples/launch/gazebo.launch.py -> /home/user/Documents/NYU/Swarm/Swarm6333/Project/swarm_ws/install/choirbot_examples/share/choirbot_examples
[1.142s] symbolically linking /home/user/Documents/NYU/Swarm/Swarm6333/Project/swarm_ws/build/choirbot_examples/launch/bearingformationcontrol.launch.py -> /home/user/Documents/NYU/Swarm/Swarm6333/Project/swarm_ws/install/choirbot_examples/share/choirbot_examples
[1.142s] symbolically linking /home/user/Documents/NYU/Swarm/Swarm6333/Project/swarm_ws/build/choirbot_examples/launch/mpc.launch.py -> /home/user/Documents/NYU/Swarm/Swarm6333/Project/swarm_ws/install/choirbot_examples/share/choirbot_examples
[1.142s] symbolically linking /home/user/Documents/NYU/Swarm/Swarm6333/Project/swarm_ws/build/choirbot_examples/launch/quadrotorbearingformationcontrol.launch.py -> /home/user/Documents/NYU/Swarm/Swarm6333/Project/swarm_ws/install/choirbot_examples/share/choirbot_examples
[1.142s] symbolically linking /home/user/Documents/NYU/Swarm/Swarm6333/Project/swarm_ws/build/choirbot_examples/resource/rvizconf.rviz -> /home/user/Documents/NYU/Swarm/Swarm6333/Project/swarm_ws/install/choirbot_examples/share/choirbot_examples
[1.142s] symbolically linking /home/user/Documents/NYU/Swarm/Swarm6333/Project/swarm_ws/build/choirbot_examples/resource/model_burger.sdf -> /home/user/Documents/NYU/Swarm/Swarm6333/Project/swarm_ws/install/choirbot_examples/share/choirbot_examples
[1.173s] Invoked command in '/home/user/Documents/NYU/Swarm/Swarm6333/Project/swarm_ws/build/choirbot_examples' returned '0': AMENT_PREFIX_PATH=/home/user/Documents/NYU/Swarm/Swarm6333/Project/swarm_ws/install/choirbot:/home/user/Documents/NYU/Swarm/Swarm6333/Project/swarm_ws/install/ros2swarm:/home/user/Documents/NYU/Swarm/Swarm6333/Project/swarm_ws/install/launch_gazebo:/home/user/Documents/NYU/Swarm/Swarm6333/Project/swarm_ws/install/communication_interfaces:/home/user/Documents/NYU/Swarm/Swarm6333/Project/swarm_ws/install/ros2_aruco_interfaces:/home/user/Documents/NYU/Swarm/Swarm6333/Project/swarm_ws/install/ros2_aruco:/home/user/Documents/NYU/Swarm/Swarm6333/Project/swarm_ws/install/choirbot_examples:/home/user/Documents/NYU/Swarm/Swarm6333/Project/swarm_ws/install/choirbot_interfaces:/opt/ros/foxy CMAKE_PREFIX_PATH=/home/user/Documents/NYU/Swarm/Swarm6333/Project/swarm_ws/install/choirbot_interfaces:/home/user/Documents/NYU/Swarm/Swarm6333/Project/swarm_ws/install/communication_interfaces:/home/user/Documents/NYU/Swarm/Swarm6333/Project/swarm_ws/install/ros2_aruco_interfaces LD_LIBRARY_PATH=/home/user/Documents/NYU/Swarm/Swarm6333/Project/swarm_ws/install/choirbot_interfaces/lib:/home/user/Documents/NYU/Swarm/Swarm6333/Project/swarm_ws/install/communication_interfaces/lib:/home/user/Documents/NYU/Swarm/Swarm6333/Project/swarm_ws/install/ros2_aruco_interfaces/lib:/usr/lib/x86_64-linux-gnu/gazebo-11/plugins:/opt/ros/foxy/opt/yaml_cpp_vendor/lib:/opt/ros/foxy/opt/rviz_ogre_vendor/lib:/opt/ros/foxy/lib/x86_64-linux-gnu:/opt/ros/foxy/lib PYTHONPATH=/home/user/Documents/NYU/Swarm/Swarm6333/Project/swarm_ws/build/choirbot_examples/prefix_override:/usr/lib/python3/dist-packages/colcon_core/task/python/colcon_distutils_commands:/home/user/Documents/NYU/Swarm/Swarm6333/Project/swarm_ws/install/choirbot_examples/lib/python3.8/site-packages:/home/user/Documents/NYU/Swarm/Swarm6333/Project/swarm_ws/build/choirbot:/home/user/Documents/NYU/Swarm/Swarm6333/Project/swarm_ws/install/choirbot/lib/python3.8/site-packages:/home/user/Documents/NYU/Swarm/Swarm6333/Project/swarm_ws/install/choirbot_interfaces/lib/python3.8/site-packages:/home/user/Documents/NYU/Swarm/Swarm6333/Project/swarm_ws/build/ros2swarm:/home/user/Documents/NYU/Swarm/Swarm6333/Project/swarm_ws/install/ros2swarm/lib/python3.8/site-packages:/home/user/Documents/NYU/Swarm/Swarm6333/Project/swarm_ws/build/launch_gazebo:/home/user/Documents/NYU/Swarm/Swarm6333/Project/swarm_ws/install/launch_gazebo/lib/python3.8/site-packages:/home/user/Documents/NYU/Swarm/Swarm6333/Project/swarm_ws/install/communication_interfaces/lib/python3.8/site-packages:/home/user/Documents/NYU/Swarm/Swarm6333/Project/swarm_ws/install/ros2_aruco_interfaces/lib/python3.8/site-packages:/home/user/Documents/NYU/Swarm/Swarm6333/Project/swarm_ws/build/ros2_aruco:/home/user/Documents/NYU/Swarm/Swarm6333/Project/swarm_ws/install/ros2_aruco/lib/python3.8/site-packages:/home/user/Documents/NYU/Swarm/Swarm6333/Project/swarm_ws/build/choirbot_examples:/home/user/Documents/NYU/Swarm/Swarm6333/Project/swarm_ws/install/choirbot_examples/lib/python3.8/site-packages:/opt/ros/foxy/lib/python3.8/site-packages /usr/bin/python3 -W ignore:setup.py install is deprecated -W ignore:easy_install command is deprecated setup.py develop --editable --build-directory /home/user/Documents/NYU/Swarm/Swarm6333/Project/swarm_ws/build/choirbot_examples/build --no-deps symlink_data
