[1.468s] Invoking command in '/home/user/Documents/NYU/Swarm/Swarm6333/Project/swarm_ws/build/ros2swarm': PYTHONPATH=/home/user/Documents/NYU/Swarm/Swarm6333/Project/swarm_ws/build/ros2swarm/prefix_override:/usr/lib/python3/dist-packages/colcon_core/task/python/colcon_distutils_commands:/home/user/Documents/NYU/Swarm/Swarm6333/Project/swarm_ws/install/ros2swarm/lib/python3.8/site-packages:${PYTHONPATH} /usr/bin/python3 -W ignore:setup.py install is deprecated -W ignore:easy_install command is deprecated setup.py develop --editable --build-directory /home/user/Documents/NYU/Swarm/Swarm6333/Project/swarm_ws/build/ros2swarm/build --no-deps symlink_data
[1.717s] running develop
[1.898s] running egg_info
[1.898s] writing ros2swarm.egg-info/PKG-INFO
[1.899s] writing dependency_links to ros2swarm.egg-info/dependency_links.txt
[1.899s] writing entry points to ros2swarm.egg-info/entry_points.txt
[1.899s] writing requirements to ros2swarm.egg-info/requires.txt
[1.899s] writing top-level names to ros2swarm.egg-info/top_level.txt
[1.946s] reading manifest file 'ros2swarm.egg-info/SOURCES.txt'
[1.949s] writing manifest file 'ros2swarm.egg-info/SOURCES.txt'
[1.997s] running build_ext
[1.998s] Creating /home/user/Documents/NYU/Swarm/Swarm6333/Project/swarm_ws/install/ros2swarm/lib/python3.8/site-packages/ros2swarm.egg-link (link to .)
[1.999s] Installing aggregation_pattern script to /home/user/Documents/NYU/Swarm/Swarm6333/Project/swarm_ws/install/ros2swarm/lib/ros2swarm
[1.999s] Installing attraction_pattern script to /home/user/Documents/NYU/Swarm/Swarm6333/Project/swarm_ws/install/ros2swarm/lib/ros2swarm
[1.999s] Installing attraction_pattern2 script to /home/user/Documents/NYU/Swarm/Swarm6333/Project/swarm_ws/install/ros2swarm/lib/ros2swarm
[1.999s] Installing discussed_dispersion_pattern script to /home/user/Documents/NYU/Swarm/Swarm6333/Project/swarm_ws/install/ros2swarm/lib/ros2swarm
[2.000s] Installing dispersion_pattern script to /home/user/Documents/NYU/Swarm/Swarm6333/Project/swarm_ws/install/ros2swarm/lib/ros2swarm
[2.000s] Installing drive_pattern script to /home/user/Documents/NYU/Swarm/Swarm6333/Project/swarm_ws/install/ros2swarm/lib/ros2swarm
[2.000s] Installing hardware_protection_layer script to /home/user/Documents/NYU/Swarm/Swarm6333/Project/swarm_ws/install/ros2swarm/lib/ros2swarm
[2.000s] Installing items_master_node script to /home/user/Documents/NYU/Swarm/Swarm6333/Project/swarm_ws/install/ros2swarm/lib/ros2swarm
[2.000s] Installing magnetometer_pattern script to /home/user/Documents/NYU/Swarm/Swarm6333/Project/swarm_ws/install/ros2swarm/lib/ros2swarm
[2.000s] Installing majority_rule_pattern script to /home/user/Documents/NYU/Swarm/Swarm6333/Project/swarm_ws/install/ros2swarm/lib/ros2swarm
[2.000s] Installing minimalist_flocking_pattern script to /home/user/Documents/NYU/Swarm/Swarm6333/Project/swarm_ws/install/ros2swarm/lib/ros2swarm
[2.000s] Installing move_to_target_pattern script to /home/user/Documents/NYU/Swarm/Swarm6333/Project/swarm_ws/install/ros2swarm/lib/ros2swarm
[2.000s] Installing random_walk_pattern script to /home/user/Documents/NYU/Swarm/Swarm6333/Project/swarm_ws/install/ros2swarm/lib/ros2swarm
[2.001s] Installing rat_search_pattern script to /home/user/Documents/NYU/Swarm/Swarm6333/Project/swarm_ws/install/ros2swarm/lib/ros2swarm
[2.001s] Installing task_allocation_pattern script to /home/user/Documents/NYU/Swarm/Swarm6333/Project/swarm_ws/install/ros2swarm/lib/ros2swarm
[2.001s] Installing voter_model_pattern script to /home/user/Documents/NYU/Swarm/Swarm6333/Project/swarm_ws/install/ros2swarm/lib/ros2swarm
[2.001s] Installing voter_model_with_limiter_pattern script to /home/user/Documents/NYU/Swarm/Swarm6333/Project/swarm_ws/install/ros2swarm/lib/ros2swarm
[2.001s] 
[2.001s] Installed /home/user/Documents/NYU/Swarm/Swarm6333/Project/swarm_ws/build/ros2swarm
[2.001s] running symlink_data
[2.061s] Invoked command in '/home/user/Documents/NYU/Swarm/Swarm6333/Project/swarm_ws/build/ros2swarm' returned '0': PYTHONPATH=/home/user/Documents/NYU/Swarm/Swarm6333/Project/swarm_ws/build/ros2swarm/prefix_override:/usr/lib/python3/dist-packages/colcon_core/task/python/colcon_distutils_commands:/home/user/Documents/NYU/Swarm/Swarm6333/Project/swarm_ws/install/ros2swarm/lib/python3.8/site-packages:${PYTHONPATH} /usr/bin/python3 -W ignore:setup.py install is deprecated -W ignore:easy_install command is deprecated setup.py develop --editable --build-directory /home/user/Documents/NYU/Swarm/Swarm6333/Project/swarm_ws/build/ros2swarm/build --no-deps symlink_data
