[0.055s] Invoking command in '/home/user/Documents/NYU/Swarm/Swarm6333/Project/swarm_ws/build/choirbot_interfaces': CMAKE_PREFIX_PATH=/opt/ros/foxy CONDA_PROMPT_MODIFIER=(base) /usr/bin/cmake --build /home/user/Documents/NYU/Swarm/Swarm6333/Project/swarm_ws/build/choirbot_interfaces -- -j8 -l8
[0.953s] [  1%] Built target choirbot_interfaces__cpp
[0.954s] [ 12%] Built target choirbot_interfaces__rosidl_generator_c
[0.954s] [ 23%] Built target choirbot_interfaces__rosidl_typesupport_introspection_cpp
[0.954s] [ 34%] Built target choirbot_interfaces__rosidl_typesupport_cpp
[0.954s] [ 46%] Built target choirbot_interfaces__rosidl_typesupport_fastrtps_cpp
[0.954s] [ 68%] Built target choirbot_interfaces__rosidl_typesupport_introspection_c
[0.954s] [ 68%] Built target choirbot_interfaces__rosidl_typesupport_c
[0.954s] [ 79%] Built target choirbot_interfaces__rosidl_typesupport_fastrtps_c
[0.954s] [ 79%] Built target choirbot_interfaces
[0.954s] [ 80%] Built target choirbot_interfaces__py
[0.954s] [ 90%] Built target choirbot_interfaces__python
[0.954s] [ 93%] Built target choirbot_interfaces__rosidl_typesupport_fastrtps_c__pyext
[0.955s] [ 96%] Built target choirbot_interfaces__rosidl_typesupport_introspection_c__pyext
[0.955s] [100%] Built target choirbot_interfaces__rosidl_typesupport_c__pyext
[0.959s] Invoked command in '/home/user/Documents/NYU/Swarm/Swarm6333/Project/swarm_ws/build/choirbot_interfaces' returned '0': CMAKE_PREFIX_PATH=/opt/ros/foxy CONDA_PROMPT_MODIFIER=(base) /usr/bin/cmake --build /home/user/Documents/NYU/Swarm/Swarm6333/Project/swarm_ws/build/choirbot_interfaces -- -j8 -l8
[0.970s] Invoking command in '/home/user/Documents/NYU/Swarm/Swarm6333/Project/swarm_ws/build/choirbot_interfaces': CMAKE_PREFIX_PATH=/opt/ros/foxy CONDA_PROMPT_MODIFIER=(base) /usr/bin/cmake --install /home/user/Documents/NYU/Swarm/Swarm6333/Project/swarm_ws/build/choirbot_interfaces
[0.986s] -- Install configuration: ""
[0.986s] -- Execute custom install script
[0.986s] -- Up-to-date symlink: /home/user/Documents/NYU/Swarm/Swarm6333/Project/swarm_ws/install/choirbot_interfaces/share/ament_index/resource_index/rosidl_interfaces/choirbot_interfaces
[0.986s] -- Up-to-date symlink: /home/user/Documents/NYU/Swarm/Swarm6333/Project/swarm_ws/install/choirbot_interfaces/include/choirbot_interfaces/action/detail/position_action__functions.h
[0.986s] -- Up-to-date symlink: /home/user/Documents/NYU/Swarm/Swarm6333/Project/swarm_ws/install/choirbot_interfaces/include/choirbot_interfaces/action/detail/position_action__struct.h
[0.986s] -- Up-to-date symlink: /home/user/Documents/NYU/Swarm/Swarm6333/Project/swarm_ws/install/choirbot_interfaces/include/choirbot_interfaces/action/detail/position_action__type_support.h
[0.986s] -- Up-to-date symlink: /home/user/Documents/NYU/Swarm/Swarm6333/Project/swarm_ws/install/choirbot_interfaces/include/choirbot_interfaces/action/position_action.h
[0.986s] -- Up-to-date symlink: /home/user/Documents/NYU/Swarm/Swarm6333/Project/swarm_ws/install/choirbot_interfaces/include/choirbot_interfaces/msg/detail/position_task__functions.h
[0.986s] -- Up-to-date symlink: /home/user/Documents/NYU/Swarm/Swarm6333/Project/swarm_ws/install/choirbot_interfaces/include/choirbot_interfaces/msg/detail/position_task__struct.h
[0.987s] -- Up-to-date symlink: /home/user/Documents/NYU/Swarm/Swarm6333/Project/swarm_ws/install/choirbot_interfaces/include/choirbot_interfaces/msg/detail/position_task__type_support.h
[0.987s] -- Up-to-date symlink: /home/user/Documents/NYU/Swarm/Swarm6333/Project/swarm_ws/install/choirbot_interfaces/include/choirbot_interfaces/msg/detail/position_task_array__functions.h
[0.987s] -- Up-to-date symlink: /home/user/Documents/NYU/Swarm/Swarm6333/Project/swarm_ws/install/choirbot_interfaces/include/choirbot_interfaces/msg/detail/position_task_array__struct.h
[0.987s] -- Up-to-date symlink: /home/user/Documents/NYU/Swarm/Swarm6333/Project/swarm_ws/install/choirbot_interfaces/include/choirbot_interfaces/msg/detail/position_task_array__type_support.h
[0.987s] -- Up-to-date symlink: /home/user/Documents/NYU/Swarm/Swarm6333/Project/swarm_ws/install/choirbot_interfaces/include/choirbot_interfaces/msg/position_task.h
[0.987s] -- Up-to-date symlink: /home/user/Documents/NYU/Swarm/Swarm6333/Project/swarm_ws/install/choirbot_interfaces/include/choirbot_interfaces/msg/position_task_array.h
[0.987s] -- Up-to-date symlink: /home/user/Documents/NYU/Swarm/Swarm6333/Project/swarm_ws/install/choirbot_interfaces/include/choirbot_interfaces/msg/rosidl_generator_c__visibility_control.h
[0.987s] -- Up-to-date symlink: /home/user/Documents/NYU/Swarm/Swarm6333/Project/swarm_ws/install/choirbot_interfaces/include/choirbot_interfaces/srv/detail/position_task_service__functions.h
[0.988s] -- Up-to-date symlink: /home/user/Documents/NYU/Swarm/Swarm6333/Project/swarm_ws/install/choirbot_interfaces/include/choirbot_interfaces/srv/detail/position_task_service__struct.h
[0.988s] -- Up-to-date symlink: /home/user/Documents/NYU/Swarm/Swarm6333/Project/swarm_ws/install/choirbot_interfaces/include/choirbot_interfaces/srv/detail/position_task_service__type_support.h
[0.988s] -- Up-to-date symlink: /home/user/Documents/NYU/Swarm/Swarm6333/Project/swarm_ws/install/choirbot_interfaces/include/choirbot_interfaces/srv/detail/task_completion_service__functions.h
[0.988s] -- Up-to-date symlink: /home/user/Documents/NYU/Swarm/Swarm6333/Project/swarm_ws/install/choirbot_interfaces/include/choirbot_interfaces/srv/detail/task_completion_service__struct.h
[0.988s] -- Up-to-date symlink: /home/user/Documents/NYU/Swarm/Swarm6333/Project/swarm_ws/install/choirbot_interfaces/include/choirbot_interfaces/srv/detail/task_completion_service__type_support.h
[0.988s] -- Up-to-date symlink: /home/user/Documents/NYU/Swarm/Swarm6333/Project/swarm_ws/install/choirbot_interfaces/include/choirbot_interfaces/srv/position_task_service.h
[0.988s] -- Up-to-date symlink: /home/user/Documents/NYU/Swarm/Swarm6333/Project/swarm_ws/install/choirbot_interfaces/include/choirbot_interfaces/srv/task_completion_service.h
[0.989s] -- Up-to-date symlink: /home/user/Documents/NYU/Swarm/Swarm6333/Project/swarm_ws/install/choirbot_interfaces/share/choirbot_interfaces/environment/library_path.sh
[0.989s] -- Up-to-date symlink: /home/user/Documents/NYU/Swarm/Swarm6333/Project/swarm_ws/install/choirbot_interfaces/share/choirbot_interfaces/environment/library_path.dsv
[0.992s] -- Up-to-date symlink: /home/user/Documents/NYU/Swarm/Swarm6333/Project/swarm_ws/install/choirbot_interfaces/include/choirbot_interfaces/action/detail/position_action__rosidl_typesupport_fastrtps_c.h
[0.993s] -- Up-to-date symlink: /home/user/Documents/NYU/Swarm/Swarm6333/Project/swarm_ws/install/choirbot_interfaces/include/choirbot_interfaces/msg/detail/position_task__rosidl_typesupport_fastrtps_c.h
[0.993s] -- Up-to-date symlink: /home/user/Documents/NYU/Swarm/Swarm6333/Project/swarm_ws/install/choirbot_interfaces/include/choirbot_interfaces/msg/detail/position_task_array__rosidl_typesupport_fastrtps_c.h
[0.993s] -- Up-to-date symlink: /home/user/Documents/NYU/Swarm/Swarm6333/Project/swarm_ws/install/choirbot_interfaces/include/choirbot_interfaces/msg/rosidl_typesupport_fastrtps_c__visibility_control.h
[0.994s] -- Up-to-date symlink: /home/user/Documents/NYU/Swarm/Swarm6333/Project/swarm_ws/install/choirbot_interfaces/include/choirbot_interfaces/srv/detail/position_task_service__rosidl_typesupport_fastrtps_c.h
[0.995s] -- Up-to-date symlink: /home/user/Documents/NYU/Swarm/Swarm6333/Project/swarm_ws/install/choirbot_interfaces/include/choirbot_interfaces/srv/detail/task_completion_service__rosidl_typesupport_fastrtps_c.h
[0.996s] -- Up-to-date symlink: /home/user/Documents/NYU/Swarm/Swarm6333/Project/swarm_ws/install/choirbot_interfaces/lib/libchoirbot_interfaces__rosidl_typesupport_fastrtps_c.so
[1.001s] -- Up-to-date symlink: /home/user/Documents/NYU/Swarm/Swarm6333/Project/swarm_ws/install/choirbot_interfaces/include/choirbot_interfaces/action/detail/position_action__rosidl_typesupport_fastrtps_cpp.hpp
[1.003s] -- Up-to-date symlink: /home/user/Documents/NYU/Swarm/Swarm6333/Project/swarm_ws/install/choirbot_interfaces/include/choirbot_interfaces/msg/detail/position_task__rosidl_typesupport_fastrtps_cpp.hpp
[1.009s] -- Up-to-date symlink: /home/user/Documents/NYU/Swarm/Swarm6333/Project/swarm_ws/install/choirbot_interfaces/include/choirbot_interfaces/msg/detail/position_task_array__rosidl_typesupport_fastrtps_cpp.hpp
[1.009s] -- Up-to-date symlink: /home/user/Documents/NYU/Swarm/Swarm6333/Project/swarm_ws/install/choirbot_interfaces/include/choirbot_interfaces/msg/rosidl_typesupport_fastrtps_cpp__visibility_control.h
[1.009s] -- Up-to-date symlink: /home/user/Documents/NYU/Swarm/Swarm6333/Project/swarm_ws/install/choirbot_interfaces/include/choirbot_interfaces/srv/detail/position_task_service__rosidl_typesupport_fastrtps_cpp.hpp
[1.010s] -- Up-to-date symlink: /home/user/Documents/NYU/Swarm/Swarm6333/Project/swarm_ws/install/choirbot_interfaces/include/choirbot_interfaces/srv/detail/task_completion_service__rosidl_typesupport_fastrtps_cpp.hpp
[1.010s] -- Up-to-date symlink: /home/user/Documents/NYU/Swarm/Swarm6333/Project/swarm_ws/install/choirbot_interfaces/lib/libchoirbot_interfaces__rosidl_typesupport_fastrtps_cpp.so
[1.011s] -- Up-to-date symlink: /home/user/Documents/NYU/Swarm/Swarm6333/Project/swarm_ws/install/choirbot_interfaces/include/choirbot_interfaces/action/detail/position_action__rosidl_typesupport_introspection_c.h
[1.011s] -- Up-to-date symlink: /home/user/Documents/NYU/Swarm/Swarm6333/Project/swarm_ws/install/choirbot_interfaces/include/choirbot_interfaces/msg/detail/position_task__rosidl_typesupport_introspection_c.h
[1.011s] -- Up-to-date symlink: /home/user/Documents/NYU/Swarm/Swarm6333/Project/swarm_ws/install/choirbot_interfaces/include/choirbot_interfaces/msg/detail/position_task_array__rosidl_typesupport_introspection_c.h
[1.012s] -- Up-to-date symlink: /home/user/Documents/NYU/Swarm/Swarm6333/Project/swarm_ws/install/choirbot_interfaces/include/choirbot_interfaces/msg/rosidl_typesupport_introspection_c__visibility_control.h
[1.012s] -- Up-to-date symlink: /home/user/Documents/NYU/Swarm/Swarm6333/Project/swarm_ws/install/choirbot_interfaces/include/choirbot_interfaces/srv/detail/position_task_service__rosidl_typesupport_introspection_c.h
[1.012s] -- Up-to-date symlink: /home/user/Documents/NYU/Swarm/Swarm6333/Project/swarm_ws/install/choirbot_interfaces/include/choirbot_interfaces/srv/detail/task_completion_service__rosidl_typesupport_introspection_c.h
[1.013s] -- Up-to-date symlink: /home/user/Documents/NYU/Swarm/Swarm6333/Project/swarm_ws/install/choirbot_interfaces/include/choirbot_interfaces/action/detail/position_action__builder.hpp
[1.013s] -- Up-to-date symlink: /home/user/Documents/NYU/Swarm/Swarm6333/Project/swarm_ws/install/choirbot_interfaces/include/choirbot_interfaces/action/detail/position_action__struct.hpp
[1.013s] -- Up-to-date symlink: /home/user/Documents/NYU/Swarm/Swarm6333/Project/swarm_ws/install/choirbot_interfaces/include/choirbot_interfaces/action/detail/position_action__traits.hpp
[1.013s] -- Up-to-date symlink: /home/user/Documents/NYU/Swarm/Swarm6333/Project/swarm_ws/install/choirbot_interfaces/include/choirbot_interfaces/action/detail/position_action__type_support.hpp
[1.014s] -- Up-to-date symlink: /home/user/Documents/NYU/Swarm/Swarm6333/Project/swarm_ws/install/choirbot_interfaces/include/choirbot_interfaces/action/position_action.hpp
[1.015s] -- Up-to-date symlink: /home/user/Documents/NYU/Swarm/Swarm6333/Project/swarm_ws/install/choirbot_interfaces/include/choirbot_interfaces/msg/detail/position_task__builder.hpp
[1.016s] -- Up-to-date symlink: /home/user/Documents/NYU/Swarm/Swarm6333/Project/swarm_ws/install/choirbot_interfaces/include/choirbot_interfaces/msg/detail/position_task__struct.hpp
[1.016s] -- Up-to-date symlink: /home/user/Documents/NYU/Swarm/Swarm6333/Project/swarm_ws/install/choirbot_interfaces/include/choirbot_interfaces/msg/detail/position_task__traits.hpp
[1.016s] -- Up-to-date symlink: /home/user/Documents/NYU/Swarm/Swarm6333/Project/swarm_ws/install/choirbot_interfaces/include/choirbot_interfaces/msg/detail/position_task__type_support.hpp
[1.016s] -- Up-to-date symlink: /home/user/Documents/NYU/Swarm/Swarm6333/Project/swarm_ws/install/choirbot_interfaces/include/choirbot_interfaces/msg/detail/position_task_array__builder.hpp
[1.016s] -- Up-to-date symlink: /home/user/Documents/NYU/Swarm/Swarm6333/Project/swarm_ws/install/choirbot_interfaces/include/choirbot_interfaces/msg/detail/position_task_array__struct.hpp
[1.016s] -- Up-to-date symlink: /home/user/Documents/NYU/Swarm/Swarm6333/Project/swarm_ws/install/choirbot_interfaces/include/choirbot_interfaces/msg/detail/position_task_array__traits.hpp
[1.020s] -- Up-to-date symlink: /home/user/Documents/NYU/Swarm/Swarm6333/Project/swarm_ws/install/choirbot_interfaces/include/choirbot_interfaces/msg/detail/position_task_array__type_support.hpp
[1.021s] -- Up-to-date symlink: /home/user/Documents/NYU/Swarm/Swarm6333/Project/swarm_ws/install/choirbot_interfaces/include/choirbot_interfaces/msg/position_task.hpp
[1.021s] -- Up-to-date symlink: /home/user/Documents/NYU/Swarm/Swarm6333/Project/swarm_ws/install/choirbot_interfaces/include/choirbot_interfaces/msg/position_task_array.hpp
[1.021s] -- Up-to-date symlink: /home/user/Documents/NYU/Swarm/Swarm6333/Project/swarm_ws/install/choirbot_interfaces/include/choirbot_interfaces/msg/rosidl_generator_cpp__visibility_control.hpp
[1.022s] -- Up-to-date symlink: /home/user/Documents/NYU/Swarm/Swarm6333/Project/swarm_ws/install/choirbot_interfaces/include/choirbot_interfaces/srv/detail/position_task_service__builder.hpp
[1.022s] -- Up-to-date symlink: /home/user/Documents/NYU/Swarm/Swarm6333/Project/swarm_ws/install/choirbot_interfaces/include/choirbot_interfaces/srv/detail/position_task_service__struct.hpp
[1.022s] -- Up-to-date symlink: /home/user/Documents/NYU/Swarm/Swarm6333/Project/swarm_ws/install/choirbot_interfaces/include/choirbot_interfaces/srv/detail/position_task_service__traits.hpp
[1.022s] -- Up-to-date symlink: /home/user/Documents/NYU/Swarm/Swarm6333/Project/swarm_ws/install/choirbot_interfaces/include/choirbot_interfaces/srv/detail/position_task_service__type_support.hpp
[1.022s] -- Up-to-date symlink: /home/user/Documents/NYU/Swarm/Swarm6333/Project/swarm_ws/install/choirbot_interfaces/include/choirbot_interfaces/srv/detail/task_completion_service__builder.hpp
[1.022s] -- Up-to-date symlink: /home/user/Documents/NYU/Swarm/Swarm6333/Project/swarm_ws/install/choirbot_interfaces/include/choirbot_interfaces/srv/detail/task_completion_service__struct.hpp
[1.023s] -- Up-to-date symlink: /home/user/Documents/NYU/Swarm/Swarm6333/Project/swarm_ws/install/choirbot_interfaces/include/choirbot_interfaces/srv/detail/task_completion_service__traits.hpp
[1.026s] -- Up-to-date symlink: /home/user/Documents/NYU/Swarm/Swarm6333/Project/swarm_ws/install/choirbot_interfaces/include/choirbot_interfaces/srv/detail/task_completion_service__type_support.hpp
[1.026s] -- Up-to-date symlink: /home/user/Documents/NYU/Swarm/Swarm6333/Project/swarm_ws/install/choirbot_interfaces/include/choirbot_interfaces/srv/position_task_service.hpp
[1.026s] -- Up-to-date symlink: /home/user/Documents/NYU/Swarm/Swarm6333/Project/swarm_ws/install/choirbot_interfaces/include/choirbot_interfaces/srv/task_completion_service.hpp
[1.027s] -- Up-to-date symlink: /home/user/Documents/NYU/Swarm/Swarm6333/Project/swarm_ws/install/choirbot_interfaces/include/choirbot_interfaces/action/detail/position_action__rosidl_typesupport_introspection_cpp.hpp
[1.027s] -- Up-to-date symlink: /home/user/Documents/NYU/Swarm/Swarm6333/Project/swarm_ws/install/choirbot_interfaces/include/choirbot_interfaces/msg/detail/position_task__rosidl_typesupport_introspection_cpp.hpp
[1.028s] -- Up-to-date symlink: /home/user/Documents/NYU/Swarm/Swarm6333/Project/swarm_ws/install/choirbot_interfaces/include/choirbot_interfaces/msg/detail/position_task_array__rosidl_typesupport_introspection_cpp.hpp
[1.028s] -- Up-to-date symlink: /home/user/Documents/NYU/Swarm/Swarm6333/Project/swarm_ws/install/choirbot_interfaces/include/choirbot_interfaces/srv/detail/position_task_service__rosidl_typesupport_introspection_cpp.hpp
[1.028s] -- Up-to-date symlink: /home/user/Documents/NYU/Swarm/Swarm6333/Project/swarm_ws/install/choirbot_interfaces/include/choirbot_interfaces/srv/detail/task_completion_service__rosidl_typesupport_introspection_cpp.hpp
[1.029s] -- Up-to-date symlink: /home/user/Documents/NYU/Swarm/Swarm6333/Project/swarm_ws/install/choirbot_interfaces/share/choirbot_interfaces/environment/pythonpath.sh
[1.029s] -- Up-to-date symlink: /home/user/Documents/NYU/Swarm/Swarm6333/Project/swarm_ws/install/choirbot_interfaces/share/choirbot_interfaces/environment/pythonpath.dsv
[1.029s] -- Up-to-date symlink: /home/user/Documents/NYU/Swarm/Swarm6333/Project/swarm_ws/install/choirbot_interfaces/lib/python3.8/site-packages/choirbot_interfaces/__init__.py
[1.030s] -- Up-to-date symlink: /home/user/Documents/NYU/Swarm/Swarm6333/Project/swarm_ws/install/choirbot_interfaces/lib/python3.8/site-packages/choirbot_interfaces/action/__init__.py
[1.030s] -- Up-to-date symlink: /home/user/Documents/NYU/Swarm/Swarm6333/Project/swarm_ws/install/choirbot_interfaces/lib/python3.8/site-packages/choirbot_interfaces/action/_position_action.py
[1.033s] -- Up-to-date symlink: /home/user/Documents/NYU/Swarm/Swarm6333/Project/swarm_ws/install/choirbot_interfaces/lib/python3.8/site-packages/choirbot_interfaces/msg/__init__.py
[1.034s] -- Up-to-date symlink: /home/user/Documents/NYU/Swarm/Swarm6333/Project/swarm_ws/install/choirbot_interfaces/lib/python3.8/site-packages/choirbot_interfaces/msg/_position_task.py
[1.034s] -- Up-to-date symlink: /home/user/Documents/NYU/Swarm/Swarm6333/Project/swarm_ws/install/choirbot_interfaces/lib/python3.8/site-packages/choirbot_interfaces/msg/_position_task_array.py
[1.034s] -- Up-to-date symlink: /home/user/Documents/NYU/Swarm/Swarm6333/Project/swarm_ws/install/choirbot_interfaces/lib/python3.8/site-packages/choirbot_interfaces/srv/__init__.py
[1.035s] -- Up-to-date symlink: /home/user/Documents/NYU/Swarm/Swarm6333/Project/swarm_ws/install/choirbot_interfaces/lib/python3.8/site-packages/choirbot_interfaces/srv/_position_task_service.py
[1.035s] -- Up-to-date symlink: /home/user/Documents/NYU/Swarm/Swarm6333/Project/swarm_ws/install/choirbot_interfaces/lib/python3.8/site-packages/choirbot_interfaces/srv/_task_completion_service.py
[1.036s] -- Up-to-date symlink: /home/user/Documents/NYU/Swarm/Swarm6333/Project/swarm_ws/install/choirbot_interfaces/lib/python3.8/site-packages/choirbot_interfaces/choirbot_interfaces_s__rosidl_typesupport_fastrtps_c.cpython-38-x86_64-linux-gnu.so
[1.036s] -- Up-to-date symlink: /home/user/Documents/NYU/Swarm/Swarm6333/Project/swarm_ws/install/choirbot_interfaces/lib/python3.8/site-packages/choirbot_interfaces/choirbot_interfaces_s__rosidl_typesupport_introspection_c.cpython-38-x86_64-linux-gnu.so
[1.037s] -- Up-to-date symlink: /home/user/Documents/NYU/Swarm/Swarm6333/Project/swarm_ws/install/choirbot_interfaces/lib/python3.8/site-packages/choirbot_interfaces/choirbot_interfaces_s__rosidl_typesupport_c.cpython-38-x86_64-linux-gnu.so
[1.037s] -- Up-to-date symlink: /home/user/Documents/NYU/Swarm/Swarm6333/Project/swarm_ws/install/choirbot_interfaces/lib/libchoirbot_interfaces__python.so
[1.037s] -- Up-to-date symlink: /home/user/Documents/NYU/Swarm/Swarm6333/Project/swarm_ws/install/choirbot_interfaces/share/choirbot_interfaces/action/PositionAction.idl
[1.038s] -- Up-to-date symlink: /home/user/Documents/NYU/Swarm/Swarm6333/Project/swarm_ws/install/choirbot_interfaces/share/choirbot_interfaces/msg/PositionTask.idl
[1.038s] -- Up-to-date symlink: /home/user/Documents/NYU/Swarm/Swarm6333/Project/swarm_ws/install/choirbot_interfaces/share/choirbot_interfaces/msg/PositionTaskArray.idl
[1.038s] -- Up-to-date symlink: /home/user/Documents/NYU/Swarm/Swarm6333/Project/swarm_ws/install/choirbot_interfaces/share/choirbot_interfaces/srv/PositionTaskService.idl
[1.039s] -- Up-to-date symlink: /home/user/Documents/NYU/Swarm/Swarm6333/Project/swarm_ws/install/choirbot_interfaces/share/choirbot_interfaces/srv/TaskCompletionService.idl
[1.039s] -- Up-to-date symlink: /home/user/Documents/NYU/Swarm/Swarm6333/Project/swarm_ws/install/choirbot_interfaces/share/choirbot_interfaces/action/PositionAction.action
[1.040s] -- Up-to-date symlink: /home/user/Documents/NYU/Swarm/Swarm6333/Project/swarm_ws/install/choirbot_interfaces/share/choirbot_interfaces/msg/PositionTask.msg
[1.040s] -- Up-to-date symlink: /home/user/Documents/NYU/Swarm/Swarm6333/Project/swarm_ws/install/choirbot_interfaces/share/choirbot_interfaces/msg/PositionTaskArray.msg
[1.040s] -- Up-to-date symlink: /home/user/Documents/NYU/Swarm/Swarm6333/Project/swarm_ws/install/choirbot_interfaces/share/choirbot_interfaces/srv/PositionTaskService.srv
[1.041s] -- Up-to-date symlink: /home/user/Documents/NYU/Swarm/Swarm6333/Project/swarm_ws/install/choirbot_interfaces/share/choirbot_interfaces/srv/PositionTaskService_Request.msg
[1.041s] -- Up-to-date symlink: /home/user/Documents/NYU/Swarm/Swarm6333/Project/swarm_ws/install/choirbot_interfaces/share/choirbot_interfaces/srv/PositionTaskService_Response.msg
[1.041s] -- Up-to-date symlink: /home/user/Documents/NYU/Swarm/Swarm6333/Project/swarm_ws/install/choirbot_interfaces/share/choirbot_interfaces/srv/TaskCompletionService.srv
[1.042s] -- Up-to-date symlink: /home/user/Documents/NYU/Swarm/Swarm6333/Project/swarm_ws/install/choirbot_interfaces/share/choirbot_interfaces/srv/TaskCompletionService_Request.msg
[1.042s] -- Up-to-date symlink: /home/user/Documents/NYU/Swarm/Swarm6333/Project/swarm_ws/install/choirbot_interfaces/share/choirbot_interfaces/srv/TaskCompletionService_Response.msg
[1.042s] -- Up-to-date symlink: /home/user/Documents/NYU/Swarm/Swarm6333/Project/swarm_ws/install/choirbot_interfaces/share/ament_index/resource_index/package_run_dependencies/choirbot_interfaces
[1.042s] -- Up-to-date symlink: /home/user/Documents/NYU/Swarm/Swarm6333/Project/swarm_ws/install/choirbot_interfaces/share/ament_index/resource_index/parent_prefix_path/choirbot_interfaces
[1.043s] -- Up-to-date symlink: /home/user/Documents/NYU/Swarm/Swarm6333/Project/swarm_ws/install/choirbot_interfaces/share/choirbot_interfaces/environment/ament_prefix_path.sh
[1.043s] -- Up-to-date symlink: /home/user/Documents/NYU/Swarm/Swarm6333/Project/swarm_ws/install/choirbot_interfaces/share/choirbot_interfaces/environment/ament_prefix_path.dsv
[1.043s] -- Up-to-date symlink: /home/user/Documents/NYU/Swarm/Swarm6333/Project/swarm_ws/install/choirbot_interfaces/share/choirbot_interfaces/environment/path.sh
[1.044s] -- Up-to-date symlink: /home/user/Documents/NYU/Swarm/Swarm6333/Project/swarm_ws/install/choirbot_interfaces/share/choirbot_interfaces/environment/path.dsv
[1.044s] -- Up-to-date symlink: /home/user/Documents/NYU/Swarm/Swarm6333/Project/swarm_ws/install/choirbot_interfaces/share/choirbot_interfaces/local_setup.bash
[1.044s] -- Up-to-date symlink: /home/user/Documents/NYU/Swarm/Swarm6333/Project/swarm_ws/install/choirbot_interfaces/share/choirbot_interfaces/local_setup.sh
[1.044s] -- Up-to-date symlink: /home/user/Documents/NYU/Swarm/Swarm6333/Project/swarm_ws/install/choirbot_interfaces/share/choirbot_interfaces/local_setup.zsh
[1.051s] -- Up-to-date symlink: /home/user/Documents/NYU/Swarm/Swarm6333/Project/swarm_ws/install/choirbot_interfaces/share/choirbot_interfaces/local_setup.dsv
[1.051s] -- Symlinking: /home/user/Documents/NYU/Swarm/Swarm6333/Project/swarm_ws/install/choirbot_interfaces/share/choirbot_interfaces/package.dsv
[1.082s] -- Up-to-date symlink: /home/user/Documents/NYU/Swarm/Swarm6333/Project/swarm_ws/install/choirbot_interfaces/share/ament_index/resource_index/packages/choirbot_interfaces
[1.084s] -- Up-to-date symlink: /home/user/Documents/NYU/Swarm/Swarm6333/Project/swarm_ws/install/choirbot_interfaces/share/choirbot_interfaces/cmake/rosidl_cmake-extras.cmake
[1.084s] -- Up-to-date symlink: /home/user/Documents/NYU/Swarm/Swarm6333/Project/swarm_ws/install/choirbot_interfaces/share/choirbot_interfaces/cmake/ament_cmake_export_dependencies-extras.cmake
[1.084s] -- Up-to-date symlink: /home/user/Documents/NYU/Swarm/Swarm6333/Project/swarm_ws/install/choirbot_interfaces/share/choirbot_interfaces/cmake/ament_cmake_export_libraries-extras.cmake
[1.084s] -- Up-to-date symlink: /home/user/Documents/NYU/Swarm/Swarm6333/Project/swarm_ws/install/choirbot_interfaces/share/choirbot_interfaces/cmake/ament_cmake_export_targets-extras.cmake
[1.085s] -- Up-to-date symlink: /home/user/Documents/NYU/Swarm/Swarm6333/Project/swarm_ws/install/choirbot_interfaces/share/choirbot_interfaces/cmake/ament_cmake_export_include_directories-extras.cmake
[1.086s] -- Up-to-date symlink: /home/user/Documents/NYU/Swarm/Swarm6333/Project/swarm_ws/install/choirbot_interfaces/share/choirbot_interfaces/cmake/rosidl_cmake_export_typesupport_libraries-extras.cmake
[1.086s] -- Up-to-date symlink: /home/user/Documents/NYU/Swarm/Swarm6333/Project/swarm_ws/install/choirbot_interfaces/share/choirbot_interfaces/cmake/rosidl_cmake_export_typesupport_targets-extras.cmake
[1.087s] -- Up-to-date symlink: /home/user/Documents/NYU/Swarm/Swarm6333/Project/swarm_ws/install/choirbot_interfaces/share/choirbot_interfaces/cmake/choirbot_interfacesConfig.cmake
[1.087s] -- Up-to-date symlink: /home/user/Documents/NYU/Swarm/Swarm6333/Project/swarm_ws/install/choirbot_interfaces/share/choirbot_interfaces/cmake/choirbot_interfacesConfig-version.cmake
[1.088s] -- Up-to-date symlink: /home/user/Documents/NYU/Swarm/Swarm6333/Project/swarm_ws/install/choirbot_interfaces/share/choirbot_interfaces/package.xml
[1.089s] -- Up-to-date: /home/user/Documents/NYU/Swarm/Swarm6333/Project/swarm_ws/install/choirbot_interfaces/lib/libchoirbot_interfaces__rosidl_generator_c.so
[1.090s] -- Up-to-date: /home/user/Documents/NYU/Swarm/Swarm6333/Project/swarm_ws/install/choirbot_interfaces/lib/libchoirbot_interfaces__rosidl_typesupport_introspection_c.so
[1.092s] -- Up-to-date: /home/user/Documents/NYU/Swarm/Swarm6333/Project/swarm_ws/install/choirbot_interfaces/lib/libchoirbot_interfaces__rosidl_typesupport_c.so
[1.093s] -- Up-to-date: /home/user/Documents/NYU/Swarm/Swarm6333/Project/swarm_ws/install/choirbot_interfaces/lib/libchoirbot_interfaces__rosidl_typesupport_introspection_cpp.so
[1.093s] -- Up-to-date: /home/user/Documents/NYU/Swarm/Swarm6333/Project/swarm_ws/install/choirbot_interfaces/lib/libchoirbot_interfaces__rosidl_typesupport_cpp.so
[1.152s] -- Up-to-date: /home/user/Documents/NYU/Swarm/Swarm6333/Project/swarm_ws/install/choirbot_interfaces/share/choirbot_interfaces/cmake/choirbot_interfaces__rosidl_generator_cExport.cmake
[1.152s] -- Up-to-date: /home/user/Documents/NYU/Swarm/Swarm6333/Project/swarm_ws/install/choirbot_interfaces/share/choirbot_interfaces/cmake/choirbot_interfaces__rosidl_generator_cExport-noconfig.cmake
[1.152s] -- Up-to-date: /home/user/Documents/NYU/Swarm/Swarm6333/Project/swarm_ws/install/choirbot_interfaces/share/choirbot_interfaces/cmake/choirbot_interfaces__rosidl_typesupport_introspection_cExport.cmake
[1.153s] -- Up-to-date: /home/user/Documents/NYU/Swarm/Swarm6333/Project/swarm_ws/install/choirbot_interfaces/share/choirbot_interfaces/cmake/choirbot_interfaces__rosidl_typesupport_introspection_cExport-noconfig.cmake
[1.153s] -- Up-to-date: /home/user/Documents/NYU/Swarm/Swarm6333/Project/swarm_ws/install/choirbot_interfaces/share/choirbot_interfaces/cmake/choirbot_interfaces__rosidl_typesupport_cExport.cmake
[1.153s] -- Up-to-date: /home/user/Documents/NYU/Swarm/Swarm6333/Project/swarm_ws/install/choirbot_interfaces/share/choirbot_interfaces/cmake/choirbot_interfaces__rosidl_typesupport_cExport-noconfig.cmake
[1.153s] -- Up-to-date: /home/user/Documents/NYU/Swarm/Swarm6333/Project/swarm_ws/install/choirbot_interfaces/share/choirbot_interfaces/cmake/choirbot_interfaces__rosidl_generator_cppExport.cmake
[1.153s] -- Up-to-date: /home/user/Documents/NYU/Swarm/Swarm6333/Project/swarm_ws/install/choirbot_interfaces/share/choirbot_interfaces/cmake/choirbot_interfaces__rosidl_typesupport_introspection_cppExport.cmake
[1.153s] -- Up-to-date: /home/user/Documents/NYU/Swarm/Swarm6333/Project/swarm_ws/install/choirbot_interfaces/share/choirbot_interfaces/cmake/choirbot_interfaces__rosidl_typesupport_introspection_cppExport-noconfig.cmake
[1.154s] -- Up-to-date: /home/user/Documents/NYU/Swarm/Swarm6333/Project/swarm_ws/install/choirbot_interfaces/share/choirbot_interfaces/cmake/choirbot_interfaces__rosidl_typesupport_cppExport.cmake
[1.154s] -- Up-to-date: /home/user/Documents/NYU/Swarm/Swarm6333/Project/swarm_ws/install/choirbot_interfaces/share/choirbot_interfaces/cmake/choirbot_interfaces__rosidl_typesupport_cppExport-noconfig.cmake
[1.192s] Invoked command in '/home/user/Documents/NYU/Swarm/Swarm6333/Project/swarm_ws/build/choirbot_interfaces' returned '0': CMAKE_PREFIX_PATH=/opt/ros/foxy CONDA_PROMPT_MODIFIER=(base) /usr/bin/cmake --install /home/user/Documents/NYU/Swarm/Swarm6333/Project/swarm_ws/build/choirbot_interfaces
