running develop
running egg_info
creating launch_turtlebot_gazebo.egg-info
writing launch_turtlebot_gazebo.egg-info/PKG-INFO
writing dependency_links to launch_turtlebot_gazebo.egg-info/dependency_links.txt
writing entry points to launch_turtlebot_gazebo.egg-info/entry_points.txt
writing requirements to launch_turtlebot_gazebo.egg-info/requires.txt
writing top-level names to launch_turtlebot_gazebo.egg-info/top_level.txt
writing manifest file 'launch_turtlebot_gazebo.egg-info/SOURCES.txt'
reading manifest file 'launch_turtlebot_gazebo.egg-info/SOURCES.txt'
writing manifest file 'launch_turtlebot_gazebo.egg-info/SOURCES.txt'
running build_ext
Creating /home/user/Documents/NYU/Swarm/Swarm6333/Project/swarm_ws/install/launch_turtlebot_gazebo/lib/python3.8/site-packages/site.py
Creating /home/user/Documents/NYU/Swarm/Swarm6333/Project/swarm_ws/install/launch_turtlebot_gazebo/lib/python3.8/site-packages/launch-turtlebot-gazebo.egg-link (link to .)
Installing add_bot_node script to /home/user/Documents/NYU/Swarm/Swarm6333/Project/swarm_ws/install/launch_turtlebot_gazebo/lib/launch_turtlebot_gazebo

Installed /home/user/Documents/NYU/Swarm/Swarm6333/Project/swarm_ws/build/launch_turtlebot_gazebo
running symlink_data
creating /home/user/Documents/NYU/Swarm/Swarm6333/Project/swarm_ws/install/launch_turtlebot_gazebo/share/ament_index
creating /home/user/Documents/NYU/Swarm/Swarm6333/Project/swarm_ws/install/launch_turtlebot_gazebo/share/ament_index/resource_index
creating /home/user/Documents/NYU/Swarm/Swarm6333/Project/swarm_ws/install/launch_turtlebot_gazebo/share/ament_index/resource_index/packages
symbolically linking /home/user/Documents/NYU/Swarm/Swarm6333/Project/swarm_ws/build/launch_turtlebot_gazebo/resource/launch_turtlebot_gazebo -> /home/user/Documents/NYU/Swarm/Swarm6333/Project/swarm_ws/install/launch_turtlebot_gazebo/share/ament_index/resource_index/packages
symbolically linking /home/user/Documents/NYU/Swarm/Swarm6333/Project/swarm_ws/build/launch_turtlebot_gazebo/package.xml -> /home/user/Documents/NYU/Swarm/Swarm6333/Project/swarm_ws/install/launch_turtlebot_gazebo/share/launch_turtlebot_gazebo
symbolically linking /home/user/Documents/NYU/Swarm/Swarm6333/Project/swarm_ws/build/launch_turtlebot_gazebo/launch/add_turtlebot.launch.py -> /home/user/Documents/NYU/Swarm/Swarm6333/Project/swarm_ws/install/launch_turtlebot_gazebo/share/launch_turtlebot_gazebo
symbolically linking /home/user/Documents/NYU/Swarm/Swarm6333/Project/swarm_ws/build/launch_turtlebot_gazebo/launch/create_enviroment.launch.py -> /home/user/Documents/NYU/Swarm/Swarm6333/Project/swarm_ws/install/launch_turtlebot_gazebo/share/launch_turtlebot_gazebo
symbolically linking /home/user/Documents/NYU/Swarm/Swarm6333/Project/swarm_ws/build/launch_turtlebot_gazebo/launch/start_gazebo.launch.py -> /home/user/Documents/NYU/Swarm/Swarm6333/Project/swarm_ws/install/launch_turtlebot_gazebo/share/launch_turtlebot_gazebo
creating /home/user/Documents/NYU/Swarm/Swarm6333/Project/swarm_ws/install/launch_turtlebot_gazebo/share/launch_turtlebot_gazebo/worlds
symbolically linking /home/user/Documents/NYU/Swarm/Swarm6333/Project/swarm_ws/build/launch_turtlebot_gazebo/worlds/Ymaze.world -> /home/user/Documents/NYU/Swarm/Swarm6333/Project/swarm_ws/install/launch_turtlebot_gazebo/share/launch_turtlebot_gazebo/worlds
symbolically linking /home/user/Documents/NYU/Swarm/Swarm6333/Project/swarm_ws/build/launch_turtlebot_gazebo/worlds/Ymaze_camber_top_goal16.world -> /home/user/Documents/NYU/Swarm/Swarm6333/Project/swarm_ws/install/launch_turtlebot_gazebo/share/launch_turtlebot_gazebo/worlds
symbolically linking /home/user/Documents/NYU/Swarm/Swarm6333/Project/swarm_ws/build/launch_turtlebot_gazebo/worlds/arena.world -> /home/user/Documents/NYU/Swarm/Swarm6333/Project/swarm_ws/install/launch_turtlebot_gazebo/share/launch_turtlebot_gazebo/worlds
symbolically linking /home/user/Documents/NYU/Swarm/Swarm6333/Project/swarm_ws/build/launch_turtlebot_gazebo/worlds/arena_large.world -> /home/user/Documents/NYU/Swarm/Swarm6333/Project/swarm_ws/install/launch_turtlebot_gazebo/share/launch_turtlebot_gazebo/worlds
symbolically linking /home/user/Documents/NYU/Swarm/Swarm6333/Project/swarm_ws/build/launch_turtlebot_gazebo/worlds/Ymaze_camber_top_goal4.world -> /home/user/Documents/NYU/Swarm/Swarm6333/Project/swarm_ws/install/launch_turtlebot_gazebo/share/launch_turtlebot_gazebo/worlds
symbolically linking /home/user/Documents/NYU/Swarm/Swarm6333/Project/swarm_ws/build/launch_turtlebot_gazebo/worlds/560x540m.world -> /home/user/Documents/NYU/Swarm/Swarm6333/Project/swarm_ws/install/launch_turtlebot_gazebo/share/launch_turtlebot_gazebo/worlds
symbolically linking /home/user/Documents/NYU/Swarm/Swarm6333/Project/swarm_ws/build/launch_turtlebot_gazebo/worlds/Ymaze_camber_top_goal1.world -> /home/user/Documents/NYU/Swarm/Swarm6333/Project/swarm_ws/install/launch_turtlebot_gazebo/share/launch_turtlebot_gazebo/worlds
symbolically linking /home/user/Documents/NYU/Swarm/Swarm6333/Project/swarm_ws/build/launch_turtlebot_gazebo/worlds/turtle.world -> /home/user/Documents/NYU/Swarm/Swarm6333/Project/swarm_ws/install/launch_turtlebot_gazebo/share/launch_turtlebot_gazebo/worlds
symbolically linking /home/user/Documents/NYU/Swarm/Swarm6333/Project/swarm_ws/build/launch_turtlebot_gazebo/worlds/Ymaze_camber_extended.world -> /home/user/Documents/NYU/Swarm/Swarm6333/Project/swarm_ws/install/launch_turtlebot_gazebo/share/launch_turtlebot_gazebo/worlds
symbolically linking /home/user/Documents/NYU/Swarm/Swarm6333/Project/swarm_ws/build/launch_turtlebot_gazebo/worlds/Ymaze_camber_top_goal13.world -> /home/user/Documents/NYU/Swarm/Swarm6333/Project/swarm_ws/install/launch_turtlebot_gazebo/share/launch_turtlebot_gazebo/worlds
symbolically linking /home/user/Documents/NYU/Swarm/Swarm6333/Project/swarm_ws/build/launch_turtlebot_gazebo/worlds/Ymaze_camber_top.world -> /home/user/Documents/NYU/Swarm/Swarm6333/Project/swarm_ws/install/launch_turtlebot_gazebo/share/launch_turtlebot_gazebo/worlds
symbolically linking /home/user/Documents/NYU/Swarm/Swarm6333/Project/swarm_ws/build/launch_turtlebot_gazebo/worlds/Ymaze_camber.world -> /home/user/Documents/NYU/Swarm/Swarm6333/Project/swarm_ws/install/launch_turtlebot_gazebo/share/launch_turtlebot_gazebo/worlds
symbolically linking /home/user/Documents/NYU/Swarm/Swarm6333/Project/swarm_ws/build/launch_turtlebot_gazebo/worlds/empty.world -> /home/user/Documents/NYU/Swarm/Swarm6333/Project/swarm_ws/install/launch_turtlebot_gazebo/share/launch_turtlebot_gazebo/worlds
symbolically linking /home/user/Documents/NYU/Swarm/Swarm6333/Project/swarm_ws/build/launch_turtlebot_gazebo/worlds/Ymaze_camber_top_goal10.world -> /home/user/Documents/NYU/Swarm/Swarm6333/Project/swarm_ws/install/launch_turtlebot_gazebo/share/launch_turtlebot_gazebo/worlds
symbolically linking /home/user/Documents/NYU/Swarm/Swarm6333/Project/swarm_ws/build/launch_turtlebot_gazebo/worlds/task_allocation.world -> /home/user/Documents/NYU/Swarm/Swarm6333/Project/swarm_ws/install/launch_turtlebot_gazebo/share/launch_turtlebot_gazebo/worlds
symbolically linking /home/user/Documents/NYU/Swarm/Swarm6333/Project/swarm_ws/build/launch_turtlebot_gazebo/worlds/Y.world -> /home/user/Documents/NYU/Swarm/Swarm6333/Project/swarm_ws/install/launch_turtlebot_gazebo/share/launch_turtlebot_gazebo/worlds
symbolically linking /home/user/Documents/NYU/Swarm/Swarm6333/Project/swarm_ws/build/launch_turtlebot_gazebo/worlds/Ymaze_camber_extended2.world -> /home/user/Documents/NYU/Swarm/Swarm6333/Project/swarm_ws/install/launch_turtlebot_gazebo/share/launch_turtlebot_gazebo/worlds
