[1.334s] Invoking command in '/home/user/Documents/NYU/Swarm/Swarm6333/Project/swarm_ws/build/launch_turtlebot_gazebo': PYTHONPATH=/home/user/Documents/NYU/Swarm/Swarm6333/Project/swarm_ws/build/launch_turtlebot_gazebo/prefix_override:/usr/lib/python3/dist-packages/colcon_core/task/python/colcon_distutils_commands:/home/user/Documents/NYU/Swarm/Swarm6333/Project/swarm_ws/install/launch_turtlebot_gazebo/lib/python3.8/site-packages:${PYTHONPATH} /usr/bin/python3 -W ignore:setup.py install is deprecated -W ignore:easy_install command is deprecated setup.py develop --editable --build-directory /home/user/Documents/NYU/Swarm/Swarm6333/Project/swarm_ws/build/launch_turtlebot_gazebo/build --no-deps symlink_data
[1.692s] running develop
[1.916s] running egg_info
[1.916s] creating launch_turtlebot_gazebo.egg-info
[1.916s] writing launch_turtlebot_gazebo.egg-info/PKG-INFO
[1.916s] writing dependency_links to launch_turtlebot_gazebo.egg-info/dependency_links.txt
[1.916s] writing entry points to launch_turtlebot_gazebo.egg-info/entry_points.txt
[1.916s] writing requirements to launch_turtlebot_gazebo.egg-info/requires.txt
[1.916s] writing top-level names to launch_turtlebot_gazebo.egg-info/top_level.txt
[1.917s] writing manifest file 'launch_turtlebot_gazebo.egg-info/SOURCES.txt'
[1.970s] reading manifest file 'launch_turtlebot_gazebo.egg-info/SOURCES.txt'
[1.972s] writing manifest file 'launch_turtlebot_gazebo.egg-info/SOURCES.txt'
[2.025s] running build_ext
[2.026s] Creating /home/user/Documents/NYU/Swarm/Swarm6333/Project/swarm_ws/install/launch_turtlebot_gazebo/lib/python3.8/site-packages/site.py
[2.029s] Creating /home/user/Documents/NYU/Swarm/Swarm6333/Project/swarm_ws/install/launch_turtlebot_gazebo/lib/python3.8/site-packages/launch-turtlebot-gazebo.egg-link (link to .)
[2.030s] Installing add_bot_node script to /home/user/Documents/NYU/Swarm/Swarm6333/Project/swarm_ws/install/launch_turtlebot_gazebo/lib/launch_turtlebot_gazebo
[2.030s] 
[2.031s] Installed /home/user/Documents/NYU/Swarm/Swarm6333/Project/swarm_ws/build/launch_turtlebot_gazebo
[2.031s] running symlink_data
[2.031s] creating /home/user/Documents/NYU/Swarm/Swarm6333/Project/swarm_ws/install/launch_turtlebot_gazebo/share/ament_index
[2.031s] creating /home/user/Documents/NYU/Swarm/Swarm6333/Project/swarm_ws/install/launch_turtlebot_gazebo/share/ament_index/resource_index
[2.031s] creating /home/user/Documents/NYU/Swarm/Swarm6333/Project/swarm_ws/install/launch_turtlebot_gazebo/share/ament_index/resource_index/packages
[2.031s] symbolically linking /home/user/Documents/NYU/Swarm/Swarm6333/Project/swarm_ws/build/launch_turtlebot_gazebo/resource/launch_turtlebot_gazebo -> /home/user/Documents/NYU/Swarm/Swarm6333/Project/swarm_ws/install/launch_turtlebot_gazebo/share/ament_index/resource_index/packages
[2.031s] symbolically linking /home/user/Documents/NYU/Swarm/Swarm6333/Project/swarm_ws/build/launch_turtlebot_gazebo/package.xml -> /home/user/Documents/NYU/Swarm/Swarm6333/Project/swarm_ws/install/launch_turtlebot_gazebo/share/launch_turtlebot_gazebo
[2.032s] symbolically linking /home/user/Documents/NYU/Swarm/Swarm6333/Project/swarm_ws/build/launch_turtlebot_gazebo/launch/add_turtlebot.launch.py -> /home/user/Documents/NYU/Swarm/Swarm6333/Project/swarm_ws/install/launch_turtlebot_gazebo/share/launch_turtlebot_gazebo
[2.032s] symbolically linking /home/user/Documents/NYU/Swarm/Swarm6333/Project/swarm_ws/build/launch_turtlebot_gazebo/launch/create_enviroment.launch.py -> /home/user/Documents/NYU/Swarm/Swarm6333/Project/swarm_ws/install/launch_turtlebot_gazebo/share/launch_turtlebot_gazebo
[2.032s] symbolically linking /home/user/Documents/NYU/Swarm/Swarm6333/Project/swarm_ws/build/launch_turtlebot_gazebo/launch/start_gazebo.launch.py -> /home/user/Documents/NYU/Swarm/Swarm6333/Project/swarm_ws/install/launch_turtlebot_gazebo/share/launch_turtlebot_gazebo
[2.032s] creating /home/user/Documents/NYU/Swarm/Swarm6333/Project/swarm_ws/install/launch_turtlebot_gazebo/share/launch_turtlebot_gazebo/worlds
[2.032s] symbolically linking /home/user/Documents/NYU/Swarm/Swarm6333/Project/swarm_ws/build/launch_turtlebot_gazebo/worlds/Ymaze.world -> /home/user/Documents/NYU/Swarm/Swarm6333/Project/swarm_ws/install/launch_turtlebot_gazebo/share/launch_turtlebot_gazebo/worlds
[2.032s] symbolically linking /home/user/Documents/NYU/Swarm/Swarm6333/Project/swarm_ws/build/launch_turtlebot_gazebo/worlds/Ymaze_camber_top_goal16.world -> /home/user/Documents/NYU/Swarm/Swarm6333/Project/swarm_ws/install/launch_turtlebot_gazebo/share/launch_turtlebot_gazebo/worlds
[2.033s] symbolically linking /home/user/Documents/NYU/Swarm/Swarm6333/Project/swarm_ws/build/launch_turtlebot_gazebo/worlds/arena.world -> /home/user/Documents/NYU/Swarm/Swarm6333/Project/swarm_ws/install/launch_turtlebot_gazebo/share/launch_turtlebot_gazebo/worlds
[2.033s] symbolically linking /home/user/Documents/NYU/Swarm/Swarm6333/Project/swarm_ws/build/launch_turtlebot_gazebo/worlds/arena_large.world -> /home/user/Documents/NYU/Swarm/Swarm6333/Project/swarm_ws/install/launch_turtlebot_gazebo/share/launch_turtlebot_gazebo/worlds
[2.033s] symbolically linking /home/user/Documents/NYU/Swarm/Swarm6333/Project/swarm_ws/build/launch_turtlebot_gazebo/worlds/Ymaze_camber_top_goal4.world -> /home/user/Documents/NYU/Swarm/Swarm6333/Project/swarm_ws/install/launch_turtlebot_gazebo/share/launch_turtlebot_gazebo/worlds
[2.033s] symbolically linking /home/user/Documents/NYU/Swarm/Swarm6333/Project/swarm_ws/build/launch_turtlebot_gazebo/worlds/560x540m.world -> /home/user/Documents/NYU/Swarm/Swarm6333/Project/swarm_ws/install/launch_turtlebot_gazebo/share/launch_turtlebot_gazebo/worlds
[2.033s] symbolically linking /home/user/Documents/NYU/Swarm/Swarm6333/Project/swarm_ws/build/launch_turtlebot_gazebo/worlds/Ymaze_camber_top_goal1.world -> /home/user/Documents/NYU/Swarm/Swarm6333/Project/swarm_ws/install/launch_turtlebot_gazebo/share/launch_turtlebot_gazebo/worlds
[2.033s] symbolically linking /home/user/Documents/NYU/Swarm/Swarm6333/Project/swarm_ws/build/launch_turtlebot_gazebo/worlds/turtle.world -> /home/user/Documents/NYU/Swarm/Swarm6333/Project/swarm_ws/install/launch_turtlebot_gazebo/share/launch_turtlebot_gazebo/worlds
[2.033s] symbolically linking /home/user/Documents/NYU/Swarm/Swarm6333/Project/swarm_ws/build/launch_turtlebot_gazebo/worlds/Ymaze_camber_extended.world -> /home/user/Documents/NYU/Swarm/Swarm6333/Project/swarm_ws/install/launch_turtlebot_gazebo/share/launch_turtlebot_gazebo/worlds
[2.034s] symbolically linking /home/user/Documents/NYU/Swarm/Swarm6333/Project/swarm_ws/build/launch_turtlebot_gazebo/worlds/Ymaze_camber_top_goal13.world -> /home/user/Documents/NYU/Swarm/Swarm6333/Project/swarm_ws/install/launch_turtlebot_gazebo/share/launch_turtlebot_gazebo/worlds
[2.034s] symbolically linking /home/user/Documents/NYU/Swarm/Swarm6333/Project/swarm_ws/build/launch_turtlebot_gazebo/worlds/Ymaze_camber_top.world -> /home/user/Documents/NYU/Swarm/Swarm6333/Project/swarm_ws/install/launch_turtlebot_gazebo/share/launch_turtlebot_gazebo/worlds
[2.034s] symbolically linking /home/user/Documents/NYU/Swarm/Swarm6333/Project/swarm_ws/build/launch_turtlebot_gazebo/worlds/Ymaze_camber.world -> /home/user/Documents/NYU/Swarm/Swarm6333/Project/swarm_ws/install/launch_turtlebot_gazebo/share/launch_turtlebot_gazebo/worlds
[2.034s] symbolically linking /home/user/Documents/NYU/Swarm/Swarm6333/Project/swarm_ws/build/launch_turtlebot_gazebo/worlds/empty.world -> /home/user/Documents/NYU/Swarm/Swarm6333/Project/swarm_ws/install/launch_turtlebot_gazebo/share/launch_turtlebot_gazebo/worlds
[2.034s] symbolically linking /home/user/Documents/NYU/Swarm/Swarm6333/Project/swarm_ws/build/launch_turtlebot_gazebo/worlds/Ymaze_camber_top_goal10.world -> /home/user/Documents/NYU/Swarm/Swarm6333/Project/swarm_ws/install/launch_turtlebot_gazebo/share/launch_turtlebot_gazebo/worlds
[2.034s] symbolically linking /home/user/Documents/NYU/Swarm/Swarm6333/Project/swarm_ws/build/launch_turtlebot_gazebo/worlds/task_allocation.world -> /home/user/Documents/NYU/Swarm/Swarm6333/Project/swarm_ws/install/launch_turtlebot_gazebo/share/launch_turtlebot_gazebo/worlds
[2.034s] symbolically linking /home/user/Documents/NYU/Swarm/Swarm6333/Project/swarm_ws/build/launch_turtlebot_gazebo/worlds/Y.world -> /home/user/Documents/NYU/Swarm/Swarm6333/Project/swarm_ws/install/launch_turtlebot_gazebo/share/launch_turtlebot_gazebo/worlds
[2.034s] symbolically linking /home/user/Documents/NYU/Swarm/Swarm6333/Project/swarm_ws/build/launch_turtlebot_gazebo/worlds/Ymaze_camber_extended2.world -> /home/user/Documents/NYU/Swarm/Swarm6333/Project/swarm_ws/install/launch_turtlebot_gazebo/share/launch_turtlebot_gazebo/worlds
[2.131s] Invoked command in '/home/user/Documents/NYU/Swarm/Swarm6333/Project/swarm_ws/build/launch_turtlebot_gazebo' returned '0': PYTHONPATH=/home/user/Documents/NYU/Swarm/Swarm6333/Project/swarm_ws/build/launch_turtlebot_gazebo/prefix_override:/usr/lib/python3/dist-packages/colcon_core/task/python/colcon_distutils_commands:/home/user/Documents/NYU/Swarm/Swarm6333/Project/swarm_ws/install/launch_turtlebot_gazebo/lib/python3.8/site-packages:${PYTHONPATH} /usr/bin/python3 -W ignore:setup.py install is deprecated -W ignore:easy_install command is deprecated setup.py develop --editable --build-directory /home/user/Documents/NYU/Swarm/Swarm6333/Project/swarm_ws/build/launch_turtlebot_gazebo/build --no-deps symlink_data
