[0.014s] Invoking command in '/home/user/Documents/NYU/Swarm/Swarm6333/Project/swarm_ws/build/aruco_opencv': AMENT_PREFIX_PATH=/home/user/Documents/NYU/Swarm/Swarm6333/Project/swarm_ws/install/aruco_opencv_msgs:${AMENT_PREFIX_PATH} CMAKE_PREFIX_PATH=/home/user/Documents/NYU/Swarm/Swarm6333/Project/swarm_ws/install/aruco_opencv_msgs:/home/user/Documents/NYU/Swarm/Swarm6333/Project/swarm_ws/install/ros2_aruco_interfaces:/home/user/Documents/NYU/Swarm/Swarm6333/Project/swarm_ws/install/communication_interfaces:/home/user/Documents/NYU/Swarm/Swarm6333/Project/swarm_ws/install/choirbot_interfaces:/home/user/Documents/NYU/Swarm/Swarm6333/Project/swarm_ws/install/ros2swarm:/home/user/Documents/NYU/Swarm/Swarm6333/Project/swarm_ws/install/ros2_aruco:/home/user/Documents/NYU/Swarm/Swarm6333/Project/swarm_ws/install/launch_turtlebot_gazebo:/home/user/Documents/NYU/Swarm/Swarm6333/Project/swarm_ws/install/choirbot_examples:/home/user/Documents/NYU/Swarm/Swarm6333/Project/swarm_ws/install/choirbot:/opt/ros/foxy LD_LIBRARY_PATH=/home/user/Documents/NYU/Swarm/Swarm6333/Project/swarm_ws/install/aruco_opencv_msgs/lib:${LD_LIBRARY_PATH} PYTHONPATH=/home/user/Documents/NYU/Swarm/Swarm6333/Project/swarm_ws/install/aruco_opencv_msgs/lib/python3.8/site-packages:${PYTHONPATH} /usr/bin/cmake /home/user/Documents/NYU/Swarm/Swarm6333/Project/swarm_ws/src/ros_aruco_opencv/aruco_opencv -DAMENT_CMAKE_SYMLINK_INSTALL=1 -DCMAKE_INSTALL_PREFIX=/home/user/Documents/NYU/Swarm/Swarm6333/Project/swarm_ws/install/aruco_opencv
[0.028s] -- Found ament_cmake: 0.9.12 (/opt/ros/foxy/share/ament_cmake/cmake)
[0.058s] -- Using PYTHON_EXECUTABLE: /usr/bin/python3
[0.317s] -- Override CMake install command with custom implementation using symlinks instead of copying resources
[0.322s] -- Found rclcpp: 2.4.3 (/opt/ros/foxy/share/rclcpp/cmake)
[0.350s] -- Using all available rosidl_typesupport_c: rosidl_typesupport_fastrtps_c;rosidl_typesupport_introspection_c
[0.353s] -- Found rosidl_adapter: 1.3.1 (/opt/ros/foxy/share/rosidl_adapter/cmake)
[0.461s] -- Using all available rosidl_typesupport_cpp: rosidl_typesupport_fastrtps_cpp;rosidl_typesupport_introspection_cpp
[0.505s] -- Found rmw_implementation_cmake: 1.0.4 (/opt/ros/foxy/share/rmw_implementation_cmake/cmake)
[0.506s] -- Using RMW implementation 'rmw_fastrtps_cpp' as default
[0.633s] -- Found rclcpp_components: 2.4.3 (/opt/ros/foxy/share/rclcpp_components/cmake)
[0.683s] -- Found rclcpp_lifecycle: 2.4.3 (/opt/ros/foxy/share/rclcpp_lifecycle/cmake)
[0.707s] -- Found aruco_opencv_msgs: 1.1.1 (/home/user/Documents/NYU/Swarm/Swarm6333/Project/swarm_ws/install/aruco_opencv_msgs/share/aruco_opencv_msgs/cmake)
[0.790s] -- Found cv_bridge: 3.0.7 (/opt/ros/foxy/share/cv_bridge/cmake)
[0.869s] -- Found tf2_ros: 0.13.14 (/opt/ros/foxy/share/tf2_ros/cmake)
[1.092s] -- Found tf2_geometry_msgs: 0.13.14 (/opt/ros/foxy/share/tf2_geometry_msgs/cmake)
[1.098s] -- Found eigen3_cmake_module: 0.1.1 (/opt/ros/foxy/share/eigen3_cmake_module/cmake)
[1.120s] -- Found image_transport: 2.4.0 (/opt/ros/foxy/share/image_transport/cmake)
[1.168s] -- Found ament_lint_auto: 0.9.8 (/opt/ros/foxy/share/ament_lint_auto/cmake)
[1.227s] -- Added test 'copyright' to check source files copyright and LICENSE
[1.227s] -- Added test 'lint_cmake' to check CMake code style
[1.228s] -- Added test 'uncrustify' to check C / C++ code style
[1.228s] -- Configured uncrustify additional arguments: 
[1.228s] -- Added test 'xmllint' to check XML markup files
[1.231s] -- Configuring done
[1.266s] -- Generating done
[1.287s] -- Build files have been written to: /home/user/Documents/NYU/Swarm/Swarm6333/Project/swarm_ws/build/aruco_opencv
[1.296s] Invoked command in '/home/user/Documents/NYU/Swarm/Swarm6333/Project/swarm_ws/build/aruco_opencv' returned '0': AMENT_PREFIX_PATH=/home/user/Documents/NYU/Swarm/Swarm6333/Project/swarm_ws/install/aruco_opencv_msgs:${AMENT_PREFIX_PATH} CMAKE_PREFIX_PATH=/home/user/Documents/NYU/Swarm/Swarm6333/Project/swarm_ws/install/aruco_opencv_msgs:/home/user/Documents/NYU/Swarm/Swarm6333/Project/swarm_ws/install/ros2_aruco_interfaces:/home/user/Documents/NYU/Swarm/Swarm6333/Project/swarm_ws/install/communication_interfaces:/home/user/Documents/NYU/Swarm/Swarm6333/Project/swarm_ws/install/choirbot_interfaces:/home/user/Documents/NYU/Swarm/Swarm6333/Project/swarm_ws/install/ros2swarm:/home/user/Documents/NYU/Swarm/Swarm6333/Project/swarm_ws/install/ros2_aruco:/home/user/Documents/NYU/Swarm/Swarm6333/Project/swarm_ws/install/launch_turtlebot_gazebo:/home/user/Documents/NYU/Swarm/Swarm6333/Project/swarm_ws/install/choirbot_examples:/home/user/Documents/NYU/Swarm/Swarm6333/Project/swarm_ws/install/choirbot:/opt/ros/foxy LD_LIBRARY_PATH=/home/user/Documents/NYU/Swarm/Swarm6333/Project/swarm_ws/install/aruco_opencv_msgs/lib:${LD_LIBRARY_PATH} PYTHONPATH=/home/user/Documents/NYU/Swarm/Swarm6333/Project/swarm_ws/install/aruco_opencv_msgs/lib/python3.8/site-packages:${PYTHONPATH} /usr/bin/cmake /home/user/Documents/NYU/Swarm/Swarm6333/Project/swarm_ws/src/ros_aruco_opencv/aruco_opencv -DAMENT_CMAKE_SYMLINK_INSTALL=1 -DCMAKE_INSTALL_PREFIX=/home/user/Documents/NYU/Swarm/Swarm6333/Project/swarm_ws/install/aruco_opencv
[1.299s] Invoking command in '/home/user/Documents/NYU/Swarm/Swarm6333/Project/swarm_ws/build/aruco_opencv': AMENT_PREFIX_PATH=/home/user/Documents/NYU/Swarm/Swarm6333/Project/swarm_ws/install/aruco_opencv_msgs:${AMENT_PREFIX_PATH} CMAKE_PREFIX_PATH=/home/user/Documents/NYU/Swarm/Swarm6333/Project/swarm_ws/install/aruco_opencv_msgs:/home/user/Documents/NYU/Swarm/Swarm6333/Project/swarm_ws/install/ros2_aruco_interfaces:/home/user/Documents/NYU/Swarm/Swarm6333/Project/swarm_ws/install/communication_interfaces:/home/user/Documents/NYU/Swarm/Swarm6333/Project/swarm_ws/install/choirbot_interfaces:/home/user/Documents/NYU/Swarm/Swarm6333/Project/swarm_ws/install/ros2swarm:/home/user/Documents/NYU/Swarm/Swarm6333/Project/swarm_ws/install/ros2_aruco:/home/user/Documents/NYU/Swarm/Swarm6333/Project/swarm_ws/install/launch_turtlebot_gazebo:/home/user/Documents/NYU/Swarm/Swarm6333/Project/swarm_ws/install/choirbot_examples:/home/user/Documents/NYU/Swarm/Swarm6333/Project/swarm_ws/install/choirbot:/opt/ros/foxy LD_LIBRARY_PATH=/home/user/Documents/NYU/Swarm/Swarm6333/Project/swarm_ws/install/aruco_opencv_msgs/lib:${LD_LIBRARY_PATH} PYTHONPATH=/home/user/Documents/NYU/Swarm/Swarm6333/Project/swarm_ws/install/aruco_opencv_msgs/lib/python3.8/site-packages:${PYTHONPATH} /usr/bin/cmake --build /home/user/Documents/NYU/Swarm/Swarm6333/Project/swarm_ws/build/aruco_opencv -- -j8 -l8
[1.337s] [35m[1mScanning dependencies of target aruco_tracker_autostart[0m
[1.337s] [35m[1mScanning dependencies of target aruco_tracker[0m
[1.340s] [35m[1mScanning dependencies of target aruco_opencv[0m
[1.412s] [ 14%] [32mBuilding CXX object CMakeFiles/aruco_tracker_autostart.dir/rclcpp_components/node_main_aruco_tracker_autostart.cpp.o[0m
[1.415s] [ 28%] [32mBuilding CXX object CMakeFiles/aruco_tracker.dir/rclcpp_components/node_main_aruco_tracker.cpp.o[0m
[1.478s] [ 42%] [32mBuilding CXX object CMakeFiles/aruco_opencv.dir/src/utils.cpp.o[0m
[1.478s] [ 57%] [32mBuilding CXX object CMakeFiles/aruco_opencv.dir/src/aruco_tracker.cpp.o[0m
[3.480s] [ 71%] [32m[1mLinking CXX executable aruco_tracker[0m
[3.668s] [ 85%] [32m[1mLinking CXX executable aruco_tracker_autostart[0m
[3.775s] [ 85%] Built target aruco_tracker
[3.791s] [ 85%] Built target aruco_tracker_autostart
[9.374s] [100%] [32m[1mLinking CXX shared library libaruco_opencv.so[0m
[9.939s] [100%] Built target aruco_opencv
[9.949s] Invoked command in '/home/user/Documents/NYU/Swarm/Swarm6333/Project/swarm_ws/build/aruco_opencv' returned '0': AMENT_PREFIX_PATH=/home/user/Documents/NYU/Swarm/Swarm6333/Project/swarm_ws/install/aruco_opencv_msgs:${AMENT_PREFIX_PATH} CMAKE_PREFIX_PATH=/home/user/Documents/NYU/Swarm/Swarm6333/Project/swarm_ws/install/aruco_opencv_msgs:/home/user/Documents/NYU/Swarm/Swarm6333/Project/swarm_ws/install/ros2_aruco_interfaces:/home/user/Documents/NYU/Swarm/Swarm6333/Project/swarm_ws/install/communication_interfaces:/home/user/Documents/NYU/Swarm/Swarm6333/Project/swarm_ws/install/choirbot_interfaces:/home/user/Documents/NYU/Swarm/Swarm6333/Project/swarm_ws/install/ros2swarm:/home/user/Documents/NYU/Swarm/Swarm6333/Project/swarm_ws/install/ros2_aruco:/home/user/Documents/NYU/Swarm/Swarm6333/Project/swarm_ws/install/launch_turtlebot_gazebo:/home/user/Documents/NYU/Swarm/Swarm6333/Project/swarm_ws/install/choirbot_examples:/home/user/Documents/NYU/Swarm/Swarm6333/Project/swarm_ws/install/choirbot:/opt/ros/foxy LD_LIBRARY_PATH=/home/user/Documents/NYU/Swarm/Swarm6333/Project/swarm_ws/install/aruco_opencv_msgs/lib:${LD_LIBRARY_PATH} PYTHONPATH=/home/user/Documents/NYU/Swarm/Swarm6333/Project/swarm_ws/install/aruco_opencv_msgs/lib/python3.8/site-packages:${PYTHONPATH} /usr/bin/cmake --build /home/user/Documents/NYU/Swarm/Swarm6333/Project/swarm_ws/build/aruco_opencv -- -j8 -l8
[9.951s] Invoking command in '/home/user/Documents/NYU/Swarm/Swarm6333/Project/swarm_ws/build/aruco_opencv': AMENT_PREFIX_PATH=/home/user/Documents/NYU/Swarm/Swarm6333/Project/swarm_ws/install/aruco_opencv_msgs:${AMENT_PREFIX_PATH} CMAKE_PREFIX_PATH=/home/user/Documents/NYU/Swarm/Swarm6333/Project/swarm_ws/install/aruco_opencv_msgs:/home/user/Documents/NYU/Swarm/Swarm6333/Project/swarm_ws/install/ros2_aruco_interfaces:/home/user/Documents/NYU/Swarm/Swarm6333/Project/swarm_ws/install/communication_interfaces:/home/user/Documents/NYU/Swarm/Swarm6333/Project/swarm_ws/install/choirbot_interfaces:/home/user/Documents/NYU/Swarm/Swarm6333/Project/swarm_ws/install/ros2swarm:/home/user/Documents/NYU/Swarm/Swarm6333/Project/swarm_ws/install/ros2_aruco:/home/user/Documents/NYU/Swarm/Swarm6333/Project/swarm_ws/install/launch_turtlebot_gazebo:/home/user/Documents/NYU/Swarm/Swarm6333/Project/swarm_ws/install/choirbot_examples:/home/user/Documents/NYU/Swarm/Swarm6333/Project/swarm_ws/install/choirbot:/opt/ros/foxy LD_LIBRARY_PATH=/home/user/Documents/NYU/Swarm/Swarm6333/Project/swarm_ws/install/aruco_opencv_msgs/lib:${LD_LIBRARY_PATH} PYTHONPATH=/home/user/Documents/NYU/Swarm/Swarm6333/Project/swarm_ws/install/aruco_opencv_msgs/lib/python3.8/site-packages:${PYTHONPATH} /usr/bin/cmake --install /home/user/Documents/NYU/Swarm/Swarm6333/Project/swarm_ws/build/aruco_opencv
[9.959s] -- Install configuration: ""
[9.959s] -- Execute custom install script
[9.959s] -- Symlinking: /home/user/Documents/NYU/Swarm/Swarm6333/Project/swarm_ws/install/aruco_opencv/lib/aruco_opencv/aruco_tracker
[9.967s] -- Symlinking: /home/user/Documents/NYU/Swarm/Swarm6333/Project/swarm_ws/install/aruco_opencv/lib/aruco_opencv/aruco_tracker_autostart
[9.977s] -- Symlinking: /home/user/Documents/NYU/Swarm/Swarm6333/Project/swarm_ws/install/aruco_opencv/lib/libaruco_opencv.so
[9.987s] -- Symlinking: /home/user/Documents/NYU/Swarm/Swarm6333/Project/swarm_ws/install/aruco_opencv/share/aruco_opencv/config/aruco_tracker.yaml
[9.996s] -- Symlinking: /home/user/Documents/NYU/Swarm/Swarm6333/Project/swarm_ws/install/aruco_opencv/share/aruco_opencv/config/board_descriptions.yaml
[10.005s] -- Symlinking: /home/user/Documents/NYU/Swarm/Swarm6333/Project/swarm_ws/install/aruco_opencv/share/aruco_opencv/launch/aruco_tracker.launch.xml
[10.013s] -- Symlinking: /home/user/Documents/NYU/Swarm/Swarm6333/Project/swarm_ws/install/aruco_opencv/lib/aruco_opencv/create_board
[10.021s] -- Symlinking: /home/user/Documents/NYU/Swarm/Swarm6333/Project/swarm_ws/install/aruco_opencv/lib/aruco_opencv/create_marker
[10.030s] -- Symlinking: /home/user/Documents/NYU/Swarm/Swarm6333/Project/swarm_ws/install/aruco_opencv/share/ament_index/resource_index/package_run_dependencies/aruco_opencv
[10.038s] -- Symlinking: /home/user/Documents/NYU/Swarm/Swarm6333/Project/swarm_ws/install/aruco_opencv/share/ament_index/resource_index/parent_prefix_path/aruco_opencv
[10.047s] -- Symlinking: /home/user/Documents/NYU/Swarm/Swarm6333/Project/swarm_ws/install/aruco_opencv/share/aruco_opencv/environment/ament_prefix_path.sh
[10.054s] -- Symlinking: /home/user/Documents/NYU/Swarm/Swarm6333/Project/swarm_ws/install/aruco_opencv/share/aruco_opencv/environment/ament_prefix_path.dsv
[10.062s] -- Symlinking: /home/user/Documents/NYU/Swarm/Swarm6333/Project/swarm_ws/install/aruco_opencv/share/aruco_opencv/environment/path.sh
[10.069s] -- Symlinking: /home/user/Documents/NYU/Swarm/Swarm6333/Project/swarm_ws/install/aruco_opencv/share/aruco_opencv/environment/path.dsv
[10.076s] -- Symlinking: /home/user/Documents/NYU/Swarm/Swarm6333/Project/swarm_ws/install/aruco_opencv/share/aruco_opencv/local_setup.bash
[10.085s] -- Symlinking: /home/user/Documents/NYU/Swarm/Swarm6333/Project/swarm_ws/install/aruco_opencv/share/aruco_opencv/local_setup.sh
[10.094s] -- Symlinking: /home/user/Documents/NYU/Swarm/Swarm6333/Project/swarm_ws/install/aruco_opencv/share/aruco_opencv/local_setup.zsh
[10.102s] -- Symlinking: /home/user/Documents/NYU/Swarm/Swarm6333/Project/swarm_ws/install/aruco_opencv/share/aruco_opencv/local_setup.dsv
[10.110s] -- Symlinking: /home/user/Documents/NYU/Swarm/Swarm6333/Project/swarm_ws/install/aruco_opencv/share/aruco_opencv/package.dsv
[10.117s] -- Symlinking: /home/user/Documents/NYU/Swarm/Swarm6333/Project/swarm_ws/install/aruco_opencv/share/ament_index/resource_index/packages/aruco_opencv
[10.124s] -- Symlinking: /home/user/Documents/NYU/Swarm/Swarm6333/Project/swarm_ws/install/aruco_opencv/share/ament_index/resource_index/rclcpp_components/aruco_opencv
[10.132s] -- Symlinking: /home/user/Documents/NYU/Swarm/Swarm6333/Project/swarm_ws/install/aruco_opencv/share/aruco_opencv/cmake/aruco_opencvConfig.cmake
[10.140s] -- Symlinking: /home/user/Documents/NYU/Swarm/Swarm6333/Project/swarm_ws/install/aruco_opencv/share/aruco_opencv/cmake/aruco_opencvConfig-version.cmake
[10.148s] -- Symlinking: /home/user/Documents/NYU/Swarm/Swarm6333/Project/swarm_ws/install/aruco_opencv/share/aruco_opencv/package.xml
[10.157s] Invoked command in '/home/user/Documents/NYU/Swarm/Swarm6333/Project/swarm_ws/build/aruco_opencv' returned '0': AMENT_PREFIX_PATH=/home/user/Documents/NYU/Swarm/Swarm6333/Project/swarm_ws/install/aruco_opencv_msgs:${AMENT_PREFIX_PATH} CMAKE_PREFIX_PATH=/home/user/Documents/NYU/Swarm/Swarm6333/Project/swarm_ws/install/aruco_opencv_msgs:/home/user/Documents/NYU/Swarm/Swarm6333/Project/swarm_ws/install/ros2_aruco_interfaces:/home/user/Documents/NYU/Swarm/Swarm6333/Project/swarm_ws/install/communication_interfaces:/home/user/Documents/NYU/Swarm/Swarm6333/Project/swarm_ws/install/choirbot_interfaces:/home/user/Documents/NYU/Swarm/Swarm6333/Project/swarm_ws/install/ros2swarm:/home/user/Documents/NYU/Swarm/Swarm6333/Project/swarm_ws/install/ros2_aruco:/home/user/Documents/NYU/Swarm/Swarm6333/Project/swarm_ws/install/launch_turtlebot_gazebo:/home/user/Documents/NYU/Swarm/Swarm6333/Project/swarm_ws/install/choirbot_examples:/home/user/Documents/NYU/Swarm/Swarm6333/Project/swarm_ws/install/choirbot:/opt/ros/foxy LD_LIBRARY_PATH=/home/user/Documents/NYU/Swarm/Swarm6333/Project/swarm_ws/install/aruco_opencv_msgs/lib:${LD_LIBRARY_PATH} PYTHONPATH=/home/user/Documents/NYU/Swarm/Swarm6333/Project/swarm_ws/install/aruco_opencv_msgs/lib/python3.8/site-packages:${PYTHONPATH} /usr/bin/cmake --install /home/user/Documents/NYU/Swarm/Swarm6333/Project/swarm_ws/build/aruco_opencv
