[0.055s] Invoking command in '/home/user/Documents/NYU/Swarm/Swarm6333/Project/swarm_ws/build/aruco_opencv_msgs': CMAKE_PREFIX_PATH=/opt/ros/foxy CONDA_PROMPT_MODIFIER=(base) /usr/bin/cmake --build /home/user/Documents/NYU/Swarm/Swarm6333/Project/swarm_ws/build/aruco_opencv_msgs -- -j8 -l8
[0.858s] [  2%] Built target aruco_opencv_msgs__cpp
[0.858s] [ 12%] Built target aruco_opencv_msgs__rosidl_generator_c
[0.858s] [ 23%] Built target aruco_opencv_msgs__rosidl_typesupport_introspection_cpp
[0.858s] [ 34%] Built target aruco_opencv_msgs__rosidl_typesupport_cpp
[0.858s] [ 44%] Built target aruco_opencv_msgs__rosidl_typesupport_fastrtps_cpp
[0.859s] [ 55%] Built target aruco_opencv_msgs__rosidl_typesupport_introspection_c
[0.859s] [ 65%] Built target aruco_opencv_msgs__rosidl_typesupport_c
[0.859s] [ 76%] Built target aruco_opencv_msgs__rosidl_typesupport_fastrtps_c
[0.859s] [ 76%] Built target aruco_opencv_msgs
[0.859s] [ 78%] Built target aruco_opencv_msgs__py
[0.859s] [ 87%] Built target aruco_opencv_msgs__python
[0.860s] [ 91%] Built target aruco_opencv_msgs__rosidl_typesupport_fastrtps_c__pyext
[0.860s] [ 95%] Built target aruco_opencv_msgs__rosidl_typesupport_c__pyext
[0.860s] [100%] Built target aruco_opencv_msgs__rosidl_typesupport_introspection_c__pyext
[0.865s] Invoked command in '/home/user/Documents/NYU/Swarm/Swarm6333/Project/swarm_ws/build/aruco_opencv_msgs' returned '0': CMAKE_PREFIX_PATH=/opt/ros/foxy CONDA_PROMPT_MODIFIER=(base) /usr/bin/cmake --build /home/user/Documents/NYU/Swarm/Swarm6333/Project/swarm_ws/build/aruco_opencv_msgs -- -j8 -l8
[0.873s] Invoking command in '/home/user/Documents/NYU/Swarm/Swarm6333/Project/swarm_ws/build/aruco_opencv_msgs': CMAKE_PREFIX_PATH=/opt/ros/foxy CONDA_PROMPT_MODIFIER=(base) /usr/bin/cmake --install /home/user/Documents/NYU/Swarm/Swarm6333/Project/swarm_ws/build/aruco_opencv_msgs
[0.887s] -- Install configuration: ""
[0.888s] -- Execute custom install script
[0.888s] -- Up-to-date symlink: /home/user/Documents/NYU/Swarm/Swarm6333/Project/swarm_ws/install/aruco_opencv_msgs/share/ament_index/resource_index/rosidl_interfaces/aruco_opencv_msgs
[0.888s] -- Up-to-date symlink: /home/user/Documents/NYU/Swarm/Swarm6333/Project/swarm_ws/install/aruco_opencv_msgs/include/aruco_opencv_msgs/msg/aruco_detection.h
[0.889s] -- Up-to-date symlink: /home/user/Documents/NYU/Swarm/Swarm6333/Project/swarm_ws/install/aruco_opencv_msgs/include/aruco_opencv_msgs/msg/board_pose.h
[0.889s] -- Up-to-date symlink: /home/user/Documents/NYU/Swarm/Swarm6333/Project/swarm_ws/install/aruco_opencv_msgs/include/aruco_opencv_msgs/msg/detail/aruco_detection__functions.h
[0.889s] -- Up-to-date symlink: /home/user/Documents/NYU/Swarm/Swarm6333/Project/swarm_ws/install/aruco_opencv_msgs/include/aruco_opencv_msgs/msg/detail/aruco_detection__struct.h
[0.892s] -- Up-to-date symlink: /home/user/Documents/NYU/Swarm/Swarm6333/Project/swarm_ws/install/aruco_opencv_msgs/include/aruco_opencv_msgs/msg/detail/aruco_detection__type_support.h
[0.892s] -- Up-to-date symlink: /home/user/Documents/NYU/Swarm/Swarm6333/Project/swarm_ws/install/aruco_opencv_msgs/include/aruco_opencv_msgs/msg/detail/board_pose__functions.h
[0.893s] -- Up-to-date symlink: /home/user/Documents/NYU/Swarm/Swarm6333/Project/swarm_ws/install/aruco_opencv_msgs/include/aruco_opencv_msgs/msg/detail/board_pose__struct.h
[0.893s] -- Up-to-date symlink: /home/user/Documents/NYU/Swarm/Swarm6333/Project/swarm_ws/install/aruco_opencv_msgs/include/aruco_opencv_msgs/msg/detail/board_pose__type_support.h
[0.893s] -- Up-to-date symlink: /home/user/Documents/NYU/Swarm/Swarm6333/Project/swarm_ws/install/aruco_opencv_msgs/include/aruco_opencv_msgs/msg/detail/marker_pose__functions.h
[0.893s] -- Up-to-date symlink: /home/user/Documents/NYU/Swarm/Swarm6333/Project/swarm_ws/install/aruco_opencv_msgs/include/aruco_opencv_msgs/msg/detail/marker_pose__struct.h
[0.893s] -- Up-to-date symlink: /home/user/Documents/NYU/Swarm/Swarm6333/Project/swarm_ws/install/aruco_opencv_msgs/include/aruco_opencv_msgs/msg/detail/marker_pose__type_support.h
[0.893s] -- Up-to-date symlink: /home/user/Documents/NYU/Swarm/Swarm6333/Project/swarm_ws/install/aruco_opencv_msgs/include/aruco_opencv_msgs/msg/marker_pose.h
[0.893s] -- Up-to-date symlink: /home/user/Documents/NYU/Swarm/Swarm6333/Project/swarm_ws/install/aruco_opencv_msgs/include/aruco_opencv_msgs/msg/rosidl_generator_c__visibility_control.h
[0.893s] -- Up-to-date symlink: /home/user/Documents/NYU/Swarm/Swarm6333/Project/swarm_ws/install/aruco_opencv_msgs/share/aruco_opencv_msgs/environment/library_path.sh
[0.895s] -- Up-to-date symlink: /home/user/Documents/NYU/Swarm/Swarm6333/Project/swarm_ws/install/aruco_opencv_msgs/share/aruco_opencv_msgs/environment/library_path.dsv
[0.896s] -- Up-to-date symlink: /home/user/Documents/NYU/Swarm/Swarm6333/Project/swarm_ws/install/aruco_opencv_msgs/include/aruco_opencv_msgs/msg/detail/aruco_detection__rosidl_typesupport_fastrtps_c.h
[0.896s] -- Up-to-date symlink: /home/user/Documents/NYU/Swarm/Swarm6333/Project/swarm_ws/install/aruco_opencv_msgs/include/aruco_opencv_msgs/msg/detail/board_pose__rosidl_typesupport_fastrtps_c.h
[0.896s] -- Up-to-date symlink: /home/user/Documents/NYU/Swarm/Swarm6333/Project/swarm_ws/install/aruco_opencv_msgs/include/aruco_opencv_msgs/msg/detail/marker_pose__rosidl_typesupport_fastrtps_c.h
[0.897s] -- Up-to-date symlink: /home/user/Documents/NYU/Swarm/Swarm6333/Project/swarm_ws/install/aruco_opencv_msgs/include/aruco_opencv_msgs/msg/rosidl_typesupport_fastrtps_c__visibility_control.h
[0.897s] -- Up-to-date symlink: /home/user/Documents/NYU/Swarm/Swarm6333/Project/swarm_ws/install/aruco_opencv_msgs/lib/libaruco_opencv_msgs__rosidl_typesupport_fastrtps_c.so
[0.897s] -- Up-to-date symlink: /home/user/Documents/NYU/Swarm/Swarm6333/Project/swarm_ws/install/aruco_opencv_msgs/include/aruco_opencv_msgs/msg/detail/aruco_detection__rosidl_typesupport_fastrtps_cpp.hpp
[0.898s] -- Up-to-date symlink: /home/user/Documents/NYU/Swarm/Swarm6333/Project/swarm_ws/install/aruco_opencv_msgs/include/aruco_opencv_msgs/msg/detail/board_pose__rosidl_typesupport_fastrtps_cpp.hpp
[0.898s] -- Up-to-date symlink: /home/user/Documents/NYU/Swarm/Swarm6333/Project/swarm_ws/install/aruco_opencv_msgs/include/aruco_opencv_msgs/msg/detail/marker_pose__rosidl_typesupport_fastrtps_cpp.hpp
[0.899s] -- Up-to-date symlink: /home/user/Documents/NYU/Swarm/Swarm6333/Project/swarm_ws/install/aruco_opencv_msgs/include/aruco_opencv_msgs/msg/rosidl_typesupport_fastrtps_cpp__visibility_control.h
[0.899s] -- Up-to-date symlink: /home/user/Documents/NYU/Swarm/Swarm6333/Project/swarm_ws/install/aruco_opencv_msgs/lib/libaruco_opencv_msgs__rosidl_typesupport_fastrtps_cpp.so
[0.899s] -- Up-to-date symlink: /home/user/Documents/NYU/Swarm/Swarm6333/Project/swarm_ws/install/aruco_opencv_msgs/include/aruco_opencv_msgs/msg/detail/aruco_detection__rosidl_typesupport_introspection_c.h
[0.901s] -- Up-to-date symlink: /home/user/Documents/NYU/Swarm/Swarm6333/Project/swarm_ws/install/aruco_opencv_msgs/include/aruco_opencv_msgs/msg/detail/board_pose__rosidl_typesupport_introspection_c.h
[0.901s] -- Up-to-date symlink: /home/user/Documents/NYU/Swarm/Swarm6333/Project/swarm_ws/install/aruco_opencv_msgs/include/aruco_opencv_msgs/msg/detail/marker_pose__rosidl_typesupport_introspection_c.h
[0.901s] -- Up-to-date symlink: /home/user/Documents/NYU/Swarm/Swarm6333/Project/swarm_ws/install/aruco_opencv_msgs/include/aruco_opencv_msgs/msg/rosidl_typesupport_introspection_c__visibility_control.h
[0.902s] -- Up-to-date symlink: /home/user/Documents/NYU/Swarm/Swarm6333/Project/swarm_ws/install/aruco_opencv_msgs/include/aruco_opencv_msgs/msg/aruco_detection.hpp
[0.902s] -- Up-to-date symlink: /home/user/Documents/NYU/Swarm/Swarm6333/Project/swarm_ws/install/aruco_opencv_msgs/include/aruco_opencv_msgs/msg/board_pose.hpp
[0.904s] -- Up-to-date symlink: /home/user/Documents/NYU/Swarm/Swarm6333/Project/swarm_ws/install/aruco_opencv_msgs/include/aruco_opencv_msgs/msg/detail/aruco_detection__builder.hpp
[0.905s] -- Up-to-date symlink: /home/user/Documents/NYU/Swarm/Swarm6333/Project/swarm_ws/install/aruco_opencv_msgs/include/aruco_opencv_msgs/msg/detail/aruco_detection__struct.hpp
[0.905s] -- Up-to-date symlink: /home/user/Documents/NYU/Swarm/Swarm6333/Project/swarm_ws/install/aruco_opencv_msgs/include/aruco_opencv_msgs/msg/detail/aruco_detection__traits.hpp
[0.905s] -- Up-to-date symlink: /home/user/Documents/NYU/Swarm/Swarm6333/Project/swarm_ws/install/aruco_opencv_msgs/include/aruco_opencv_msgs/msg/detail/aruco_detection__type_support.hpp
[0.905s] -- Up-to-date symlink: /home/user/Documents/NYU/Swarm/Swarm6333/Project/swarm_ws/install/aruco_opencv_msgs/include/aruco_opencv_msgs/msg/detail/board_pose__builder.hpp
[0.905s] -- Up-to-date symlink: /home/user/Documents/NYU/Swarm/Swarm6333/Project/swarm_ws/install/aruco_opencv_msgs/include/aruco_opencv_msgs/msg/detail/board_pose__struct.hpp
[0.905s] -- Up-to-date symlink: /home/user/Documents/NYU/Swarm/Swarm6333/Project/swarm_ws/install/aruco_opencv_msgs/include/aruco_opencv_msgs/msg/detail/board_pose__traits.hpp
[0.906s] -- Up-to-date symlink: /home/user/Documents/NYU/Swarm/Swarm6333/Project/swarm_ws/install/aruco_opencv_msgs/include/aruco_opencv_msgs/msg/detail/board_pose__type_support.hpp
[0.906s] -- Up-to-date symlink: /home/user/Documents/NYU/Swarm/Swarm6333/Project/swarm_ws/install/aruco_opencv_msgs/include/aruco_opencv_msgs/msg/detail/marker_pose__builder.hpp
[0.906s] -- Up-to-date symlink: /home/user/Documents/NYU/Swarm/Swarm6333/Project/swarm_ws/install/aruco_opencv_msgs/include/aruco_opencv_msgs/msg/detail/marker_pose__struct.hpp
[0.906s] -- Up-to-date symlink: /home/user/Documents/NYU/Swarm/Swarm6333/Project/swarm_ws/install/aruco_opencv_msgs/include/aruco_opencv_msgs/msg/detail/marker_pose__traits.hpp
[0.906s] -- Up-to-date symlink: /home/user/Documents/NYU/Swarm/Swarm6333/Project/swarm_ws/install/aruco_opencv_msgs/include/aruco_opencv_msgs/msg/detail/marker_pose__type_support.hpp
[0.907s] -- Up-to-date symlink: /home/user/Documents/NYU/Swarm/Swarm6333/Project/swarm_ws/install/aruco_opencv_msgs/include/aruco_opencv_msgs/msg/marker_pose.hpp
[0.907s] -- Up-to-date symlink: /home/user/Documents/NYU/Swarm/Swarm6333/Project/swarm_ws/install/aruco_opencv_msgs/include/aruco_opencv_msgs/msg/rosidl_generator_cpp__visibility_control.hpp
[0.907s] -- Up-to-date symlink: /home/user/Documents/NYU/Swarm/Swarm6333/Project/swarm_ws/install/aruco_opencv_msgs/include/aruco_opencv_msgs/msg/detail/aruco_detection__rosidl_typesupport_introspection_cpp.hpp
[0.907s] -- Up-to-date symlink: /home/user/Documents/NYU/Swarm/Swarm6333/Project/swarm_ws/install/aruco_opencv_msgs/include/aruco_opencv_msgs/msg/detail/board_pose__rosidl_typesupport_introspection_cpp.hpp
[0.907s] -- Up-to-date symlink: /home/user/Documents/NYU/Swarm/Swarm6333/Project/swarm_ws/install/aruco_opencv_msgs/include/aruco_opencv_msgs/msg/detail/marker_pose__rosidl_typesupport_introspection_cpp.hpp
[0.908s] -- Up-to-date symlink: /home/user/Documents/NYU/Swarm/Swarm6333/Project/swarm_ws/install/aruco_opencv_msgs/share/aruco_opencv_msgs/environment/pythonpath.sh
[0.908s] -- Up-to-date symlink: /home/user/Documents/NYU/Swarm/Swarm6333/Project/swarm_ws/install/aruco_opencv_msgs/share/aruco_opencv_msgs/environment/pythonpath.dsv
[0.909s] -- Up-to-date symlink: /home/user/Documents/NYU/Swarm/Swarm6333/Project/swarm_ws/install/aruco_opencv_msgs/lib/python3.8/site-packages/aruco_opencv_msgs/__init__.py
[0.910s] -- Up-to-date symlink: /home/user/Documents/NYU/Swarm/Swarm6333/Project/swarm_ws/install/aruco_opencv_msgs/lib/python3.8/site-packages/aruco_opencv_msgs/msg/__init__.py
[0.910s] -- Up-to-date symlink: /home/user/Documents/NYU/Swarm/Swarm6333/Project/swarm_ws/install/aruco_opencv_msgs/lib/python3.8/site-packages/aruco_opencv_msgs/msg/_aruco_detection.py
[0.911s] -- Up-to-date symlink: /home/user/Documents/NYU/Swarm/Swarm6333/Project/swarm_ws/install/aruco_opencv_msgs/lib/python3.8/site-packages/aruco_opencv_msgs/msg/_board_pose.py
[0.913s] -- Up-to-date symlink: /home/user/Documents/NYU/Swarm/Swarm6333/Project/swarm_ws/install/aruco_opencv_msgs/lib/python3.8/site-packages/aruco_opencv_msgs/msg/_marker_pose.py
[0.913s] -- Up-to-date symlink: /home/user/Documents/NYU/Swarm/Swarm6333/Project/swarm_ws/install/aruco_opencv_msgs/lib/python3.8/site-packages/aruco_opencv_msgs/aruco_opencv_msgs_s__rosidl_typesupport_fastrtps_c.cpython-38-x86_64-linux-gnu.so
[0.915s] -- Up-to-date symlink: /home/user/Documents/NYU/Swarm/Swarm6333/Project/swarm_ws/install/aruco_opencv_msgs/lib/python3.8/site-packages/aruco_opencv_msgs/aruco_opencv_msgs_s__rosidl_typesupport_introspection_c.cpython-38-x86_64-linux-gnu.so
[0.915s] -- Up-to-date symlink: /home/user/Documents/NYU/Swarm/Swarm6333/Project/swarm_ws/install/aruco_opencv_msgs/lib/python3.8/site-packages/aruco_opencv_msgs/aruco_opencv_msgs_s__rosidl_typesupport_c.cpython-38-x86_64-linux-gnu.so
[0.919s] -- Up-to-date symlink: /home/user/Documents/NYU/Swarm/Swarm6333/Project/swarm_ws/install/aruco_opencv_msgs/lib/libaruco_opencv_msgs__python.so
[0.919s] -- Up-to-date symlink: /home/user/Documents/NYU/Swarm/Swarm6333/Project/swarm_ws/install/aruco_opencv_msgs/share/aruco_opencv_msgs/msg/ArucoDetection.idl
[0.919s] -- Up-to-date symlink: /home/user/Documents/NYU/Swarm/Swarm6333/Project/swarm_ws/install/aruco_opencv_msgs/share/aruco_opencv_msgs/msg/BoardPose.idl
[0.921s] -- Up-to-date symlink: /home/user/Documents/NYU/Swarm/Swarm6333/Project/swarm_ws/install/aruco_opencv_msgs/share/aruco_opencv_msgs/msg/MarkerPose.idl
[0.922s] -- Up-to-date symlink: /home/user/Documents/NYU/Swarm/Swarm6333/Project/swarm_ws/install/aruco_opencv_msgs/share/aruco_opencv_msgs/msg/ArucoDetection.msg
[0.922s] -- Up-to-date symlink: /home/user/Documents/NYU/Swarm/Swarm6333/Project/swarm_ws/install/aruco_opencv_msgs/share/aruco_opencv_msgs/msg/BoardPose.msg
[0.922s] -- Up-to-date symlink: /home/user/Documents/NYU/Swarm/Swarm6333/Project/swarm_ws/install/aruco_opencv_msgs/share/aruco_opencv_msgs/msg/MarkerPose.msg
[0.922s] -- Up-to-date symlink: /home/user/Documents/NYU/Swarm/Swarm6333/Project/swarm_ws/install/aruco_opencv_msgs/share/ament_index/resource_index/package_run_dependencies/aruco_opencv_msgs
[0.922s] -- Up-to-date symlink: /home/user/Documents/NYU/Swarm/Swarm6333/Project/swarm_ws/install/aruco_opencv_msgs/share/ament_index/resource_index/parent_prefix_path/aruco_opencv_msgs
[0.922s] -- Up-to-date symlink: /home/user/Documents/NYU/Swarm/Swarm6333/Project/swarm_ws/install/aruco_opencv_msgs/share/aruco_opencv_msgs/environment/ament_prefix_path.sh
[0.922s] -- Up-to-date symlink: /home/user/Documents/NYU/Swarm/Swarm6333/Project/swarm_ws/install/aruco_opencv_msgs/share/aruco_opencv_msgs/environment/ament_prefix_path.dsv
[0.923s] -- Up-to-date symlink: /home/user/Documents/NYU/Swarm/Swarm6333/Project/swarm_ws/install/aruco_opencv_msgs/share/aruco_opencv_msgs/environment/path.sh
[0.923s] -- Up-to-date symlink: /home/user/Documents/NYU/Swarm/Swarm6333/Project/swarm_ws/install/aruco_opencv_msgs/share/aruco_opencv_msgs/environment/path.dsv
[0.923s] -- Up-to-date symlink: /home/user/Documents/NYU/Swarm/Swarm6333/Project/swarm_ws/install/aruco_opencv_msgs/share/aruco_opencv_msgs/local_setup.bash
[0.923s] -- Up-to-date symlink: /home/user/Documents/NYU/Swarm/Swarm6333/Project/swarm_ws/install/aruco_opencv_msgs/share/aruco_opencv_msgs/local_setup.sh
[0.923s] -- Up-to-date symlink: /home/user/Documents/NYU/Swarm/Swarm6333/Project/swarm_ws/install/aruco_opencv_msgs/share/aruco_opencv_msgs/local_setup.zsh
[0.924s] -- Up-to-date symlink: /home/user/Documents/NYU/Swarm/Swarm6333/Project/swarm_ws/install/aruco_opencv_msgs/share/aruco_opencv_msgs/local_setup.dsv
[0.924s] -- Symlinking: /home/user/Documents/NYU/Swarm/Swarm6333/Project/swarm_ws/install/aruco_opencv_msgs/share/aruco_opencv_msgs/package.dsv
[0.940s] -- Up-to-date symlink: /home/user/Documents/NYU/Swarm/Swarm6333/Project/swarm_ws/install/aruco_opencv_msgs/share/ament_index/resource_index/packages/aruco_opencv_msgs
[0.941s] -- Up-to-date symlink: /home/user/Documents/NYU/Swarm/Swarm6333/Project/swarm_ws/install/aruco_opencv_msgs/share/aruco_opencv_msgs/cmake/rosidl_cmake-extras.cmake
[0.941s] -- Up-to-date symlink: /home/user/Documents/NYU/Swarm/Swarm6333/Project/swarm_ws/install/aruco_opencv_msgs/share/aruco_opencv_msgs/cmake/ament_cmake_export_dependencies-extras.cmake
[0.942s] -- Up-to-date symlink: /home/user/Documents/NYU/Swarm/Swarm6333/Project/swarm_ws/install/aruco_opencv_msgs/share/aruco_opencv_msgs/cmake/ament_cmake_export_libraries-extras.cmake
[0.943s] -- Up-to-date symlink: /home/user/Documents/NYU/Swarm/Swarm6333/Project/swarm_ws/install/aruco_opencv_msgs/share/aruco_opencv_msgs/cmake/ament_cmake_export_targets-extras.cmake
[0.944s] -- Up-to-date symlink: /home/user/Documents/NYU/Swarm/Swarm6333/Project/swarm_ws/install/aruco_opencv_msgs/share/aruco_opencv_msgs/cmake/ament_cmake_export_include_directories-extras.cmake
[0.944s] -- Up-to-date symlink: /home/user/Documents/NYU/Swarm/Swarm6333/Project/swarm_ws/install/aruco_opencv_msgs/share/aruco_opencv_msgs/cmake/rosidl_cmake_export_typesupport_libraries-extras.cmake
[0.945s] -- Up-to-date symlink: /home/user/Documents/NYU/Swarm/Swarm6333/Project/swarm_ws/install/aruco_opencv_msgs/share/aruco_opencv_msgs/cmake/rosidl_cmake_export_typesupport_targets-extras.cmake
[0.951s] -- Up-to-date symlink: /home/user/Documents/NYU/Swarm/Swarm6333/Project/swarm_ws/install/aruco_opencv_msgs/share/aruco_opencv_msgs/cmake/aruco_opencv_msgsConfig.cmake
[0.951s] -- Up-to-date symlink: /home/user/Documents/NYU/Swarm/Swarm6333/Project/swarm_ws/install/aruco_opencv_msgs/share/aruco_opencv_msgs/cmake/aruco_opencv_msgsConfig-version.cmake
[0.951s] -- Up-to-date symlink: /home/user/Documents/NYU/Swarm/Swarm6333/Project/swarm_ws/install/aruco_opencv_msgs/share/aruco_opencv_msgs/package.xml
[0.951s] -- Up-to-date: /home/user/Documents/NYU/Swarm/Swarm6333/Project/swarm_ws/install/aruco_opencv_msgs/lib/libaruco_opencv_msgs__rosidl_generator_c.so
[0.951s] -- Up-to-date: /home/user/Documents/NYU/Swarm/Swarm6333/Project/swarm_ws/install/aruco_opencv_msgs/lib/libaruco_opencv_msgs__rosidl_typesupport_introspection_c.so
[0.952s] -- Up-to-date: /home/user/Documents/NYU/Swarm/Swarm6333/Project/swarm_ws/install/aruco_opencv_msgs/lib/libaruco_opencv_msgs__rosidl_typesupport_c.so
[0.952s] -- Up-to-date: /home/user/Documents/NYU/Swarm/Swarm6333/Project/swarm_ws/install/aruco_opencv_msgs/lib/libaruco_opencv_msgs__rosidl_typesupport_introspection_cpp.so
[0.953s] -- Up-to-date: /home/user/Documents/NYU/Swarm/Swarm6333/Project/swarm_ws/install/aruco_opencv_msgs/lib/libaruco_opencv_msgs__rosidl_typesupport_cpp.so
[1.018s] -- Up-to-date: /home/user/Documents/NYU/Swarm/Swarm6333/Project/swarm_ws/install/aruco_opencv_msgs/share/aruco_opencv_msgs/cmake/aruco_opencv_msgs__rosidl_generator_cExport.cmake
[1.018s] -- Up-to-date: /home/user/Documents/NYU/Swarm/Swarm6333/Project/swarm_ws/install/aruco_opencv_msgs/share/aruco_opencv_msgs/cmake/aruco_opencv_msgs__rosidl_generator_cExport-noconfig.cmake
[1.019s] -- Up-to-date: /home/user/Documents/NYU/Swarm/Swarm6333/Project/swarm_ws/install/aruco_opencv_msgs/share/aruco_opencv_msgs/cmake/aruco_opencv_msgs__rosidl_typesupport_introspection_cExport.cmake
[1.019s] -- Up-to-date: /home/user/Documents/NYU/Swarm/Swarm6333/Project/swarm_ws/install/aruco_opencv_msgs/share/aruco_opencv_msgs/cmake/aruco_opencv_msgs__rosidl_typesupport_introspection_cExport-noconfig.cmake
[1.020s] -- Up-to-date: /home/user/Documents/NYU/Swarm/Swarm6333/Project/swarm_ws/install/aruco_opencv_msgs/share/aruco_opencv_msgs/cmake/aruco_opencv_msgs__rosidl_typesupport_cExport.cmake
[1.020s] -- Up-to-date: /home/user/Documents/NYU/Swarm/Swarm6333/Project/swarm_ws/install/aruco_opencv_msgs/share/aruco_opencv_msgs/cmake/aruco_opencv_msgs__rosidl_typesupport_cExport-noconfig.cmake
[1.023s] -- Up-to-date: /home/user/Documents/NYU/Swarm/Swarm6333/Project/swarm_ws/install/aruco_opencv_msgs/share/aruco_opencv_msgs/cmake/aruco_opencv_msgs__rosidl_generator_cppExport.cmake
[1.023s] -- Up-to-date: /home/user/Documents/NYU/Swarm/Swarm6333/Project/swarm_ws/install/aruco_opencv_msgs/share/aruco_opencv_msgs/cmake/aruco_opencv_msgs__rosidl_typesupport_introspection_cppExport.cmake
[1.023s] -- Up-to-date: /home/user/Documents/NYU/Swarm/Swarm6333/Project/swarm_ws/install/aruco_opencv_msgs/share/aruco_opencv_msgs/cmake/aruco_opencv_msgs__rosidl_typesupport_introspection_cppExport-noconfig.cmake
[1.024s] -- Up-to-date: /home/user/Documents/NYU/Swarm/Swarm6333/Project/swarm_ws/install/aruco_opencv_msgs/share/aruco_opencv_msgs/cmake/aruco_opencv_msgs__rosidl_typesupport_cppExport.cmake
[1.024s] -- Up-to-date: /home/user/Documents/NYU/Swarm/Swarm6333/Project/swarm_ws/install/aruco_opencv_msgs/share/aruco_opencv_msgs/cmake/aruco_opencv_msgs__rosidl_typesupport_cppExport-noconfig.cmake
[1.030s] Invoked command in '/home/user/Documents/NYU/Swarm/Swarm6333/Project/swarm_ws/build/aruco_opencv_msgs' returned '0': CMAKE_PREFIX_PATH=/opt/ros/foxy CONDA_PROMPT_MODIFIER=(base) /usr/bin/cmake --install /home/user/Documents/NYU/Swarm/Swarm6333/Project/swarm_ws/build/aruco_opencv_msgs
