[0.071s] Invoking command in '/home/user/Documents/NYU/Swarm/Swarm6333/Project/swarm_ws/build/turtle_tf2_cpp': CMAKE_PREFIX_PATH=/opt/ros/foxy CONDA_PROMPT_MODIFIER=(base) /usr/bin/cmake /home/user/Documents/NYU/Swarm/Swarm6333/Project/swarm_ws/src/geometry_tutorials/turtle_tf2_cpp -DAMENT_CMAKE_SYMLINK_INSTALL=1 -DCMAKE_INSTALL_PREFIX=/home/user/Documents/NYU/Swarm/Swarm6333/Project/swarm_ws/install/turtle_tf2_cpp
[0.400s] -- The C compiler identification is GNU 9.4.0
[0.401s] -- The CXX compiler identification is GNU 9.4.0
[0.401s] -- Check for working C compiler: /usr/bin/cc
[0.448s] -- Check for working C compiler: /usr/bin/cc -- works
[0.455s] -- Detecting C compiler ABI info
[0.609s] -- Detecting C compiler ABI info - done
[0.628s] -- Detecting C compile features
[0.631s] -- Detecting C compile features - done
[0.635s] -- Check for working CXX compiler: /usr/bin/c++
[0.858s] -- Check for working CXX compiler: /usr/bin/c++ -- works
[0.871s] -- Detecting CXX compiler ABI info
[1.064s] -- Detecting CXX compiler ABI info - done
[1.083s] -- Detecting CXX compile features
[1.084s] -- Detecting CXX compile features - done
[1.091s] -- Found ament_cmake: 0.9.12 (/opt/ros/foxy/share/ament_cmake/cmake)
[1.141s] -- Found PythonInterp: /home/user/anaconda3/bin/python3 (found suitable version "3.11.5", minimum required is "3") 
[1.142s] -- Using PYTHON_EXECUTABLE: /home/user/anaconda3/bin/python3
[1.419s] -- Override CMake install command with custom implementation using symlinks instead of copying resources
[1.464s] -- Found geometry_msgs: 2.0.5 (/opt/ros/foxy/share/geometry_msgs/cmake)
[1.497s] -- Using all available rosidl_typesupport_c: rosidl_typesupport_fastrtps_c;rosidl_typesupport_introspection_c
[1.503s] -- Found rosidl_adapter: 1.3.1 (/opt/ros/foxy/share/rosidl_adapter/cmake)
[1.591s] -- Found OpenSSL: /usr/lib/x86_64-linux-gnu/libcrypto.so (found version "1.1.1f")  
[1.625s] -- Found FastRTPS: /opt/ros/foxy/include  
[1.705s] -- Using all available rosidl_typesupport_cpp: rosidl_typesupport_fastrtps_cpp;rosidl_typesupport_introspection_cpp
[1.786s] -- Found message_filters: 3.2.7 (/opt/ros/foxy/share/message_filters/cmake)
[1.791s] -- Found rclcpp: 2.4.3 (/opt/ros/foxy/share/rclcpp/cmake)
[1.857s] -- Found rmw_implementation_cmake: 1.0.4 (/opt/ros/foxy/share/rmw_implementation_cmake/cmake)
[1.859s] -- Using RMW implementation 'rmw_fastrtps_cpp' as default
[1.861s] -- Looking for pthread.h
[1.960s] -- Looking for pthread.h - found
[1.960s] -- Performing Test CMAKE_HAVE_LIBC_PTHREAD
[2.040s] -- Performing Test CMAKE_HAVE_LIBC_PTHREAD - Failed
[2.041s] -- Looking for pthread_create in pthreads
[2.097s] -- Looking for pthread_create in pthreads - not found
[2.097s] -- Looking for pthread_create in pthread
[2.166s] -- Looking for pthread_create in pthread - found
[2.167s] -- Found Threads: TRUE  
[2.316s] CMake Error at CMakeLists.txt:21 (find_package):
[2.316s]   By not providing "Findtf2.cmake" in CMAKE_MODULE_PATH this project has
[2.317s]   asked CMake to find a package configuration file provided by "tf2", but
[2.317s]   CMake did not find one.
[2.317s] 
[2.317s]   Could not find a package configuration file provided by "tf2" with any of
[2.317s]   the following names:
[2.317s] 
[2.317s]     tf2Config.cmake
[2.317s]     tf2-config.cmake
[2.317s] 
[2.317s]   Add the installation prefix of "tf2" to CMAKE_PREFIX_PATH or set "tf2_DIR"
[2.317s]   to a directory containing one of the above files.  If "tf2" provides a
[2.317s]   separate development package or SDK, be sure it has been installed.
[2.317s] 
[2.317s] 
[2.318s] -- Configuring incomplete, errors occurred!
[2.318s] See also "/home/user/Documents/NYU/Swarm/Swarm6333/Project/swarm_ws/build/turtle_tf2_cpp/CMakeFiles/CMakeOutput.log".
[2.318s] See also "/home/user/Documents/NYU/Swarm/Swarm6333/Project/swarm_ws/build/turtle_tf2_cpp/CMakeFiles/CMakeError.log".
