running develop
running egg_info
creating turtle_tf2_py.egg-info
writing turtle_tf2_py.egg-info/PKG-INFO
writing dependency_links to turtle_tf2_py.egg-info/dependency_links.txt
writing entry points to turtle_tf2_py.egg-info/entry_points.txt
writing requirements to turtle_tf2_py.egg-info/requires.txt
writing top-level names to turtle_tf2_py.egg-info/top_level.txt
writing manifest file 'turtle_tf2_py.egg-info/SOURCES.txt'
reading manifest file 'turtle_tf2_py.egg-info/SOURCES.txt'
writing manifest file 'turtle_tf2_py.egg-info/SOURCES.txt'
running build_ext
Creating /home/user/Documents/NYU/Swarm/Swarm6333/Project/swarm_ws/install/turtle_tf2_py/lib/python3.8/site-packages/site.py
Creating /home/user/Documents/NYU/Swarm/Swarm6333/Project/swarm_ws/install/turtle_tf2_py/lib/python3.8/site-packages/turtle-tf2-py.egg-link (link to .)
Installing dynamic_frame_tf2_broadcaster script to /home/user/Documents/NYU/Swarm/Swarm6333/Project/swarm_ws/install/turtle_tf2_py/lib/turtle_tf2_py
Installing fixed_frame_tf2_broadcaster script to /home/user/Documents/NYU/Swarm/Swarm6333/Project/swarm_ws/install/turtle_tf2_py/lib/turtle_tf2_py
Installing static_turtle_tf2_broadcaster script to /home/user/Documents/NYU/Swarm/Swarm6333/Project/swarm_ws/install/turtle_tf2_py/lib/turtle_tf2_py
Installing turtle_tf2_broadcaster script to /home/user/Documents/NYU/Swarm/Swarm6333/Project/swarm_ws/install/turtle_tf2_py/lib/turtle_tf2_py
Installing turtle_tf2_listener script to /home/user/Documents/NYU/Swarm/Swarm6333/Project/swarm_ws/install/turtle_tf2_py/lib/turtle_tf2_py
Installing turtle_tf2_message_broadcaster script to /home/user/Documents/NYU/Swarm/Swarm6333/Project/swarm_ws/install/turtle_tf2_py/lib/turtle_tf2_py

Installed /home/user/Documents/NYU/Swarm/Swarm6333/Project/swarm_ws/build/turtle_tf2_py
running symlink_data
creating /home/user/Documents/NYU/Swarm/Swarm6333/Project/swarm_ws/install/turtle_tf2_py/share/ament_index
creating /home/user/Documents/NYU/Swarm/Swarm6333/Project/swarm_ws/install/turtle_tf2_py/share/ament_index/resource_index
creating /home/user/Documents/NYU/Swarm/Swarm6333/Project/swarm_ws/install/turtle_tf2_py/share/ament_index/resource_index/packages
symbolically linking /home/user/Documents/NYU/Swarm/Swarm6333/Project/swarm_ws/build/turtle_tf2_py/resource/turtle_tf2_py -> /home/user/Documents/NYU/Swarm/Swarm6333/Project/swarm_ws/install/turtle_tf2_py/share/ament_index/resource_index/packages
symbolically linking /home/user/Documents/NYU/Swarm/Swarm6333/Project/swarm_ws/build/turtle_tf2_py/package.xml -> /home/user/Documents/NYU/Swarm/Swarm6333/Project/swarm_ws/install/turtle_tf2_py/share/turtle_tf2_py
creating /home/user/Documents/NYU/Swarm/Swarm6333/Project/swarm_ws/install/turtle_tf2_py/share/turtle_tf2_py/launch
symbolically linking /home/user/Documents/NYU/Swarm/Swarm6333/Project/swarm_ws/build/turtle_tf2_py/launch/turtle_tf2_sensor_message.launch.py -> /home/user/Documents/NYU/Swarm/Swarm6333/Project/swarm_ws/install/turtle_tf2_py/share/turtle_tf2_py/launch
symbolically linking /home/user/Documents/NYU/Swarm/Swarm6333/Project/swarm_ws/build/turtle_tf2_py/launch/turtle_tf2_demo.launch.py -> /home/user/Documents/NYU/Swarm/Swarm6333/Project/swarm_ws/install/turtle_tf2_py/share/turtle_tf2_py/launch
symbolically linking /home/user/Documents/NYU/Swarm/Swarm6333/Project/swarm_ws/build/turtle_tf2_py/launch/turtle_tf2_dynamic_frame_demo.launch.py -> /home/user/Documents/NYU/Swarm/Swarm6333/Project/swarm_ws/install/turtle_tf2_py/share/turtle_tf2_py/launch
symbolically linking /home/user/Documents/NYU/Swarm/Swarm6333/Project/swarm_ws/build/turtle_tf2_py/launch/turtle_tf2_fixed_frame_demo.launch.py -> /home/user/Documents/NYU/Swarm/Swarm6333/Project/swarm_ws/install/turtle_tf2_py/share/turtle_tf2_py/launch
creating /home/user/Documents/NYU/Swarm/Swarm6333/Project/swarm_ws/install/turtle_tf2_py/share/turtle_tf2_py/rviz
symbolically linking /home/user/Documents/NYU/Swarm/Swarm6333/Project/swarm_ws/build/turtle_tf2_py/rviz/turtle_rviz.rviz -> /home/user/Documents/NYU/Swarm/Swarm6333/Project/swarm_ws/install/turtle_tf2_py/share/turtle_tf2_py/rviz
