[1.270s] Invoking command in '/home/user/Documents/NYU/Swarm/Swarm6333/Project/swarm_ws/build/turtle_tf2_py': CONDA_PROMPT_MODIFIER=(base) PYTHONPATH=/home/user/Documents/NYU/Swarm/Swarm6333/Project/swarm_ws/build/turtle_tf2_py/prefix_override:/usr/lib/python3/dist-packages/colcon_core/task/python/colcon_distutils_commands:/home/user/Documents/NYU/Swarm/Swarm6333/Project/swarm_ws/install/turtle_tf2_py/lib/python3.8/site-packages:${PYTHONPATH} /usr/bin/python3 -W ignore:setup.py install is deprecated -W ignore:easy_install command is deprecated setup.py develop --editable --build-directory /home/user/Documents/NYU/Swarm/Swarm6333/Project/swarm_ws/build/turtle_tf2_py/build --no-deps symlink_data
[1.592s] running develop
[1.743s] running egg_info
[1.743s] creating turtle_tf2_py.egg-info
[1.743s] writing turtle_tf2_py.egg-info/PKG-INFO
[1.744s] writing dependency_links to turtle_tf2_py.egg-info/dependency_links.txt
[1.744s] writing entry points to turtle_tf2_py.egg-info/entry_points.txt
[1.744s] writing requirements to turtle_tf2_py.egg-info/requires.txt
[1.744s] writing top-level names to turtle_tf2_py.egg-info/top_level.txt
[1.745s] writing manifest file 'turtle_tf2_py.egg-info/SOURCES.txt'
[1.783s] reading manifest file 'turtle_tf2_py.egg-info/SOURCES.txt'
[1.784s] writing manifest file 'turtle_tf2_py.egg-info/SOURCES.txt'
[1.834s] running build_ext
[1.835s] Creating /home/user/Documents/NYU/Swarm/Swarm6333/Project/swarm_ws/install/turtle_tf2_py/lib/python3.8/site-packages/site.py
[1.837s] Creating /home/user/Documents/NYU/Swarm/Swarm6333/Project/swarm_ws/install/turtle_tf2_py/lib/python3.8/site-packages/turtle-tf2-py.egg-link (link to .)
[1.838s] Installing dynamic_frame_tf2_broadcaster script to /home/user/Documents/NYU/Swarm/Swarm6333/Project/swarm_ws/install/turtle_tf2_py/lib/turtle_tf2_py
[1.839s] Installing fixed_frame_tf2_broadcaster script to /home/user/Documents/NYU/Swarm/Swarm6333/Project/swarm_ws/install/turtle_tf2_py/lib/turtle_tf2_py
[1.839s] Installing static_turtle_tf2_broadcaster script to /home/user/Documents/NYU/Swarm/Swarm6333/Project/swarm_ws/install/turtle_tf2_py/lib/turtle_tf2_py
[1.839s] Installing turtle_tf2_broadcaster script to /home/user/Documents/NYU/Swarm/Swarm6333/Project/swarm_ws/install/turtle_tf2_py/lib/turtle_tf2_py
[1.839s] Installing turtle_tf2_listener script to /home/user/Documents/NYU/Swarm/Swarm6333/Project/swarm_ws/install/turtle_tf2_py/lib/turtle_tf2_py
[1.839s] Installing turtle_tf2_message_broadcaster script to /home/user/Documents/NYU/Swarm/Swarm6333/Project/swarm_ws/install/turtle_tf2_py/lib/turtle_tf2_py
[1.839s] 
[1.839s] Installed /home/user/Documents/NYU/Swarm/Swarm6333/Project/swarm_ws/build/turtle_tf2_py
[1.839s] running symlink_data
[1.839s] creating /home/user/Documents/NYU/Swarm/Swarm6333/Project/swarm_ws/install/turtle_tf2_py/share/ament_index
[1.839s] creating /home/user/Documents/NYU/Swarm/Swarm6333/Project/swarm_ws/install/turtle_tf2_py/share/ament_index/resource_index
[1.839s] creating /home/user/Documents/NYU/Swarm/Swarm6333/Project/swarm_ws/install/turtle_tf2_py/share/ament_index/resource_index/packages
[1.840s] symbolically linking /home/user/Documents/NYU/Swarm/Swarm6333/Project/swarm_ws/build/turtle_tf2_py/resource/turtle_tf2_py -> /home/user/Documents/NYU/Swarm/Swarm6333/Project/swarm_ws/install/turtle_tf2_py/share/ament_index/resource_index/packages
[1.840s] symbolically linking /home/user/Documents/NYU/Swarm/Swarm6333/Project/swarm_ws/build/turtle_tf2_py/package.xml -> /home/user/Documents/NYU/Swarm/Swarm6333/Project/swarm_ws/install/turtle_tf2_py/share/turtle_tf2_py
[1.840s] creating /home/user/Documents/NYU/Swarm/Swarm6333/Project/swarm_ws/install/turtle_tf2_py/share/turtle_tf2_py/launch
[1.840s] symbolically linking /home/user/Documents/NYU/Swarm/Swarm6333/Project/swarm_ws/build/turtle_tf2_py/launch/turtle_tf2_sensor_message.launch.py -> /home/user/Documents/NYU/Swarm/Swarm6333/Project/swarm_ws/install/turtle_tf2_py/share/turtle_tf2_py/launch
[1.840s] symbolically linking /home/user/Documents/NYU/Swarm/Swarm6333/Project/swarm_ws/build/turtle_tf2_py/launch/turtle_tf2_demo.launch.py -> /home/user/Documents/NYU/Swarm/Swarm6333/Project/swarm_ws/install/turtle_tf2_py/share/turtle_tf2_py/launch
[1.840s] symbolically linking /home/user/Documents/NYU/Swarm/Swarm6333/Project/swarm_ws/build/turtle_tf2_py/launch/turtle_tf2_dynamic_frame_demo.launch.py -> /home/user/Documents/NYU/Swarm/Swarm6333/Project/swarm_ws/install/turtle_tf2_py/share/turtle_tf2_py/launch
[1.840s] symbolically linking /home/user/Documents/NYU/Swarm/Swarm6333/Project/swarm_ws/build/turtle_tf2_py/launch/turtle_tf2_fixed_frame_demo.launch.py -> /home/user/Documents/NYU/Swarm/Swarm6333/Project/swarm_ws/install/turtle_tf2_py/share/turtle_tf2_py/launch
[1.840s] creating /home/user/Documents/NYU/Swarm/Swarm6333/Project/swarm_ws/install/turtle_tf2_py/share/turtle_tf2_py/rviz
[1.840s] symbolically linking /home/user/Documents/NYU/Swarm/Swarm6333/Project/swarm_ws/build/turtle_tf2_py/rviz/turtle_rviz.rviz -> /home/user/Documents/NYU/Swarm/Swarm6333/Project/swarm_ws/install/turtle_tf2_py/share/turtle_tf2_py/rviz
[1.877s] Invoked command in '/home/user/Documents/NYU/Swarm/Swarm6333/Project/swarm_ws/build/turtle_tf2_py' returned '0': CONDA_PROMPT_MODIFIER=(base) PYTHONPATH=/home/user/Documents/NYU/Swarm/Swarm6333/Project/swarm_ws/build/turtle_tf2_py/prefix_override:/usr/lib/python3/dist-packages/colcon_core/task/python/colcon_distutils_commands:/home/user/Documents/NYU/Swarm/Swarm6333/Project/swarm_ws/install/turtle_tf2_py/lib/python3.8/site-packages:${PYTHONPATH} /usr/bin/python3 -W ignore:setup.py install is deprecated -W ignore:easy_install command is deprecated setup.py develop --editable --build-directory /home/user/Documents/NYU/Swarm/Swarm6333/Project/swarm_ws/build/turtle_tf2_py/build --no-deps symlink_data
